[2020-01-13T17:54:29.940] [INFO] responseLog - 
***** response log start *****
request originalUrl: /api/artical/getList
request client ip: 127.0.0.1
request body
{"category":"5e181e2ca1a77c95daa48b32"}
response time: 93
response status: undefined
response body: 
{"data":[],"message":"成功","code":0}
***** response log end ******

[2020-01-13T17:55:43.639] [INFO] responseLog - 
***** response log start *****
request originalUrl: /api/artical/getList
request client ip: 127.0.0.1
request body
{"category":"5e181e2ca1a77c95daa48b32"}
response time: 55
response status: undefined
response body: 
{"data":[],"message":"成功","code":0}
***** response log end ******

[2020-01-13T17:55:59.537] [INFO] responseLog - 
***** response log start *****
request originalUrl: /api/artical/getList
request client ip: 127.0.0.1
request body
{"category":"5e181d8ea1a77c95daa48b31"}
response time: 45
response status: undefined
response body: 
{"data":[{"category":"5e181d8ea1a77c95daa48b31","anonymous":false,"introduction":"wgweg","imageUrl":"http://10.105.24.172:9000/upload/5f5fc463d44c70320f4ac36375e96e77.png","visitor":0,"commentators":0,"shared":0,"star":[],"createTime":"2020-01-10T10:18:01.098Z","updateTime":"2020-01-10T10:19:45.676Z","_id":"5e184fc115a1112f21f5f48d","title":"rwrew","content":"fawgweg","state":2,"__v":0}],"message":"成功","code":0}
***** response log end ******

[2020-01-13T17:56:19.550] [INFO] responseLog - 
***** response log start *****
request originalUrl: /api/artical/getList
request client ip: 127.0.0.1
request body
{"category":"5e181e5aa1a77c95daa48b33"}
response time: 23
response status: undefined
response body: 
{"data":[],"message":"成功","code":0}
***** response log end ******

[2020-01-13T17:56:20.517] [INFO] responseLog - 
***** response log start *****
request originalUrl: /api/artical/getList
request client ip: 127.0.0.1
request body
{"category":"5e181e67a1a77c95daa48b34"}
response time: 22
response status: undefined
response body: 
{"data":[],"message":"成功","code":0}
***** response log end ******

[2020-01-13T17:56:21.762] [INFO] responseLog - 
***** response log start *****
request originalUrl: /api/artical/getList
request client ip: 127.0.0.1
request body
{"category":"5e181d8ea1a77c95daa48b31"}
response time: 24
response status: undefined
response body: 
{"data":[{"category":"5e181d8ea1a77c95daa48b31","anonymous":false,"introduction":"wgweg","imageUrl":"http://10.105.24.172:9000/upload/5f5fc463d44c70320f4ac36375e96e77.png","visitor":0,"commentators":0,"shared":0,"star":[],"createTime":"2020-01-10T10:18:01.098Z","updateTime":"2020-01-10T10:19:45.676Z","_id":"5e184fc115a1112f21f5f48d","title":"rwrew","content":"fawgweg","state":2,"__v":0}],"message":"成功","code":0}
***** response log end ******

[2020-01-13T17:56:28.491] [INFO] responseLog - 
***** response log start *****
request originalUrl: /api/artical/getList
request client ip: 127.0.0.1
request body
{"category":"5e181d8ea1a77c95daa48b31"}
response time: 24
response status: undefined
response body: 
{"data":[{"category":"5e181d8ea1a77c95daa48b31","anonymous":false,"introduction":"wgweg","imageUrl":"http://10.105.24.172:9000/upload/5f5fc463d44c70320f4ac36375e96e77.png","visitor":0,"commentators":0,"shared":0,"star":[],"createTime":"2020-01-10T10:18:01.098Z","updateTime":"2020-01-10T10:19:45.676Z","_id":"5e184fc115a1112f21f5f48d","title":"rwrew","content":"fawgweg","state":2,"__v":0}],"message":"成功","code":0}
***** response log end ******

[2020-01-13T17:56:32.299] [INFO] responseLog - 
***** response log start *****
request originalUrl: /api/artical/getList
request client ip: 127.0.0.1
request body
{"category":"5e181d8ea1a77c95daa48b31"}
response time: 23
response status: undefined
response body: 
{"data":[{"category":"5e181d8ea1a77c95daa48b31","anonymous":false,"introduction":"wgweg","imageUrl":"http://10.105.24.172:9000/upload/5f5fc463d44c70320f4ac36375e96e77.png","visitor":0,"commentators":0,"shared":0,"star":[],"createTime":"2020-01-10T10:18:01.098Z","updateTime":"2020-01-10T10:19:45.676Z","_id":"5e184fc115a1112f21f5f48d","title":"rwrew","content":"fawgweg","state":2,"__v":0}],"message":"成功","code":0}
***** response log end ******

[2020-01-13T17:56:35.400] [INFO] responseLog - 
***** response log start *****
request originalUrl: /api/artical/getList
request client ip: 127.0.0.1
request body
{"category":"5e181e2ca1a77c95daa48b32"}
response time: 23
response status: undefined
response body: 
{"data":[],"message":"成功","code":0}
***** response log end ******

[2020-01-13T17:56:37.103] [INFO] responseLog - 
***** response log start *****
request originalUrl: /api/artical/getList
request client ip: 127.0.0.1
request body
{"category":"5e181d8ea1a77c95daa48b31"}
response time: 24
response status: undefined
response body: 
{"data":[{"category":"5e181d8ea1a77c95daa48b31","anonymous":false,"introduction":"wgweg","imageUrl":"http://10.105.24.172:9000/upload/5f5fc463d44c70320f4ac36375e96e77.png","visitor":0,"commentators":0,"shared":0,"star":[],"createTime":"2020-01-10T10:18:01.098Z","updateTime":"2020-01-10T10:19:45.676Z","_id":"5e184fc115a1112f21f5f48d","title":"rwrew","content":"fawgweg","state":2,"__v":0}],"message":"成功","code":0}
***** response log end ******

[2020-01-13T17:58:24.217] [INFO] responseLog - 
***** response log start *****
request originalUrl: /api/artical/getList
request client ip: 127.0.0.1
request body
{"category":"5e181d8ea1a77c95daa48b31"}
response time: 23
response status: undefined
response body: 
{"data":[{"category":"5e181d8ea1a77c95daa48b31","anonymous":false,"introduction":"wgweg","imageUrl":"http://10.105.24.172:9000/upload/5f5fc463d44c70320f4ac36375e96e77.png","visitor":0,"commentators":0,"shared":0,"star":[],"createTime":"2020-01-10T10:18:01.098Z","updateTime":"2020-01-10T10:19:45.676Z","_id":"5e184fc115a1112f21f5f48d","title":"rwrew","content":"fawgweg","state":2,"__v":0}],"message":"成功","code":0}
***** response log end ******

[2020-01-13T17:58:26.351] [INFO] responseLog - 
***** response log start *****
request originalUrl: /api/artical/getList
request client ip: 127.0.0.1
request body
{"category":"5e181e2ca1a77c95daa48b32"}
response time: 20
response status: undefined
response body: 
{"data":[],"message":"成功","code":0}
***** response log end ******

[2020-01-13T17:58:27.790] [INFO] responseLog - 
***** response log start *****
request originalUrl: /api/artical/getList
request client ip: 127.0.0.1
request body
{"category":"5e181e5aa1a77c95daa48b33"}
response time: 22
response status: undefined
response body: 
{"data":[],"message":"成功","code":0}
***** response log end ******

[2020-01-13T17:58:28.939] [INFO] responseLog - 
***** response log start *****
request originalUrl: /api/artical/getList
request client ip: 127.0.0.1
request body
{"category":"5e181d8ea1a77c95daa48b31"}
response time: 25
response status: undefined
response body: 
{"data":[{"category":"5e181d8ea1a77c95daa48b31","anonymous":false,"introduction":"wgweg","imageUrl":"http://10.105.24.172:9000/upload/5f5fc463d44c70320f4ac36375e96e77.png","visitor":0,"commentators":0,"shared":0,"star":[],"createTime":"2020-01-10T10:18:01.098Z","updateTime":"2020-01-10T10:19:45.676Z","_id":"5e184fc115a1112f21f5f48d","title":"rwrew","content":"fawgweg","state":2,"__v":0}],"message":"成功","code":0}
***** response log end ******

[2020-01-13T17:58:57.970] [INFO] responseLog - 
***** response log start *****
request originalUrl: /api/artical/getList
request client ip: 127.0.0.1
request body
{"category":"5e181e2ca1a77c95daa48b32"}
response time: 21
response status: undefined
response body: 
{"data":[],"message":"成功","code":0}
***** response log end ******

[2020-01-13T17:58:59.411] [INFO] responseLog - 
***** response log start *****
request originalUrl: /api/artical/getList
request client ip: 127.0.0.1
request body
{"category":"5e181e5aa1a77c95daa48b33"}
response time: 22
response status: undefined
response body: 
{"data":[],"message":"成功","code":0}
***** response log end ******

[2020-01-13T17:59:00.644] [INFO] responseLog - 
***** response log start *****
request originalUrl: /api/artical/getList
request client ip: 127.0.0.1
request body
{"category":"5e181d8ea1a77c95daa48b31"}
response time: 23
response status: undefined
response body: 
{"data":[{"category":"5e181d8ea1a77c95daa48b31","anonymous":false,"introduction":"wgweg","imageUrl":"http://10.105.24.172:9000/upload/5f5fc463d44c70320f4ac36375e96e77.png","visitor":0,"commentators":0,"shared":0,"star":[],"createTime":"2020-01-10T10:18:01.098Z","updateTime":"2020-01-10T10:19:45.676Z","_id":"5e184fc115a1112f21f5f48d","title":"rwrew","content":"fawgweg","state":2,"__v":0}],"message":"成功","code":0}
***** response log end ******

[2020-01-13T17:59:02.840] [INFO] responseLog - 
***** response log start *****
request originalUrl: /api/artical/getList
request client ip: 127.0.0.1
request body
{"category":"5e181e2ca1a77c95daa48b32"}
response time: 20
response status: undefined
response body: 
{"data":[],"message":"成功","code":0}
***** response log end ******

[2020-01-13T17:59:09.068] [INFO] responseLog - 
***** response log start *****
request originalUrl: /api/artical/getList
request client ip: 127.0.0.1
request body
{"category":"5e181d8ea1a77c95daa48b31"}
response time: 23
response status: undefined
response body: 
{"data":[{"category":"5e181d8ea1a77c95daa48b31","anonymous":false,"introduction":"wgweg","imageUrl":"http://10.105.24.172:9000/upload/5f5fc463d44c70320f4ac36375e96e77.png","visitor":0,"commentators":0,"shared":0,"star":[],"createTime":"2020-01-10T10:18:01.098Z","updateTime":"2020-01-10T10:19:45.676Z","_id":"5e184fc115a1112f21f5f48d","title":"rwrew","content":"fawgweg","state":2,"__v":0}],"message":"成功","code":0}
***** response log end ******

