[2020-01-08T14:03:50.156] [INFO] responseLog - 
***** response log start *****
request originalUrl: /api/artical
request client ip: 127.0.0.1
request query: {}
response time: 33
response status: undefined
response body: 
{"data":[{"anonymous":false,"introduction":"","imageUrl":"","visitor":0,"commentators":0,"shared":0,"star":[],"createTime":"2020-01-07T08:19:58.589Z","updateTime":"2020-01-07T08:19:58.589Z","_id":"5e0db6e866b44e35c06906d4","title":"这里是文字标题.."},{"anonymous":false,"introduction":"","imageUrl":"","visitor":0,"commentators":0,"shared":0,"star":[],"createTime":"2020-01-07T08:19:58.589Z","updateTime":"2020-01-07T08:19:58.589Z","_id":"5e0db7149f5d8d17ac531a15","title":"这里是文字标题..","content":"这里是文字内容。。。"}],"message":"成功","code":0}
***** response log end ******

[2020-01-08T14:06:08.783] [INFO] responseLog - 
***** response log start *****
request originalUrl: /api/artical
request client ip: 127.0.0.1
request query: {}
response time: 366
response status: undefined
response body: 
{"data":[{"anonymous":false,"introduction":"","imageUrl":"","visitor":0,"commentators":0,"shared":0,"star":[],"createTime":"2020-01-07T08:19:58.589Z","updateTime":"2020-01-07T08:19:58.589Z","_id":"5e0db6e866b44e35c06906d4","title":"这里是文字标题.."},{"anonymous":false,"introduction":"","imageUrl":"","visitor":0,"commentators":0,"shared":0,"star":[],"createTime":"2020-01-07T08:19:58.589Z","updateTime":"2020-01-07T08:19:58.589Z","_id":"5e0db7149f5d8d17ac531a15","title":"这里是文字标题..","content":"这里是文字内容。。。"}],"message":"成功","code":0}
***** response log end ******

[2020-01-08T14:06:14.626] [INFO] responseLog - 
***** response log start *****
request originalUrl: /api/artical
request client ip: 127.0.0.1
request query: {}
response time: 34
response status: undefined
response body: 
{"data":[{"anonymous":false,"introduction":"","imageUrl":"","visitor":0,"commentators":0,"shared":0,"star":[],"createTime":"2020-01-07T08:19:58.589Z","updateTime":"2020-01-07T08:19:58.589Z","_id":"5e0db6e866b44e35c06906d4","title":"这里是文字标题.."},{"anonymous":false,"introduction":"","imageUrl":"","visitor":0,"commentators":0,"shared":0,"star":[],"createTime":"2020-01-07T08:19:58.589Z","updateTime":"2020-01-07T08:19:58.589Z","_id":"5e0db7149f5d8d17ac531a15","title":"这里是文字标题..","content":"这里是文字内容。。。"}],"message":"成功","code":0}
***** response log end ******

[2020-01-08T14:06:41.661] [INFO] responseLog - 
***** response log start *****
request originalUrl: /api/artical
request client ip: 127.0.0.1
request query: {}
response time: 35
response status: undefined
response body: 
{"data":[{"anonymous":false,"introduction":"","imageUrl":"","visitor":0,"commentators":0,"shared":0,"star":[],"createTime":"2020-01-07T08:19:58.589Z","updateTime":"2020-01-07T08:19:58.589Z","_id":"5e0db6e866b44e35c06906d4","title":"这里是文字标题.."},{"anonymous":false,"introduction":"","imageUrl":"","visitor":0,"commentators":0,"shared":0,"star":[],"createTime":"2020-01-07T08:19:58.589Z","updateTime":"2020-01-07T08:19:58.589Z","_id":"5e0db7149f5d8d17ac531a15","title":"这里是文字标题..","content":"这里是文字内容。。。"}],"message":"成功","code":0}
***** response log end ******

[2020-01-08T14:12:20.027] [INFO] responseLog - 
***** response log start *****
request originalUrl: /api/artical
request client ip: 127.0.0.1
request query: {}
response time: 27
response status: undefined
response body: 
{"data":[{"anonymous":false,"introduction":"","imageUrl":"","visitor":0,"commentators":0,"shared":0,"star":[],"createTime":"2020-01-07T08:19:58.589Z","updateTime":"2020-01-07T08:19:58.589Z","_id":"5e0db6e866b44e35c06906d4","title":"这里是文字标题.."},{"anonymous":false,"introduction":"","imageUrl":"","visitor":0,"commentators":0,"shared":0,"star":[],"createTime":"2020-01-07T08:19:58.589Z","updateTime":"2020-01-07T08:19:58.589Z","_id":"5e0db7149f5d8d17ac531a15","title":"这里是文字标题..","content":"这里是文字内容。。。"}],"message":"成功","code":0}
***** response log end ******

[2020-01-08T14:12:21.556] [INFO] responseLog - 
***** response log start *****
request originalUrl: /api/artical
request client ip: 127.0.0.1
request query: {}
response time: 32
response status: undefined
response body: 
{"data":[{"anonymous":false,"introduction":"","imageUrl":"","visitor":0,"commentators":0,"shared":0,"star":[],"createTime":"2020-01-07T08:19:58.589Z","updateTime":"2020-01-07T08:19:58.589Z","_id":"5e0db6e866b44e35c06906d4","title":"这里是文字标题.."},{"anonymous":false,"introduction":"","imageUrl":"","visitor":0,"commentators":0,"shared":0,"star":[],"createTime":"2020-01-07T08:19:58.589Z","updateTime":"2020-01-07T08:19:58.589Z","_id":"5e0db7149f5d8d17ac531a15","title":"这里是文字标题..","content":"这里是文字内容。。。"}],"message":"成功","code":0}
***** response log end ******

[2020-01-08T14:20:40.805] [INFO] responseLog - 
***** response log start *****
request originalUrl: /api/artical
request client ip: 127.0.0.1
request query: {}
response time: 28
response status: undefined
response body: 
{"data":[{"anonymous":false,"introduction":"","imageUrl":"","visitor":0,"commentators":0,"shared":0,"star":[],"createTime":"2020-01-07T08:19:58.589Z","updateTime":"2020-01-07T08:19:58.589Z","_id":"5e0db6e866b44e35c06906d4","title":"这里是文字标题.."},{"anonymous":false,"introduction":"","imageUrl":"","visitor":0,"commentators":0,"shared":0,"star":[],"createTime":"2020-01-07T08:19:58.589Z","updateTime":"2020-01-07T08:19:58.589Z","_id":"5e0db7149f5d8d17ac531a15","title":"这里是文字标题..","content":"这里是文字内容。。。"}],"message":"成功","code":0}
***** response log end ******

[2020-01-08T14:22:21.728] [INFO] responseLog - 
***** response log start *****
request originalUrl: /api/artical
request client ip: 127.0.0.1
request query: {}
response time: 32
response status: undefined
response body: 
{"data":[{"anonymous":false,"introduction":"","imageUrl":"","visitor":0,"commentators":0,"shared":0,"star":[],"createTime":"2020-01-07T08:19:58.589Z","updateTime":"2020-01-07T08:19:58.589Z","_id":"5e0db6e866b44e35c06906d4","title":"这里是文字标题.."},{"anonymous":false,"introduction":"","imageUrl":"","visitor":0,"commentators":0,"shared":0,"star":[],"createTime":"2020-01-07T08:19:58.589Z","updateTime":"2020-01-07T08:19:58.589Z","_id":"5e0db7149f5d8d17ac531a15","title":"这里是文字标题..","content":"这里是文字内容。。。"}],"message":"成功","code":0}
***** response log end ******

[2020-01-08T14:22:26.399] [INFO] responseLog - 
***** response log start *****
request originalUrl: /api/artical
request client ip: 127.0.0.1
request query: {}
response time: 38
response status: undefined
response body: 
{"data":[{"anonymous":false,"introduction":"","imageUrl":"","visitor":0,"commentators":0,"shared":0,"star":[],"createTime":"2020-01-07T08:19:58.589Z","updateTime":"2020-01-07T08:19:58.589Z","_id":"5e0db6e866b44e35c06906d4","title":"这里是文字标题.."},{"anonymous":false,"introduction":"","imageUrl":"","visitor":0,"commentators":0,"shared":0,"star":[],"createTime":"2020-01-07T08:19:58.589Z","updateTime":"2020-01-07T08:19:58.589Z","_id":"5e0db7149f5d8d17ac531a15","title":"这里是文字标题..","content":"这里是文字内容。。。"}],"message":"成功","code":0}
***** response log end ******

[2020-01-08T14:22:56.783] [INFO] responseLog - 
***** response log start *****
request originalUrl: /api/artical
request client ip: 127.0.0.1
request query: {}
response time: 36
response status: undefined
response body: 
{"data":[{"anonymous":false,"introduction":"","imageUrl":"","visitor":0,"commentators":0,"shared":0,"star":[],"createTime":"2020-01-07T08:19:58.589Z","updateTime":"2020-01-07T08:19:58.589Z","_id":"5e0db6e866b44e35c06906d4","title":"这里是文字标题.."},{"anonymous":false,"introduction":"","imageUrl":"","visitor":0,"commentators":0,"shared":0,"star":[],"createTime":"2020-01-07T08:19:58.589Z","updateTime":"2020-01-07T08:19:58.589Z","_id":"5e0db7149f5d8d17ac531a15","title":"这里是文字标题..","content":"这里是文字内容。。。"}],"message":"成功","code":0}
***** response log end ******

[2020-01-08T14:23:27.221] [INFO] responseLog - 
***** response log start *****
request originalUrl: /api/artical
request client ip: 127.0.0.1
request query: {}
response time: 61
response status: undefined
response body: 
{"data":[{"anonymous":false,"introduction":"","imageUrl":"","visitor":0,"commentators":0,"shared":0,"star":[],"createTime":"2020-01-07T08:19:58.589Z","updateTime":"2020-01-07T08:19:58.589Z","_id":"5e0db6e866b44e35c06906d4","title":"这里是文字标题.."},{"anonymous":false,"introduction":"","imageUrl":"","visitor":0,"commentators":0,"shared":0,"star":[],"createTime":"2020-01-07T08:19:58.589Z","updateTime":"2020-01-07T08:19:58.589Z","_id":"5e0db7149f5d8d17ac531a15","title":"这里是文字标题..","content":"这里是文字内容。。。"}],"message":"成功","code":0}
***** response log end ******

[2020-01-08T14:24:41.050] [INFO] responseLog - 
***** response log start *****
request originalUrl: /api/artical
request client ip: 127.0.0.1
request query: {}
response time: 42
response status: undefined
response body: 
{"data":[{"anonymous":false,"introduction":"","imageUrl":"","visitor":0,"commentators":0,"shared":0,"star":[],"createTime":"2020-01-07T08:19:58.589Z","updateTime":"2020-01-07T08:19:58.589Z","_id":"5e0db6e866b44e35c06906d4","title":"这里是文字标题.."},{"anonymous":false,"introduction":"","imageUrl":"","visitor":0,"commentators":0,"shared":0,"star":[],"createTime":"2020-01-07T08:19:58.589Z","updateTime":"2020-01-07T08:19:58.589Z","_id":"5e0db7149f5d8d17ac531a15","title":"这里是文字标题..","content":"这里是文字内容。。。"}],"message":"成功","code":0}
***** response log end ******

[2020-01-08T14:35:01.423] [INFO] responseLog - 
***** response log start *****
request originalUrl: /api/artical
request client ip: 127.0.0.1
request query: {}
response time: 29
response status: undefined
response body: 
{"data":[{"anonymous":false,"introduction":"","imageUrl":"","visitor":0,"commentators":0,"shared":0,"star":[],"createTime":"2020-01-07T08:19:58.589Z","updateTime":"2020-01-07T08:19:58.589Z","_id":"5e0db6e866b44e35c06906d4","title":"这里是文字标题.."},{"anonymous":false,"introduction":"","imageUrl":"","visitor":0,"commentators":0,"shared":0,"star":[],"createTime":"2020-01-07T08:19:58.589Z","updateTime":"2020-01-07T08:19:58.589Z","_id":"5e0db7149f5d8d17ac531a15","title":"这里是文字标题..","content":"这里是文字内容。。。"}],"message":"成功","code":0}
***** response log end ******

[2020-01-08T14:35:16.600] [INFO] responseLog - 
***** response log start *****
request originalUrl: /api/artical
request client ip: 127.0.0.1
request query: {}
response time: 24
response status: undefined
response body: 
{"data":[{"anonymous":false,"introduction":"","imageUrl":"","visitor":0,"commentators":0,"shared":0,"star":[],"createTime":"2020-01-07T08:19:58.589Z","updateTime":"2020-01-07T08:19:58.589Z","_id":"5e0db6e866b44e35c06906d4","title":"这里是文字标题.."},{"anonymous":false,"introduction":"","imageUrl":"","visitor":0,"commentators":0,"shared":0,"star":[],"createTime":"2020-01-07T08:19:58.589Z","updateTime":"2020-01-07T08:19:58.589Z","_id":"5e0db7149f5d8d17ac531a15","title":"这里是文字标题..","content":"这里是文字内容。。。"}],"message":"成功","code":0}
***** response log end ******

[2020-01-08T15:06:28.841] [INFO] responseLog - 
***** response log start *****
request originalUrl: /api/artical
request client ip: 127.0.0.1
request query: {}
response time: 40
response status: undefined
response body: 
{"data":[{"anonymous":false,"introduction":"","imageUrl":"","visitor":0,"commentators":0,"shared":0,"star":[],"createTime":"2020-01-07T08:19:58.589Z","updateTime":"2020-01-07T08:19:58.589Z","_id":"5e0db6e866b44e35c06906d4","title":"这里是文字标题.."},{"anonymous":false,"introduction":"","imageUrl":"","visitor":0,"commentators":0,"shared":0,"star":[],"createTime":"2020-01-07T08:19:58.589Z","updateTime":"2020-01-07T08:19:58.589Z","_id":"5e0db7149f5d8d17ac531a15","title":"这里是文字标题..","content":"这里是文字内容。。。"}],"message":"成功","code":0}
***** response log end ******

[2020-01-08T15:06:40.069] [INFO] responseLog - 
***** response log start *****
request originalUrl: /api/artical
request client ip: 127.0.0.1
request query: {}
response time: 27
response status: undefined
response body: 
{"data":[{"anonymous":false,"introduction":"","imageUrl":"","visitor":0,"commentators":0,"shared":0,"star":[],"createTime":"2020-01-07T08:19:58.589Z","updateTime":"2020-01-07T08:19:58.589Z","_id":"5e0db6e866b44e35c06906d4","title":"这里是文字标题.."},{"anonymous":false,"introduction":"","imageUrl":"","visitor":0,"commentators":0,"shared":0,"star":[],"createTime":"2020-01-07T08:19:58.589Z","updateTime":"2020-01-07T08:19:58.589Z","_id":"5e0db7149f5d8d17ac531a15","title":"这里是文字标题..","content":"这里是文字内容。。。"}],"message":"成功","code":0}
***** response log end ******

[2020-01-08T15:06:48.709] [INFO] responseLog - 
***** response log start *****
request originalUrl: /api/artical
request client ip: 127.0.0.1
request query: {}
response time: 34
response status: undefined
response body: 
{"data":[{"anonymous":false,"introduction":"","imageUrl":"","visitor":0,"commentators":0,"shared":0,"star":[],"createTime":"2020-01-07T08:19:58.589Z","updateTime":"2020-01-07T08:19:58.589Z","_id":"5e0db6e866b44e35c06906d4","title":"这里是文字标题.."},{"anonymous":false,"introduction":"","imageUrl":"","visitor":0,"commentators":0,"shared":0,"star":[],"createTime":"2020-01-07T08:19:58.589Z","updateTime":"2020-01-07T08:19:58.589Z","_id":"5e0db7149f5d8d17ac531a15","title":"这里是文字标题..","content":"这里是文字内容。。。"}],"message":"成功","code":0}
***** response log end ******

[2020-01-08T15:06:53.709] [INFO] responseLog - 
***** response log start *****
request originalUrl: /api/artical
request client ip: 127.0.0.1
request query: {}
response time: 28
response status: undefined
response body: 
{"data":[{"anonymous":false,"introduction":"","imageUrl":"","visitor":0,"commentators":0,"shared":0,"star":[],"createTime":"2020-01-07T08:19:58.589Z","updateTime":"2020-01-07T08:19:58.589Z","_id":"5e0db6e866b44e35c06906d4","title":"这里是文字标题.."},{"anonymous":false,"introduction":"","imageUrl":"","visitor":0,"commentators":0,"shared":0,"star":[],"createTime":"2020-01-07T08:19:58.589Z","updateTime":"2020-01-07T08:19:58.589Z","_id":"5e0db7149f5d8d17ac531a15","title":"这里是文字标题..","content":"这里是文字内容。。。"}],"message":"成功","code":0}
***** response log end ******

[2020-01-08T15:07:12.739] [INFO] responseLog - 
***** response log start *****
request originalUrl: /api/artical
request client ip: 127.0.0.1
request query: {}
response time: 25
response status: undefined
response body: 
{"data":[{"anonymous":false,"introduction":"","imageUrl":"","visitor":0,"commentators":0,"shared":0,"star":[],"createTime":"2020-01-07T08:19:58.589Z","updateTime":"2020-01-07T08:19:58.589Z","_id":"5e0db6e866b44e35c06906d4","title":"这里是文字标题.."},{"anonymous":false,"introduction":"","imageUrl":"","visitor":0,"commentators":0,"shared":0,"star":[],"createTime":"2020-01-07T08:19:58.589Z","updateTime":"2020-01-07T08:19:58.589Z","_id":"5e0db7149f5d8d17ac531a15","title":"这里是文字标题..","content":"这里是文字内容。。。"}],"message":"成功","code":0}
***** response log end ******

[2020-01-08T15:07:31.370] [INFO] responseLog - 
***** response log start *****
request originalUrl: /api/artical
request client ip: 127.0.0.1
request query: {}
response time: 33
response status: undefined
response body: 
{"data":[{"anonymous":false,"introduction":"","imageUrl":"","visitor":0,"commentators":0,"shared":0,"star":[],"createTime":"2020-01-07T08:19:58.589Z","updateTime":"2020-01-07T08:19:58.589Z","_id":"5e0db6e866b44e35c06906d4","title":"这里是文字标题.."},{"anonymous":false,"introduction":"","imageUrl":"","visitor":0,"commentators":0,"shared":0,"star":[],"createTime":"2020-01-07T08:19:58.589Z","updateTime":"2020-01-07T08:19:58.589Z","_id":"5e0db7149f5d8d17ac531a15","title":"这里是文字标题..","content":"这里是文字内容。。。"}],"message":"成功","code":0}
***** response log end ******

[2020-01-08T15:08:50.554] [INFO] responseLog - 
***** response log start *****
request originalUrl: /api/artical
request client ip: 127.0.0.1
request query: {}
response time: 25
response status: undefined
response body: 
{"data":[{"anonymous":false,"introduction":"","imageUrl":"","visitor":0,"commentators":0,"shared":0,"star":[],"createTime":"2020-01-07T08:19:58.589Z","updateTime":"2020-01-07T08:19:58.589Z","_id":"5e0db6e866b44e35c06906d4","title":"这里是文字标题.."},{"anonymous":false,"introduction":"","imageUrl":"","visitor":0,"commentators":0,"shared":0,"star":[],"createTime":"2020-01-07T08:19:58.589Z","updateTime":"2020-01-07T08:19:58.589Z","_id":"5e0db7149f5d8d17ac531a15","title":"这里是文字标题..","content":"这里是文字内容。。。"}],"message":"成功","code":0}
***** response log end ******

[2020-01-08T15:28:38.833] [INFO] responseLog - 
***** response log start *****
request originalUrl: /
request client ip: 10.105.24.201
request query: {}
response time: 1
response status: undefined
response body: 
undefined
***** response log end ******

[2020-01-08T15:28:39.018] [INFO] responseLog - 
***** response log start *****
request originalUrl: /favicon.ico
request client ip: 10.105.24.201
request query: {}
response time: 0
response status: undefined
response body: 
undefined
***** response log end ******

[2020-01-08T15:29:00.544] [INFO] responseLog - 
***** response log start *****
request originalUrl: /api/artical
request client ip: 10.105.24.201
request query: {}
response time: 58
response status: undefined
response body: 
{"data":[{"anonymous":false,"introduction":"","imageUrl":"","visitor":0,"commentators":0,"shared":0,"star":[],"createTime":"2020-01-07T08:19:58.589Z","updateTime":"2020-01-07T08:19:58.589Z","_id":"5e0db6e866b44e35c06906d4","title":"这里是文字标题.."},{"anonymous":false,"introduction":"","imageUrl":"","visitor":0,"commentators":0,"shared":0,"star":[],"createTime":"2020-01-07T08:19:58.589Z","updateTime":"2020-01-07T08:19:58.589Z","_id":"5e0db7149f5d8d17ac531a15","title":"这里是文字标题..","content":"这里是文字内容。。。"}],"message":"成功","code":0}
***** response log end ******

[2020-01-08T17:41:04.609] [INFO] responseLog - 
***** response log start *****
request originalUrl: /api/artical
request client ip: 127.0.0.1
request query: {}
response time: 77
response status: undefined
response body: 
{"data":[{"anonymous":false,"introduction":"","imageUrl":"","visitor":0,"commentators":0,"shared":0,"star":[],"createTime":"2020-01-07T08:19:58.589Z","updateTime":"2020-01-07T08:19:58.589Z","_id":"5e0db6e866b44e35c06906d4","title":"这里是文字标题.."},{"anonymous":false,"introduction":"","imageUrl":"","visitor":0,"commentators":0,"shared":0,"star":[],"createTime":"2020-01-07T08:19:58.589Z","updateTime":"2020-01-07T08:19:58.589Z","_id":"5e0db7149f5d8d17ac531a15","title":"这里是文字标题..","content":"这里是文字内容。。。"}],"message":"成功","code":0}
***** response log end ******

[2020-01-08T17:41:09.317] [INFO] responseLog - 
***** response log start *****
request originalUrl: /api/artical
request client ip: 127.0.0.1
request query: {}
response time: 69
response status: undefined
response body: 
{"data":[{"anonymous":false,"introduction":"","imageUrl":"","visitor":0,"commentators":0,"shared":0,"star":[],"createTime":"2020-01-07T08:19:58.589Z","updateTime":"2020-01-07T08:19:58.589Z","_id":"5e0db6e866b44e35c06906d4","title":"这里是文字标题.."},{"anonymous":false,"introduction":"","imageUrl":"","visitor":0,"commentators":0,"shared":0,"star":[],"createTime":"2020-01-07T08:19:58.589Z","updateTime":"2020-01-07T08:19:58.589Z","_id":"5e0db7149f5d8d17ac531a15","title":"这里是文字标题..","content":"这里是文字内容。。。"}],"message":"成功","code":0}
***** response log end ******

[2020-01-08T17:41:18.745] [INFO] responseLog - 
***** response log start *****
request originalUrl: /api/artical
request client ip: 127.0.0.1
request query: {}
response time: 30
response status: undefined
response body: 
{"data":[{"anonymous":false,"introduction":"","imageUrl":"","visitor":0,"commentators":0,"shared":0,"star":[],"createTime":"2020-01-07T08:19:58.589Z","updateTime":"2020-01-07T08:19:58.589Z","_id":"5e0db6e866b44e35c06906d4","title":"这里是文字标题.."},{"anonymous":false,"introduction":"","imageUrl":"","visitor":0,"commentators":0,"shared":0,"star":[],"createTime":"2020-01-07T08:19:58.589Z","updateTime":"2020-01-07T08:19:58.589Z","_id":"5e0db7149f5d8d17ac531a15","title":"这里是文字标题..","content":"这里是文字内容。。。"}],"message":"成功","code":0}
***** response log end ******

[2020-01-08T18:08:28.861] [INFO] responseLog - 
***** response log start *****
request originalUrl: /api/artical
request client ip: 127.0.0.1
request query: {}
response time: 31
response status: undefined
response body: 
{"data":[{"anonymous":false,"introduction":"","imageUrl":"","visitor":0,"commentators":0,"shared":0,"star":[],"createTime":"2020-01-07T08:19:58.589Z","updateTime":"2020-01-07T08:19:58.589Z","_id":"5e0db6e866b44e35c06906d4","title":"这里是文字标题.."},{"anonymous":false,"introduction":"","imageUrl":"","visitor":0,"commentators":0,"shared":0,"star":[],"createTime":"2020-01-07T08:19:58.589Z","updateTime":"2020-01-07T08:19:58.589Z","_id":"5e0db7149f5d8d17ac531a15","title":"这里是文字标题..","content":"这里是文字内容。。。"}],"message":"成功","code":0}
***** response log end ******

[2020-01-08T18:08:33.479] [INFO] responseLog - 
***** response log start *****
request originalUrl: /api/artical
request client ip: 127.0.0.1
request query: {}
response time: 30
response status: undefined
response body: 
{"data":[{"anonymous":false,"introduction":"","imageUrl":"","visitor":0,"commentators":0,"shared":0,"star":[],"createTime":"2020-01-07T08:19:58.589Z","updateTime":"2020-01-07T08:19:58.589Z","_id":"5e0db6e866b44e35c06906d4","title":"这里是文字标题.."},{"anonymous":false,"introduction":"","imageUrl":"","visitor":0,"commentators":0,"shared":0,"star":[],"createTime":"2020-01-07T08:19:58.589Z","updateTime":"2020-01-07T08:19:58.589Z","_id":"5e0db7149f5d8d17ac531a15","title":"这里是文字标题..","content":"这里是文字内容。。。"}],"message":"成功","code":0}
***** response log end ******

[2020-01-08T18:12:20.523] [INFO] responseLog - 
***** response log start *****
request originalUrl: /api/artical
request client ip: 127.0.0.1
request query: {}
response time: 31
response status: undefined
response body: 
{"data":[{"anonymous":false,"introduction":"","imageUrl":"","visitor":0,"commentators":0,"shared":0,"star":[],"createTime":"2020-01-07T08:19:58.589Z","updateTime":"2020-01-07T08:19:58.589Z","_id":"5e0db6e866b44e35c06906d4","title":"这里是文字标题.."},{"anonymous":false,"introduction":"","imageUrl":"","visitor":0,"commentators":0,"shared":0,"star":[],"createTime":"2020-01-07T08:19:58.589Z","updateTime":"2020-01-07T08:19:58.589Z","_id":"5e0db7149f5d8d17ac531a15","title":"这里是文字标题..","content":"这里是文字内容。。。"}],"message":"成功","code":0}
***** response log end ******

[2020-01-08T18:12:38.108] [INFO] responseLog - 
***** response log start *****
request originalUrl: /api/artical
request client ip: 127.0.0.1
request query: {}
response time: 31
response status: undefined
response body: 
{"data":[{"anonymous":false,"introduction":"","imageUrl":"","visitor":0,"commentators":0,"shared":0,"star":[],"createTime":"2020-01-07T08:19:58.589Z","updateTime":"2020-01-07T08:19:58.589Z","_id":"5e0db6e866b44e35c06906d4","title":"这里是文字标题.."},{"anonymous":false,"introduction":"","imageUrl":"","visitor":0,"commentators":0,"shared":0,"star":[],"createTime":"2020-01-07T08:19:58.589Z","updateTime":"2020-01-07T08:19:58.589Z","_id":"5e0db7149f5d8d17ac531a15","title":"这里是文字标题..","content":"这里是文字内容。。。"}],"message":"成功","code":0}
***** response log end ******

[2020-01-08T18:20:01.612] [INFO] responseLog - 
***** response log start *****
request originalUrl: /api/artical
request client ip: 127.0.0.1
request query: {}
response time: 34
response status: undefined
response body: 
{"data":[{"anonymous":false,"introduction":"","imageUrl":"","visitor":0,"commentators":0,"shared":0,"star":[],"createTime":"2020-01-07T08:19:58.589Z","updateTime":"2020-01-07T08:19:58.589Z","_id":"5e0db6e866b44e35c06906d4","title":"这里是文字标题.."},{"anonymous":false,"introduction":"","imageUrl":"","visitor":0,"commentators":0,"shared":0,"star":[],"createTime":"2020-01-07T08:19:58.589Z","updateTime":"2020-01-07T08:19:58.589Z","_id":"5e0db7149f5d8d17ac531a15","title":"这里是文字标题..","content":"这里是文字内容。。。"}],"message":"成功","code":0}
***** response log end ******

[2020-01-08T18:20:18.278] [INFO] responseLog - 
***** response log start *****
request originalUrl: /api/artical
request client ip: 127.0.0.1
request query: {}
response time: 31
response status: undefined
response body: 
{"data":[{"anonymous":false,"introduction":"","imageUrl":"","visitor":0,"commentators":0,"shared":0,"star":[],"createTime":"2020-01-07T08:19:58.589Z","updateTime":"2020-01-07T08:19:58.589Z","_id":"5e0db6e866b44e35c06906d4","title":"这里是文字标题.."},{"anonymous":false,"introduction":"","imageUrl":"","visitor":0,"commentators":0,"shared":0,"star":[],"createTime":"2020-01-07T08:19:58.589Z","updateTime":"2020-01-07T08:19:58.589Z","_id":"5e0db7149f5d8d17ac531a15","title":"这里是文字标题..","content":"这里是文字内容。。。"}],"message":"成功","code":0}
***** response log end ******

[2020-01-08T18:20:25.252] [INFO] responseLog - 
***** response log start *****
request originalUrl: /api/artical
request client ip: 127.0.0.1
request query: {}
response time: 54
response status: undefined
response body: 
{"data":[{"anonymous":false,"introduction":"","imageUrl":"","visitor":0,"commentators":0,"shared":0,"star":[],"createTime":"2020-01-07T08:19:58.589Z","updateTime":"2020-01-07T08:19:58.589Z","_id":"5e0db6e866b44e35c06906d4","title":"这里是文字标题.."},{"anonymous":false,"introduction":"","imageUrl":"","visitor":0,"commentators":0,"shared":0,"star":[],"createTime":"2020-01-07T08:19:58.589Z","updateTime":"2020-01-07T08:19:58.589Z","_id":"5e0db7149f5d8d17ac531a15","title":"这里是文字标题..","content":"这里是文字内容。。。"}],"message":"成功","code":0}
***** response log end ******

[2020-01-08T18:23:28.373] [INFO] responseLog - 
***** response log start *****
request originalUrl: /api/artical
request client ip: 127.0.0.1
request query: {}
response time: 33
response status: undefined
response body: 
{"data":[{"anonymous":false,"introduction":"","imageUrl":"","visitor":0,"commentators":0,"shared":0,"star":[],"createTime":"2020-01-07T08:19:58.589Z","updateTime":"2020-01-07T08:19:58.589Z","_id":"5e0db6e866b44e35c06906d4","title":"这里是文字标题.."},{"anonymous":false,"introduction":"","imageUrl":"","visitor":0,"commentators":0,"shared":0,"star":[],"createTime":"2020-01-07T08:19:58.589Z","updateTime":"2020-01-07T08:19:58.589Z","_id":"5e0db7149f5d8d17ac531a15","title":"这里是文字标题..","content":"这里是文字内容。。。"}],"message":"成功","code":0}
***** response log end ******

[2020-01-08T18:24:56.486] [INFO] responseLog - 
***** response log start *****
request originalUrl: /api/artical
request client ip: 127.0.0.1
request query: {}
response time: 31
response status: undefined
response body: 
{"data":[{"anonymous":false,"introduction":"","imageUrl":"","visitor":0,"commentators":0,"shared":0,"star":[],"createTime":"2020-01-07T08:19:58.589Z","updateTime":"2020-01-07T08:19:58.589Z","_id":"5e0db6e866b44e35c06906d4","title":"这里是文字标题.."},{"anonymous":false,"introduction":"","imageUrl":"","visitor":0,"commentators":0,"shared":0,"star":[],"createTime":"2020-01-07T08:19:58.589Z","updateTime":"2020-01-07T08:19:58.589Z","_id":"5e0db7149f5d8d17ac531a15","title":"这里是文字标题..","content":"这里是文字内容。。。"}],"message":"成功","code":0}
***** response log end ******

[2020-01-08T18:25:00.804] [INFO] responseLog - 
***** response log start *****
request originalUrl: /api/artical
request client ip: 127.0.0.1
request query: {}
response time: 32
response status: undefined
response body: 
{"data":[{"anonymous":false,"introduction":"","imageUrl":"","visitor":0,"commentators":0,"shared":0,"star":[],"createTime":"2020-01-07T08:19:58.589Z","updateTime":"2020-01-07T08:19:58.589Z","_id":"5e0db6e866b44e35c06906d4","title":"这里是文字标题.."},{"anonymous":false,"introduction":"","imageUrl":"","visitor":0,"commentators":0,"shared":0,"star":[],"createTime":"2020-01-07T08:19:58.589Z","updateTime":"2020-01-07T08:19:58.589Z","_id":"5e0db7149f5d8d17ac531a15","title":"这里是文字标题..","content":"这里是文字内容。。。"}],"message":"成功","code":0}
***** response log end ******

[2020-01-08T18:25:14.084] [INFO] responseLog - 
***** response log start *****
request originalUrl: /api/artical
request client ip: 127.0.0.1
request query: {}
response time: 36
response status: undefined
response body: 
{"data":[{"anonymous":false,"introduction":"","imageUrl":"","visitor":0,"commentators":0,"shared":0,"star":[],"createTime":"2020-01-07T08:19:58.589Z","updateTime":"2020-01-07T08:19:58.589Z","_id":"5e0db6e866b44e35c06906d4","title":"这里是文字标题.."},{"anonymous":false,"introduction":"","imageUrl":"","visitor":0,"commentators":0,"shared":0,"star":[],"createTime":"2020-01-07T08:19:58.589Z","updateTime":"2020-01-07T08:19:58.589Z","_id":"5e0db7149f5d8d17ac531a15","title":"这里是文字标题..","content":"这里是文字内容。。。"}],"message":"成功","code":0}
***** response log end ******

[2020-01-08T18:25:42.269] [INFO] responseLog - 
***** response log start *****
request originalUrl: /api/artical
request client ip: 127.0.0.1
request query: {}
response time: 37
response status: undefined
response body: 
{"data":[{"anonymous":false,"introduction":"","imageUrl":"","visitor":0,"commentators":0,"shared":0,"star":[],"createTime":"2020-01-07T08:19:58.589Z","updateTime":"2020-01-07T08:19:58.589Z","_id":"5e0db6e866b44e35c06906d4","title":"这里是文字标题.."},{"anonymous":false,"introduction":"","imageUrl":"","visitor":0,"commentators":0,"shared":0,"star":[],"createTime":"2020-01-07T08:19:58.589Z","updateTime":"2020-01-07T08:19:58.589Z","_id":"5e0db7149f5d8d17ac531a15","title":"这里是文字标题..","content":"这里是文字内容。。。"}],"message":"成功","code":0}
***** response log end ******

[2020-01-08T18:25:45.616] [INFO] responseLog - 
***** response log start *****
request originalUrl: /api/artical
request client ip: 127.0.0.1
request query: {}
response time: 31
response status: undefined
response body: 
{"data":[{"anonymous":false,"introduction":"","imageUrl":"","visitor":0,"commentators":0,"shared":0,"star":[],"createTime":"2020-01-07T08:19:58.589Z","updateTime":"2020-01-07T08:19:58.589Z","_id":"5e0db6e866b44e35c06906d4","title":"这里是文字标题.."},{"anonymous":false,"introduction":"","imageUrl":"","visitor":0,"commentators":0,"shared":0,"star":[],"createTime":"2020-01-07T08:19:58.589Z","updateTime":"2020-01-07T08:19:58.589Z","_id":"5e0db7149f5d8d17ac531a15","title":"这里是文字标题..","content":"这里是文字内容。。。"}],"message":"成功","code":0}
***** response log end ******

[2020-01-08T18:26:00.331] [INFO] responseLog - 
***** response log start *****
request originalUrl: /api/artical
request client ip: 127.0.0.1
request query: {}
response time: 34
response status: undefined
response body: 
{"data":[{"anonymous":false,"introduction":"","imageUrl":"","visitor":0,"commentators":0,"shared":0,"star":[],"createTime":"2020-01-07T08:19:58.589Z","updateTime":"2020-01-07T08:19:58.589Z","_id":"5e0db6e866b44e35c06906d4","title":"这里是文字标题.."},{"anonymous":false,"introduction":"","imageUrl":"","visitor":0,"commentators":0,"shared":0,"star":[],"createTime":"2020-01-07T08:19:58.589Z","updateTime":"2020-01-07T08:19:58.589Z","_id":"5e0db7149f5d8d17ac531a15","title":"这里是文字标题..","content":"这里是文字内容。。。"}],"message":"成功","code":0}
***** response log end ******

[2020-01-08T18:26:05.137] [INFO] responseLog - 
***** response log start *****
request originalUrl: /api/artical
request client ip: 127.0.0.1
request query: {}
response time: 28
response status: undefined
response body: 
{"data":[{"anonymous":false,"introduction":"","imageUrl":"","visitor":0,"commentators":0,"shared":0,"star":[],"createTime":"2020-01-07T08:19:58.589Z","updateTime":"2020-01-07T08:19:58.589Z","_id":"5e0db6e866b44e35c06906d4","title":"这里是文字标题.."},{"anonymous":false,"introduction":"","imageUrl":"","visitor":0,"commentators":0,"shared":0,"star":[],"createTime":"2020-01-07T08:19:58.589Z","updateTime":"2020-01-07T08:19:58.589Z","_id":"5e0db7149f5d8d17ac531a15","title":"这里是文字标题..","content":"这里是文字内容。。。"}],"message":"成功","code":0}
***** response log end ******

[2020-01-08T18:26:15.108] [INFO] responseLog - 
***** response log start *****
request originalUrl: /api/artical
request client ip: 127.0.0.1
request query: {}
response time: 31
response status: undefined
response body: 
{"data":[{"anonymous":false,"introduction":"","imageUrl":"","visitor":0,"commentators":0,"shared":0,"star":[],"createTime":"2020-01-07T08:19:58.589Z","updateTime":"2020-01-07T08:19:58.589Z","_id":"5e0db6e866b44e35c06906d4","title":"这里是文字标题.."},{"anonymous":false,"introduction":"","imageUrl":"","visitor":0,"commentators":0,"shared":0,"star":[],"createTime":"2020-01-07T08:19:58.589Z","updateTime":"2020-01-07T08:19:58.589Z","_id":"5e0db7149f5d8d17ac531a15","title":"这里是文字标题..","content":"这里是文字内容。。。"}],"message":"成功","code":0}
***** response log end ******

[2020-01-08T18:27:10.437] [INFO] responseLog - 
***** response log start *****
request originalUrl: /api/artical
request client ip: 127.0.0.1
request query: {}
response time: 28
response status: undefined
response body: 
{"data":[{"anonymous":false,"introduction":"","imageUrl":"","visitor":0,"commentators":0,"shared":0,"star":[],"createTime":"2020-01-07T08:19:58.589Z","updateTime":"2020-01-07T08:19:58.589Z","_id":"5e0db6e866b44e35c06906d4","title":"这里是文字标题.."},{"anonymous":false,"introduction":"","imageUrl":"","visitor":0,"commentators":0,"shared":0,"star":[],"createTime":"2020-01-07T08:19:58.589Z","updateTime":"2020-01-07T08:19:58.589Z","_id":"5e0db7149f5d8d17ac531a15","title":"这里是文字标题..","content":"这里是文字内容。。。"}],"message":"成功","code":0}
***** response log end ******

[2020-01-08T18:28:50.016] [INFO] responseLog - 
***** response log start *****
request originalUrl: /api/artical
request client ip: 127.0.0.1
request query: {}
response time: 32
response status: undefined
response body: 
{"data":[{"anonymous":false,"introduction":"","imageUrl":"","visitor":0,"commentators":0,"shared":0,"star":[],"createTime":"2020-01-07T08:19:58.589Z","updateTime":"2020-01-07T08:19:58.589Z","_id":"5e0db6e866b44e35c06906d4","title":"这里是文字标题.."},{"anonymous":false,"introduction":"","imageUrl":"","visitor":0,"commentators":0,"shared":0,"star":[],"createTime":"2020-01-07T08:19:58.589Z","updateTime":"2020-01-07T08:19:58.589Z","_id":"5e0db7149f5d8d17ac531a15","title":"这里是文字标题..","content":"这里是文字内容。。。"}],"message":"成功","code":0}
***** response log end ******

[2020-01-08T18:30:55.829] [INFO] responseLog - 
***** response log start *****
request originalUrl: /api/artical
request client ip: 127.0.0.1
request query: {}
response time: 33
response status: undefined
response body: 
{"data":[{"anonymous":false,"introduction":"","imageUrl":"","visitor":0,"commentators":0,"shared":0,"star":[],"createTime":"2020-01-07T08:19:58.589Z","updateTime":"2020-01-07T08:19:58.589Z","_id":"5e0db6e866b44e35c06906d4","title":"这里是文字标题.."},{"anonymous":false,"introduction":"","imageUrl":"","visitor":0,"commentators":0,"shared":0,"star":[],"createTime":"2020-01-07T08:19:58.589Z","updateTime":"2020-01-07T08:19:58.589Z","_id":"5e0db7149f5d8d17ac531a15","title":"这里是文字标题..","content":"这里是文字内容。。。"}],"message":"成功","code":0}
***** response log end ******

