[2020-04-07T13:56:06.714] [INFO] responseLog - 
***** response log start *****
request originalUrl: /api/getCategory?t=1586238966654
request client ip: 127.0.0.1
request query: {"t":"1586238966654"}
response time: 47
response status: 200
response body: 
{"message":"成功","data":[{"createTime":"2020-04-07T05:52:06.749Z","updateTime":"2020-04-07T05:52:06.749Z","_id":"5e181d8ea1a77c95daa48b31","name":"推荐","state":1},{"createTime":"2020-04-07T05:52:06.749Z","updateTime":"2020-04-07T05:52:06.749Z","_id":"5e181e2ca1a77c95daa48b32","name":"web前端","state":1},{"createTime":"2020-04-07T05:52:06.749Z","updateTime":"2020-04-07T05:52:06.749Z","_id":"5e181e5aa1a77c95daa48b33","name":"nodejs","state":1},{"createTime":"2020-04-07T05:52:06.749Z","updateTime":"2020-04-07T05:52:06.749Z","_id":"5e181e67a1a77c95daa48b34","name":"摄影","state":1},{"createTime":"2020-04-07T05:52:06.749Z","updateTime":"2020-04-07T05:52:06.749Z","_id":"5e181e6fa1a77c95daa48b35","name":"旅游","state":1},{"createTime":"2020-04-07T05:52:06.749Z","updateTime":"2020-04-07T05:52:06.749Z","_id":"5e181e77a1a77c95daa48b36","name":"电影","state":1},{"createTime":"2020-04-07T05:52:06.749Z","updateTime":"2020-04-07T05:52:06.749Z","_id":"5e181e80a1a77c95daa48b37","name":"娱乐","state":1},{"createTime":"2020-04-07T05:52:06.749Z","updateTime":"2020-04-07T05:52:06.749Z","_id":"5e6a0605fb773b711907175a","name":"踩坑指北","state":1}],"code":200}
***** response log end ******

[2020-04-07T13:56:06.808] [INFO] responseLog - 
***** response log start *****
request originalUrl: /api/artical/getList
request client ip: 127.0.0.1
request body
{"where":{},"include":"author","includeword":{"username":1},"skip":null}
response time: 83
response status: 200
response body: 
{"message":"成功","data":{"data":[{"anonymous":false,"introduction":"常见的http状态码大全","imageUrl":"","visitor":0,"commentators":0,"shared":0,"star":1,"starList":["5e4e4999b8620637839d8d3b"],"createTime":"2020-02-19T14:39:44.360Z","updateTime":"2020-02-20T09:35:33.533Z","_id":"5e4e4aa2b8620637839d8d3c","author":{"_id":"5e4e4cf6b8620637839d8d3d","username":"1623246663@qq.com"},"title":"http状态码","category":"5e181e5aa1a77c95daa48b33","state":2,"__v":0},{"anonymous":false,"introduction":"第一次使用nuxt.js，记录一下常用的点，后期会持续改进。","imageUrl":"","visitor":0,"commentators":0,"shared":0,"star":1,"starList":["5e4e4cf6b8620637839d8d3d"],"createTime":"2020-02-19T14:39:44.360Z","updateTime":"2020-03-12T10:19:28.739Z","_id":"5e5ca8efb8620637839d8d40","author":{"_id":"5e4e4999b8620637839d8d3b","username":"rd_1985@163.com"},"title":"Nuxt.js初探","category":"5e181e2ca1a77c95daa48b32","state":2,"__v":0},{"anonymous":false,"introduction":"hooks","imageUrl":"","visitor":0,"commentators":0,"shared":0,"star":0,"starList":[],"createTime":"2020-02-19T14:39:44.360Z","updateTime":"2020-03-12T10:34:06.433Z","_id":"5e6a101eb8620637839d8d41","author":{"_id":"5e4e4cf6b8620637839d8d3d","username":"1623246663@qq.com"},"title":"react hooks的使用","category":"5e181e2ca1a77c95daa48b32","state":2,"__v":0},{"anonymous":false,"introduction":"好些年前做图片上传我都是用的form表单提交到后端，最近改用ajax提交图片，在这里做一下记录。包含在项目中使用的图片压缩。","imageUrl":"","visitor":0,"commentators":0,"shared":0,"star":0,"starList":[],"createTime":"2020-02-19T14:39:44.360Z","updateTime":"2020-04-01T10:32:21.808Z","_id":"5e846db5b8620637839d8d42","author":{"_id":"5e4e4999b8620637839d8d3b","username":"rd_1985@163.com"},"title":"web端图片上传","category":"5e181e2ca1a77c95daa48b32","state":2,"__v":0}],"total":4},"code":200}
***** response log end ******

[2020-04-07T13:56:10.198] [INFO] responseLog - 
***** response log start *****
request originalUrl: /api/getCategory?t=1586238970172
request client ip: 127.0.0.1
request query: {"t":"1586238970172"}
response time: 24
response status: 200
response body: 
{"message":"成功","data":[{"createTime":"2020-04-07T05:52:06.749Z","updateTime":"2020-04-07T05:52:06.749Z","_id":"5e181d8ea1a77c95daa48b31","name":"推荐","state":1},{"createTime":"2020-04-07T05:52:06.749Z","updateTime":"2020-04-07T05:52:06.749Z","_id":"5e181e2ca1a77c95daa48b32","name":"web前端","state":1},{"createTime":"2020-04-07T05:52:06.749Z","updateTime":"2020-04-07T05:52:06.749Z","_id":"5e181e5aa1a77c95daa48b33","name":"nodejs","state":1},{"createTime":"2020-04-07T05:52:06.749Z","updateTime":"2020-04-07T05:52:06.749Z","_id":"5e181e67a1a77c95daa48b34","name":"摄影","state":1},{"createTime":"2020-04-07T05:52:06.749Z","updateTime":"2020-04-07T05:52:06.749Z","_id":"5e181e6fa1a77c95daa48b35","name":"旅游","state":1},{"createTime":"2020-04-07T05:52:06.749Z","updateTime":"2020-04-07T05:52:06.749Z","_id":"5e181e77a1a77c95daa48b36","name":"电影","state":1},{"createTime":"2020-04-07T05:52:06.749Z","updateTime":"2020-04-07T05:52:06.749Z","_id":"5e181e80a1a77c95daa48b37","name":"娱乐","state":1},{"createTime":"2020-04-07T05:52:06.749Z","updateTime":"2020-04-07T05:52:06.749Z","_id":"5e6a0605fb773b711907175a","name":"踩坑指北","state":1}],"code":200}
***** response log end ******

[2020-04-07T13:56:10.271] [INFO] responseLog - 
***** response log start *****
request originalUrl: /api/artical/getList
request client ip: 127.0.0.1
request body
{"where":{},"include":"author","includeword":{"username":1},"skip":null}
response time: 68
response status: 200
response body: 
{"message":"成功","data":{"data":[{"anonymous":false,"introduction":"常见的http状态码大全","imageUrl":"","visitor":0,"commentators":0,"shared":0,"star":1,"starList":["5e4e4999b8620637839d8d3b"],"createTime":"2020-02-19T14:39:44.360Z","updateTime":"2020-02-20T09:35:33.533Z","_id":"5e4e4aa2b8620637839d8d3c","author":{"_id":"5e4e4cf6b8620637839d8d3d","username":"1623246663@qq.com"},"title":"http状态码","category":"5e181e5aa1a77c95daa48b33","state":2,"__v":0},{"anonymous":false,"introduction":"第一次使用nuxt.js，记录一下常用的点，后期会持续改进。","imageUrl":"","visitor":0,"commentators":0,"shared":0,"star":1,"starList":["5e4e4cf6b8620637839d8d3d"],"createTime":"2020-02-19T14:39:44.360Z","updateTime":"2020-03-12T10:19:28.739Z","_id":"5e5ca8efb8620637839d8d40","author":{"_id":"5e4e4999b8620637839d8d3b","username":"rd_1985@163.com"},"title":"Nuxt.js初探","category":"5e181e2ca1a77c95daa48b32","state":2,"__v":0},{"anonymous":false,"introduction":"hooks","imageUrl":"","visitor":0,"commentators":0,"shared":0,"star":0,"starList":[],"createTime":"2020-02-19T14:39:44.360Z","updateTime":"2020-03-12T10:34:06.433Z","_id":"5e6a101eb8620637839d8d41","author":{"_id":"5e4e4cf6b8620637839d8d3d","username":"1623246663@qq.com"},"title":"react hooks的使用","category":"5e181e2ca1a77c95daa48b32","state":2,"__v":0},{"anonymous":false,"introduction":"好些年前做图片上传我都是用的form表单提交到后端，最近改用ajax提交图片，在这里做一下记录。包含在项目中使用的图片压缩。","imageUrl":"","visitor":0,"commentators":0,"shared":0,"star":0,"starList":[],"createTime":"2020-02-19T14:39:44.360Z","updateTime":"2020-04-01T10:32:21.808Z","_id":"5e846db5b8620637839d8d42","author":{"_id":"5e4e4999b8620637839d8d3b","username":"rd_1985@163.com"},"title":"web端图片上传","category":"5e181e2ca1a77c95daa48b32","state":2,"__v":0}],"total":4},"code":200}
***** response log end ******

[2020-04-07T13:56:16.801] [INFO] responseLog - 
***** response log start *****
request originalUrl: /api/getCategory?t=1586238976775
request client ip: 127.0.0.1
request query: {"t":"1586238976775"}
response time: 22
response status: 200
response body: 
{"message":"成功","data":[{"createTime":"2020-04-07T05:52:06.749Z","updateTime":"2020-04-07T05:52:06.749Z","_id":"5e181d8ea1a77c95daa48b31","name":"推荐","state":1},{"createTime":"2020-04-07T05:52:06.749Z","updateTime":"2020-04-07T05:52:06.749Z","_id":"5e181e2ca1a77c95daa48b32","name":"web前端","state":1},{"createTime":"2020-04-07T05:52:06.749Z","updateTime":"2020-04-07T05:52:06.749Z","_id":"5e181e5aa1a77c95daa48b33","name":"nodejs","state":1},{"createTime":"2020-04-07T05:52:06.749Z","updateTime":"2020-04-07T05:52:06.749Z","_id":"5e181e67a1a77c95daa48b34","name":"摄影","state":1},{"createTime":"2020-04-07T05:52:06.749Z","updateTime":"2020-04-07T05:52:06.749Z","_id":"5e181e6fa1a77c95daa48b35","name":"旅游","state":1},{"createTime":"2020-04-07T05:52:06.749Z","updateTime":"2020-04-07T05:52:06.749Z","_id":"5e181e77a1a77c95daa48b36","name":"电影","state":1},{"createTime":"2020-04-07T05:52:06.749Z","updateTime":"2020-04-07T05:52:06.749Z","_id":"5e181e80a1a77c95daa48b37","name":"娱乐","state":1},{"createTime":"2020-04-07T05:52:06.749Z","updateTime":"2020-04-07T05:52:06.749Z","_id":"5e6a0605fb773b711907175a","name":"踩坑指北","state":1}],"code":200}
***** response log end ******

[2020-04-07T13:56:16.866] [INFO] responseLog - 
***** response log start *****
request originalUrl: /api/artical/getList
request client ip: 127.0.0.1
request body
{"where":{},"include":"author","includeword":{"username":1},"skip":null}
response time: 62
response status: 200
response body: 
{"message":"成功","data":{"data":[{"anonymous":false,"introduction":"常见的http状态码大全","imageUrl":"","visitor":0,"commentators":0,"shared":0,"star":1,"starList":["5e4e4999b8620637839d8d3b"],"createTime":"2020-02-19T14:39:44.360Z","updateTime":"2020-02-20T09:35:33.533Z","_id":"5e4e4aa2b8620637839d8d3c","author":{"_id":"5e4e4cf6b8620637839d8d3d","username":"1623246663@qq.com"},"title":"http状态码","category":"5e181e5aa1a77c95daa48b33","state":2,"__v":0},{"anonymous":false,"introduction":"第一次使用nuxt.js，记录一下常用的点，后期会持续改进。","imageUrl":"","visitor":0,"commentators":0,"shared":0,"star":1,"starList":["5e4e4cf6b8620637839d8d3d"],"createTime":"2020-02-19T14:39:44.360Z","updateTime":"2020-03-12T10:19:28.739Z","_id":"5e5ca8efb8620637839d8d40","author":{"_id":"5e4e4999b8620637839d8d3b","username":"rd_1985@163.com"},"title":"Nuxt.js初探","category":"5e181e2ca1a77c95daa48b32","state":2,"__v":0},{"anonymous":false,"introduction":"hooks","imageUrl":"","visitor":0,"commentators":0,"shared":0,"star":0,"starList":[],"createTime":"2020-02-19T14:39:44.360Z","updateTime":"2020-03-12T10:34:06.433Z","_id":"5e6a101eb8620637839d8d41","author":{"_id":"5e4e4cf6b8620637839d8d3d","username":"1623246663@qq.com"},"title":"react hooks的使用","category":"5e181e2ca1a77c95daa48b32","state":2,"__v":0},{"anonymous":false,"introduction":"好些年前做图片上传我都是用的form表单提交到后端，最近改用ajax提交图片，在这里做一下记录。包含在项目中使用的图片压缩。","imageUrl":"","visitor":0,"commentators":0,"shared":0,"star":0,"starList":[],"createTime":"2020-02-19T14:39:44.360Z","updateTime":"2020-04-01T10:32:21.808Z","_id":"5e846db5b8620637839d8d42","author":{"_id":"5e4e4999b8620637839d8d3b","username":"rd_1985@163.com"},"title":"web端图片上传","category":"5e181e2ca1a77c95daa48b32","state":2,"__v":0}],"total":4},"code":200}
***** response log end ******

[2020-04-07T13:57:29.887] [INFO] responseLog - 
***** response log start *****
request originalUrl: /api/getCategory?t=1586239049855
request client ip: 127.0.0.1
request query: {"t":"1586239049855"}
response time: 28
response status: 200
response body: 
{"message":"成功","data":[{"createTime":"2020-04-07T05:52:06.749Z","updateTime":"2020-04-07T05:52:06.749Z","_id":"5e181d8ea1a77c95daa48b31","name":"推荐","state":1},{"createTime":"2020-04-07T05:52:06.749Z","updateTime":"2020-04-07T05:52:06.749Z","_id":"5e181e2ca1a77c95daa48b32","name":"web前端","state":1},{"createTime":"2020-04-07T05:52:06.749Z","updateTime":"2020-04-07T05:52:06.749Z","_id":"5e181e5aa1a77c95daa48b33","name":"nodejs","state":1},{"createTime":"2020-04-07T05:52:06.749Z","updateTime":"2020-04-07T05:52:06.749Z","_id":"5e181e67a1a77c95daa48b34","name":"摄影","state":1},{"createTime":"2020-04-07T05:52:06.749Z","updateTime":"2020-04-07T05:52:06.749Z","_id":"5e181e6fa1a77c95daa48b35","name":"旅游","state":1},{"createTime":"2020-04-07T05:52:06.749Z","updateTime":"2020-04-07T05:52:06.749Z","_id":"5e181e77a1a77c95daa48b36","name":"电影","state":1},{"createTime":"2020-04-07T05:52:06.749Z","updateTime":"2020-04-07T05:52:06.749Z","_id":"5e181e80a1a77c95daa48b37","name":"娱乐","state":1},{"createTime":"2020-04-07T05:52:06.749Z","updateTime":"2020-04-07T05:52:06.749Z","_id":"5e6a0605fb773b711907175a","name":"踩坑指北","state":1}],"code":200}
***** response log end ******

[2020-04-07T13:57:29.955] [INFO] responseLog - 
***** response log start *****
request originalUrl: /api/artical/getList
request client ip: 127.0.0.1
request body
{"where":{},"include":"author","includeword":{"username":1},"skip":null}
response time: 63
response status: 200
response body: 
{"message":"成功","data":{"data":[{"anonymous":false,"introduction":"常见的http状态码大全","imageUrl":"","visitor":0,"commentators":0,"shared":0,"star":1,"starList":["5e4e4999b8620637839d8d3b"],"createTime":"2020-02-19T14:39:44.360Z","updateTime":"2020-02-20T09:35:33.533Z","_id":"5e4e4aa2b8620637839d8d3c","author":{"_id":"5e4e4cf6b8620637839d8d3d","username":"1623246663@qq.com"},"title":"http状态码","category":"5e181e5aa1a77c95daa48b33","state":2,"__v":0},{"anonymous":false,"introduction":"第一次使用nuxt.js，记录一下常用的点，后期会持续改进。","imageUrl":"","visitor":0,"commentators":0,"shared":0,"star":1,"starList":["5e4e4cf6b8620637839d8d3d"],"createTime":"2020-02-19T14:39:44.360Z","updateTime":"2020-03-12T10:19:28.739Z","_id":"5e5ca8efb8620637839d8d40","author":{"_id":"5e4e4999b8620637839d8d3b","username":"rd_1985@163.com"},"title":"Nuxt.js初探","category":"5e181e2ca1a77c95daa48b32","state":2,"__v":0},{"anonymous":false,"introduction":"hooks","imageUrl":"","visitor":0,"commentators":0,"shared":0,"star":0,"starList":[],"createTime":"2020-02-19T14:39:44.360Z","updateTime":"2020-03-12T10:34:06.433Z","_id":"5e6a101eb8620637839d8d41","author":{"_id":"5e4e4cf6b8620637839d8d3d","username":"1623246663@qq.com"},"title":"react hooks的使用","category":"5e181e2ca1a77c95daa48b32","state":2,"__v":0},{"anonymous":false,"introduction":"好些年前做图片上传我都是用的form表单提交到后端，最近改用ajax提交图片，在这里做一下记录。包含在项目中使用的图片压缩。","imageUrl":"","visitor":0,"commentators":0,"shared":0,"star":0,"starList":[],"createTime":"2020-02-19T14:39:44.360Z","updateTime":"2020-04-01T10:32:21.808Z","_id":"5e846db5b8620637839d8d42","author":{"_id":"5e4e4999b8620637839d8d3b","username":"rd_1985@163.com"},"title":"web端图片上传","category":"5e181e2ca1a77c95daa48b32","state":2,"__v":0}],"total":4},"code":200}
***** response log end ******

[2020-04-07T14:07:02.760] [INFO] responseLog - 
***** response log start *****
request originalUrl: /api/getCategory?t=1586239622695
request client ip: 127.0.0.1
request query: {"t":"1586239622695"}
response time: 53
response status: 200
response body: 
{"message":"成功","data":[{"createTime":"2020-04-07T06:06:54.879Z","updateTime":"2020-04-07T06:06:54.879Z","_id":"5e181d8ea1a77c95daa48b31","name":"推荐","state":1},{"createTime":"2020-04-07T06:06:54.879Z","updateTime":"2020-04-07T06:06:54.879Z","_id":"5e181e2ca1a77c95daa48b32","name":"web前端","state":1},{"createTime":"2020-04-07T06:06:54.879Z","updateTime":"2020-04-07T06:06:54.879Z","_id":"5e181e5aa1a77c95daa48b33","name":"nodejs","state":1},{"createTime":"2020-04-07T06:06:54.879Z","updateTime":"2020-04-07T06:06:54.879Z","_id":"5e181e67a1a77c95daa48b34","name":"摄影","state":1},{"createTime":"2020-04-07T06:06:54.879Z","updateTime":"2020-04-07T06:06:54.879Z","_id":"5e181e6fa1a77c95daa48b35","name":"旅游","state":1},{"createTime":"2020-04-07T06:06:54.879Z","updateTime":"2020-04-07T06:06:54.879Z","_id":"5e181e77a1a77c95daa48b36","name":"电影","state":1},{"createTime":"2020-04-07T06:06:54.879Z","updateTime":"2020-04-07T06:06:54.879Z","_id":"5e181e80a1a77c95daa48b37","name":"娱乐","state":1},{"createTime":"2020-04-07T06:06:54.879Z","updateTime":"2020-04-07T06:06:54.879Z","_id":"5e6a0605fb773b711907175a","name":"踩坑指北","state":1}],"code":200}
***** response log end ******

[2020-04-07T14:07:02.858] [INFO] responseLog - 
***** response log start *****
request originalUrl: /api/artical/getList
request client ip: 127.0.0.1
request body
{"where":{},"include":"author","includeword":{"username":1},"skip":null}
response time: 90
response status: 200
response body: 
{"message":"成功","data":{"data":[{"anonymous":false,"introduction":"常见的http状态码大全","imageUrl":"","visitor":0,"commentators":0,"shared":0,"star":1,"starList":["5e4e4999b8620637839d8d3b"],"createTime":"2020-02-19T14:39:44.360Z","updateTime":"2020-02-20T09:35:33.533Z","_id":"5e4e4aa2b8620637839d8d3c","author":{"_id":"5e4e4cf6b8620637839d8d3d","username":"1623246663@qq.com"},"title":"http状态码","category":"5e181e5aa1a77c95daa48b33","state":2,"__v":0},{"anonymous":false,"introduction":"第一次使用nuxt.js，记录一下常用的点，后期会持续改进。","imageUrl":"","visitor":0,"commentators":0,"shared":0,"star":1,"starList":["5e4e4cf6b8620637839d8d3d"],"createTime":"2020-02-19T14:39:44.360Z","updateTime":"2020-03-12T10:19:28.739Z","_id":"5e5ca8efb8620637839d8d40","author":{"_id":"5e4e4999b8620637839d8d3b","username":"rd_1985@163.com"},"title":"Nuxt.js初探","category":"5e181e2ca1a77c95daa48b32","state":2,"__v":0},{"anonymous":false,"introduction":"hooks","imageUrl":"","visitor":0,"commentators":0,"shared":0,"star":0,"starList":[],"createTime":"2020-02-19T14:39:44.360Z","updateTime":"2020-03-12T10:34:06.433Z","_id":"5e6a101eb8620637839d8d41","author":{"_id":"5e4e4cf6b8620637839d8d3d","username":"1623246663@qq.com"},"title":"react hooks的使用","category":"5e181e2ca1a77c95daa48b32","state":2,"__v":0},{"anonymous":false,"introduction":"好些年前做图片上传我都是用的form表单提交到后端，最近改用ajax提交图片，在这里做一下记录。包含在项目中使用的图片压缩。","imageUrl":"","visitor":0,"commentators":0,"shared":0,"star":0,"starList":[],"createTime":"2020-02-19T14:39:44.360Z","updateTime":"2020-04-01T10:32:21.808Z","_id":"5e846db5b8620637839d8d42","author":{"_id":"5e4e4999b8620637839d8d3b","username":"rd_1985@163.com"},"title":"web端图片上传","category":"5e181e2ca1a77c95daa48b32","state":2,"__v":0}],"total":4},"code":200}
***** response log end ******

[2020-04-07T14:09:17.461] [INFO] responseLog - 
***** response log start *****
request originalUrl: /api/getCategory?t=1586239757401
request client ip: 127.0.0.1
request query: {"t":"1586239757401"}
response time: 51
response status: 200
response body: 
{"message":"成功","data":[{"createTime":"2020-04-07T06:08:52.157Z","updateTime":"2020-04-07T06:08:52.157Z","_id":"5e181d8ea1a77c95daa48b31","name":"推荐","state":1},{"createTime":"2020-04-07T06:08:52.157Z","updateTime":"2020-04-07T06:08:52.157Z","_id":"5e181e2ca1a77c95daa48b32","name":"web前端","state":1},{"createTime":"2020-04-07T06:08:52.157Z","updateTime":"2020-04-07T06:08:52.157Z","_id":"5e181e5aa1a77c95daa48b33","name":"nodejs","state":1},{"createTime":"2020-04-07T06:08:52.157Z","updateTime":"2020-04-07T06:08:52.157Z","_id":"5e181e67a1a77c95daa48b34","name":"摄影","state":1},{"createTime":"2020-04-07T06:08:52.157Z","updateTime":"2020-04-07T06:08:52.157Z","_id":"5e181e6fa1a77c95daa48b35","name":"旅游","state":1},{"createTime":"2020-04-07T06:08:52.157Z","updateTime":"2020-04-07T06:08:52.157Z","_id":"5e181e77a1a77c95daa48b36","name":"电影","state":1},{"createTime":"2020-04-07T06:08:52.157Z","updateTime":"2020-04-07T06:08:52.157Z","_id":"5e181e80a1a77c95daa48b37","name":"娱乐","state":1},{"createTime":"2020-04-07T06:08:52.157Z","updateTime":"2020-04-07T06:08:52.157Z","_id":"5e6a0605fb773b711907175a","name":"踩坑指北","state":1}],"code":200}
***** response log end ******

[2020-04-07T14:09:17.562] [INFO] responseLog - 
***** response log start *****
request originalUrl: /api/artical/getList
request client ip: 127.0.0.1
request body
{"where":{},"include":"author","includeword":{"username":1},"skip":null}
response time: 92
response status: 200
response body: 
{"message":"成功","data":{"data":[{"anonymous":false,"introduction":"常见的http状态码大全","imageUrl":"","visitor":0,"commentators":0,"shared":0,"star":1,"starList":["5e4e4999b8620637839d8d3b"],"createTime":"2020-02-19T14:39:44.360Z","updateTime":"2020-02-20T09:35:33.533Z","_id":"5e4e4aa2b8620637839d8d3c","author":{"_id":"5e4e4cf6b8620637839d8d3d","username":"1623246663@qq.com"},"title":"http状态码","category":"5e181e5aa1a77c95daa48b33","state":2,"__v":0},{"anonymous":false,"introduction":"第一次使用nuxt.js，记录一下常用的点，后期会持续改进。","imageUrl":"","visitor":0,"commentators":0,"shared":0,"star":1,"starList":["5e4e4cf6b8620637839d8d3d"],"createTime":"2020-02-19T14:39:44.360Z","updateTime":"2020-03-12T10:19:28.739Z","_id":"5e5ca8efb8620637839d8d40","author":{"_id":"5e4e4999b8620637839d8d3b","username":"rd_1985@163.com"},"title":"Nuxt.js初探","category":"5e181e2ca1a77c95daa48b32","state":2,"__v":0},{"anonymous":false,"introduction":"hooks","imageUrl":"","visitor":0,"commentators":0,"shared":0,"star":0,"starList":[],"createTime":"2020-02-19T14:39:44.360Z","updateTime":"2020-03-12T10:34:06.433Z","_id":"5e6a101eb8620637839d8d41","author":{"_id":"5e4e4cf6b8620637839d8d3d","username":"1623246663@qq.com"},"title":"react hooks的使用","category":"5e181e2ca1a77c95daa48b32","state":2,"__v":0},{"anonymous":false,"introduction":"好些年前做图片上传我都是用的form表单提交到后端，最近改用ajax提交图片，在这里做一下记录。包含在项目中使用的图片压缩。","imageUrl":"","visitor":0,"commentators":0,"shared":0,"star":0,"starList":[],"createTime":"2020-02-19T14:39:44.360Z","updateTime":"2020-04-01T10:32:21.808Z","_id":"5e846db5b8620637839d8d42","author":{"_id":"5e4e4999b8620637839d8d3b","username":"rd_1985@163.com"},"title":"web端图片上传","category":"5e181e2ca1a77c95daa48b32","state":2,"__v":0}],"total":4},"code":200}
***** response log end ******

