[2020-03-21T21:18:04.911] [INFO] responseLog - 
***** response log start *****
request originalUrl: /api/artical/getList
request client ip: 127.0.0.1
request body
{"limit":5,"order":{"star":-1},"include":"author","includeword":{"username":1}}
response time: 145
response status: 200
response body: 
{"message":"成功","data":{"data":[{"anonymous":false,"introduction":"常见的http状态码大全","imageUrl":"","visitor":0,"commentators":0,"shared":0,"star":1,"starList":["5e4e4999b8620637839d8d3b"],"createTime":"2020-02-19T14:39:44.360Z","updateTime":"2020-02-20T09:35:33.533Z","_id":"5e4e4aa2b8620637839d8d3c","author":{"_id":"5e4e4cf6b8620637839d8d3d","username":"1623246663@qq.com"},"title":"http状态码","category":"5e181e5aa1a77c95daa48b33","state":2,"__v":0},{"anonymous":false,"introduction":"第一次使用nuxt.js，记录一下常用的点，后期会持续改进。","imageUrl":"","visitor":0,"commentators":0,"shared":0,"star":1,"starList":["5e4e4cf6b8620637839d8d3d"],"createTime":"2020-02-19T14:39:44.360Z","updateTime":"2020-03-12T10:19:28.739Z","_id":"5e5ca8efb8620637839d8d40","author":{"_id":"5e4e4999b8620637839d8d3b","username":"rd_1985@163.com"},"title":"Nuxt.js初探","category":"5e181e2ca1a77c95daa48b32","state":2,"__v":0},{"anonymous":false,"introduction":"hooks","imageUrl":"","visitor":0,"commentators":0,"shared":0,"star":0,"starList":[],"createTime":"2020-02-19T14:39:44.360Z","updateTime":"2020-03-12T10:34:06.433Z","_id":"5e6a101eb8620637839d8d41","author":{"_id":"5e4e4cf6b8620637839d8d3d","username":"1623246663@qq.com"},"title":"react hooks的使用","category":"5e181e2ca1a77c95daa48b32","state":2,"__v":0}],"total":3},"code":200}
***** response log end ******

[2020-03-21T21:18:04.916] [INFO] responseLog - 
***** response log start *****
request originalUrl: /api/artical/getList
request client ip: 127.0.0.1
request body
{"where":{},"include":"author","includeword":{"username":1},"limit":10,"skip":0}
response time: 198
response status: 200
response body: 
{"message":"成功","data":{"data":[{"anonymous":false,"introduction":"常见的http状态码大全","imageUrl":"","visitor":0,"commentators":0,"shared":0,"star":1,"starList":["5e4e4999b8620637839d8d3b"],"createTime":"2020-02-19T14:39:44.360Z","updateTime":"2020-02-20T09:35:33.533Z","_id":"5e4e4aa2b8620637839d8d3c","author":{"_id":"5e4e4cf6b8620637839d8d3d","username":"1623246663@qq.com"},"title":"http状态码","category":"5e181e5aa1a77c95daa48b33","state":2,"__v":0},{"anonymous":false,"introduction":"第一次使用nuxt.js，记录一下常用的点，后期会持续改进。","imageUrl":"","visitor":0,"commentators":0,"shared":0,"star":1,"starList":["5e4e4cf6b8620637839d8d3d"],"createTime":"2020-02-19T14:39:44.360Z","updateTime":"2020-03-12T10:19:28.739Z","_id":"5e5ca8efb8620637839d8d40","author":{"_id":"5e4e4999b8620637839d8d3b","username":"rd_1985@163.com"},"title":"Nuxt.js初探","category":"5e181e2ca1a77c95daa48b32","state":2,"__v":0},{"anonymous":false,"introduction":"hooks","imageUrl":"","visitor":0,"commentators":0,"shared":0,"star":0,"starList":[],"createTime":"2020-02-19T14:39:44.360Z","updateTime":"2020-03-12T10:34:06.433Z","_id":"5e6a101eb8620637839d8d41","author":{"_id":"5e4e4cf6b8620637839d8d3d","username":"1623246663@qq.com"},"title":"react hooks的使用","category":"5e181e2ca1a77c95daa48b32","state":2,"__v":0}],"total":3},"code":200}
***** response log end ******

[2020-03-21T21:24:50.496] [INFO] responseLog - 
***** response log start *****
request originalUrl: /api/artical/getList
request client ip: 127.0.0.1
request body
{"limit":5,"order":{"star":-1},"include":"author","includeword":{"username":1}}
response time: 68
response status: 200
response body: 
{"message":"成功","data":{"data":[{"anonymous":false,"introduction":"常见的http状态码大全","imageUrl":"","visitor":0,"commentators":0,"shared":0,"star":1,"starList":["5e4e4999b8620637839d8d3b"],"createTime":"2020-02-19T14:39:44.360Z","updateTime":"2020-02-20T09:35:33.533Z","_id":"5e4e4aa2b8620637839d8d3c","author":{"_id":"5e4e4cf6b8620637839d8d3d","username":"1623246663@qq.com"},"title":"http状态码","category":"5e181e5aa1a77c95daa48b33","state":2,"__v":0},{"anonymous":false,"introduction":"第一次使用nuxt.js，记录一下常用的点，后期会持续改进。","imageUrl":"","visitor":0,"commentators":0,"shared":0,"star":1,"starList":["5e4e4cf6b8620637839d8d3d"],"createTime":"2020-02-19T14:39:44.360Z","updateTime":"2020-03-12T10:19:28.739Z","_id":"5e5ca8efb8620637839d8d40","author":{"_id":"5e4e4999b8620637839d8d3b","username":"rd_1985@163.com"},"title":"Nuxt.js初探","category":"5e181e2ca1a77c95daa48b32","state":2,"__v":0},{"anonymous":false,"introduction":"hooks","imageUrl":"","visitor":0,"commentators":0,"shared":0,"star":0,"starList":[],"createTime":"2020-02-19T14:39:44.360Z","updateTime":"2020-03-12T10:34:06.433Z","_id":"5e6a101eb8620637839d8d41","author":{"_id":"5e4e4cf6b8620637839d8d3d","username":"1623246663@qq.com"},"title":"react hooks的使用","category":"5e181e2ca1a77c95daa48b32","state":2,"__v":0}],"total":3},"code":200}
***** response log end ******

[2020-03-21T21:24:50.507] [INFO] responseLog - 
***** response log start *****
request originalUrl: /api/artical/getList
request client ip: 127.0.0.1
request body
{"where":{},"include":"author","includeword":{"username":1},"limit":10,"skip":0}
response time: 84
response status: 200
response body: 
{"message":"成功","data":{"data":[{"anonymous":false,"introduction":"常见的http状态码大全","imageUrl":"","visitor":0,"commentators":0,"shared":0,"star":1,"starList":["5e4e4999b8620637839d8d3b"],"createTime":"2020-02-19T14:39:44.360Z","updateTime":"2020-02-20T09:35:33.533Z","_id":"5e4e4aa2b8620637839d8d3c","author":{"_id":"5e4e4cf6b8620637839d8d3d","username":"1623246663@qq.com"},"title":"http状态码","category":"5e181e5aa1a77c95daa48b33","state":2,"__v":0},{"anonymous":false,"introduction":"第一次使用nuxt.js，记录一下常用的点，后期会持续改进。","imageUrl":"","visitor":0,"commentators":0,"shared":0,"star":1,"starList":["5e4e4cf6b8620637839d8d3d"],"createTime":"2020-02-19T14:39:44.360Z","updateTime":"2020-03-12T10:19:28.739Z","_id":"5e5ca8efb8620637839d8d40","author":{"_id":"5e4e4999b8620637839d8d3b","username":"rd_1985@163.com"},"title":"Nuxt.js初探","category":"5e181e2ca1a77c95daa48b32","state":2,"__v":0},{"anonymous":false,"introduction":"hooks","imageUrl":"","visitor":0,"commentators":0,"shared":0,"star":0,"starList":[],"createTime":"2020-02-19T14:39:44.360Z","updateTime":"2020-03-12T10:34:06.433Z","_id":"5e6a101eb8620637839d8d41","author":{"_id":"5e4e4cf6b8620637839d8d3d","username":"1623246663@qq.com"},"title":"react hooks的使用","category":"5e181e2ca1a77c95daa48b32","state":2,"__v":0}],"total":3},"code":200}
***** response log end ******

[2020-03-21T22:06:36.800] [INFO] responseLog - 
***** response log start *****
request originalUrl: /api/artical/getList
request client ip: 127.0.0.1
request body
{"where":{},"include":"author","includeword":{"username":1},"limit":10,"skip":0}
response time: 181
response status: 200
response body: 
{"message":"成功","data":{"data":[{"anonymous":false,"introduction":"常见的http状态码大全","imageUrl":"","visitor":0,"commentators":0,"shared":0,"star":1,"starList":["5e4e4999b8620637839d8d3b"],"createTime":"2020-02-19T14:39:44.360Z","updateTime":"2020-02-20T09:35:33.533Z","_id":"5e4e4aa2b8620637839d8d3c","author":{"_id":"5e4e4cf6b8620637839d8d3d","username":"1623246663@qq.com"},"title":"http状态码","category":"5e181e5aa1a77c95daa48b33","state":2,"__v":0},{"anonymous":false,"introduction":"第一次使用nuxt.js，记录一下常用的点，后期会持续改进。","imageUrl":"","visitor":0,"commentators":0,"shared":0,"star":1,"starList":["5e4e4cf6b8620637839d8d3d"],"createTime":"2020-02-19T14:39:44.360Z","updateTime":"2020-03-12T10:19:28.739Z","_id":"5e5ca8efb8620637839d8d40","author":{"_id":"5e4e4999b8620637839d8d3b","username":"rd_1985@163.com"},"title":"Nuxt.js初探","category":"5e181e2ca1a77c95daa48b32","state":2,"__v":0},{"anonymous":false,"introduction":"hooks","imageUrl":"","visitor":0,"commentators":0,"shared":0,"star":0,"starList":[],"createTime":"2020-02-19T14:39:44.360Z","updateTime":"2020-03-12T10:34:06.433Z","_id":"5e6a101eb8620637839d8d41","author":{"_id":"5e4e4cf6b8620637839d8d3d","username":"1623246663@qq.com"},"title":"react hooks的使用","category":"5e181e2ca1a77c95daa48b32","state":2,"__v":0}],"total":3},"code":200}
***** response log end ******

[2020-03-21T22:06:36.832] [INFO] responseLog - 
***** response log start *****
request originalUrl: /api/artical/getList
request client ip: 127.0.0.1
request body
{"limit":5,"order":{"star":-1},"include":"author","includeword":{"username":1}}
response time: 205
response status: 200
response body: 
{"message":"成功","data":{"data":[{"anonymous":false,"introduction":"常见的http状态码大全","imageUrl":"","visitor":0,"commentators":0,"shared":0,"star":1,"starList":["5e4e4999b8620637839d8d3b"],"createTime":"2020-02-19T14:39:44.360Z","updateTime":"2020-02-20T09:35:33.533Z","_id":"5e4e4aa2b8620637839d8d3c","author":{"_id":"5e4e4cf6b8620637839d8d3d","username":"1623246663@qq.com"},"title":"http状态码","category":"5e181e5aa1a77c95daa48b33","state":2,"__v":0},{"anonymous":false,"introduction":"第一次使用nuxt.js，记录一下常用的点，后期会持续改进。","imageUrl":"","visitor":0,"commentators":0,"shared":0,"star":1,"starList":["5e4e4cf6b8620637839d8d3d"],"createTime":"2020-02-19T14:39:44.360Z","updateTime":"2020-03-12T10:19:28.739Z","_id":"5e5ca8efb8620637839d8d40","author":{"_id":"5e4e4999b8620637839d8d3b","username":"rd_1985@163.com"},"title":"Nuxt.js初探","category":"5e181e2ca1a77c95daa48b32","state":2,"__v":0},{"anonymous":false,"introduction":"hooks","imageUrl":"","visitor":0,"commentators":0,"shared":0,"star":0,"starList":[],"createTime":"2020-02-19T14:39:44.360Z","updateTime":"2020-03-12T10:34:06.433Z","_id":"5e6a101eb8620637839d8d41","author":{"_id":"5e4e4cf6b8620637839d8d3d","username":"1623246663@qq.com"},"title":"react hooks的使用","category":"5e181e2ca1a77c95daa48b32","state":2,"__v":0}],"total":3},"code":200}
***** response log end ******

[2020-03-21T22:06:44.021] [INFO] responseLog - 
***** response log start *****
request originalUrl: /api/artical/getList
request client ip: 127.0.0.1
request body
{"where":{},"include":"author","includeword":{"username":1},"limit":10,"skip":0}
response time: 82
response status: 200
response body: 
{"message":"成功","data":{"data":[{"anonymous":false,"introduction":"常见的http状态码大全","imageUrl":"","visitor":0,"commentators":0,"shared":0,"star":1,"starList":["5e4e4999b8620637839d8d3b"],"createTime":"2020-02-19T14:39:44.360Z","updateTime":"2020-02-20T09:35:33.533Z","_id":"5e4e4aa2b8620637839d8d3c","author":{"_id":"5e4e4cf6b8620637839d8d3d","username":"1623246663@qq.com"},"title":"http状态码","category":"5e181e5aa1a77c95daa48b33","state":2,"__v":0},{"anonymous":false,"introduction":"第一次使用nuxt.js，记录一下常用的点，后期会持续改进。","imageUrl":"","visitor":0,"commentators":0,"shared":0,"star":1,"starList":["5e4e4cf6b8620637839d8d3d"],"createTime":"2020-02-19T14:39:44.360Z","updateTime":"2020-03-12T10:19:28.739Z","_id":"5e5ca8efb8620637839d8d40","author":{"_id":"5e4e4999b8620637839d8d3b","username":"rd_1985@163.com"},"title":"Nuxt.js初探","category":"5e181e2ca1a77c95daa48b32","state":2,"__v":0},{"anonymous":false,"introduction":"hooks","imageUrl":"","visitor":0,"commentators":0,"shared":0,"star":0,"starList":[],"createTime":"2020-02-19T14:39:44.360Z","updateTime":"2020-03-12T10:34:06.433Z","_id":"5e6a101eb8620637839d8d41","author":{"_id":"5e4e4cf6b8620637839d8d3d","username":"1623246663@qq.com"},"title":"react hooks的使用","category":"5e181e2ca1a77c95daa48b32","state":2,"__v":0}],"total":3},"code":200}
***** response log end ******

[2020-03-21T22:06:44.024] [INFO] responseLog - 
***** response log start *****
request originalUrl: /api/artical/getList
request client ip: 127.0.0.1
request body
{"limit":5,"order":{"star":-1},"include":"author","includeword":{"username":1}}
response time: 79
response status: 200
response body: 
{"message":"成功","data":{"data":[{"anonymous":false,"introduction":"常见的http状态码大全","imageUrl":"","visitor":0,"commentators":0,"shared":0,"star":1,"starList":["5e4e4999b8620637839d8d3b"],"createTime":"2020-02-19T14:39:44.360Z","updateTime":"2020-02-20T09:35:33.533Z","_id":"5e4e4aa2b8620637839d8d3c","author":{"_id":"5e4e4cf6b8620637839d8d3d","username":"1623246663@qq.com"},"title":"http状态码","category":"5e181e5aa1a77c95daa48b33","state":2,"__v":0},{"anonymous":false,"introduction":"第一次使用nuxt.js，记录一下常用的点，后期会持续改进。","imageUrl":"","visitor":0,"commentators":0,"shared":0,"star":1,"starList":["5e4e4cf6b8620637839d8d3d"],"createTime":"2020-02-19T14:39:44.360Z","updateTime":"2020-03-12T10:19:28.739Z","_id":"5e5ca8efb8620637839d8d40","author":{"_id":"5e4e4999b8620637839d8d3b","username":"rd_1985@163.com"},"title":"Nuxt.js初探","category":"5e181e2ca1a77c95daa48b32","state":2,"__v":0},{"anonymous":false,"introduction":"hooks","imageUrl":"","visitor":0,"commentators":0,"shared":0,"star":0,"starList":[],"createTime":"2020-02-19T14:39:44.360Z","updateTime":"2020-03-12T10:34:06.433Z","_id":"5e6a101eb8620637839d8d41","author":{"_id":"5e4e4cf6b8620637839d8d3d","username":"1623246663@qq.com"},"title":"react hooks的使用","category":"5e181e2ca1a77c95daa48b32","state":2,"__v":0}],"total":3},"code":200}
***** response log end ******

[2020-03-21T22:06:56.524] [INFO] responseLog - 
***** response log start *****
request originalUrl: /api/artical/getList
request client ip: 127.0.0.1
request body
{"where":{"category":"5e181e2ca1a77c95daa48b32"},"include":"author","includeword":{"username":1},"limit":10,"skip":0}
response time: 81
response status: 200
response body: 
{"message":"成功","data":{"data":[{"anonymous":false,"introduction":"第一次使用nuxt.js，记录一下常用的点，后期会持续改进。","imageUrl":"","visitor":0,"commentators":0,"shared":0,"star":1,"starList":["5e4e4cf6b8620637839d8d3d"],"createTime":"2020-02-19T14:39:44.360Z","updateTime":"2020-03-12T10:19:28.739Z","_id":"5e5ca8efb8620637839d8d40","author":{"_id":"5e4e4999b8620637839d8d3b","username":"rd_1985@163.com"},"title":"Nuxt.js初探","category":"5e181e2ca1a77c95daa48b32","state":2,"__v":0},{"anonymous":false,"introduction":"hooks","imageUrl":"","visitor":0,"commentators":0,"shared":0,"star":0,"starList":[],"createTime":"2020-02-19T14:39:44.360Z","updateTime":"2020-03-12T10:34:06.433Z","_id":"5e6a101eb8620637839d8d41","author":{"_id":"5e4e4cf6b8620637839d8d3d","username":"1623246663@qq.com"},"title":"react hooks的使用","category":"5e181e2ca1a77c95daa48b32","state":2,"__v":0}],"total":2},"code":200}
***** response log end ******

[2020-03-21T22:06:57.693] [INFO] responseLog - 
***** response log start *****
request originalUrl: /api/artical/getList
request client ip: 127.0.0.1
request body
{"where":{"category":"5e181e5aa1a77c95daa48b33"},"include":"author","includeword":{"username":1},"limit":10,"skip":0}
response time: 71
response status: 200
response body: 
{"message":"成功","data":{"data":[{"anonymous":false,"introduction":"常见的http状态码大全","imageUrl":"","visitor":0,"commentators":0,"shared":0,"star":1,"starList":["5e4e4999b8620637839d8d3b"],"createTime":"2020-02-19T14:39:44.360Z","updateTime":"2020-02-20T09:35:33.533Z","_id":"5e4e4aa2b8620637839d8d3c","author":{"_id":"5e4e4cf6b8620637839d8d3d","username":"1623246663@qq.com"},"title":"http状态码","category":"5e181e5aa1a77c95daa48b33","state":2,"__v":0}],"total":1},"code":200}
***** response log end ******

[2020-03-21T22:07:00.061] [INFO] responseLog - 
***** response log start *****
request originalUrl: /api/artical/getList
request client ip: 127.0.0.1
request body
{"where":{"category":"5e181e67a1a77c95daa48b34"},"include":"author","includeword":{"username":1},"limit":10,"skip":0}
response time: 46
response status: 200
response body: 
{"message":"成功","data":{"data":[],"total":0},"code":200}
***** response log end ******

[2020-03-21T22:07:02.133] [INFO] responseLog - 
***** response log start *****
request originalUrl: /api/artical/getList
request client ip: 127.0.0.1
request body
{"where":{},"include":"author","includeword":{"username":1},"limit":10,"skip":0}
response time: 72
response status: 200
response body: 
{"message":"成功","data":{"data":[{"anonymous":false,"introduction":"常见的http状态码大全","imageUrl":"","visitor":0,"commentators":0,"shared":0,"star":1,"starList":["5e4e4999b8620637839d8d3b"],"createTime":"2020-02-19T14:39:44.360Z","updateTime":"2020-02-20T09:35:33.533Z","_id":"5e4e4aa2b8620637839d8d3c","author":{"_id":"5e4e4cf6b8620637839d8d3d","username":"1623246663@qq.com"},"title":"http状态码","category":"5e181e5aa1a77c95daa48b33","state":2,"__v":0},{"anonymous":false,"introduction":"第一次使用nuxt.js，记录一下常用的点，后期会持续改进。","imageUrl":"","visitor":0,"commentators":0,"shared":0,"star":1,"starList":["5e4e4cf6b8620637839d8d3d"],"createTime":"2020-02-19T14:39:44.360Z","updateTime":"2020-03-12T10:19:28.739Z","_id":"5e5ca8efb8620637839d8d40","author":{"_id":"5e4e4999b8620637839d8d3b","username":"rd_1985@163.com"},"title":"Nuxt.js初探","category":"5e181e2ca1a77c95daa48b32","state":2,"__v":0},{"anonymous":false,"introduction":"hooks","imageUrl":"","visitor":0,"commentators":0,"shared":0,"star":0,"starList":[],"createTime":"2020-02-19T14:39:44.360Z","updateTime":"2020-03-12T10:34:06.433Z","_id":"5e6a101eb8620637839d8d41","author":{"_id":"5e4e4cf6b8620637839d8d3d","username":"1623246663@qq.com"},"title":"react hooks的使用","category":"5e181e2ca1a77c95daa48b32","state":2,"__v":0}],"total":3},"code":200}
***** response log end ******

[2020-03-21T22:07:08.997] [INFO] responseLog - 
***** response log start *****
request originalUrl: /api/artical/getList
request client ip: 127.0.0.1
request body
{"where":{},"include":"author","includeword":{"username":1},"limit":10,"skip":0}
response time: 74
response status: 200
response body: 
{"message":"成功","data":{"data":[{"anonymous":false,"introduction":"常见的http状态码大全","imageUrl":"","visitor":0,"commentators":0,"shared":0,"star":1,"starList":["5e4e4999b8620637839d8d3b"],"createTime":"2020-02-19T14:39:44.360Z","updateTime":"2020-02-20T09:35:33.533Z","_id":"5e4e4aa2b8620637839d8d3c","author":{"_id":"5e4e4cf6b8620637839d8d3d","username":"1623246663@qq.com"},"title":"http状态码","category":"5e181e5aa1a77c95daa48b33","state":2,"__v":0},{"anonymous":false,"introduction":"第一次使用nuxt.js，记录一下常用的点，后期会持续改进。","imageUrl":"","visitor":0,"commentators":0,"shared":0,"star":1,"starList":["5e4e4cf6b8620637839d8d3d"],"createTime":"2020-02-19T14:39:44.360Z","updateTime":"2020-03-12T10:19:28.739Z","_id":"5e5ca8efb8620637839d8d40","author":{"_id":"5e4e4999b8620637839d8d3b","username":"rd_1985@163.com"},"title":"Nuxt.js初探","category":"5e181e2ca1a77c95daa48b32","state":2,"__v":0},{"anonymous":false,"introduction":"hooks","imageUrl":"","visitor":0,"commentators":0,"shared":0,"star":0,"starList":[],"createTime":"2020-02-19T14:39:44.360Z","updateTime":"2020-03-12T10:34:06.433Z","_id":"5e6a101eb8620637839d8d41","author":{"_id":"5e4e4cf6b8620637839d8d3d","username":"1623246663@qq.com"},"title":"react hooks的使用","category":"5e181e2ca1a77c95daa48b32","state":2,"__v":0}],"total":3},"code":200}
***** response log end ******

[2020-03-21T22:07:09.000] [INFO] responseLog - 
***** response log start *****
request originalUrl: /api/artical/getList
request client ip: 127.0.0.1
request body
{"limit":5,"order":{"star":-1},"include":"author","includeword":{"username":1}}
response time: 73
response status: 200
response body: 
{"message":"成功","data":{"data":[{"anonymous":false,"introduction":"常见的http状态码大全","imageUrl":"","visitor":0,"commentators":0,"shared":0,"star":1,"starList":["5e4e4999b8620637839d8d3b"],"createTime":"2020-02-19T14:39:44.360Z","updateTime":"2020-02-20T09:35:33.533Z","_id":"5e4e4aa2b8620637839d8d3c","author":{"_id":"5e4e4cf6b8620637839d8d3d","username":"1623246663@qq.com"},"title":"http状态码","category":"5e181e5aa1a77c95daa48b33","state":2,"__v":0},{"anonymous":false,"introduction":"第一次使用nuxt.js，记录一下常用的点，后期会持续改进。","imageUrl":"","visitor":0,"commentators":0,"shared":0,"star":1,"starList":["5e4e4cf6b8620637839d8d3d"],"createTime":"2020-02-19T14:39:44.360Z","updateTime":"2020-03-12T10:19:28.739Z","_id":"5e5ca8efb8620637839d8d40","author":{"_id":"5e4e4999b8620637839d8d3b","username":"rd_1985@163.com"},"title":"Nuxt.js初探","category":"5e181e2ca1a77c95daa48b32","state":2,"__v":0},{"anonymous":false,"introduction":"hooks","imageUrl":"","visitor":0,"commentators":0,"shared":0,"star":0,"starList":[],"createTime":"2020-02-19T14:39:44.360Z","updateTime":"2020-03-12T10:34:06.433Z","_id":"5e6a101eb8620637839d8d41","author":{"_id":"5e4e4cf6b8620637839d8d3d","username":"1623246663@qq.com"},"title":"react hooks的使用","category":"5e181e2ca1a77c95daa48b32","state":2,"__v":0}],"total":3},"code":200}
***** response log end ******

[2020-03-21T22:07:33.349] [INFO] responseLog - 
***** response log start *****
request originalUrl: /api/artical/getList
request client ip: 127.0.0.1
request body
{"where":{},"include":"author","includeword":{"username":1},"limit":10,"skip":0}
response time: 115
response status: 200
response body: 
{"message":"成功","data":{"data":[{"anonymous":false,"introduction":"常见的http状态码大全","imageUrl":"","visitor":0,"commentators":0,"shared":0,"star":1,"starList":["5e4e4999b8620637839d8d3b"],"createTime":"2020-02-19T14:39:44.360Z","updateTime":"2020-02-20T09:35:33.533Z","_id":"5e4e4aa2b8620637839d8d3c","author":{"_id":"5e4e4cf6b8620637839d8d3d","username":"1623246663@qq.com"},"title":"http状态码","category":"5e181e5aa1a77c95daa48b33","state":2,"__v":0},{"anonymous":false,"introduction":"第一次使用nuxt.js，记录一下常用的点，后期会持续改进。","imageUrl":"","visitor":0,"commentators":0,"shared":0,"star":1,"starList":["5e4e4cf6b8620637839d8d3d"],"createTime":"2020-02-19T14:39:44.360Z","updateTime":"2020-03-12T10:19:28.739Z","_id":"5e5ca8efb8620637839d8d40","author":{"_id":"5e4e4999b8620637839d8d3b","username":"rd_1985@163.com"},"title":"Nuxt.js初探","category":"5e181e2ca1a77c95daa48b32","state":2,"__v":0},{"anonymous":false,"introduction":"hooks","imageUrl":"","visitor":0,"commentators":0,"shared":0,"star":0,"starList":[],"createTime":"2020-02-19T14:39:44.360Z","updateTime":"2020-03-12T10:34:06.433Z","_id":"5e6a101eb8620637839d8d41","author":{"_id":"5e4e4cf6b8620637839d8d3d","username":"1623246663@qq.com"},"title":"react hooks的使用","category":"5e181e2ca1a77c95daa48b32","state":2,"__v":0}],"total":3},"code":200}
***** response log end ******

[2020-03-21T22:07:33.362] [INFO] responseLog - 
***** response log start *****
request originalUrl: /api/artical/getList
request client ip: 127.0.0.1
request body
{"limit":5,"order":{"star":-1},"include":"author","includeword":{"username":1}}
response time: 121
response status: 200
response body: 
{"message":"成功","data":{"data":[{"anonymous":false,"introduction":"常见的http状态码大全","imageUrl":"","visitor":0,"commentators":0,"shared":0,"star":1,"starList":["5e4e4999b8620637839d8d3b"],"createTime":"2020-02-19T14:39:44.360Z","updateTime":"2020-02-20T09:35:33.533Z","_id":"5e4e4aa2b8620637839d8d3c","author":{"_id":"5e4e4cf6b8620637839d8d3d","username":"1623246663@qq.com"},"title":"http状态码","category":"5e181e5aa1a77c95daa48b33","state":2,"__v":0},{"anonymous":false,"introduction":"第一次使用nuxt.js，记录一下常用的点，后期会持续改进。","imageUrl":"","visitor":0,"commentators":0,"shared":0,"star":1,"starList":["5e4e4cf6b8620637839d8d3d"],"createTime":"2020-02-19T14:39:44.360Z","updateTime":"2020-03-12T10:19:28.739Z","_id":"5e5ca8efb8620637839d8d40","author":{"_id":"5e4e4999b8620637839d8d3b","username":"rd_1985@163.com"},"title":"Nuxt.js初探","category":"5e181e2ca1a77c95daa48b32","state":2,"__v":0},{"anonymous":false,"introduction":"hooks","imageUrl":"","visitor":0,"commentators":0,"shared":0,"star":0,"starList":[],"createTime":"2020-02-19T14:39:44.360Z","updateTime":"2020-03-12T10:34:06.433Z","_id":"5e6a101eb8620637839d8d41","author":{"_id":"5e4e4cf6b8620637839d8d3d","username":"1623246663@qq.com"},"title":"react hooks的使用","category":"5e181e2ca1a77c95daa48b32","state":2,"__v":0}],"total":3},"code":200}
***** response log end ******

[2020-03-21T22:23:53.465] [INFO] responseLog - 
***** response log start *****
request originalUrl: /api/artical/getList
request client ip: 127.0.0.1
request body
{"where":{},"include":"author","includeword":{"username":1},"limit":10,"skip":0}
response time: 1623
response status: 200
response body: 
{"message":"成功","data":{"data":[{"anonymous":false,"introduction":"常见的http状态码大全","imageUrl":"","visitor":0,"commentators":0,"shared":0,"star":1,"starList":["5e4e4999b8620637839d8d3b"],"createTime":"2020-02-19T14:39:44.360Z","updateTime":"2020-02-20T09:35:33.533Z","_id":"5e4e4aa2b8620637839d8d3c","author":{"_id":"5e4e4cf6b8620637839d8d3d","username":"1623246663@qq.com"},"title":"http状态码","category":"5e181e5aa1a77c95daa48b33","state":2,"__v":0},{"anonymous":false,"introduction":"第一次使用nuxt.js，记录一下常用的点，后期会持续改进。","imageUrl":"","visitor":0,"commentators":0,"shared":0,"star":1,"starList":["5e4e4cf6b8620637839d8d3d"],"createTime":"2020-02-19T14:39:44.360Z","updateTime":"2020-03-12T10:19:28.739Z","_id":"5e5ca8efb8620637839d8d40","author":{"_id":"5e4e4999b8620637839d8d3b","username":"rd_1985@163.com"},"title":"Nuxt.js初探","category":"5e181e2ca1a77c95daa48b32","state":2,"__v":0},{"anonymous":false,"introduction":"hooks","imageUrl":"","visitor":0,"commentators":0,"shared":0,"star":0,"starList":[],"createTime":"2020-02-19T14:39:44.360Z","updateTime":"2020-03-12T10:34:06.433Z","_id":"5e6a101eb8620637839d8d41","author":{"_id":"5e4e4cf6b8620637839d8d3d","username":"1623246663@qq.com"},"title":"react hooks的使用","category":"5e181e2ca1a77c95daa48b32","state":2,"__v":0}],"total":3},"code":200}
***** response log end ******

[2020-03-21T22:23:53.487] [INFO] responseLog - 
***** response log start *****
request originalUrl: /api/artical/getList
request client ip: 127.0.0.1
request body
{"limit":5,"order":{"star":-1},"include":"author","includeword":{"username":1}}
response time: 1637
response status: 200
response body: 
{"message":"成功","data":{"data":[{"anonymous":false,"introduction":"常见的http状态码大全","imageUrl":"","visitor":0,"commentators":0,"shared":0,"star":1,"starList":["5e4e4999b8620637839d8d3b"],"createTime":"2020-02-19T14:39:44.360Z","updateTime":"2020-02-20T09:35:33.533Z","_id":"5e4e4aa2b8620637839d8d3c","author":{"_id":"5e4e4cf6b8620637839d8d3d","username":"1623246663@qq.com"},"title":"http状态码","category":"5e181e5aa1a77c95daa48b33","state":2,"__v":0},{"anonymous":false,"introduction":"第一次使用nuxt.js，记录一下常用的点，后期会持续改进。","imageUrl":"","visitor":0,"commentators":0,"shared":0,"star":1,"starList":["5e4e4cf6b8620637839d8d3d"],"createTime":"2020-02-19T14:39:44.360Z","updateTime":"2020-03-12T10:19:28.739Z","_id":"5e5ca8efb8620637839d8d40","author":{"_id":"5e4e4999b8620637839d8d3b","username":"rd_1985@163.com"},"title":"Nuxt.js初探","category":"5e181e2ca1a77c95daa48b32","state":2,"__v":0},{"anonymous":false,"introduction":"hooks","imageUrl":"","visitor":0,"commentators":0,"shared":0,"star":0,"starList":[],"createTime":"2020-02-19T14:39:44.360Z","updateTime":"2020-03-12T10:34:06.433Z","_id":"5e6a101eb8620637839d8d41","author":{"_id":"5e4e4cf6b8620637839d8d3d","username":"1623246663@qq.com"},"title":"react hooks的使用","category":"5e181e2ca1a77c95daa48b32","state":2,"__v":0}],"total":3},"code":200}
***** response log end ******

