[2020-04-06T15:49:47.612] [INFO] responseLog - 
***** response log start *****
request originalUrl: /api/getCategory?t=1586159387541
request client ip: 127.0.0.1
request query: {"t":"1586159387541"}
response time: 55
response status: 200
response body: 
{"message":"成功","data":[{"createTime":"2020-04-06T07:47:51.543Z","updateTime":"2020-04-06T07:47:51.543Z","_id":"5e181d8ea1a77c95daa48b31","name":"推荐","state":1},{"createTime":"2020-04-06T07:47:51.543Z","updateTime":"2020-04-06T07:47:51.543Z","_id":"5e181e2ca1a77c95daa48b32","name":"web前端","state":1},{"createTime":"2020-04-06T07:47:51.543Z","updateTime":"2020-04-06T07:47:51.543Z","_id":"5e181e5aa1a77c95daa48b33","name":"nodejs","state":1},{"createTime":"2020-04-06T07:47:51.543Z","updateTime":"2020-04-06T07:47:51.543Z","_id":"5e181e67a1a77c95daa48b34","name":"摄影","state":1},{"createTime":"2020-04-06T07:47:51.543Z","updateTime":"2020-04-06T07:47:51.543Z","_id":"5e181e6fa1a77c95daa48b35","name":"旅游","state":1},{"createTime":"2020-04-06T07:47:51.543Z","updateTime":"2020-04-06T07:47:51.543Z","_id":"5e181e77a1a77c95daa48b36","name":"电影","state":1},{"createTime":"2020-04-06T07:47:51.543Z","updateTime":"2020-04-06T07:47:51.543Z","_id":"5e181e80a1a77c95daa48b37","name":"娱乐","state":1},{"createTime":"2020-04-06T07:47:51.543Z","updateTime":"2020-04-06T07:47:51.543Z","_id":"5e6a0605fb773b711907175a","name":"踩坑指北","state":1}],"code":200}
***** response log end ******

[2020-04-06T15:49:47.739] [INFO] responseLog - 
***** response log start *****
request originalUrl: /api/artical/getList
request client ip: 127.0.0.1
request body
{"where":{},"include":"author","includeword":{"username":1},"skip":null}
response time: 116
response status: 200
response body: 
{"message":"成功","data":{"data":[{"anonymous":false,"introduction":"常见的http状态码大全","imageUrl":"","visitor":0,"commentators":0,"shared":0,"star":1,"starList":["5e4e4999b8620637839d8d3b"],"createTime":"2020-02-19T14:39:44.360Z","updateTime":"2020-02-20T09:35:33.533Z","_id":"5e4e4aa2b8620637839d8d3c","author":{"_id":"5e4e4cf6b8620637839d8d3d","username":"1623246663@qq.com"},"title":"http状态码","category":"5e181e5aa1a77c95daa48b33","state":2,"__v":0},{"anonymous":false,"introduction":"第一次使用nuxt.js，记录一下常用的点，后期会持续改进。","imageUrl":"","visitor":0,"commentators":0,"shared":0,"star":1,"starList":["5e4e4cf6b8620637839d8d3d"],"createTime":"2020-02-19T14:39:44.360Z","updateTime":"2020-03-12T10:19:28.739Z","_id":"5e5ca8efb8620637839d8d40","author":{"_id":"5e4e4999b8620637839d8d3b","username":"rd_1985@163.com"},"title":"Nuxt.js初探","category":"5e181e2ca1a77c95daa48b32","state":2,"__v":0},{"anonymous":false,"introduction":"hooks","imageUrl":"","visitor":0,"commentators":0,"shared":0,"star":0,"starList":[],"createTime":"2020-02-19T14:39:44.360Z","updateTime":"2020-03-12T10:34:06.433Z","_id":"5e6a101eb8620637839d8d41","author":{"_id":"5e4e4cf6b8620637839d8d3d","username":"1623246663@qq.com"},"title":"react hooks的使用","category":"5e181e2ca1a77c95daa48b32","state":2,"__v":0},{"anonymous":false,"introduction":"好些年前做图片上传我都是用的form表单提交到后端，最近改用ajax提交图片，在这里做一下记录。包含在项目中使用的图片压缩。","imageUrl":"","visitor":0,"commentators":0,"shared":0,"star":0,"starList":[],"createTime":"2020-02-19T14:39:44.360Z","updateTime":"2020-04-01T10:32:21.808Z","_id":"5e846db5b8620637839d8d42","author":{"_id":"5e4e4999b8620637839d8d3b","username":"rd_1985@163.com"},"title":"web端图片上传","category":"5e181e2ca1a77c95daa48b32","state":2,"__v":0}],"total":4},"code":200}
***** response log end ******

[2020-04-06T15:49:51.990] [INFO] responseLog - 
***** response log start *****
request originalUrl: /api/artical/getList
request client ip: 127.0.0.1
request body
{"where":{"category":"5e181e2ca1a77c95daa48b32"},"include":"author","includeword":{"username":1},"limit":10,"skip":0}
response time: 89
response status: 200
response body: 
{"message":"成功","data":{"data":[{"anonymous":false,"introduction":"第一次使用nuxt.js，记录一下常用的点，后期会持续改进。","imageUrl":"","visitor":0,"commentators":0,"shared":0,"star":1,"starList":["5e4e4cf6b8620637839d8d3d"],"createTime":"2020-02-19T14:39:44.360Z","updateTime":"2020-03-12T10:19:28.739Z","_id":"5e5ca8efb8620637839d8d40","author":{"_id":"5e4e4999b8620637839d8d3b","username":"rd_1985@163.com"},"title":"Nuxt.js初探","category":"5e181e2ca1a77c95daa48b32","state":2,"__v":0},{"anonymous":false,"introduction":"hooks","imageUrl":"","visitor":0,"commentators":0,"shared":0,"star":0,"starList":[],"createTime":"2020-02-19T14:39:44.360Z","updateTime":"2020-03-12T10:34:06.433Z","_id":"5e6a101eb8620637839d8d41","author":{"_id":"5e4e4cf6b8620637839d8d3d","username":"1623246663@qq.com"},"title":"react hooks的使用","category":"5e181e2ca1a77c95daa48b32","state":2,"__v":0},{"anonymous":false,"introduction":"好些年前做图片上传我都是用的form表单提交到后端，最近改用ajax提交图片，在这里做一下记录。包含在项目中使用的图片压缩。","imageUrl":"","visitor":0,"commentators":0,"shared":0,"star":0,"starList":[],"createTime":"2020-02-19T14:39:44.360Z","updateTime":"2020-04-01T10:32:21.808Z","_id":"5e846db5b8620637839d8d42","author":{"_id":"5e4e4999b8620637839d8d3b","username":"rd_1985@163.com"},"title":"web端图片上传","category":"5e181e2ca1a77c95daa48b32","state":2,"__v":0}],"total":3},"code":200}
***** response log end ******

[2020-04-06T15:49:53.277] [INFO] responseLog - 
***** response log start *****
request originalUrl: /api/artical/getList
request client ip: 127.0.0.1
request body
{"where":{"category":"5e181e5aa1a77c95daa48b33"},"include":"author","includeword":{"username":1},"limit":10,"skip":0}
response time: 92
response status: 200
response body: 
{"message":"成功","data":{"data":[{"anonymous":false,"introduction":"常见的http状态码大全","imageUrl":"","visitor":0,"commentators":0,"shared":0,"star":1,"starList":["5e4e4999b8620637839d8d3b"],"createTime":"2020-02-19T14:39:44.360Z","updateTime":"2020-02-20T09:35:33.533Z","_id":"5e4e4aa2b8620637839d8d3c","author":{"_id":"5e4e4cf6b8620637839d8d3d","username":"1623246663@qq.com"},"title":"http状态码","category":"5e181e5aa1a77c95daa48b33","state":2,"__v":0}],"total":1},"code":200}
***** response log end ******

[2020-04-06T15:49:54.774] [INFO] responseLog - 
***** response log start *****
request originalUrl: /api/artical/getList
request client ip: 127.0.0.1
request body
{"where":{"category":"5e181e67a1a77c95daa48b34"},"include":"author","includeword":{"username":1},"limit":10,"skip":0}
response time: 59
response status: 200
response body: 
{"message":"成功","data":{"data":[],"total":0},"code":200}
***** response log end ******

[2020-04-06T15:49:55.999] [INFO] responseLog - 
***** response log start *****
request originalUrl: /api/artical/getList
request client ip: 127.0.0.1
request body
{"where":{"category":"5e181e6fa1a77c95daa48b35"},"include":"author","includeword":{"username":1},"limit":10,"skip":0}
response time: 62
response status: 200
response body: 
{"message":"成功","data":{"data":[],"total":0},"code":200}
***** response log end ******

[2020-04-06T15:49:57.637] [INFO] responseLog - 
***** response log start *****
request originalUrl: /api/artical/getList
request client ip: 127.0.0.1
request body
{"where":{},"include":"author","includeword":{"username":1},"limit":10,"skip":0}
response time: 92
response status: 200
response body: 
{"message":"成功","data":{"data":[{"anonymous":false,"introduction":"常见的http状态码大全","imageUrl":"","visitor":0,"commentators":0,"shared":0,"star":1,"starList":["5e4e4999b8620637839d8d3b"],"createTime":"2020-02-19T14:39:44.360Z","updateTime":"2020-02-20T09:35:33.533Z","_id":"5e4e4aa2b8620637839d8d3c","author":{"_id":"5e4e4cf6b8620637839d8d3d","username":"1623246663@qq.com"},"title":"http状态码","category":"5e181e5aa1a77c95daa48b33","state":2,"__v":0},{"anonymous":false,"introduction":"第一次使用nuxt.js，记录一下常用的点，后期会持续改进。","imageUrl":"","visitor":0,"commentators":0,"shared":0,"star":1,"starList":["5e4e4cf6b8620637839d8d3d"],"createTime":"2020-02-19T14:39:44.360Z","updateTime":"2020-03-12T10:19:28.739Z","_id":"5e5ca8efb8620637839d8d40","author":{"_id":"5e4e4999b8620637839d8d3b","username":"rd_1985@163.com"},"title":"Nuxt.js初探","category":"5e181e2ca1a77c95daa48b32","state":2,"__v":0},{"anonymous":false,"introduction":"hooks","imageUrl":"","visitor":0,"commentators":0,"shared":0,"star":0,"starList":[],"createTime":"2020-02-19T14:39:44.360Z","updateTime":"2020-03-12T10:34:06.433Z","_id":"5e6a101eb8620637839d8d41","author":{"_id":"5e4e4cf6b8620637839d8d3d","username":"1623246663@qq.com"},"title":"react hooks的使用","category":"5e181e2ca1a77c95daa48b32","state":2,"__v":0},{"anonymous":false,"introduction":"好些年前做图片上传我都是用的form表单提交到后端，最近改用ajax提交图片，在这里做一下记录。包含在项目中使用的图片压缩。","imageUrl":"","visitor":0,"commentators":0,"shared":0,"star":0,"starList":[],"createTime":"2020-02-19T14:39:44.360Z","updateTime":"2020-04-01T10:32:21.808Z","_id":"5e846db5b8620637839d8d42","author":{"_id":"5e4e4999b8620637839d8d3b","username":"rd_1985@163.com"},"title":"web端图片上传","category":"5e181e2ca1a77c95daa48b32","state":2,"__v":0}],"total":4},"code":200}
***** response log end ******

[2020-04-06T15:50:03.051] [INFO] responseLog - 
***** response log start *****
request originalUrl: /api/artical/getList
request client ip: 127.0.0.1
request body
{"where":{"title":{}},"include":"author","includeword":{"username":1}}
response time: 61
response status: 200
response body: 
{"message":"成功","data":{"data":[],"total":0},"code":200}
***** response log end ******

[2020-04-06T15:50:10.613] [INFO] responseLog - 
***** response log start *****
request originalUrl: /api/artical/getList
request client ip: 127.0.0.1
request body
{"where":{"title":{}},"include":"author","includeword":{"username":1}}
response time: 93
response status: 200
response body: 
{"message":"成功","data":{"data":[{"anonymous":false,"introduction":"第一次使用nuxt.js，记录一下常用的点，后期会持续改进。","imageUrl":"","visitor":0,"commentators":0,"shared":0,"star":1,"starList":["5e4e4cf6b8620637839d8d3d"],"createTime":"2020-02-19T14:39:44.360Z","updateTime":"2020-03-12T10:19:28.739Z","_id":"5e5ca8efb8620637839d8d40","author":{"_id":"5e4e4999b8620637839d8d3b","username":"rd_1985@163.com"},"title":"Nuxt.js初探","category":"5e181e2ca1a77c95daa48b32","state":2,"__v":0}],"total":1},"code":200}
***** response log end ******

[2020-04-06T15:50:13.010] [INFO] responseLog - 
***** response log start *****
request originalUrl: /api/getCategory?t=1586159412998
request client ip: null
request body
{}
response time: 2
response status: 200
response body: 
""
***** response log end ******

[2020-04-06T15:50:24.390] [INFO] responseLog - 
***** response log start *****
request originalUrl: /api/getCategory?t=1586159424356
request client ip: 127.0.0.1
request query: {"t":"1586159424356"}
response time: 31
response status: 200
response body: 
{"message":"成功","data":[{"createTime":"2020-04-06T07:47:51.543Z","updateTime":"2020-04-06T07:47:51.543Z","_id":"5e181d8ea1a77c95daa48b31","name":"推荐","state":1},{"createTime":"2020-04-06T07:47:51.543Z","updateTime":"2020-04-06T07:47:51.543Z","_id":"5e181e2ca1a77c95daa48b32","name":"web前端","state":1},{"createTime":"2020-04-06T07:47:51.543Z","updateTime":"2020-04-06T07:47:51.543Z","_id":"5e181e5aa1a77c95daa48b33","name":"nodejs","state":1},{"createTime":"2020-04-06T07:47:51.543Z","updateTime":"2020-04-06T07:47:51.543Z","_id":"5e181e67a1a77c95daa48b34","name":"摄影","state":1},{"createTime":"2020-04-06T07:47:51.543Z","updateTime":"2020-04-06T07:47:51.543Z","_id":"5e181e6fa1a77c95daa48b35","name":"旅游","state":1},{"createTime":"2020-04-06T07:47:51.543Z","updateTime":"2020-04-06T07:47:51.543Z","_id":"5e181e77a1a77c95daa48b36","name":"电影","state":1},{"createTime":"2020-04-06T07:47:51.543Z","updateTime":"2020-04-06T07:47:51.543Z","_id":"5e181e80a1a77c95daa48b37","name":"娱乐","state":1},{"createTime":"2020-04-06T07:47:51.543Z","updateTime":"2020-04-06T07:47:51.543Z","_id":"5e6a0605fb773b711907175a","name":"踩坑指北","state":1}],"code":200}
***** response log end ******

[2020-04-06T15:50:24.509] [INFO] responseLog - 
***** response log start *****
request originalUrl: /api/artical/getList
request client ip: 127.0.0.1
request body
{"where":{},"include":"author","includeword":{"username":1},"skip":null}
response time: 113
response status: 200
response body: 
{"message":"成功","data":{"data":[{"anonymous":false,"introduction":"常见的http状态码大全","imageUrl":"","visitor":0,"commentators":0,"shared":0,"star":1,"starList":["5e4e4999b8620637839d8d3b"],"createTime":"2020-02-19T14:39:44.360Z","updateTime":"2020-02-20T09:35:33.533Z","_id":"5e4e4aa2b8620637839d8d3c","author":{"_id":"5e4e4cf6b8620637839d8d3d","username":"1623246663@qq.com"},"title":"http状态码","category":"5e181e5aa1a77c95daa48b33","state":2,"__v":0},{"anonymous":false,"introduction":"第一次使用nuxt.js，记录一下常用的点，后期会持续改进。","imageUrl":"","visitor":0,"commentators":0,"shared":0,"star":1,"starList":["5e4e4cf6b8620637839d8d3d"],"createTime":"2020-02-19T14:39:44.360Z","updateTime":"2020-03-12T10:19:28.739Z","_id":"5e5ca8efb8620637839d8d40","author":{"_id":"5e4e4999b8620637839d8d3b","username":"rd_1985@163.com"},"title":"Nuxt.js初探","category":"5e181e2ca1a77c95daa48b32","state":2,"__v":0},{"anonymous":false,"introduction":"hooks","imageUrl":"","visitor":0,"commentators":0,"shared":0,"star":0,"starList":[],"createTime":"2020-02-19T14:39:44.360Z","updateTime":"2020-03-12T10:34:06.433Z","_id":"5e6a101eb8620637839d8d41","author":{"_id":"5e4e4cf6b8620637839d8d3d","username":"1623246663@qq.com"},"title":"react hooks的使用","category":"5e181e2ca1a77c95daa48b32","state":2,"__v":0},{"anonymous":false,"introduction":"好些年前做图片上传我都是用的form表单提交到后端，最近改用ajax提交图片，在这里做一下记录。包含在项目中使用的图片压缩。","imageUrl":"","visitor":0,"commentators":0,"shared":0,"star":0,"starList":[],"createTime":"2020-02-19T14:39:44.360Z","updateTime":"2020-04-01T10:32:21.808Z","_id":"5e846db5b8620637839d8d42","author":{"_id":"5e4e4999b8620637839d8d3b","username":"rd_1985@163.com"},"title":"web端图片上传","category":"5e181e2ca1a77c95daa48b32","state":2,"__v":0}],"total":4},"code":200}
***** response log end ******

[2020-04-06T15:50:29.685] [INFO] responseLog - 
***** response log start *****
request originalUrl: /api/getCategory?t=1586159429651
request client ip: 127.0.0.1
request query: {"t":"1586159429651"}
response time: 31
response status: 200
response body: 
{"message":"成功","data":[{"createTime":"2020-04-06T07:47:51.543Z","updateTime":"2020-04-06T07:47:51.543Z","_id":"5e181d8ea1a77c95daa48b31","name":"推荐","state":1},{"createTime":"2020-04-06T07:47:51.543Z","updateTime":"2020-04-06T07:47:51.543Z","_id":"5e181e2ca1a77c95daa48b32","name":"web前端","state":1},{"createTime":"2020-04-06T07:47:51.543Z","updateTime":"2020-04-06T07:47:51.543Z","_id":"5e181e5aa1a77c95daa48b33","name":"nodejs","state":1},{"createTime":"2020-04-06T07:47:51.543Z","updateTime":"2020-04-06T07:47:51.543Z","_id":"5e181e67a1a77c95daa48b34","name":"摄影","state":1},{"createTime":"2020-04-06T07:47:51.543Z","updateTime":"2020-04-06T07:47:51.543Z","_id":"5e181e6fa1a77c95daa48b35","name":"旅游","state":1},{"createTime":"2020-04-06T07:47:51.543Z","updateTime":"2020-04-06T07:47:51.543Z","_id":"5e181e77a1a77c95daa48b36","name":"电影","state":1},{"createTime":"2020-04-06T07:47:51.543Z","updateTime":"2020-04-06T07:47:51.543Z","_id":"5e181e80a1a77c95daa48b37","name":"娱乐","state":1},{"createTime":"2020-04-06T07:47:51.543Z","updateTime":"2020-04-06T07:47:51.543Z","_id":"5e6a0605fb773b711907175a","name":"踩坑指北","state":1}],"code":200}
***** response log end ******

[2020-04-06T15:50:29.781] [INFO] responseLog - 
***** response log start *****
request originalUrl: /api/artical/getList
request client ip: 127.0.0.1
request body
{"where":{},"include":"author","includeword":{"username":1},"skip":null}
response time: 91
response status: 200
response body: 
{"message":"成功","data":{"data":[{"anonymous":false,"introduction":"常见的http状态码大全","imageUrl":"","visitor":0,"commentators":0,"shared":0,"star":1,"starList":["5e4e4999b8620637839d8d3b"],"createTime":"2020-02-19T14:39:44.360Z","updateTime":"2020-02-20T09:35:33.533Z","_id":"5e4e4aa2b8620637839d8d3c","author":{"_id":"5e4e4cf6b8620637839d8d3d","username":"1623246663@qq.com"},"title":"http状态码","category":"5e181e5aa1a77c95daa48b33","state":2,"__v":0},{"anonymous":false,"introduction":"第一次使用nuxt.js，记录一下常用的点，后期会持续改进。","imageUrl":"","visitor":0,"commentators":0,"shared":0,"star":1,"starList":["5e4e4cf6b8620637839d8d3d"],"createTime":"2020-02-19T14:39:44.360Z","updateTime":"2020-03-12T10:19:28.739Z","_id":"5e5ca8efb8620637839d8d40","author":{"_id":"5e4e4999b8620637839d8d3b","username":"rd_1985@163.com"},"title":"Nuxt.js初探","category":"5e181e2ca1a77c95daa48b32","state":2,"__v":0},{"anonymous":false,"introduction":"hooks","imageUrl":"","visitor":0,"commentators":0,"shared":0,"star":0,"starList":[],"createTime":"2020-02-19T14:39:44.360Z","updateTime":"2020-03-12T10:34:06.433Z","_id":"5e6a101eb8620637839d8d41","author":{"_id":"5e4e4cf6b8620637839d8d3d","username":"1623246663@qq.com"},"title":"react hooks的使用","category":"5e181e2ca1a77c95daa48b32","state":2,"__v":0},{"anonymous":false,"introduction":"好些年前做图片上传我都是用的form表单提交到后端，最近改用ajax提交图片，在这里做一下记录。包含在项目中使用的图片压缩。","imageUrl":"","visitor":0,"commentators":0,"shared":0,"star":0,"starList":[],"createTime":"2020-02-19T14:39:44.360Z","updateTime":"2020-04-01T10:32:21.808Z","_id":"5e846db5b8620637839d8d42","author":{"_id":"5e4e4999b8620637839d8d3b","username":"rd_1985@163.com"},"title":"web端图片上传","category":"5e181e2ca1a77c95daa48b32","state":2,"__v":0}],"total":4},"code":200}
***** response log end ******

[2020-04-06T15:51:36.183] [INFO] responseLog - 
***** response log start *****
request originalUrl: /api/getCategory?t=1586159496147
request client ip: 127.0.0.1
request query: {"t":"1586159496147"}
response time: 32
response status: 200
response body: 
{"message":"成功","data":[{"createTime":"2020-04-06T07:47:51.543Z","updateTime":"2020-04-06T07:47:51.543Z","_id":"5e181d8ea1a77c95daa48b31","name":"推荐","state":1},{"createTime":"2020-04-06T07:47:51.543Z","updateTime":"2020-04-06T07:47:51.543Z","_id":"5e181e2ca1a77c95daa48b32","name":"web前端","state":1},{"createTime":"2020-04-06T07:47:51.543Z","updateTime":"2020-04-06T07:47:51.543Z","_id":"5e181e5aa1a77c95daa48b33","name":"nodejs","state":1},{"createTime":"2020-04-06T07:47:51.543Z","updateTime":"2020-04-06T07:47:51.543Z","_id":"5e181e67a1a77c95daa48b34","name":"摄影","state":1},{"createTime":"2020-04-06T07:47:51.543Z","updateTime":"2020-04-06T07:47:51.543Z","_id":"5e181e6fa1a77c95daa48b35","name":"旅游","state":1},{"createTime":"2020-04-06T07:47:51.543Z","updateTime":"2020-04-06T07:47:51.543Z","_id":"5e181e77a1a77c95daa48b36","name":"电影","state":1},{"createTime":"2020-04-06T07:47:51.543Z","updateTime":"2020-04-06T07:47:51.543Z","_id":"5e181e80a1a77c95daa48b37","name":"娱乐","state":1},{"createTime":"2020-04-06T07:47:51.543Z","updateTime":"2020-04-06T07:47:51.543Z","_id":"5e6a0605fb773b711907175a","name":"踩坑指北","state":1}],"code":200}
***** response log end ******

[2020-04-06T15:51:36.280] [INFO] responseLog - 
***** response log start *****
request originalUrl: /api/artical/getList
request client ip: 127.0.0.1
request body
{"where":{},"include":"author","includeword":{"username":1},"skip":null}
response time: 93
response status: 200
response body: 
{"message":"成功","data":{"data":[{"anonymous":false,"introduction":"常见的http状态码大全","imageUrl":"","visitor":0,"commentators":0,"shared":0,"star":1,"starList":["5e4e4999b8620637839d8d3b"],"createTime":"2020-02-19T14:39:44.360Z","updateTime":"2020-02-20T09:35:33.533Z","_id":"5e4e4aa2b8620637839d8d3c","author":{"_id":"5e4e4cf6b8620637839d8d3d","username":"1623246663@qq.com"},"title":"http状态码","category":"5e181e5aa1a77c95daa48b33","state":2,"__v":0},{"anonymous":false,"introduction":"第一次使用nuxt.js，记录一下常用的点，后期会持续改进。","imageUrl":"","visitor":0,"commentators":0,"shared":0,"star":1,"starList":["5e4e4cf6b8620637839d8d3d"],"createTime":"2020-02-19T14:39:44.360Z","updateTime":"2020-03-12T10:19:28.739Z","_id":"5e5ca8efb8620637839d8d40","author":{"_id":"5e4e4999b8620637839d8d3b","username":"rd_1985@163.com"},"title":"Nuxt.js初探","category":"5e181e2ca1a77c95daa48b32","state":2,"__v":0},{"anonymous":false,"introduction":"hooks","imageUrl":"","visitor":0,"commentators":0,"shared":0,"star":0,"starList":[],"createTime":"2020-02-19T14:39:44.360Z","updateTime":"2020-03-12T10:34:06.433Z","_id":"5e6a101eb8620637839d8d41","author":{"_id":"5e4e4cf6b8620637839d8d3d","username":"1623246663@qq.com"},"title":"react hooks的使用","category":"5e181e2ca1a77c95daa48b32","state":2,"__v":0},{"anonymous":false,"introduction":"好些年前做图片上传我都是用的form表单提交到后端，最近改用ajax提交图片，在这里做一下记录。包含在项目中使用的图片压缩。","imageUrl":"","visitor":0,"commentators":0,"shared":0,"star":0,"starList":[],"createTime":"2020-02-19T14:39:44.360Z","updateTime":"2020-04-01T10:32:21.808Z","_id":"5e846db5b8620637839d8d42","author":{"_id":"5e4e4999b8620637839d8d3b","username":"rd_1985@163.com"},"title":"web端图片上传","category":"5e181e2ca1a77c95daa48b32","state":2,"__v":0}],"total":4},"code":200}
***** response log end ******

[2020-04-06T15:51:42.485] [INFO] responseLog - 
***** response log start *****
request originalUrl: /api/getCategory?t=1586159502468
request client ip: null
request body
{}
response time: 0
response status: 200
response body: 
""
***** response log end ******

[2020-04-06T15:53:48.625] [INFO] responseLog - 
***** response log start *****
request originalUrl: /api/getCategory?t=1586159628578
request client ip: 127.0.0.1
request query: {"t":"1586159628578"}
response time: 44
response status: 200
response body: 
{"message":"成功","data":[{"createTime":"2020-04-06T07:47:51.543Z","updateTime":"2020-04-06T07:47:51.543Z","_id":"5e181d8ea1a77c95daa48b31","name":"推荐","state":1},{"createTime":"2020-04-06T07:47:51.543Z","updateTime":"2020-04-06T07:47:51.543Z","_id":"5e181e2ca1a77c95daa48b32","name":"web前端","state":1},{"createTime":"2020-04-06T07:47:51.543Z","updateTime":"2020-04-06T07:47:51.543Z","_id":"5e181e5aa1a77c95daa48b33","name":"nodejs","state":1},{"createTime":"2020-04-06T07:47:51.543Z","updateTime":"2020-04-06T07:47:51.543Z","_id":"5e181e67a1a77c95daa48b34","name":"摄影","state":1},{"createTime":"2020-04-06T07:47:51.543Z","updateTime":"2020-04-06T07:47:51.543Z","_id":"5e181e6fa1a77c95daa48b35","name":"旅游","state":1},{"createTime":"2020-04-06T07:47:51.543Z","updateTime":"2020-04-06T07:47:51.543Z","_id":"5e181e77a1a77c95daa48b36","name":"电影","state":1},{"createTime":"2020-04-06T07:47:51.543Z","updateTime":"2020-04-06T07:47:51.543Z","_id":"5e181e80a1a77c95daa48b37","name":"娱乐","state":1},{"createTime":"2020-04-06T07:47:51.543Z","updateTime":"2020-04-06T07:47:51.543Z","_id":"5e6a0605fb773b711907175a","name":"踩坑指北","state":1}],"code":200}
***** response log end ******

[2020-04-06T15:53:48.731] [INFO] responseLog - 
***** response log start *****
request originalUrl: /api/artical/getList
request client ip: 127.0.0.1
request body
{"where":{},"include":"author","includeword":{"username":1},"skip":null}
response time: 102
response status: 200
response body: 
{"message":"成功","data":{"data":[{"anonymous":false,"introduction":"常见的http状态码大全","imageUrl":"","visitor":0,"commentators":0,"shared":0,"star":1,"starList":["5e4e4999b8620637839d8d3b"],"createTime":"2020-02-19T14:39:44.360Z","updateTime":"2020-02-20T09:35:33.533Z","_id":"5e4e4aa2b8620637839d8d3c","author":{"_id":"5e4e4cf6b8620637839d8d3d","username":"1623246663@qq.com"},"title":"http状态码","category":"5e181e5aa1a77c95daa48b33","state":2,"__v":0},{"anonymous":false,"introduction":"第一次使用nuxt.js，记录一下常用的点，后期会持续改进。","imageUrl":"","visitor":0,"commentators":0,"shared":0,"star":1,"starList":["5e4e4cf6b8620637839d8d3d"],"createTime":"2020-02-19T14:39:44.360Z","updateTime":"2020-03-12T10:19:28.739Z","_id":"5e5ca8efb8620637839d8d40","author":{"_id":"5e4e4999b8620637839d8d3b","username":"rd_1985@163.com"},"title":"Nuxt.js初探","category":"5e181e2ca1a77c95daa48b32","state":2,"__v":0},{"anonymous":false,"introduction":"hooks","imageUrl":"","visitor":0,"commentators":0,"shared":0,"star":0,"starList":[],"createTime":"2020-02-19T14:39:44.360Z","updateTime":"2020-03-12T10:34:06.433Z","_id":"5e6a101eb8620637839d8d41","author":{"_id":"5e4e4cf6b8620637839d8d3d","username":"1623246663@qq.com"},"title":"react hooks的使用","category":"5e181e2ca1a77c95daa48b32","state":2,"__v":0},{"anonymous":false,"introduction":"好些年前做图片上传我都是用的form表单提交到后端，最近改用ajax提交图片，在这里做一下记录。包含在项目中使用的图片压缩。","imageUrl":"","visitor":0,"commentators":0,"shared":0,"star":0,"starList":[],"createTime":"2020-02-19T14:39:44.360Z","updateTime":"2020-04-01T10:32:21.808Z","_id":"5e846db5b8620637839d8d42","author":{"_id":"5e4e4999b8620637839d8d3b","username":"rd_1985@163.com"},"title":"web端图片上传","category":"5e181e2ca1a77c95daa48b32","state":2,"__v":0}],"total":4},"code":200}
***** response log end ******

[2020-04-06T15:53:51.913] [INFO] responseLog - 
***** response log start *****
request originalUrl: /api/getCategory?t=1586159631903
request client ip: null
request body
{}
response time: 1
response status: 200
response body: 
""
***** response log end ******

[2020-04-06T15:54:16.129] [INFO] responseLog - 
***** response log start *****
request originalUrl: /api/getCategory?t=1586159656095
request client ip: 127.0.0.1
request query: {"t":"1586159656095"}
response time: 31
response status: 200
response body: 
{"message":"成功","data":[{"createTime":"2020-04-06T07:47:51.543Z","updateTime":"2020-04-06T07:47:51.543Z","_id":"5e181d8ea1a77c95daa48b31","name":"推荐","state":1},{"createTime":"2020-04-06T07:47:51.543Z","updateTime":"2020-04-06T07:47:51.543Z","_id":"5e181e2ca1a77c95daa48b32","name":"web前端","state":1},{"createTime":"2020-04-06T07:47:51.543Z","updateTime":"2020-04-06T07:47:51.543Z","_id":"5e181e5aa1a77c95daa48b33","name":"nodejs","state":1},{"createTime":"2020-04-06T07:47:51.543Z","updateTime":"2020-04-06T07:47:51.543Z","_id":"5e181e67a1a77c95daa48b34","name":"摄影","state":1},{"createTime":"2020-04-06T07:47:51.543Z","updateTime":"2020-04-06T07:47:51.543Z","_id":"5e181e6fa1a77c95daa48b35","name":"旅游","state":1},{"createTime":"2020-04-06T07:47:51.543Z","updateTime":"2020-04-06T07:47:51.543Z","_id":"5e181e77a1a77c95daa48b36","name":"电影","state":1},{"createTime":"2020-04-06T07:47:51.543Z","updateTime":"2020-04-06T07:47:51.543Z","_id":"5e181e80a1a77c95daa48b37","name":"娱乐","state":1},{"createTime":"2020-04-06T07:47:51.543Z","updateTime":"2020-04-06T07:47:51.543Z","_id":"5e6a0605fb773b711907175a","name":"踩坑指北","state":1}],"code":200}
***** response log end ******

[2020-04-06T15:54:16.229] [INFO] responseLog - 
***** response log start *****
request originalUrl: /api/artical/getList
request client ip: 127.0.0.1
request body
{"where":{},"include":"author","includeword":{"username":1},"skip":null}
response time: 96
response status: 200
response body: 
{"message":"成功","data":{"data":[{"anonymous":false,"introduction":"常见的http状态码大全","imageUrl":"","visitor":0,"commentators":0,"shared":0,"star":1,"starList":["5e4e4999b8620637839d8d3b"],"createTime":"2020-02-19T14:39:44.360Z","updateTime":"2020-02-20T09:35:33.533Z","_id":"5e4e4aa2b8620637839d8d3c","author":{"_id":"5e4e4cf6b8620637839d8d3d","username":"1623246663@qq.com"},"title":"http状态码","category":"5e181e5aa1a77c95daa48b33","state":2,"__v":0},{"anonymous":false,"introduction":"第一次使用nuxt.js，记录一下常用的点，后期会持续改进。","imageUrl":"","visitor":0,"commentators":0,"shared":0,"star":1,"starList":["5e4e4cf6b8620637839d8d3d"],"createTime":"2020-02-19T14:39:44.360Z","updateTime":"2020-03-12T10:19:28.739Z","_id":"5e5ca8efb8620637839d8d40","author":{"_id":"5e4e4999b8620637839d8d3b","username":"rd_1985@163.com"},"title":"Nuxt.js初探","category":"5e181e2ca1a77c95daa48b32","state":2,"__v":0},{"anonymous":false,"introduction":"hooks","imageUrl":"","visitor":0,"commentators":0,"shared":0,"star":0,"starList":[],"createTime":"2020-02-19T14:39:44.360Z","updateTime":"2020-03-12T10:34:06.433Z","_id":"5e6a101eb8620637839d8d41","author":{"_id":"5e4e4cf6b8620637839d8d3d","username":"1623246663@qq.com"},"title":"react hooks的使用","category":"5e181e2ca1a77c95daa48b32","state":2,"__v":0},{"anonymous":false,"introduction":"好些年前做图片上传我都是用的form表单提交到后端，最近改用ajax提交图片，在这里做一下记录。包含在项目中使用的图片压缩。","imageUrl":"","visitor":0,"commentators":0,"shared":0,"star":0,"starList":[],"createTime":"2020-02-19T14:39:44.360Z","updateTime":"2020-04-01T10:32:21.808Z","_id":"5e846db5b8620637839d8d42","author":{"_id":"5e4e4999b8620637839d8d3b","username":"rd_1985@163.com"},"title":"web端图片上传","category":"5e181e2ca1a77c95daa48b32","state":2,"__v":0}],"total":4},"code":200}
***** response log end ******

[2020-04-06T15:55:11.165] [INFO] responseLog - 
***** response log start *****
request originalUrl: /api/getCategory?t=1586159711132
request client ip: 127.0.0.1
request query: {"t":"1586159711132"}
response time: 30
response status: 200
response body: 
{"message":"成功","data":[{"createTime":"2020-04-06T07:47:51.543Z","updateTime":"2020-04-06T07:47:51.543Z","_id":"5e181d8ea1a77c95daa48b31","name":"推荐","state":1},{"createTime":"2020-04-06T07:47:51.543Z","updateTime":"2020-04-06T07:47:51.543Z","_id":"5e181e2ca1a77c95daa48b32","name":"web前端","state":1},{"createTime":"2020-04-06T07:47:51.543Z","updateTime":"2020-04-06T07:47:51.543Z","_id":"5e181e5aa1a77c95daa48b33","name":"nodejs","state":1},{"createTime":"2020-04-06T07:47:51.543Z","updateTime":"2020-04-06T07:47:51.543Z","_id":"5e181e67a1a77c95daa48b34","name":"摄影","state":1},{"createTime":"2020-04-06T07:47:51.543Z","updateTime":"2020-04-06T07:47:51.543Z","_id":"5e181e6fa1a77c95daa48b35","name":"旅游","state":1},{"createTime":"2020-04-06T07:47:51.543Z","updateTime":"2020-04-06T07:47:51.543Z","_id":"5e181e77a1a77c95daa48b36","name":"电影","state":1},{"createTime":"2020-04-06T07:47:51.543Z","updateTime":"2020-04-06T07:47:51.543Z","_id":"5e181e80a1a77c95daa48b37","name":"娱乐","state":1},{"createTime":"2020-04-06T07:47:51.543Z","updateTime":"2020-04-06T07:47:51.543Z","_id":"5e6a0605fb773b711907175a","name":"踩坑指北","state":1}],"code":200}
***** response log end ******

[2020-04-06T15:55:11.260] [INFO] responseLog - 
***** response log start *****
request originalUrl: /api/artical/getList
request client ip: 127.0.0.1
request body
{"where":{},"include":"author","includeword":{"username":1},"skip":null}
response time: 91
response status: 200
response body: 
{"message":"成功","data":{"data":[{"anonymous":false,"introduction":"常见的http状态码大全","imageUrl":"","visitor":0,"commentators":0,"shared":0,"star":1,"starList":["5e4e4999b8620637839d8d3b"],"createTime":"2020-02-19T14:39:44.360Z","updateTime":"2020-02-20T09:35:33.533Z","_id":"5e4e4aa2b8620637839d8d3c","author":{"_id":"5e4e4cf6b8620637839d8d3d","username":"1623246663@qq.com"},"title":"http状态码","category":"5e181e5aa1a77c95daa48b33","state":2,"__v":0},{"anonymous":false,"introduction":"第一次使用nuxt.js，记录一下常用的点，后期会持续改进。","imageUrl":"","visitor":0,"commentators":0,"shared":0,"star":1,"starList":["5e4e4cf6b8620637839d8d3d"],"createTime":"2020-02-19T14:39:44.360Z","updateTime":"2020-03-12T10:19:28.739Z","_id":"5e5ca8efb8620637839d8d40","author":{"_id":"5e4e4999b8620637839d8d3b","username":"rd_1985@163.com"},"title":"Nuxt.js初探","category":"5e181e2ca1a77c95daa48b32","state":2,"__v":0},{"anonymous":false,"introduction":"hooks","imageUrl":"","visitor":0,"commentators":0,"shared":0,"star":0,"starList":[],"createTime":"2020-02-19T14:39:44.360Z","updateTime":"2020-03-12T10:34:06.433Z","_id":"5e6a101eb8620637839d8d41","author":{"_id":"5e4e4cf6b8620637839d8d3d","username":"1623246663@qq.com"},"title":"react hooks的使用","category":"5e181e2ca1a77c95daa48b32","state":2,"__v":0},{"anonymous":false,"introduction":"好些年前做图片上传我都是用的form表单提交到后端，最近改用ajax提交图片，在这里做一下记录。包含在项目中使用的图片压缩。","imageUrl":"","visitor":0,"commentators":0,"shared":0,"star":0,"starList":[],"createTime":"2020-02-19T14:39:44.360Z","updateTime":"2020-04-01T10:32:21.808Z","_id":"5e846db5b8620637839d8d42","author":{"_id":"5e4e4999b8620637839d8d3b","username":"rd_1985@163.com"},"title":"web端图片上传","category":"5e181e2ca1a77c95daa48b32","state":2,"__v":0}],"total":4},"code":200}
***** response log end ******

[2020-04-06T15:55:27.323] [INFO] responseLog - 
***** response log start *****
request originalUrl: /api/getCategory?t=1586159727302
request client ip: null
request body
{}
response time: 0
response status: 200
response body: 
""
***** response log end ******

[2020-04-06T15:55:29.016] [INFO] responseLog - 
***** response log start *****
request originalUrl: /api/getCategory?t=1586159728981
request client ip: 127.0.0.1
request query: {"t":"1586159728981"}
response time: 31
response status: 200
response body: 
{"message":"成功","data":[{"createTime":"2020-04-06T07:47:51.543Z","updateTime":"2020-04-06T07:47:51.543Z","_id":"5e181d8ea1a77c95daa48b31","name":"推荐","state":1},{"createTime":"2020-04-06T07:47:51.543Z","updateTime":"2020-04-06T07:47:51.543Z","_id":"5e181e2ca1a77c95daa48b32","name":"web前端","state":1},{"createTime":"2020-04-06T07:47:51.543Z","updateTime":"2020-04-06T07:47:51.543Z","_id":"5e181e5aa1a77c95daa48b33","name":"nodejs","state":1},{"createTime":"2020-04-06T07:47:51.543Z","updateTime":"2020-04-06T07:47:51.543Z","_id":"5e181e67a1a77c95daa48b34","name":"摄影","state":1},{"createTime":"2020-04-06T07:47:51.543Z","updateTime":"2020-04-06T07:47:51.543Z","_id":"5e181e6fa1a77c95daa48b35","name":"旅游","state":1},{"createTime":"2020-04-06T07:47:51.543Z","updateTime":"2020-04-06T07:47:51.543Z","_id":"5e181e77a1a77c95daa48b36","name":"电影","state":1},{"createTime":"2020-04-06T07:47:51.543Z","updateTime":"2020-04-06T07:47:51.543Z","_id":"5e181e80a1a77c95daa48b37","name":"娱乐","state":1},{"createTime":"2020-04-06T07:47:51.543Z","updateTime":"2020-04-06T07:47:51.543Z","_id":"5e6a0605fb773b711907175a","name":"踩坑指北","state":1}],"code":200}
***** response log end ******

[2020-04-06T15:55:29.122] [INFO] responseLog - 
***** response log start *****
request originalUrl: /api/artical/getList
request client ip: 127.0.0.1
request body
{"where":{},"include":"author","includeword":{"username":1},"skip":null}
response time: 102
response status: 200
response body: 
{"message":"成功","data":{"data":[{"anonymous":false,"introduction":"常见的http状态码大全","imageUrl":"","visitor":0,"commentators":0,"shared":0,"star":1,"starList":["5e4e4999b8620637839d8d3b"],"createTime":"2020-02-19T14:39:44.360Z","updateTime":"2020-02-20T09:35:33.533Z","_id":"5e4e4aa2b8620637839d8d3c","author":{"_id":"5e4e4cf6b8620637839d8d3d","username":"1623246663@qq.com"},"title":"http状态码","category":"5e181e5aa1a77c95daa48b33","state":2,"__v":0},{"anonymous":false,"introduction":"第一次使用nuxt.js，记录一下常用的点，后期会持续改进。","imageUrl":"","visitor":0,"commentators":0,"shared":0,"star":1,"starList":["5e4e4cf6b8620637839d8d3d"],"createTime":"2020-02-19T14:39:44.360Z","updateTime":"2020-03-12T10:19:28.739Z","_id":"5e5ca8efb8620637839d8d40","author":{"_id":"5e4e4999b8620637839d8d3b","username":"rd_1985@163.com"},"title":"Nuxt.js初探","category":"5e181e2ca1a77c95daa48b32","state":2,"__v":0},{"anonymous":false,"introduction":"hooks","imageUrl":"","visitor":0,"commentators":0,"shared":0,"star":0,"starList":[],"createTime":"2020-02-19T14:39:44.360Z","updateTime":"2020-03-12T10:34:06.433Z","_id":"5e6a101eb8620637839d8d41","author":{"_id":"5e4e4cf6b8620637839d8d3d","username":"1623246663@qq.com"},"title":"react hooks的使用","category":"5e181e2ca1a77c95daa48b32","state":2,"__v":0},{"anonymous":false,"introduction":"好些年前做图片上传我都是用的form表单提交到后端，最近改用ajax提交图片，在这里做一下记录。包含在项目中使用的图片压缩。","imageUrl":"","visitor":0,"commentators":0,"shared":0,"star":0,"starList":[],"createTime":"2020-02-19T14:39:44.360Z","updateTime":"2020-04-01T10:32:21.808Z","_id":"5e846db5b8620637839d8d42","author":{"_id":"5e4e4999b8620637839d8d3b","username":"rd_1985@163.com"},"title":"web端图片上传","category":"5e181e2ca1a77c95daa48b32","state":2,"__v":0}],"total":4},"code":200}
***** response log end ******

[2020-04-06T15:55:39.503] [INFO] responseLog - 
***** response log start *****
request originalUrl: /api/getCategory?t=1586159739483
request client ip: null
request body
{}
response time: 1
response status: 200
response body: 
""
***** response log end ******

[2020-04-06T15:58:56.770] [INFO] responseLog - 
***** response log start *****
request originalUrl: /api/getCategory?t=1586159936737
request client ip: 127.0.0.1
request query: {"t":"1586159936737"}
response time: 29
response status: 200
response body: 
{"message":"成功","data":[{"createTime":"2020-04-06T07:47:51.543Z","updateTime":"2020-04-06T07:47:51.543Z","_id":"5e181d8ea1a77c95daa48b31","name":"推荐","state":1},{"createTime":"2020-04-06T07:47:51.543Z","updateTime":"2020-04-06T07:47:51.543Z","_id":"5e181e2ca1a77c95daa48b32","name":"web前端","state":1},{"createTime":"2020-04-06T07:47:51.543Z","updateTime":"2020-04-06T07:47:51.543Z","_id":"5e181e5aa1a77c95daa48b33","name":"nodejs","state":1},{"createTime":"2020-04-06T07:47:51.543Z","updateTime":"2020-04-06T07:47:51.543Z","_id":"5e181e67a1a77c95daa48b34","name":"摄影","state":1},{"createTime":"2020-04-06T07:47:51.543Z","updateTime":"2020-04-06T07:47:51.543Z","_id":"5e181e6fa1a77c95daa48b35","name":"旅游","state":1},{"createTime":"2020-04-06T07:47:51.543Z","updateTime":"2020-04-06T07:47:51.543Z","_id":"5e181e77a1a77c95daa48b36","name":"电影","state":1},{"createTime":"2020-04-06T07:47:51.543Z","updateTime":"2020-04-06T07:47:51.543Z","_id":"5e181e80a1a77c95daa48b37","name":"娱乐","state":1},{"createTime":"2020-04-06T07:47:51.543Z","updateTime":"2020-04-06T07:47:51.543Z","_id":"5e6a0605fb773b711907175a","name":"踩坑指北","state":1}],"code":200}
***** response log end ******

[2020-04-06T15:58:56.863] [INFO] responseLog - 
***** response log start *****
request originalUrl: /api/artical/getList
request client ip: 127.0.0.1
request body
{"where":{},"include":"author","includeword":{"username":1},"skip":null}
response time: 89
response status: 200
response body: 
{"message":"成功","data":{"data":[{"anonymous":false,"introduction":"常见的http状态码大全","imageUrl":"","visitor":0,"commentators":0,"shared":0,"star":1,"starList":["5e4e4999b8620637839d8d3b"],"createTime":"2020-02-19T14:39:44.360Z","updateTime":"2020-02-20T09:35:33.533Z","_id":"5e4e4aa2b8620637839d8d3c","author":{"_id":"5e4e4cf6b8620637839d8d3d","username":"1623246663@qq.com"},"title":"http状态码","category":"5e181e5aa1a77c95daa48b33","state":2,"__v":0},{"anonymous":false,"introduction":"第一次使用nuxt.js，记录一下常用的点，后期会持续改进。","imageUrl":"","visitor":0,"commentators":0,"shared":0,"star":1,"starList":["5e4e4cf6b8620637839d8d3d"],"createTime":"2020-02-19T14:39:44.360Z","updateTime":"2020-03-12T10:19:28.739Z","_id":"5e5ca8efb8620637839d8d40","author":{"_id":"5e4e4999b8620637839d8d3b","username":"rd_1985@163.com"},"title":"Nuxt.js初探","category":"5e181e2ca1a77c95daa48b32","state":2,"__v":0},{"anonymous":false,"introduction":"hooks","imageUrl":"","visitor":0,"commentators":0,"shared":0,"star":0,"starList":[],"createTime":"2020-02-19T14:39:44.360Z","updateTime":"2020-03-12T10:34:06.433Z","_id":"5e6a101eb8620637839d8d41","author":{"_id":"5e4e4cf6b8620637839d8d3d","username":"1623246663@qq.com"},"title":"react hooks的使用","category":"5e181e2ca1a77c95daa48b32","state":2,"__v":0},{"anonymous":false,"introduction":"好些年前做图片上传我都是用的form表单提交到后端，最近改用ajax提交图片，在这里做一下记录。包含在项目中使用的图片压缩。","imageUrl":"","visitor":0,"commentators":0,"shared":0,"star":0,"starList":[],"createTime":"2020-02-19T14:39:44.360Z","updateTime":"2020-04-01T10:32:21.808Z","_id":"5e846db5b8620637839d8d42","author":{"_id":"5e4e4999b8620637839d8d3b","username":"rd_1985@163.com"},"title":"web端图片上传","category":"5e181e2ca1a77c95daa48b32","state":2,"__v":0}],"total":4},"code":200}
***** response log end ******

[2020-04-06T15:59:02.970] [INFO] responseLog - 
***** response log start *****
request originalUrl: /api/artical/getList
request client ip: null
request body
{}
response time: 0
response status: 200
response body: 
""
***** response log end ******

[2020-04-06T16:00:25.139] [INFO] responseLog - 
***** response log start *****
request originalUrl: /api/getCategory?t=1586160025107
request client ip: 127.0.0.1
request query: {"t":"1586160025107"}
response time: 28
response status: 200
response body: 
{"message":"成功","data":[{"createTime":"2020-04-06T07:47:51.543Z","updateTime":"2020-04-06T07:47:51.543Z","_id":"5e181d8ea1a77c95daa48b31","name":"推荐","state":1},{"createTime":"2020-04-06T07:47:51.543Z","updateTime":"2020-04-06T07:47:51.543Z","_id":"5e181e2ca1a77c95daa48b32","name":"web前端","state":1},{"createTime":"2020-04-06T07:47:51.543Z","updateTime":"2020-04-06T07:47:51.543Z","_id":"5e181e5aa1a77c95daa48b33","name":"nodejs","state":1},{"createTime":"2020-04-06T07:47:51.543Z","updateTime":"2020-04-06T07:47:51.543Z","_id":"5e181e67a1a77c95daa48b34","name":"摄影","state":1},{"createTime":"2020-04-06T07:47:51.543Z","updateTime":"2020-04-06T07:47:51.543Z","_id":"5e181e6fa1a77c95daa48b35","name":"旅游","state":1},{"createTime":"2020-04-06T07:47:51.543Z","updateTime":"2020-04-06T07:47:51.543Z","_id":"5e181e77a1a77c95daa48b36","name":"电影","state":1},{"createTime":"2020-04-06T07:47:51.543Z","updateTime":"2020-04-06T07:47:51.543Z","_id":"5e181e80a1a77c95daa48b37","name":"娱乐","state":1},{"createTime":"2020-04-06T07:47:51.543Z","updateTime":"2020-04-06T07:47:51.543Z","_id":"5e6a0605fb773b711907175a","name":"踩坑指北","state":1}],"code":200}
***** response log end ******

[2020-04-06T16:00:25.239] [INFO] responseLog - 
***** response log start *****
request originalUrl: /api/artical/getList
request client ip: 127.0.0.1
request body
{"where":{},"include":"author","includeword":{"username":1},"skip":null}
response time: 95
response status: 200
response body: 
{"message":"成功","data":{"data":[{"anonymous":false,"introduction":"常见的http状态码大全","imageUrl":"","visitor":0,"commentators":0,"shared":0,"star":1,"starList":["5e4e4999b8620637839d8d3b"],"createTime":"2020-02-19T14:39:44.360Z","updateTime":"2020-02-20T09:35:33.533Z","_id":"5e4e4aa2b8620637839d8d3c","author":{"_id":"5e4e4cf6b8620637839d8d3d","username":"1623246663@qq.com"},"title":"http状态码","category":"5e181e5aa1a77c95daa48b33","state":2,"__v":0},{"anonymous":false,"introduction":"第一次使用nuxt.js，记录一下常用的点，后期会持续改进。","imageUrl":"","visitor":0,"commentators":0,"shared":0,"star":1,"starList":["5e4e4cf6b8620637839d8d3d"],"createTime":"2020-02-19T14:39:44.360Z","updateTime":"2020-03-12T10:19:28.739Z","_id":"5e5ca8efb8620637839d8d40","author":{"_id":"5e4e4999b8620637839d8d3b","username":"rd_1985@163.com"},"title":"Nuxt.js初探","category":"5e181e2ca1a77c95daa48b32","state":2,"__v":0},{"anonymous":false,"introduction":"hooks","imageUrl":"","visitor":0,"commentators":0,"shared":0,"star":0,"starList":[],"createTime":"2020-02-19T14:39:44.360Z","updateTime":"2020-03-12T10:34:06.433Z","_id":"5e6a101eb8620637839d8d41","author":{"_id":"5e4e4cf6b8620637839d8d3d","username":"1623246663@qq.com"},"title":"react hooks的使用","category":"5e181e2ca1a77c95daa48b32","state":2,"__v":0},{"anonymous":false,"introduction":"好些年前做图片上传我都是用的form表单提交到后端，最近改用ajax提交图片，在这里做一下记录。包含在项目中使用的图片压缩。","imageUrl":"","visitor":0,"commentators":0,"shared":0,"star":0,"starList":[],"createTime":"2020-02-19T14:39:44.360Z","updateTime":"2020-04-01T10:32:21.808Z","_id":"5e846db5b8620637839d8d42","author":{"_id":"5e4e4999b8620637839d8d3b","username":"rd_1985@163.com"},"title":"web端图片上传","category":"5e181e2ca1a77c95daa48b32","state":2,"__v":0}],"total":4},"code":200}
***** response log end ******

[2020-04-06T16:00:27.409] [INFO] responseLog - 
***** response log start *****
request originalUrl: /api/artical/getList
request client ip: 127.0.0.1
request body
{"where":{"category":"5e181e2ca1a77c95daa48b32"},"include":"author","includeword":{"username":1},"limit":10,"skip":0}
response time: 89
response status: 200
response body: 
{"message":"成功","data":{"data":[{"anonymous":false,"introduction":"第一次使用nuxt.js，记录一下常用的点，后期会持续改进。","imageUrl":"","visitor":0,"commentators":0,"shared":0,"star":1,"starList":["5e4e4cf6b8620637839d8d3d"],"createTime":"2020-02-19T14:39:44.360Z","updateTime":"2020-03-12T10:19:28.739Z","_id":"5e5ca8efb8620637839d8d40","author":{"_id":"5e4e4999b8620637839d8d3b","username":"rd_1985@163.com"},"title":"Nuxt.js初探","category":"5e181e2ca1a77c95daa48b32","state":2,"__v":0},{"anonymous":false,"introduction":"hooks","imageUrl":"","visitor":0,"commentators":0,"shared":0,"star":0,"starList":[],"createTime":"2020-02-19T14:39:44.360Z","updateTime":"2020-03-12T10:34:06.433Z","_id":"5e6a101eb8620637839d8d41","author":{"_id":"5e4e4cf6b8620637839d8d3d","username":"1623246663@qq.com"},"title":"react hooks的使用","category":"5e181e2ca1a77c95daa48b32","state":2,"__v":0},{"anonymous":false,"introduction":"好些年前做图片上传我都是用的form表单提交到后端，最近改用ajax提交图片，在这里做一下记录。包含在项目中使用的图片压缩。","imageUrl":"","visitor":0,"commentators":0,"shared":0,"star":0,"starList":[],"createTime":"2020-02-19T14:39:44.360Z","updateTime":"2020-04-01T10:32:21.808Z","_id":"5e846db5b8620637839d8d42","author":{"_id":"5e4e4999b8620637839d8d3b","username":"rd_1985@163.com"},"title":"web端图片上传","category":"5e181e2ca1a77c95daa48b32","state":2,"__v":0}],"total":3},"code":200}
***** response log end ******

[2020-04-06T16:00:28.656] [INFO] responseLog - 
***** response log start *****
request originalUrl: /api/artical/getList
request client ip: 127.0.0.1
request body
{"where":{"category":"5e181e5aa1a77c95daa48b33"},"include":"author","includeword":{"username":1},"limit":10,"skip":0}
response time: 96
response status: 200
response body: 
{"message":"成功","data":{"data":[{"anonymous":false,"introduction":"常见的http状态码大全","imageUrl":"","visitor":0,"commentators":0,"shared":0,"star":1,"starList":["5e4e4999b8620637839d8d3b"],"createTime":"2020-02-19T14:39:44.360Z","updateTime":"2020-02-20T09:35:33.533Z","_id":"5e4e4aa2b8620637839d8d3c","author":{"_id":"5e4e4cf6b8620637839d8d3d","username":"1623246663@qq.com"},"title":"http状态码","category":"5e181e5aa1a77c95daa48b33","state":2,"__v":0}],"total":1},"code":200}
***** response log end ******

[2020-04-06T16:00:29.874] [INFO] responseLog - 
***** response log start *****
request originalUrl: /api/artical/getList
request client ip: 127.0.0.1
request body
{"where":{},"include":"author","includeword":{"username":1},"limit":10,"skip":0}
response time: 104
response status: 200
response body: 
{"message":"成功","data":{"data":[{"anonymous":false,"introduction":"常见的http状态码大全","imageUrl":"","visitor":0,"commentators":0,"shared":0,"star":1,"starList":["5e4e4999b8620637839d8d3b"],"createTime":"2020-02-19T14:39:44.360Z","updateTime":"2020-02-20T09:35:33.533Z","_id":"5e4e4aa2b8620637839d8d3c","author":{"_id":"5e4e4cf6b8620637839d8d3d","username":"1623246663@qq.com"},"title":"http状态码","category":"5e181e5aa1a77c95daa48b33","state":2,"__v":0},{"anonymous":false,"introduction":"第一次使用nuxt.js，记录一下常用的点，后期会持续改进。","imageUrl":"","visitor":0,"commentators":0,"shared":0,"star":1,"starList":["5e4e4cf6b8620637839d8d3d"],"createTime":"2020-02-19T14:39:44.360Z","updateTime":"2020-03-12T10:19:28.739Z","_id":"5e5ca8efb8620637839d8d40","author":{"_id":"5e4e4999b8620637839d8d3b","username":"rd_1985@163.com"},"title":"Nuxt.js初探","category":"5e181e2ca1a77c95daa48b32","state":2,"__v":0},{"anonymous":false,"introduction":"hooks","imageUrl":"","visitor":0,"commentators":0,"shared":0,"star":0,"starList":[],"createTime":"2020-02-19T14:39:44.360Z","updateTime":"2020-03-12T10:34:06.433Z","_id":"5e6a101eb8620637839d8d41","author":{"_id":"5e4e4cf6b8620637839d8d3d","username":"1623246663@qq.com"},"title":"react hooks的使用","category":"5e181e2ca1a77c95daa48b32","state":2,"__v":0},{"anonymous":false,"introduction":"好些年前做图片上传我都是用的form表单提交到后端，最近改用ajax提交图片，在这里做一下记录。包含在项目中使用的图片压缩。","imageUrl":"","visitor":0,"commentators":0,"shared":0,"star":0,"starList":[],"createTime":"2020-02-19T14:39:44.360Z","updateTime":"2020-04-01T10:32:21.808Z","_id":"5e846db5b8620637839d8d42","author":{"_id":"5e4e4999b8620637839d8d3b","username":"rd_1985@163.com"},"title":"web端图片上传","category":"5e181e2ca1a77c95daa48b32","state":2,"__v":0}],"total":4},"code":200}
***** response log end ******

[2020-04-06T16:00:33.483] [INFO] responseLog - 
***** response log start *****
request originalUrl: /api/artical/getList
request client ip: null
request body
{}
response time: 0
response status: 200
response body: 
""
***** response log end ******

[2020-04-06T16:01:11.787] [INFO] responseLog - 
***** response log start *****
request originalUrl: /api/getCategory?t=1586160071750
request client ip: 127.0.0.1
request query: {"t":"1586160071750"}
response time: 34
response status: 200
response body: 
{"message":"成功","data":[{"createTime":"2020-04-06T07:47:51.543Z","updateTime":"2020-04-06T07:47:51.543Z","_id":"5e181d8ea1a77c95daa48b31","name":"推荐","state":1},{"createTime":"2020-04-06T07:47:51.543Z","updateTime":"2020-04-06T07:47:51.543Z","_id":"5e181e2ca1a77c95daa48b32","name":"web前端","state":1},{"createTime":"2020-04-06T07:47:51.543Z","updateTime":"2020-04-06T07:47:51.543Z","_id":"5e181e5aa1a77c95daa48b33","name":"nodejs","state":1},{"createTime":"2020-04-06T07:47:51.543Z","updateTime":"2020-04-06T07:47:51.543Z","_id":"5e181e67a1a77c95daa48b34","name":"摄影","state":1},{"createTime":"2020-04-06T07:47:51.543Z","updateTime":"2020-04-06T07:47:51.543Z","_id":"5e181e6fa1a77c95daa48b35","name":"旅游","state":1},{"createTime":"2020-04-06T07:47:51.543Z","updateTime":"2020-04-06T07:47:51.543Z","_id":"5e181e77a1a77c95daa48b36","name":"电影","state":1},{"createTime":"2020-04-06T07:47:51.543Z","updateTime":"2020-04-06T07:47:51.543Z","_id":"5e181e80a1a77c95daa48b37","name":"娱乐","state":1},{"createTime":"2020-04-06T07:47:51.543Z","updateTime":"2020-04-06T07:47:51.543Z","_id":"5e6a0605fb773b711907175a","name":"踩坑指北","state":1}],"code":200}
***** response log end ******

[2020-04-06T16:01:11.884] [INFO] responseLog - 
***** response log start *****
request originalUrl: /api/artical/getList
request client ip: 127.0.0.1
request body
{"where":{},"include":"author","includeword":{"username":1},"skip":null}
response time: 92
response status: 200
response body: 
{"message":"成功","data":{"data":[{"anonymous":false,"introduction":"常见的http状态码大全","imageUrl":"","visitor":0,"commentators":0,"shared":0,"star":1,"starList":["5e4e4999b8620637839d8d3b"],"createTime":"2020-02-19T14:39:44.360Z","updateTime":"2020-02-20T09:35:33.533Z","_id":"5e4e4aa2b8620637839d8d3c","author":{"_id":"5e4e4cf6b8620637839d8d3d","username":"1623246663@qq.com"},"title":"http状态码","category":"5e181e5aa1a77c95daa48b33","state":2,"__v":0},{"anonymous":false,"introduction":"第一次使用nuxt.js，记录一下常用的点，后期会持续改进。","imageUrl":"","visitor":0,"commentators":0,"shared":0,"star":1,"starList":["5e4e4cf6b8620637839d8d3d"],"createTime":"2020-02-19T14:39:44.360Z","updateTime":"2020-03-12T10:19:28.739Z","_id":"5e5ca8efb8620637839d8d40","author":{"_id":"5e4e4999b8620637839d8d3b","username":"rd_1985@163.com"},"title":"Nuxt.js初探","category":"5e181e2ca1a77c95daa48b32","state":2,"__v":0},{"anonymous":false,"introduction":"hooks","imageUrl":"","visitor":0,"commentators":0,"shared":0,"star":0,"starList":[],"createTime":"2020-02-19T14:39:44.360Z","updateTime":"2020-03-12T10:34:06.433Z","_id":"5e6a101eb8620637839d8d41","author":{"_id":"5e4e4cf6b8620637839d8d3d","username":"1623246663@qq.com"},"title":"react hooks的使用","category":"5e181e2ca1a77c95daa48b32","state":2,"__v":0},{"anonymous":false,"introduction":"好些年前做图片上传我都是用的form表单提交到后端，最近改用ajax提交图片，在这里做一下记录。包含在项目中使用的图片压缩。","imageUrl":"","visitor":0,"commentators":0,"shared":0,"star":0,"starList":[],"createTime":"2020-02-19T14:39:44.360Z","updateTime":"2020-04-01T10:32:21.808Z","_id":"5e846db5b8620637839d8d42","author":{"_id":"5e4e4999b8620637839d8d3b","username":"rd_1985@163.com"},"title":"web端图片上传","category":"5e181e2ca1a77c95daa48b32","state":2,"__v":0}],"total":4},"code":200}
***** response log end ******

[2020-04-06T16:01:16.135] [INFO] responseLog - 
***** response log start *****
request originalUrl: /api/artical/getList
request client ip: null
request body
{}
response time: 0
response status: 200
response body: 
""
***** response log end ******

[2020-04-06T16:01:20.712] [INFO] responseLog - 
***** response log start *****
request originalUrl: /api/getCategory?t=1586160080674
request client ip: 127.0.0.1
request query: {"t":"1586160080674"}
response time: 34
response status: 200
response body: 
{"message":"成功","data":[{"createTime":"2020-04-06T07:47:51.543Z","updateTime":"2020-04-06T07:47:51.543Z","_id":"5e181d8ea1a77c95daa48b31","name":"推荐","state":1},{"createTime":"2020-04-06T07:47:51.543Z","updateTime":"2020-04-06T07:47:51.543Z","_id":"5e181e2ca1a77c95daa48b32","name":"web前端","state":1},{"createTime":"2020-04-06T07:47:51.543Z","updateTime":"2020-04-06T07:47:51.543Z","_id":"5e181e5aa1a77c95daa48b33","name":"nodejs","state":1},{"createTime":"2020-04-06T07:47:51.543Z","updateTime":"2020-04-06T07:47:51.543Z","_id":"5e181e67a1a77c95daa48b34","name":"摄影","state":1},{"createTime":"2020-04-06T07:47:51.543Z","updateTime":"2020-04-06T07:47:51.543Z","_id":"5e181e6fa1a77c95daa48b35","name":"旅游","state":1},{"createTime":"2020-04-06T07:47:51.543Z","updateTime":"2020-04-06T07:47:51.543Z","_id":"5e181e77a1a77c95daa48b36","name":"电影","state":1},{"createTime":"2020-04-06T07:47:51.543Z","updateTime":"2020-04-06T07:47:51.543Z","_id":"5e181e80a1a77c95daa48b37","name":"娱乐","state":1},{"createTime":"2020-04-06T07:47:51.543Z","updateTime":"2020-04-06T07:47:51.543Z","_id":"5e6a0605fb773b711907175a","name":"踩坑指北","state":1}],"code":200}
***** response log end ******

[2020-04-06T16:01:20.805] [INFO] responseLog - 
***** response log start *****
request originalUrl: /api/artical/getList
request client ip: 127.0.0.1
request body
{"where":{},"include":"author","includeword":{"username":1},"skip":null}
response time: 88
response status: 200
response body: 
{"message":"成功","data":{"data":[{"anonymous":false,"introduction":"常见的http状态码大全","imageUrl":"","visitor":0,"commentators":0,"shared":0,"star":1,"starList":["5e4e4999b8620637839d8d3b"],"createTime":"2020-02-19T14:39:44.360Z","updateTime":"2020-02-20T09:35:33.533Z","_id":"5e4e4aa2b8620637839d8d3c","author":{"_id":"5e4e4cf6b8620637839d8d3d","username":"1623246663@qq.com"},"title":"http状态码","category":"5e181e5aa1a77c95daa48b33","state":2,"__v":0},{"anonymous":false,"introduction":"第一次使用nuxt.js，记录一下常用的点，后期会持续改进。","imageUrl":"","visitor":0,"commentators":0,"shared":0,"star":1,"starList":["5e4e4cf6b8620637839d8d3d"],"createTime":"2020-02-19T14:39:44.360Z","updateTime":"2020-03-12T10:19:28.739Z","_id":"5e5ca8efb8620637839d8d40","author":{"_id":"5e4e4999b8620637839d8d3b","username":"rd_1985@163.com"},"title":"Nuxt.js初探","category":"5e181e2ca1a77c95daa48b32","state":2,"__v":0},{"anonymous":false,"introduction":"hooks","imageUrl":"","visitor":0,"commentators":0,"shared":0,"star":0,"starList":[],"createTime":"2020-02-19T14:39:44.360Z","updateTime":"2020-03-12T10:34:06.433Z","_id":"5e6a101eb8620637839d8d41","author":{"_id":"5e4e4cf6b8620637839d8d3d","username":"1623246663@qq.com"},"title":"react hooks的使用","category":"5e181e2ca1a77c95daa48b32","state":2,"__v":0},{"anonymous":false,"introduction":"好些年前做图片上传我都是用的form表单提交到后端，最近改用ajax提交图片，在这里做一下记录。包含在项目中使用的图片压缩。","imageUrl":"","visitor":0,"commentators":0,"shared":0,"star":0,"starList":[],"createTime":"2020-02-19T14:39:44.360Z","updateTime":"2020-04-01T10:32:21.808Z","_id":"5e846db5b8620637839d8d42","author":{"_id":"5e4e4999b8620637839d8d3b","username":"rd_1985@163.com"},"title":"web端图片上传","category":"5e181e2ca1a77c95daa48b32","state":2,"__v":0}],"total":4},"code":200}
***** response log end ******

[2020-04-06T16:01:28.548] [INFO] responseLog - 
***** response log start *****
request originalUrl: /api/artical/getList
request client ip: null
request body
{}
response time: 0
response status: 200
response body: 
""
***** response log end ******

[2020-04-06T16:04:56.146] [INFO] responseLog - 
***** response log start *****
request originalUrl: /api/getCategory?t=1586160296112
request client ip: 127.0.0.1
request query: {"t":"1586160296112"}
response time: 30
response status: 200
response body: 
{"message":"成功","data":[{"createTime":"2020-04-06T07:47:51.543Z","updateTime":"2020-04-06T07:47:51.543Z","_id":"5e181d8ea1a77c95daa48b31","name":"推荐","state":1},{"createTime":"2020-04-06T07:47:51.543Z","updateTime":"2020-04-06T07:47:51.543Z","_id":"5e181e2ca1a77c95daa48b32","name":"web前端","state":1},{"createTime":"2020-04-06T07:47:51.543Z","updateTime":"2020-04-06T07:47:51.543Z","_id":"5e181e5aa1a77c95daa48b33","name":"nodejs","state":1},{"createTime":"2020-04-06T07:47:51.543Z","updateTime":"2020-04-06T07:47:51.543Z","_id":"5e181e67a1a77c95daa48b34","name":"摄影","state":1},{"createTime":"2020-04-06T07:47:51.543Z","updateTime":"2020-04-06T07:47:51.543Z","_id":"5e181e6fa1a77c95daa48b35","name":"旅游","state":1},{"createTime":"2020-04-06T07:47:51.543Z","updateTime":"2020-04-06T07:47:51.543Z","_id":"5e181e77a1a77c95daa48b36","name":"电影","state":1},{"createTime":"2020-04-06T07:47:51.543Z","updateTime":"2020-04-06T07:47:51.543Z","_id":"5e181e80a1a77c95daa48b37","name":"娱乐","state":1},{"createTime":"2020-04-06T07:47:51.543Z","updateTime":"2020-04-06T07:47:51.543Z","_id":"5e6a0605fb773b711907175a","name":"踩坑指北","state":1}],"code":200}
***** response log end ******

[2020-04-06T16:04:56.234] [INFO] responseLog - 
***** response log start *****
request originalUrl: /api/artical/getList
request client ip: 127.0.0.1
request body
{"where":{},"include":"author","includeword":{"username":1},"skip":null}
response time: 85
response status: 200
response body: 
{"message":"成功","data":{"data":[{"anonymous":false,"introduction":"常见的http状态码大全","imageUrl":"","visitor":0,"commentators":0,"shared":0,"star":1,"starList":["5e4e4999b8620637839d8d3b"],"createTime":"2020-02-19T14:39:44.360Z","updateTime":"2020-02-20T09:35:33.533Z","_id":"5e4e4aa2b8620637839d8d3c","author":{"_id":"5e4e4cf6b8620637839d8d3d","username":"1623246663@qq.com"},"title":"http状态码","category":"5e181e5aa1a77c95daa48b33","state":2,"__v":0},{"anonymous":false,"introduction":"第一次使用nuxt.js，记录一下常用的点，后期会持续改进。","imageUrl":"","visitor":0,"commentators":0,"shared":0,"star":1,"starList":["5e4e4cf6b8620637839d8d3d"],"createTime":"2020-02-19T14:39:44.360Z","updateTime":"2020-03-12T10:19:28.739Z","_id":"5e5ca8efb8620637839d8d40","author":{"_id":"5e4e4999b8620637839d8d3b","username":"rd_1985@163.com"},"title":"Nuxt.js初探","category":"5e181e2ca1a77c95daa48b32","state":2,"__v":0},{"anonymous":false,"introduction":"hooks","imageUrl":"","visitor":0,"commentators":0,"shared":0,"star":0,"starList":[],"createTime":"2020-02-19T14:39:44.360Z","updateTime":"2020-03-12T10:34:06.433Z","_id":"5e6a101eb8620637839d8d41","author":{"_id":"5e4e4cf6b8620637839d8d3d","username":"1623246663@qq.com"},"title":"react hooks的使用","category":"5e181e2ca1a77c95daa48b32","state":2,"__v":0},{"anonymous":false,"introduction":"好些年前做图片上传我都是用的form表单提交到后端，最近改用ajax提交图片，在这里做一下记录。包含在项目中使用的图片压缩。","imageUrl":"","visitor":0,"commentators":0,"shared":0,"star":0,"starList":[],"createTime":"2020-02-19T14:39:44.360Z","updateTime":"2020-04-01T10:32:21.808Z","_id":"5e846db5b8620637839d8d42","author":{"_id":"5e4e4999b8620637839d8d3b","username":"rd_1985@163.com"},"title":"web端图片上传","category":"5e181e2ca1a77c95daa48b32","state":2,"__v":0}],"total":4},"code":200}
***** response log end ******

[2020-04-06T16:04:58.402] [INFO] responseLog - 
***** response log start *****
request originalUrl: /api/artical/getList
request client ip: null
request body
{}
response time: 0
response status: 200
response body: 
""
***** response log end ******

[2020-04-06T16:05:03.946] [INFO] responseLog - 
***** response log start *****
request originalUrl: /api/artical/getList
request client ip: null
request body
{}
response time: 1
response status: 200
response body: 
""
***** response log end ******

[2020-04-06T16:05:05.227] [INFO] responseLog - 
***** response log start *****
request originalUrl: /api/artical/getList
request client ip: null
request body
{}
response time: 0
response status: 200
response body: 
""
***** response log end ******

[2020-04-06T16:05:06.726] [INFO] responseLog - 
***** response log start *****
request originalUrl: /api/artical/getList
request client ip: null
request body
{}
response time: 1
response status: 200
response body: 
""
***** response log end ******

[2020-04-06T16:05:14.105] [INFO] responseLog - 
***** response log start *****
request originalUrl: /api/artical/getList
request client ip: null
request body
{}
response time: 2
response status: 200
response body: 
""
***** response log end ******

[2020-04-06T16:05:17.739] [INFO] responseLog - 
***** response log start *****
request originalUrl: /api/getCategory?t=1586160317704
request client ip: 127.0.0.1
request query: {"t":"1586160317704"}
response time: 33
response status: 200
response body: 
{"message":"成功","data":[{"createTime":"2020-04-06T07:47:51.543Z","updateTime":"2020-04-06T07:47:51.543Z","_id":"5e181d8ea1a77c95daa48b31","name":"推荐","state":1},{"createTime":"2020-04-06T07:47:51.543Z","updateTime":"2020-04-06T07:47:51.543Z","_id":"5e181e2ca1a77c95daa48b32","name":"web前端","state":1},{"createTime":"2020-04-06T07:47:51.543Z","updateTime":"2020-04-06T07:47:51.543Z","_id":"5e181e5aa1a77c95daa48b33","name":"nodejs","state":1},{"createTime":"2020-04-06T07:47:51.543Z","updateTime":"2020-04-06T07:47:51.543Z","_id":"5e181e67a1a77c95daa48b34","name":"摄影","state":1},{"createTime":"2020-04-06T07:47:51.543Z","updateTime":"2020-04-06T07:47:51.543Z","_id":"5e181e6fa1a77c95daa48b35","name":"旅游","state":1},{"createTime":"2020-04-06T07:47:51.543Z","updateTime":"2020-04-06T07:47:51.543Z","_id":"5e181e77a1a77c95daa48b36","name":"电影","state":1},{"createTime":"2020-04-06T07:47:51.543Z","updateTime":"2020-04-06T07:47:51.543Z","_id":"5e181e80a1a77c95daa48b37","name":"娱乐","state":1},{"createTime":"2020-04-06T07:47:51.543Z","updateTime":"2020-04-06T07:47:51.543Z","_id":"5e6a0605fb773b711907175a","name":"踩坑指北","state":1}],"code":200}
***** response log end ******

[2020-04-06T16:05:17.833] [INFO] responseLog - 
***** response log start *****
request originalUrl: /api/artical/getList
request client ip: 127.0.0.1
request body
{"where":{},"include":"author","includeword":{"username":1},"skip":null}
response time: 89
response status: 200
response body: 
{"message":"成功","data":{"data":[{"anonymous":false,"introduction":"常见的http状态码大全","imageUrl":"","visitor":0,"commentators":0,"shared":0,"star":1,"starList":["5e4e4999b8620637839d8d3b"],"createTime":"2020-02-19T14:39:44.360Z","updateTime":"2020-02-20T09:35:33.533Z","_id":"5e4e4aa2b8620637839d8d3c","author":{"_id":"5e4e4cf6b8620637839d8d3d","username":"1623246663@qq.com"},"title":"http状态码","category":"5e181e5aa1a77c95daa48b33","state":2,"__v":0},{"anonymous":false,"introduction":"第一次使用nuxt.js，记录一下常用的点，后期会持续改进。","imageUrl":"","visitor":0,"commentators":0,"shared":0,"star":1,"starList":["5e4e4cf6b8620637839d8d3d"],"createTime":"2020-02-19T14:39:44.360Z","updateTime":"2020-03-12T10:19:28.739Z","_id":"5e5ca8efb8620637839d8d40","author":{"_id":"5e4e4999b8620637839d8d3b","username":"rd_1985@163.com"},"title":"Nuxt.js初探","category":"5e181e2ca1a77c95daa48b32","state":2,"__v":0},{"anonymous":false,"introduction":"hooks","imageUrl":"","visitor":0,"commentators":0,"shared":0,"star":0,"starList":[],"createTime":"2020-02-19T14:39:44.360Z","updateTime":"2020-03-12T10:34:06.433Z","_id":"5e6a101eb8620637839d8d41","author":{"_id":"5e4e4cf6b8620637839d8d3d","username":"1623246663@qq.com"},"title":"react hooks的使用","category":"5e181e2ca1a77c95daa48b32","state":2,"__v":0},{"anonymous":false,"introduction":"好些年前做图片上传我都是用的form表单提交到后端，最近改用ajax提交图片，在这里做一下记录。包含在项目中使用的图片压缩。","imageUrl":"","visitor":0,"commentators":0,"shared":0,"star":0,"starList":[],"createTime":"2020-02-19T14:39:44.360Z","updateTime":"2020-04-01T10:32:21.808Z","_id":"5e846db5b8620637839d8d42","author":{"_id":"5e4e4999b8620637839d8d3b","username":"rd_1985@163.com"},"title":"web端图片上传","category":"5e181e2ca1a77c95daa48b32","state":2,"__v":0}],"total":4},"code":200}
***** response log end ******

[2020-04-06T16:19:01.137] [INFO] responseLog - 
***** response log start *****
request originalUrl: /api/getCategory?t=1586161141074
request client ip: 127.0.0.1
request query: {"t":"1586161141074"}
response time: 54
response status: 200
response body: 
{"message":"成功","data":[{"createTime":"2020-04-06T08:18:57.314Z","updateTime":"2020-04-06T08:18:57.314Z","_id":"5e181d8ea1a77c95daa48b31","name":"推荐","state":1},{"createTime":"2020-04-06T08:18:57.314Z","updateTime":"2020-04-06T08:18:57.314Z","_id":"5e181e2ca1a77c95daa48b32","name":"web前端","state":1},{"createTime":"2020-04-06T08:18:57.314Z","updateTime":"2020-04-06T08:18:57.314Z","_id":"5e181e5aa1a77c95daa48b33","name":"nodejs","state":1},{"createTime":"2020-04-06T08:18:57.314Z","updateTime":"2020-04-06T08:18:57.314Z","_id":"5e181e67a1a77c95daa48b34","name":"摄影","state":1},{"createTime":"2020-04-06T08:18:57.314Z","updateTime":"2020-04-06T08:18:57.314Z","_id":"5e181e6fa1a77c95daa48b35","name":"旅游","state":1},{"createTime":"2020-04-06T08:18:57.314Z","updateTime":"2020-04-06T08:18:57.314Z","_id":"5e181e77a1a77c95daa48b36","name":"电影","state":1},{"createTime":"2020-04-06T08:18:57.314Z","updateTime":"2020-04-06T08:18:57.314Z","_id":"5e181e80a1a77c95daa48b37","name":"娱乐","state":1},{"createTime":"2020-04-06T08:18:57.314Z","updateTime":"2020-04-06T08:18:57.314Z","_id":"5e6a0605fb773b711907175a","name":"踩坑指北","state":1}],"code":200}
***** response log end ******

[2020-04-06T16:19:01.255] [INFO] responseLog - 
***** response log start *****
request originalUrl: /api/artical/getList
request client ip: 127.0.0.1
request body
{"where":{},"include":"author","includeword":{"username":1},"skip":null}
response time: 110
response status: 200
response body: 
{"message":"成功","data":{"data":[{"anonymous":false,"introduction":"常见的http状态码大全","imageUrl":"","visitor":0,"commentators":0,"shared":0,"star":1,"starList":["5e4e4999b8620637839d8d3b"],"createTime":"2020-02-19T14:39:44.360Z","updateTime":"2020-02-20T09:35:33.533Z","_id":"5e4e4aa2b8620637839d8d3c","author":{"_id":"5e4e4cf6b8620637839d8d3d","username":"1623246663@qq.com"},"title":"http状态码","category":"5e181e5aa1a77c95daa48b33","state":2,"__v":0},{"anonymous":false,"introduction":"第一次使用nuxt.js，记录一下常用的点，后期会持续改进。","imageUrl":"","visitor":0,"commentators":0,"shared":0,"star":1,"starList":["5e4e4cf6b8620637839d8d3d"],"createTime":"2020-02-19T14:39:44.360Z","updateTime":"2020-03-12T10:19:28.739Z","_id":"5e5ca8efb8620637839d8d40","author":{"_id":"5e4e4999b8620637839d8d3b","username":"rd_1985@163.com"},"title":"Nuxt.js初探","category":"5e181e2ca1a77c95daa48b32","state":2,"__v":0},{"anonymous":false,"introduction":"hooks","imageUrl":"","visitor":0,"commentators":0,"shared":0,"star":0,"starList":[],"createTime":"2020-02-19T14:39:44.360Z","updateTime":"2020-03-12T10:34:06.433Z","_id":"5e6a101eb8620637839d8d41","author":{"_id":"5e4e4cf6b8620637839d8d3d","username":"1623246663@qq.com"},"title":"react hooks的使用","category":"5e181e2ca1a77c95daa48b32","state":2,"__v":0},{"anonymous":false,"introduction":"好些年前做图片上传我都是用的form表单提交到后端，最近改用ajax提交图片，在这里做一下记录。包含在项目中使用的图片压缩。","imageUrl":"","visitor":0,"commentators":0,"shared":0,"star":0,"starList":[],"createTime":"2020-02-19T14:39:44.360Z","updateTime":"2020-04-01T10:32:21.808Z","_id":"5e846db5b8620637839d8d42","author":{"_id":"5e4e4999b8620637839d8d3b","username":"rd_1985@163.com"},"title":"web端图片上传","category":"5e181e2ca1a77c95daa48b32","state":2,"__v":0}],"total":4},"code":200}
***** response log end ******

[2020-04-06T16:19:57.562] [INFO] responseLog - 
***** response log start *****
request originalUrl: /api/getCategory?t=1586161197488
request client ip: 127.0.0.1
request query: {"t":"1586161197488"}
response time: 62
response status: 200
response body: 
{"message":"成功","data":[{"createTime":"2020-04-06T08:19:25.692Z","updateTime":"2020-04-06T08:19:25.692Z","_id":"5e181d8ea1a77c95daa48b31","name":"推荐","state":1},{"createTime":"2020-04-06T08:19:25.692Z","updateTime":"2020-04-06T08:19:25.692Z","_id":"5e181e2ca1a77c95daa48b32","name":"web前端","state":1},{"createTime":"2020-04-06T08:19:25.692Z","updateTime":"2020-04-06T08:19:25.692Z","_id":"5e181e5aa1a77c95daa48b33","name":"nodejs","state":1},{"createTime":"2020-04-06T08:19:25.692Z","updateTime":"2020-04-06T08:19:25.692Z","_id":"5e181e67a1a77c95daa48b34","name":"摄影","state":1},{"createTime":"2020-04-06T08:19:25.692Z","updateTime":"2020-04-06T08:19:25.692Z","_id":"5e181e6fa1a77c95daa48b35","name":"旅游","state":1},{"createTime":"2020-04-06T08:19:25.692Z","updateTime":"2020-04-06T08:19:25.692Z","_id":"5e181e77a1a77c95daa48b36","name":"电影","state":1},{"createTime":"2020-04-06T08:19:25.692Z","updateTime":"2020-04-06T08:19:25.692Z","_id":"5e181e80a1a77c95daa48b37","name":"娱乐","state":1},{"createTime":"2020-04-06T08:19:25.692Z","updateTime":"2020-04-06T08:19:25.692Z","_id":"5e6a0605fb773b711907175a","name":"踩坑指北","state":1}],"code":200}
***** response log end ******

[2020-04-06T16:19:57.698] [INFO] responseLog - 
***** response log start *****
request originalUrl: /api/artical/getList
request client ip: 127.0.0.1
request body
{"where":{},"include":"author","includeword":{"username":1},"skip":null}
response time: 125
response status: 200
response body: 
{"message":"成功","data":{"data":[{"anonymous":false,"introduction":"常见的http状态码大全","imageUrl":"","visitor":0,"commentators":0,"shared":0,"star":1,"starList":["5e4e4999b8620637839d8d3b"],"createTime":"2020-02-19T14:39:44.360Z","updateTime":"2020-02-20T09:35:33.533Z","_id":"5e4e4aa2b8620637839d8d3c","author":{"_id":"5e4e4cf6b8620637839d8d3d","username":"1623246663@qq.com"},"title":"http状态码","category":"5e181e5aa1a77c95daa48b33","state":2,"__v":0},{"anonymous":false,"introduction":"第一次使用nuxt.js，记录一下常用的点，后期会持续改进。","imageUrl":"","visitor":0,"commentators":0,"shared":0,"star":1,"starList":["5e4e4cf6b8620637839d8d3d"],"createTime":"2020-02-19T14:39:44.360Z","updateTime":"2020-03-12T10:19:28.739Z","_id":"5e5ca8efb8620637839d8d40","author":{"_id":"5e4e4999b8620637839d8d3b","username":"rd_1985@163.com"},"title":"Nuxt.js初探","category":"5e181e2ca1a77c95daa48b32","state":2,"__v":0},{"anonymous":false,"introduction":"hooks","imageUrl":"","visitor":0,"commentators":0,"shared":0,"star":0,"starList":[],"createTime":"2020-02-19T14:39:44.360Z","updateTime":"2020-03-12T10:34:06.433Z","_id":"5e6a101eb8620637839d8d41","author":{"_id":"5e4e4cf6b8620637839d8d3d","username":"1623246663@qq.com"},"title":"react hooks的使用","category":"5e181e2ca1a77c95daa48b32","state":2,"__v":0},{"anonymous":false,"introduction":"好些年前做图片上传我都是用的form表单提交到后端，最近改用ajax提交图片，在这里做一下记录。包含在项目中使用的图片压缩。","imageUrl":"","visitor":0,"commentators":0,"shared":0,"star":0,"starList":[],"createTime":"2020-02-19T14:39:44.360Z","updateTime":"2020-04-01T10:32:21.808Z","_id":"5e846db5b8620637839d8d42","author":{"_id":"5e4e4999b8620637839d8d3b","username":"rd_1985@163.com"},"title":"web端图片上传","category":"5e181e2ca1a77c95daa48b32","state":2,"__v":0}],"total":4},"code":200}
***** response log end ******

[2020-04-06T16:23:12.224] [INFO] responseLog - 
***** response log start *****
request originalUrl: /api/getCategory?t=1586161392141
request client ip: 127.0.0.1
request query: {"t":"1586161392141"}
response time: 68
response status: 200
response body: 
{"message":"成功","data":[{"createTime":"2020-04-06T08:22:37.188Z","updateTime":"2020-04-06T08:22:37.188Z","_id":"5e181d8ea1a77c95daa48b31","name":"推荐","state":1},{"createTime":"2020-04-06T08:22:37.188Z","updateTime":"2020-04-06T08:22:37.188Z","_id":"5e181e2ca1a77c95daa48b32","name":"web前端","state":1},{"createTime":"2020-04-06T08:22:37.188Z","updateTime":"2020-04-06T08:22:37.188Z","_id":"5e181e5aa1a77c95daa48b33","name":"nodejs","state":1},{"createTime":"2020-04-06T08:22:37.188Z","updateTime":"2020-04-06T08:22:37.188Z","_id":"5e181e67a1a77c95daa48b34","name":"摄影","state":1},{"createTime":"2020-04-06T08:22:37.188Z","updateTime":"2020-04-06T08:22:37.188Z","_id":"5e181e6fa1a77c95daa48b35","name":"旅游","state":1},{"createTime":"2020-04-06T08:22:37.188Z","updateTime":"2020-04-06T08:22:37.188Z","_id":"5e181e77a1a77c95daa48b36","name":"电影","state":1},{"createTime":"2020-04-06T08:22:37.188Z","updateTime":"2020-04-06T08:22:37.188Z","_id":"5e181e80a1a77c95daa48b37","name":"娱乐","state":1},{"createTime":"2020-04-06T08:22:37.188Z","updateTime":"2020-04-06T08:22:37.188Z","_id":"5e6a0605fb773b711907175a","name":"踩坑指北","state":1}],"code":200}
***** response log end ******

[2020-04-06T16:23:12.354] [INFO] responseLog - 
***** response log start *****
request originalUrl: /api/artical/getList
request client ip: 127.0.0.1
request body
{"where":{},"include":"author","includeword":{"username":1},"skip":null}
response time: 117
response status: 200
response body: 
{"message":"成功","data":{"data":[{"anonymous":false,"introduction":"常见的http状态码大全","imageUrl":"","visitor":0,"commentators":0,"shared":0,"star":1,"starList":["5e4e4999b8620637839d8d3b"],"createTime":"2020-02-19T14:39:44.360Z","updateTime":"2020-02-20T09:35:33.533Z","_id":"5e4e4aa2b8620637839d8d3c","author":{"_id":"5e4e4cf6b8620637839d8d3d","username":"1623246663@qq.com"},"title":"http状态码","category":"5e181e5aa1a77c95daa48b33","state":2,"__v":0},{"anonymous":false,"introduction":"第一次使用nuxt.js，记录一下常用的点，后期会持续改进。","imageUrl":"","visitor":0,"commentators":0,"shared":0,"star":1,"starList":["5e4e4cf6b8620637839d8d3d"],"createTime":"2020-02-19T14:39:44.360Z","updateTime":"2020-03-12T10:19:28.739Z","_id":"5e5ca8efb8620637839d8d40","author":{"_id":"5e4e4999b8620637839d8d3b","username":"rd_1985@163.com"},"title":"Nuxt.js初探","category":"5e181e2ca1a77c95daa48b32","state":2,"__v":0},{"anonymous":false,"introduction":"hooks","imageUrl":"","visitor":0,"commentators":0,"shared":0,"star":0,"starList":[],"createTime":"2020-02-19T14:39:44.360Z","updateTime":"2020-03-12T10:34:06.433Z","_id":"5e6a101eb8620637839d8d41","author":{"_id":"5e4e4cf6b8620637839d8d3d","username":"1623246663@qq.com"},"title":"react hooks的使用","category":"5e181e2ca1a77c95daa48b32","state":2,"__v":0},{"anonymous":false,"introduction":"好些年前做图片上传我都是用的form表单提交到后端，最近改用ajax提交图片，在这里做一下记录。包含在项目中使用的图片压缩。","imageUrl":"","visitor":0,"commentators":0,"shared":0,"star":0,"starList":[],"createTime":"2020-02-19T14:39:44.360Z","updateTime":"2020-04-01T10:32:21.808Z","_id":"5e846db5b8620637839d8d42","author":{"_id":"5e4e4999b8620637839d8d3b","username":"rd_1985@163.com"},"title":"web端图片上传","category":"5e181e2ca1a77c95daa48b32","state":2,"__v":0}],"total":4},"code":200}
***** response log end ******

[2020-04-06T16:31:48.486] [INFO] responseLog - 
***** response log start *****
request originalUrl: /api/getCategory?t=1586161908415
request client ip: 127.0.0.1
request query: {"t":"1586161908415"}
response time: 59
response status: 200
response body: 
{"message":"成功","data":[{"createTime":"2020-04-06T08:31:43.877Z","updateTime":"2020-04-06T08:31:43.877Z","_id":"5e181d8ea1a77c95daa48b31","name":"推荐","state":1},{"createTime":"2020-04-06T08:31:43.877Z","updateTime":"2020-04-06T08:31:43.877Z","_id":"5e181e2ca1a77c95daa48b32","name":"web前端","state":1},{"createTime":"2020-04-06T08:31:43.877Z","updateTime":"2020-04-06T08:31:43.877Z","_id":"5e181e5aa1a77c95daa48b33","name":"nodejs","state":1},{"createTime":"2020-04-06T08:31:43.877Z","updateTime":"2020-04-06T08:31:43.877Z","_id":"5e181e67a1a77c95daa48b34","name":"摄影","state":1},{"createTime":"2020-04-06T08:31:43.877Z","updateTime":"2020-04-06T08:31:43.877Z","_id":"5e181e6fa1a77c95daa48b35","name":"旅游","state":1},{"createTime":"2020-04-06T08:31:43.877Z","updateTime":"2020-04-06T08:31:43.877Z","_id":"5e181e77a1a77c95daa48b36","name":"电影","state":1},{"createTime":"2020-04-06T08:31:43.877Z","updateTime":"2020-04-06T08:31:43.877Z","_id":"5e181e80a1a77c95daa48b37","name":"娱乐","state":1},{"createTime":"2020-04-06T08:31:43.877Z","updateTime":"2020-04-06T08:31:43.877Z","_id":"5e6a0605fb773b711907175a","name":"踩坑指北","state":1}],"code":200}
***** response log end ******

[2020-04-06T16:31:48.620] [INFO] responseLog - 
***** response log start *****
request originalUrl: /api/artical/getList
request client ip: 127.0.0.1
request body
{"where":{},"include":"author","includeword":{"username":1},"skip":null}
response time: 126
response status: 200
response body: 
{"message":"成功","data":{"data":[{"anonymous":false,"introduction":"常见的http状态码大全","imageUrl":"","visitor":0,"commentators":0,"shared":0,"star":1,"starList":["5e4e4999b8620637839d8d3b"],"createTime":"2020-02-19T14:39:44.360Z","updateTime":"2020-02-20T09:35:33.533Z","_id":"5e4e4aa2b8620637839d8d3c","author":{"_id":"5e4e4cf6b8620637839d8d3d","username":"1623246663@qq.com"},"title":"http状态码","category":"5e181e5aa1a77c95daa48b33","state":2,"__v":0},{"anonymous":false,"introduction":"第一次使用nuxt.js，记录一下常用的点，后期会持续改进。","imageUrl":"","visitor":0,"commentators":0,"shared":0,"star":1,"starList":["5e4e4cf6b8620637839d8d3d"],"createTime":"2020-02-19T14:39:44.360Z","updateTime":"2020-03-12T10:19:28.739Z","_id":"5e5ca8efb8620637839d8d40","author":{"_id":"5e4e4999b8620637839d8d3b","username":"rd_1985@163.com"},"title":"Nuxt.js初探","category":"5e181e2ca1a77c95daa48b32","state":2,"__v":0},{"anonymous":false,"introduction":"hooks","imageUrl":"","visitor":0,"commentators":0,"shared":0,"star":0,"starList":[],"createTime":"2020-02-19T14:39:44.360Z","updateTime":"2020-03-12T10:34:06.433Z","_id":"5e6a101eb8620637839d8d41","author":{"_id":"5e4e4cf6b8620637839d8d3d","username":"1623246663@qq.com"},"title":"react hooks的使用","category":"5e181e2ca1a77c95daa48b32","state":2,"__v":0},{"anonymous":false,"introduction":"好些年前做图片上传我都是用的form表单提交到后端，最近改用ajax提交图片，在这里做一下记录。包含在项目中使用的图片压缩。","imageUrl":"","visitor":0,"commentators":0,"shared":0,"star":0,"starList":[],"createTime":"2020-02-19T14:39:44.360Z","updateTime":"2020-04-01T10:32:21.808Z","_id":"5e846db5b8620637839d8d42","author":{"_id":"5e4e4999b8620637839d8d3b","username":"rd_1985@163.com"},"title":"web端图片上传","category":"5e181e2ca1a77c95daa48b32","state":2,"__v":0}],"total":4},"code":200}
***** response log end ******

[2020-04-06T16:32:04.071] [INFO] responseLog - 
***** response log start *****
request originalUrl: /api/getCategory?t=1586161924034
request client ip: 127.0.0.1
request query: {"t":"1586161924034"}
response time: 33
response status: 200
response body: 
{"message":"成功","data":[{"createTime":"2020-04-06T08:31:43.877Z","updateTime":"2020-04-06T08:31:43.877Z","_id":"5e181d8ea1a77c95daa48b31","name":"推荐","state":1},{"createTime":"2020-04-06T08:31:43.877Z","updateTime":"2020-04-06T08:31:43.877Z","_id":"5e181e2ca1a77c95daa48b32","name":"web前端","state":1},{"createTime":"2020-04-06T08:31:43.877Z","updateTime":"2020-04-06T08:31:43.877Z","_id":"5e181e5aa1a77c95daa48b33","name":"nodejs","state":1},{"createTime":"2020-04-06T08:31:43.877Z","updateTime":"2020-04-06T08:31:43.877Z","_id":"5e181e67a1a77c95daa48b34","name":"摄影","state":1},{"createTime":"2020-04-06T08:31:43.877Z","updateTime":"2020-04-06T08:31:43.877Z","_id":"5e181e6fa1a77c95daa48b35","name":"旅游","state":1},{"createTime":"2020-04-06T08:31:43.877Z","updateTime":"2020-04-06T08:31:43.877Z","_id":"5e181e77a1a77c95daa48b36","name":"电影","state":1},{"createTime":"2020-04-06T08:31:43.877Z","updateTime":"2020-04-06T08:31:43.877Z","_id":"5e181e80a1a77c95daa48b37","name":"娱乐","state":1},{"createTime":"2020-04-06T08:31:43.877Z","updateTime":"2020-04-06T08:31:43.877Z","_id":"5e6a0605fb773b711907175a","name":"踩坑指北","state":1}],"code":200}
***** response log end ******

[2020-04-06T16:32:04.178] [INFO] responseLog - 
***** response log start *****
request originalUrl: /api/artical/getList
request client ip: 127.0.0.1
request body
{"where":{},"include":"author","includeword":{"username":1},"skip":null}
response time: 101
response status: 200
response body: 
{"message":"成功","data":{"data":[{"anonymous":false,"introduction":"常见的http状态码大全","imageUrl":"","visitor":0,"commentators":0,"shared":0,"star":1,"starList":["5e4e4999b8620637839d8d3b"],"createTime":"2020-02-19T14:39:44.360Z","updateTime":"2020-02-20T09:35:33.533Z","_id":"5e4e4aa2b8620637839d8d3c","author":{"_id":"5e4e4cf6b8620637839d8d3d","username":"1623246663@qq.com"},"title":"http状态码","category":"5e181e5aa1a77c95daa48b33","state":2,"__v":0},{"anonymous":false,"introduction":"第一次使用nuxt.js，记录一下常用的点，后期会持续改进。","imageUrl":"","visitor":0,"commentators":0,"shared":0,"star":1,"starList":["5e4e4cf6b8620637839d8d3d"],"createTime":"2020-02-19T14:39:44.360Z","updateTime":"2020-03-12T10:19:28.739Z","_id":"5e5ca8efb8620637839d8d40","author":{"_id":"5e4e4999b8620637839d8d3b","username":"rd_1985@163.com"},"title":"Nuxt.js初探","category":"5e181e2ca1a77c95daa48b32","state":2,"__v":0},{"anonymous":false,"introduction":"hooks","imageUrl":"","visitor":0,"commentators":0,"shared":0,"star":0,"starList":[],"createTime":"2020-02-19T14:39:44.360Z","updateTime":"2020-03-12T10:34:06.433Z","_id":"5e6a101eb8620637839d8d41","author":{"_id":"5e4e4cf6b8620637839d8d3d","username":"1623246663@qq.com"},"title":"react hooks的使用","category":"5e181e2ca1a77c95daa48b32","state":2,"__v":0},{"anonymous":false,"introduction":"好些年前做图片上传我都是用的form表单提交到后端，最近改用ajax提交图片，在这里做一下记录。包含在项目中使用的图片压缩。","imageUrl":"","visitor":0,"commentators":0,"shared":0,"star":0,"starList":[],"createTime":"2020-02-19T14:39:44.360Z","updateTime":"2020-04-01T10:32:21.808Z","_id":"5e846db5b8620637839d8d42","author":{"_id":"5e4e4999b8620637839d8d3b","username":"rd_1985@163.com"},"title":"web端图片上传","category":"5e181e2ca1a77c95daa48b32","state":2,"__v":0}],"total":4},"code":200}
***** response log end ******

[2020-04-06T16:36:53.796] [INFO] responseLog - 
***** response log start *****
request originalUrl: /api/getCategory?t=1586162213730
request client ip: 127.0.0.1
request query: {"t":"1586162213730"}
response time: 57
response status: 200
response body: 
{"message":"成功","data":[{"createTime":"2020-04-06T08:36:50.283Z","updateTime":"2020-04-06T08:36:50.283Z","_id":"5e181d8ea1a77c95daa48b31","name":"推荐","state":1},{"createTime":"2020-04-06T08:36:50.283Z","updateTime":"2020-04-06T08:36:50.283Z","_id":"5e181e2ca1a77c95daa48b32","name":"web前端","state":1},{"createTime":"2020-04-06T08:36:50.283Z","updateTime":"2020-04-06T08:36:50.283Z","_id":"5e181e5aa1a77c95daa48b33","name":"nodejs","state":1},{"createTime":"2020-04-06T08:36:50.283Z","updateTime":"2020-04-06T08:36:50.283Z","_id":"5e181e67a1a77c95daa48b34","name":"摄影","state":1},{"createTime":"2020-04-06T08:36:50.283Z","updateTime":"2020-04-06T08:36:50.283Z","_id":"5e181e6fa1a77c95daa48b35","name":"旅游","state":1},{"createTime":"2020-04-06T08:36:50.283Z","updateTime":"2020-04-06T08:36:50.283Z","_id":"5e181e77a1a77c95daa48b36","name":"电影","state":1},{"createTime":"2020-04-06T08:36:50.283Z","updateTime":"2020-04-06T08:36:50.283Z","_id":"5e181e80a1a77c95daa48b37","name":"娱乐","state":1},{"createTime":"2020-04-06T08:36:50.283Z","updateTime":"2020-04-06T08:36:50.283Z","_id":"5e6a0605fb773b711907175a","name":"踩坑指北","state":1}],"code":200}
***** response log end ******

[2020-04-06T16:36:53.906] [INFO] responseLog - 
***** response log start *****
request originalUrl: /api/artical/getList
request client ip: 127.0.0.1
request body
{"where":{},"include":"author","includeword":{"username":1},"skip":null}
response time: 103
response status: 200
response body: 
{"message":"成功","data":{"data":[{"anonymous":false,"introduction":"常见的http状态码大全","imageUrl":"","visitor":0,"commentators":0,"shared":0,"star":1,"starList":["5e4e4999b8620637839d8d3b"],"createTime":"2020-02-19T14:39:44.360Z","updateTime":"2020-02-20T09:35:33.533Z","_id":"5e4e4aa2b8620637839d8d3c","author":{"_id":"5e4e4cf6b8620637839d8d3d","username":"1623246663@qq.com"},"title":"http状态码","category":"5e181e5aa1a77c95daa48b33","state":2,"__v":0},{"anonymous":false,"introduction":"第一次使用nuxt.js，记录一下常用的点，后期会持续改进。","imageUrl":"","visitor":0,"commentators":0,"shared":0,"star":1,"starList":["5e4e4cf6b8620637839d8d3d"],"createTime":"2020-02-19T14:39:44.360Z","updateTime":"2020-03-12T10:19:28.739Z","_id":"5e5ca8efb8620637839d8d40","author":{"_id":"5e4e4999b8620637839d8d3b","username":"rd_1985@163.com"},"title":"Nuxt.js初探","category":"5e181e2ca1a77c95daa48b32","state":2,"__v":0},{"anonymous":false,"introduction":"hooks","imageUrl":"","visitor":0,"commentators":0,"shared":0,"star":0,"starList":[],"createTime":"2020-02-19T14:39:44.360Z","updateTime":"2020-03-12T10:34:06.433Z","_id":"5e6a101eb8620637839d8d41","author":{"_id":"5e4e4cf6b8620637839d8d3d","username":"1623246663@qq.com"},"title":"react hooks的使用","category":"5e181e2ca1a77c95daa48b32","state":2,"__v":0},{"anonymous":false,"introduction":"好些年前做图片上传我都是用的form表单提交到后端，最近改用ajax提交图片，在这里做一下记录。包含在项目中使用的图片压缩。","imageUrl":"","visitor":0,"commentators":0,"shared":0,"star":0,"starList":[],"createTime":"2020-02-19T14:39:44.360Z","updateTime":"2020-04-01T10:32:21.808Z","_id":"5e846db5b8620637839d8d42","author":{"_id":"5e4e4999b8620637839d8d3b","username":"rd_1985@163.com"},"title":"web端图片上传","category":"5e181e2ca1a77c95daa48b32","state":2,"__v":0}],"total":4},"code":200}
***** response log end ******

[2020-04-06T16:37:24.336] [INFO] responseLog - 
***** response log start *****
request originalUrl: /api/getCategory?t=1586162244301
request client ip: 127.0.0.1
request query: {"t":"1586162244301"}
response time: 33
response status: 200
response body: 
{"message":"成功","data":[{"createTime":"2020-04-06T08:36:50.283Z","updateTime":"2020-04-06T08:36:50.283Z","_id":"5e181d8ea1a77c95daa48b31","name":"推荐","state":1},{"createTime":"2020-04-06T08:36:50.283Z","updateTime":"2020-04-06T08:36:50.283Z","_id":"5e181e2ca1a77c95daa48b32","name":"web前端","state":1},{"createTime":"2020-04-06T08:36:50.283Z","updateTime":"2020-04-06T08:36:50.283Z","_id":"5e181e5aa1a77c95daa48b33","name":"nodejs","state":1},{"createTime":"2020-04-06T08:36:50.283Z","updateTime":"2020-04-06T08:36:50.283Z","_id":"5e181e67a1a77c95daa48b34","name":"摄影","state":1},{"createTime":"2020-04-06T08:36:50.283Z","updateTime":"2020-04-06T08:36:50.283Z","_id":"5e181e6fa1a77c95daa48b35","name":"旅游","state":1},{"createTime":"2020-04-06T08:36:50.283Z","updateTime":"2020-04-06T08:36:50.283Z","_id":"5e181e77a1a77c95daa48b36","name":"电影","state":1},{"createTime":"2020-04-06T08:36:50.283Z","updateTime":"2020-04-06T08:36:50.283Z","_id":"5e181e80a1a77c95daa48b37","name":"娱乐","state":1},{"createTime":"2020-04-06T08:36:50.283Z","updateTime":"2020-04-06T08:36:50.283Z","_id":"5e6a0605fb773b711907175a","name":"踩坑指北","state":1}],"code":200}
***** response log end ******

[2020-04-06T16:37:24.424] [INFO] responseLog - 
***** response log start *****
request originalUrl: /api/artical/getList
request client ip: 127.0.0.1
request body
{"where":{},"include":"author","includeword":{"username":1},"skip":null}
response time: 82
response status: 200
response body: 
{"message":"成功","data":{"data":[{"anonymous":false,"introduction":"常见的http状态码大全","imageUrl":"","visitor":0,"commentators":0,"shared":0,"star":1,"starList":["5e4e4999b8620637839d8d3b"],"createTime":"2020-02-19T14:39:44.360Z","updateTime":"2020-02-20T09:35:33.533Z","_id":"5e4e4aa2b8620637839d8d3c","author":{"_id":"5e4e4cf6b8620637839d8d3d","username":"1623246663@qq.com"},"title":"http状态码","category":"5e181e5aa1a77c95daa48b33","state":2,"__v":0},{"anonymous":false,"introduction":"第一次使用nuxt.js，记录一下常用的点，后期会持续改进。","imageUrl":"","visitor":0,"commentators":0,"shared":0,"star":1,"starList":["5e4e4cf6b8620637839d8d3d"],"createTime":"2020-02-19T14:39:44.360Z","updateTime":"2020-03-12T10:19:28.739Z","_id":"5e5ca8efb8620637839d8d40","author":{"_id":"5e4e4999b8620637839d8d3b","username":"rd_1985@163.com"},"title":"Nuxt.js初探","category":"5e181e2ca1a77c95daa48b32","state":2,"__v":0},{"anonymous":false,"introduction":"hooks","imageUrl":"","visitor":0,"commentators":0,"shared":0,"star":0,"starList":[],"createTime":"2020-02-19T14:39:44.360Z","updateTime":"2020-03-12T10:34:06.433Z","_id":"5e6a101eb8620637839d8d41","author":{"_id":"5e4e4cf6b8620637839d8d3d","username":"1623246663@qq.com"},"title":"react hooks的使用","category":"5e181e2ca1a77c95daa48b32","state":2,"__v":0},{"anonymous":false,"introduction":"好些年前做图片上传我都是用的form表单提交到后端，最近改用ajax提交图片，在这里做一下记录。包含在项目中使用的图片压缩。","imageUrl":"","visitor":0,"commentators":0,"shared":0,"star":0,"starList":[],"createTime":"2020-02-19T14:39:44.360Z","updateTime":"2020-04-01T10:32:21.808Z","_id":"5e846db5b8620637839d8d42","author":{"_id":"5e4e4999b8620637839d8d3b","username":"rd_1985@163.com"},"title":"web端图片上传","category":"5e181e2ca1a77c95daa48b32","state":2,"__v":0}],"total":4},"code":200}
***** response log end ******

[2020-04-06T16:38:50.816] [INFO] responseLog - 
***** response log start *****
request originalUrl: /api/getCategory?t=1586162329904
request client ip: 127.0.0.1
request query: {"t":"1586162329904"}
response time: 906
response status: 200
response body: 
{"message":"成功","data":[{"createTime":"2020-04-06T08:36:50.283Z","updateTime":"2020-04-06T08:36:50.283Z","_id":"5e181d8ea1a77c95daa48b31","name":"推荐","state":1},{"createTime":"2020-04-06T08:36:50.283Z","updateTime":"2020-04-06T08:36:50.283Z","_id":"5e181e2ca1a77c95daa48b32","name":"web前端","state":1},{"createTime":"2020-04-06T08:36:50.283Z","updateTime":"2020-04-06T08:36:50.283Z","_id":"5e181e5aa1a77c95daa48b33","name":"nodejs","state":1},{"createTime":"2020-04-06T08:36:50.283Z","updateTime":"2020-04-06T08:36:50.283Z","_id":"5e181e67a1a77c95daa48b34","name":"摄影","state":1},{"createTime":"2020-04-06T08:36:50.283Z","updateTime":"2020-04-06T08:36:50.283Z","_id":"5e181e6fa1a77c95daa48b35","name":"旅游","state":1},{"createTime":"2020-04-06T08:36:50.283Z","updateTime":"2020-04-06T08:36:50.283Z","_id":"5e181e77a1a77c95daa48b36","name":"电影","state":1},{"createTime":"2020-04-06T08:36:50.283Z","updateTime":"2020-04-06T08:36:50.283Z","_id":"5e181e80a1a77c95daa48b37","name":"娱乐","state":1},{"createTime":"2020-04-06T08:36:50.283Z","updateTime":"2020-04-06T08:36:50.283Z","_id":"5e6a0605fb773b711907175a","name":"踩坑指北","state":1}],"code":200}
***** response log end ******

[2020-04-06T16:38:50.922] [INFO] responseLog - 
***** response log start *****
request originalUrl: /api/artical/getList
request client ip: 127.0.0.1
request body
{"where":{},"include":"author","includeword":{"username":1},"skip":null}
response time: 100
response status: 200
response body: 
{"message":"成功","data":{"data":[{"anonymous":false,"introduction":"常见的http状态码大全","imageUrl":"","visitor":0,"commentators":0,"shared":0,"star":1,"starList":["5e4e4999b8620637839d8d3b"],"createTime":"2020-02-19T14:39:44.360Z","updateTime":"2020-02-20T09:35:33.533Z","_id":"5e4e4aa2b8620637839d8d3c","author":{"_id":"5e4e4cf6b8620637839d8d3d","username":"1623246663@qq.com"},"title":"http状态码","category":"5e181e5aa1a77c95daa48b33","state":2,"__v":0},{"anonymous":false,"introduction":"第一次使用nuxt.js，记录一下常用的点，后期会持续改进。","imageUrl":"","visitor":0,"commentators":0,"shared":0,"star":1,"starList":["5e4e4cf6b8620637839d8d3d"],"createTime":"2020-02-19T14:39:44.360Z","updateTime":"2020-03-12T10:19:28.739Z","_id":"5e5ca8efb8620637839d8d40","author":{"_id":"5e4e4999b8620637839d8d3b","username":"rd_1985@163.com"},"title":"Nuxt.js初探","category":"5e181e2ca1a77c95daa48b32","state":2,"__v":0},{"anonymous":false,"introduction":"hooks","imageUrl":"","visitor":0,"commentators":0,"shared":0,"star":0,"starList":[],"createTime":"2020-02-19T14:39:44.360Z","updateTime":"2020-03-12T10:34:06.433Z","_id":"5e6a101eb8620637839d8d41","author":{"_id":"5e4e4cf6b8620637839d8d3d","username":"1623246663@qq.com"},"title":"react hooks的使用","category":"5e181e2ca1a77c95daa48b32","state":2,"__v":0},{"anonymous":false,"introduction":"好些年前做图片上传我都是用的form表单提交到后端，最近改用ajax提交图片，在这里做一下记录。包含在项目中使用的图片压缩。","imageUrl":"","visitor":0,"commentators":0,"shared":0,"star":0,"starList":[],"createTime":"2020-02-19T14:39:44.360Z","updateTime":"2020-04-01T10:32:21.808Z","_id":"5e846db5b8620637839d8d42","author":{"_id":"5e4e4999b8620637839d8d3b","username":"rd_1985@163.com"},"title":"web端图片上传","category":"5e181e2ca1a77c95daa48b32","state":2,"__v":0}],"total":4},"code":200}
***** response log end ******

[2020-04-06T16:44:15.508] [INFO] responseLog - 
***** response log start *****
request originalUrl: /api/getCategory?t=1586162655444
request client ip: 127.0.0.1
request query: {"t":"1586162655444"}
response time: 56
response status: 200
response body: 
{"message":"成功","data":[{"createTime":"2020-04-06T08:44:07.570Z","updateTime":"2020-04-06T08:44:07.570Z","_id":"5e181d8ea1a77c95daa48b31","name":"推荐","state":1},{"createTime":"2020-04-06T08:44:07.570Z","updateTime":"2020-04-06T08:44:07.570Z","_id":"5e181e2ca1a77c95daa48b32","name":"web前端","state":1},{"createTime":"2020-04-06T08:44:07.570Z","updateTime":"2020-04-06T08:44:07.570Z","_id":"5e181e5aa1a77c95daa48b33","name":"nodejs","state":1},{"createTime":"2020-04-06T08:44:07.570Z","updateTime":"2020-04-06T08:44:07.570Z","_id":"5e181e67a1a77c95daa48b34","name":"摄影","state":1},{"createTime":"2020-04-06T08:44:07.570Z","updateTime":"2020-04-06T08:44:07.570Z","_id":"5e181e6fa1a77c95daa48b35","name":"旅游","state":1},{"createTime":"2020-04-06T08:44:07.570Z","updateTime":"2020-04-06T08:44:07.570Z","_id":"5e181e77a1a77c95daa48b36","name":"电影","state":1},{"createTime":"2020-04-06T08:44:07.570Z","updateTime":"2020-04-06T08:44:07.570Z","_id":"5e181e80a1a77c95daa48b37","name":"娱乐","state":1},{"createTime":"2020-04-06T08:44:07.570Z","updateTime":"2020-04-06T08:44:07.570Z","_id":"5e6a0605fb773b711907175a","name":"踩坑指北","state":1}],"code":200}
***** response log end ******

[2020-04-06T16:44:15.632] [INFO] responseLog - 
***** response log start *****
request originalUrl: /api/artical/getList
request client ip: 127.0.0.1
request body
{"where":{},"include":"author","includeword":{"username":1},"skip":null}
response time: 116
response status: 200
response body: 
{"message":"成功","data":{"data":[{"anonymous":false,"introduction":"常见的http状态码大全","imageUrl":"","visitor":0,"commentators":0,"shared":0,"star":1,"starList":["5e4e4999b8620637839d8d3b"],"createTime":"2020-02-19T14:39:44.360Z","updateTime":"2020-02-20T09:35:33.533Z","_id":"5e4e4aa2b8620637839d8d3c","author":{"_id":"5e4e4cf6b8620637839d8d3d","username":"1623246663@qq.com"},"title":"http状态码","category":"5e181e5aa1a77c95daa48b33","state":2,"__v":0},{"anonymous":false,"introduction":"第一次使用nuxt.js，记录一下常用的点，后期会持续改进。","imageUrl":"","visitor":0,"commentators":0,"shared":0,"star":1,"starList":["5e4e4cf6b8620637839d8d3d"],"createTime":"2020-02-19T14:39:44.360Z","updateTime":"2020-03-12T10:19:28.739Z","_id":"5e5ca8efb8620637839d8d40","author":{"_id":"5e4e4999b8620637839d8d3b","username":"rd_1985@163.com"},"title":"Nuxt.js初探","category":"5e181e2ca1a77c95daa48b32","state":2,"__v":0},{"anonymous":false,"introduction":"hooks","imageUrl":"","visitor":0,"commentators":0,"shared":0,"star":0,"starList":[],"createTime":"2020-02-19T14:39:44.360Z","updateTime":"2020-03-12T10:34:06.433Z","_id":"5e6a101eb8620637839d8d41","author":{"_id":"5e4e4cf6b8620637839d8d3d","username":"1623246663@qq.com"},"title":"react hooks的使用","category":"5e181e2ca1a77c95daa48b32","state":2,"__v":0},{"anonymous":false,"introduction":"好些年前做图片上传我都是用的form表单提交到后端，最近改用ajax提交图片，在这里做一下记录。包含在项目中使用的图片压缩。","imageUrl":"","visitor":0,"commentators":0,"shared":0,"star":0,"starList":[],"createTime":"2020-02-19T14:39:44.360Z","updateTime":"2020-04-01T10:32:21.808Z","_id":"5e846db5b8620637839d8d42","author":{"_id":"5e4e4999b8620637839d8d3b","username":"rd_1985@163.com"},"title":"web端图片上传","category":"5e181e2ca1a77c95daa48b32","state":2,"__v":0}],"total":4},"code":200}
***** response log end ******

