[2020-01-09T09:56:43.281] [INFO] responseLog - 
***** response log start *****
request originalUrl: /api/artical
request client ip: 127.0.0.1
request query: {}
response time: 35
response status: undefined
response body: 
{"data":[{"anonymous":false,"introduction":"","imageUrl":"","visitor":0,"commentators":0,"shared":0,"star":[],"createTime":"2020-01-07T08:19:58.589Z","updateTime":"2020-01-07T08:19:58.589Z","_id":"5e0db6e866b44e35c06906d4","title":"这里是文字标题.."},{"anonymous":false,"introduction":"","imageUrl":"","visitor":0,"commentators":0,"shared":0,"star":[],"createTime":"2020-01-07T08:19:58.589Z","updateTime":"2020-01-07T08:19:58.589Z","_id":"5e0db7149f5d8d17ac531a15","title":"这里是文字标题..","content":"这里是文字内容。。。"}],"message":"成功","code":0}
***** response log end ******

[2020-01-09T14:41:50.204] [INFO] responseLog - 
***** response log start *****
request originalUrl: /
request client ip: null
request query: {}
response time: 27
response status: undefined
response body: 
undefined
***** response log end ******

[2020-01-09T14:43:03.612] [INFO] responseLog - 
***** response log start *****
request originalUrl: /public/c.JPG
request client ip: null
request query: {}
response time: 3
response status: undefined
response body: 
undefined
***** response log end ******

[2020-01-09T14:43:20.930] [INFO] responseLog - 
***** response log start *****
request originalUrl: /c.JPG
request client ip: null
request query: {}
response time: 1
response status: undefined
response body: 
undefined
***** response log end ******

[2020-01-09T14:44:29.065] [INFO] responseLog - 
***** response log start *****
request originalUrl: /c.JPG
request client ip: null
request query: {}
response time: 10
response status: undefined
response body: 
undefined
***** response log end ******

[2020-01-09T14:45:40.826] [INFO] responseLog - 
***** response log start *****
request originalUrl: /c.JPG
request client ip: null
request query: {}
response time: 11
response status: undefined
response body: 
undefined
***** response log end ******

[2020-01-09T14:46:19.848] [INFO] responseLog - 
***** response log start *****
request originalUrl: /public/c.JPG
request client ip: null
request query: {}
response time: 3
response status: undefined
response body: 
undefined
***** response log end ******

[2020-01-09T14:49:11.040] [INFO] responseLog - 
***** response log start *****
request originalUrl: /c.JPG
request client ip: null
request query: {}
response time: 10
response status: undefined
response body: 
{"_readableState":{"objectMode":false,"highWaterMark":65536,"buffer":{"head":null,"tail":null,"length":0},"length":0,"pipes":null,"pipesCount":0,"flowing":null,"ended":false,"endEmitted":false,"reading":false,"sync":true,"needReadable":false,"emittedReadable":false,"readableListening":false,"resumeScheduled":false,"paused":true,"emitClose":false,"autoDestroy":false,"destroyed":false,"defaultEncoding":"utf8","awaitDrain":0,"readingMore":false,"decoder":null,"encoding":null},"readable":true,"_events":{},"_eventsCount":2,"path":"/Users/zhangrende/Desktop/blog-project/server/src/public/c.JPG","fd":null,"flags":"r","mode":438,"end":null,"autoClose":true,"bytesRead":0,"closed":false}
***** response log end ******

[2020-01-09T14:49:15.053] [INFO] responseLog - 
***** response log start *****
request originalUrl: /c.JPG
request client ip: null
request query: {}
response time: 2
response status: undefined
response body: 
{"_readableState":{"objectMode":false,"highWaterMark":65536,"buffer":{"head":null,"tail":null,"length":0},"length":0,"pipes":null,"pipesCount":0,"flowing":null,"ended":false,"endEmitted":false,"reading":false,"sync":true,"needReadable":false,"emittedReadable":false,"readableListening":false,"resumeScheduled":false,"paused":true,"emitClose":false,"autoDestroy":false,"destroyed":false,"defaultEncoding":"utf8","awaitDrain":0,"readingMore":false,"decoder":null,"encoding":null},"readable":true,"_events":{},"_eventsCount":2,"path":"/Users/zhangrende/Desktop/blog-project/server/src/public/c.JPG","fd":null,"flags":"r","mode":438,"end":null,"autoClose":true,"bytesRead":0,"closed":false}
***** response log end ******

[2020-01-09T14:49:17.175] [INFO] responseLog - 
***** response log start *****
request originalUrl: /c.JPG
request client ip: null
request query: {}
response time: 2
response status: undefined
response body: 
{"_readableState":{"objectMode":false,"highWaterMark":65536,"buffer":{"head":null,"tail":null,"length":0},"length":0,"pipes":null,"pipesCount":0,"flowing":null,"ended":false,"endEmitted":false,"reading":false,"sync":true,"needReadable":false,"emittedReadable":false,"readableListening":false,"resumeScheduled":false,"paused":true,"emitClose":false,"autoDestroy":false,"destroyed":false,"defaultEncoding":"utf8","awaitDrain":0,"readingMore":false,"decoder":null,"encoding":null},"readable":true,"_events":{},"_eventsCount":2,"path":"/Users/zhangrende/Desktop/blog-project/server/src/public/c.JPG","fd":null,"flags":"r","mode":438,"end":null,"autoClose":true,"bytesRead":0,"closed":false}
***** response log end ******

[2020-01-09T14:49:26.856] [INFO] responseLog - 
***** response log start *****
request originalUrl: /c.JPG
request client ip: null
request query: {}
response time: 0
response status: undefined
response body: 
{"_readableState":{"objectMode":false,"highWaterMark":65536,"buffer":{"head":null,"tail":null,"length":0},"length":0,"pipes":null,"pipesCount":0,"flowing":null,"ended":false,"endEmitted":false,"reading":false,"sync":true,"needReadable":false,"emittedReadable":false,"readableListening":false,"resumeScheduled":false,"paused":true,"emitClose":false,"autoDestroy":false,"destroyed":false,"defaultEncoding":"utf8","awaitDrain":0,"readingMore":false,"decoder":null,"encoding":null},"readable":true,"_events":{},"_eventsCount":2,"path":"/Users/zhangrende/Desktop/blog-project/server/src/public/c.JPG","fd":null,"flags":"r","mode":438,"end":null,"autoClose":true,"bytesRead":0,"closed":false}
***** response log end ******

[2020-01-09T15:03:01.550] [INFO] responseLog - 
***** response log start *****
request originalUrl: /api/upload
request client ip: null
request query: {}
response time: 13
response status: undefined
response body: 
undefined
***** response log end ******

[2020-01-09T15:05:07.947] [INFO] responseLog - 
***** response log start *****
request originalUrl: /api/upload
request client ip: null
request query: {}
response time: 15
response status: undefined
response body: 
undefined
***** response log end ******

[2020-01-09T15:25:47.948] [INFO] responseLog - 
***** response log start *****
request originalUrl: /api/upload
request client ip: null
request query: {}
response time: 15
response status: undefined
response body: 
{"code":0,"name":"CustomError"}
***** response log end ******

[2020-01-09T15:26:24.092] [INFO] responseLog - 
***** response log start *****
request originalUrl: /api/upload
request client ip: null
request query: {}
response time: 15
response status: undefined
response body: 
{"code":0,"name":"CustomError"}
***** response log end ******

[2020-01-09T16:15:52.677] [INFO] responseLog - 
***** response log start *****
request originalUrl: /api/upload
request client ip: 127.0.0.1
request body
{}
response time: 29
response status: undefined
response body: 
undefined
***** response log end ******

[2020-01-09T16:16:57.795] [INFO] responseLog - 
***** response log start *****
request originalUrl: /api/upload
request client ip: 127.0.0.1
request body
{}
response time: 22
response status: undefined
response body: 
undefined
***** response log end ******

[2020-01-09T16:18:01.026] [INFO] responseLog - 
***** response log start *****
request originalUrl: /api/upload
request client ip: 127.0.0.1
request body
{}
response time: 31
response status: undefined
response body: 
undefined
***** response log end ******

[2020-01-09T16:18:14.061] [INFO] responseLog - 
***** response log start *****
request originalUrl: /api/upload
request client ip: null
request query: {}
response time: 11
response status: undefined
response body: 
{"code":0,"name":"CustomError"}
***** response log end ******

[2020-01-09T16:18:15.633] [INFO] responseLog - 
***** response log start *****
request originalUrl: /api/upload
request client ip: null
request query: {}
response time: 2
response status: undefined
response body: 
{"code":0,"name":"CustomError"}
***** response log end ******

[2020-01-09T16:18:37.990] [INFO] responseLog - 
***** response log start *****
request originalUrl: /api/upload
request client ip: 127.0.0.1
request body
{}
response time: 31
response status: undefined
response body: 
{"data":{"url":"localhost:9000add_icon.png"},"message":"成功","code":0}
***** response log end ******

[2020-01-09T16:20:43.371] [INFO] responseLog - 
***** response log start *****
request originalUrl: /api/upload
request client ip: 127.0.0.1
request body
{}
response time: 33
response status: undefined
response body: 
{"data":{"url":"localhost:9000/add_icon.png"},"message":"成功","code":0}
***** response log end ******

[2020-01-09T16:21:14.940] [INFO] responseLog - 
***** response log start *****
request originalUrl: /api/upload
request client ip: 127.0.0.1
request body
{}
response time: 4
response status: undefined
response body: 
{"data":{"url":"localhost:9000/add_icon.png"},"message":"成功","code":0}
***** response log end ******

[2020-01-09T16:22:17.025] [INFO] responseLog - 
***** response log start *****
request originalUrl: /api/upload
request client ip: 127.0.0.1
request body
{}
response time: 2
response status: undefined
response body: 
{"data":{"url":"localhost:9000/add_icon.png"},"message":"成功","code":0}
***** response log end ******

[2020-01-09T16:22:31.541] [INFO] responseLog - 
***** response log start *****
request originalUrl: /add_icon.png
request client ip: null
request query: {}
response time: 11
response status: undefined
response body: 
{"_readableState":{"objectMode":false,"highWaterMark":65536,"buffer":{"head":null,"tail":null,"length":0},"length":0,"pipes":null,"pipesCount":0,"flowing":null,"ended":false,"endEmitted":false,"reading":false,"sync":true,"needReadable":false,"emittedReadable":false,"readableListening":false,"resumeScheduled":false,"paused":true,"emitClose":false,"autoDestroy":false,"destroyed":false,"defaultEncoding":"utf8","awaitDrain":0,"readingMore":false,"decoder":null,"encoding":null},"readable":true,"_events":{},"_eventsCount":2,"path":"/Users/zhangrende/Desktop/blog-project/server/src/public/add_icon.png","fd":null,"flags":"r","mode":438,"end":null,"autoClose":true,"bytesRead":0,"closed":false}
***** response log end ******

[2020-01-09T16:30:14.357] [INFO] responseLog - 
***** response log start *****
request originalUrl: /api/upload
request client ip: 127.0.0.1
request body
{}
response time: 32
response status: undefined
response body: 
{"data":{"url":"http://127.0.0.1/biaoshi_blue.png"},"message":"成功","code":0}
***** response log end ******

[2020-01-09T16:32:50.617] [INFO] responseLog - 
***** response log start *****
request originalUrl: /biaoshi_blue.png
request client ip: null
request query: {}
response time: 8
response status: undefined
response body: 
{"_readableState":{"objectMode":false,"highWaterMark":65536,"buffer":{"head":null,"tail":null,"length":0},"length":0,"pipes":null,"pipesCount":0,"flowing":null,"ended":false,"endEmitted":false,"reading":false,"sync":true,"needReadable":false,"emittedReadable":false,"readableListening":false,"resumeScheduled":false,"paused":true,"emitClose":false,"autoDestroy":false,"destroyed":false,"defaultEncoding":"utf8","awaitDrain":0,"readingMore":false,"decoder":null,"encoding":null},"readable":true,"_events":{},"_eventsCount":2,"path":"/Users/zhangrende/Desktop/blog-project/server/src/public/biaoshi_blue.png","fd":null,"flags":"r","mode":438,"end":null,"autoClose":true,"bytesRead":0,"closed":false}
***** response log end ******

[2020-01-09T16:33:10.733] [INFO] responseLog - 
***** response log start *****
request originalUrl: /biaoshi_blue.png
request client ip: 127.0.0.1
request query: {}
response time: 8
response status: undefined
response body: 
{"_readableState":{"objectMode":false,"highWaterMark":65536,"buffer":{"head":null,"tail":null,"length":0},"length":0,"pipes":null,"pipesCount":0,"flowing":null,"ended":false,"endEmitted":false,"reading":false,"sync":true,"needReadable":false,"emittedReadable":false,"readableListening":false,"resumeScheduled":false,"paused":true,"emitClose":false,"autoDestroy":false,"destroyed":false,"defaultEncoding":"utf8","awaitDrain":0,"readingMore":false,"decoder":null,"encoding":null},"readable":true,"_events":{},"_eventsCount":2,"path":"/Users/zhangrende/Desktop/blog-project/server/src/public/biaoshi_blue.png","fd":null,"flags":"r","mode":438,"end":null,"autoClose":true,"bytesRead":0,"closed":false}
***** response log end ******

[2020-01-09T16:33:10.895] [INFO] responseLog - 
***** response log start *****
request originalUrl: /favicon.ico
request client ip: 127.0.0.1
request query: {}
response time: 2
response status: undefined
response body: 
undefined
***** response log end ******

[2020-01-09T16:33:12.983] [INFO] responseLog - 
***** response log start *****
request originalUrl: /biaoshi_blue.png
request client ip: 127.0.0.1
request query: {}
response time: 1
response status: undefined
response body: 
{"_readableState":{"objectMode":false,"highWaterMark":65536,"buffer":{"head":null,"tail":null,"length":0},"length":0,"pipes":null,"pipesCount":0,"flowing":null,"ended":false,"endEmitted":false,"reading":false,"sync":true,"needReadable":false,"emittedReadable":false,"readableListening":false,"resumeScheduled":false,"paused":true,"emitClose":false,"autoDestroy":false,"destroyed":false,"defaultEncoding":"utf8","awaitDrain":0,"readingMore":false,"decoder":null,"encoding":null},"readable":true,"_events":{},"_eventsCount":2,"path":"/Users/zhangrende/Desktop/blog-project/server/src/public/biaoshi_blue.png","fd":null,"flags":"r","mode":438,"end":null,"autoClose":true,"bytesRead":0,"closed":false}
***** response log end ******

[2020-01-09T16:35:50.644] [INFO] responseLog - 
***** response log start *****
request originalUrl: /api/upload
request client ip: 127.0.0.1
request body
{}
response time: 24
response status: undefined
response body: 
{"data":{"url":"/upload/add_icon.png"},"message":"成功","code":0}
***** response log end ******

[2020-01-09T16:35:50.757] [INFO] responseLog - 
***** response log start *****
request originalUrl: /upload/add_icon.png
request client ip: 127.0.0.1
request query: {}
response time: 8
response status: undefined
response body: 
undefined
***** response log end ******

[2020-01-09T16:36:33.921] [INFO] responseLog - 
***** response log start *****
request originalUrl: /api/upload
request client ip: 127.0.0.1
request body
{}
response time: 23
response status: undefined
response body: 
{"data":{"url":"localhost:9000/upload/biaoshi_blue.png"},"message":"成功","code":0}
***** response log end ******

[2020-01-09T16:38:23.057] [INFO] responseLog - 
***** response log start *****
request originalUrl: /biaoshi_blue.png
request client ip: 10.105.24.141
request query: {}
response time: 14
response status: undefined
response body: 
{"_readableState":{"objectMode":false,"highWaterMark":65536,"buffer":{"head":null,"tail":null,"length":0},"length":0,"pipes":null,"pipesCount":0,"flowing":null,"ended":false,"endEmitted":false,"reading":false,"sync":true,"needReadable":false,"emittedReadable":false,"readableListening":false,"resumeScheduled":false,"paused":true,"emitClose":false,"autoDestroy":false,"destroyed":false,"defaultEncoding":"utf8","awaitDrain":0,"readingMore":false,"decoder":null,"encoding":null},"readable":true,"_events":{},"_eventsCount":2,"path":"/Users/zhangrende/Desktop/blog-project/server/src/public/biaoshi_blue.png","fd":null,"flags":"r","mode":438,"end":null,"autoClose":true,"bytesRead":0,"closed":false}
***** response log end ******

[2020-01-09T16:38:23.224] [INFO] responseLog - 
***** response log start *****
request originalUrl: /favicon.ico
request client ip: 10.105.24.141
request query: {}
response time: 2
response status: undefined
response body: 
undefined
***** response log end ******

[2020-01-09T16:38:25.292] [INFO] responseLog - 
***** response log start *****
request originalUrl: /biaoshi_blue.png
request client ip: 10.105.24.141
request query: {}
response time: 0
response status: undefined
response body: 
{"_readableState":{"objectMode":false,"highWaterMark":65536,"buffer":{"head":null,"tail":null,"length":0},"length":0,"pipes":null,"pipesCount":0,"flowing":null,"ended":false,"endEmitted":false,"reading":false,"sync":true,"needReadable":false,"emittedReadable":false,"readableListening":false,"resumeScheduled":false,"paused":true,"emitClose":false,"autoDestroy":false,"destroyed":false,"defaultEncoding":"utf8","awaitDrain":0,"readingMore":false,"decoder":null,"encoding":null},"readable":true,"_events":{},"_eventsCount":2,"path":"/Users/zhangrende/Desktop/blog-project/server/src/public/biaoshi_blue.png","fd":null,"flags":"r","mode":438,"end":null,"autoClose":true,"bytesRead":0,"closed":false}
***** response log end ******

[2020-01-09T16:39:10.685] [INFO] responseLog - 
***** response log start *****
request originalUrl: /api/upload
request client ip: 127.0.0.1
request body
{}
response time: 26
response status: undefined
response body: 
{"data":{"url":"http://10.105.24.141/add_icon.png"},"message":"成功","code":0}
***** response log end ******

[2020-01-09T16:39:56.843] [INFO] responseLog - 
***** response log start *****
request originalUrl: /api/upload
request client ip: 127.0.0.1
request body
{}
response time: 24
response status: undefined
response body: 
{"data":{"url":"http://10.105.24.141:9000/add_icon.png"},"message":"成功","code":0}
***** response log end ******

[2020-01-09T16:39:56.869] [INFO] responseLog - 
***** response log start *****
request originalUrl: /add_icon.png
request client ip: 10.105.24.141
request query: {}
response time: 4
response status: undefined
response body: 
{"_readableState":{"objectMode":false,"highWaterMark":65536,"buffer":{"head":null,"tail":null,"length":0},"length":0,"pipes":null,"pipesCount":0,"flowing":null,"ended":false,"endEmitted":false,"reading":false,"sync":true,"needReadable":false,"emittedReadable":false,"readableListening":false,"resumeScheduled":false,"paused":true,"emitClose":false,"autoDestroy":false,"destroyed":false,"defaultEncoding":"utf8","awaitDrain":0,"readingMore":false,"decoder":null,"encoding":null},"readable":true,"_events":{},"_eventsCount":2,"path":"/Users/zhangrende/Desktop/blog-project/server/src/public/add_icon.png","fd":null,"flags":"r","mode":438,"end":null,"autoClose":true,"bytesRead":0,"closed":false}
***** response log end ******

[2020-01-09T17:36:23.789] [INFO] responseLog - 
***** response log start *****
request originalUrl: /api/upload
request client ip: 127.0.0.1
request body
{}
response time: 26
response status: undefined
response body: 
{"data":{"url":"http://10.105.24.141:9000/upload/add_icon.png"},"message":"成功","code":0}
***** response log end ******

[2020-01-09T17:48:04.427] [INFO] responseLog - 
***** response log start *****
request originalUrl: /api/upload
request client ip: 127.0.0.1
request body
{}
response time: 32
response status: undefined
response body: 
{"data":{"url":"http://10.105.24.141:9000/upload/fb7a291cd61aa518308dc313061062c7.png"},"message":"成功","code":0}
***** response log end ******

[2020-01-09T17:48:04.471] [INFO] responseLog - 
***** response log start *****
request originalUrl: /upload/fb7a291cd61aa518308dc313061062c7.png
request client ip: 10.105.24.141
request query: {}
response time: 8
response status: undefined
response body: 
{"_readableState":{"objectMode":false,"highWaterMark":65536,"buffer":{"head":null,"tail":null,"length":0},"length":0,"pipes":null,"pipesCount":0,"flowing":null,"ended":false,"endEmitted":false,"reading":false,"sync":true,"needReadable":false,"emittedReadable":false,"readableListening":false,"resumeScheduled":false,"paused":true,"emitClose":false,"autoDestroy":false,"destroyed":false,"defaultEncoding":"utf8","awaitDrain":0,"readingMore":false,"decoder":null,"encoding":null},"readable":true,"_events":{},"_eventsCount":2,"path":"/Users/zhangrende/Desktop/blog-project/server/src/public/upload/fb7a291cd61aa518308dc313061062c7.png","fd":null,"flags":"r","mode":438,"end":null,"autoClose":true,"bytesRead":0,"closed":false}
***** response log end ******

[2020-01-09T17:48:37.581] [INFO] responseLog - 
***** response log start *****
request originalUrl: /upload/fb7a291cd61aa518308dc313061062c7.png
request client ip: 10.105.24.141
request query: {}
response time: 5
response status: undefined
response body: 
{"_readableState":{"objectMode":false,"highWaterMark":65536,"buffer":{"head":null,"tail":null,"length":0},"length":0,"pipes":null,"pipesCount":0,"flowing":null,"ended":false,"endEmitted":false,"reading":false,"sync":true,"needReadable":false,"emittedReadable":false,"readableListening":false,"resumeScheduled":false,"paused":true,"emitClose":false,"autoDestroy":false,"destroyed":false,"defaultEncoding":"utf8","awaitDrain":0,"readingMore":false,"decoder":null,"encoding":null},"readable":true,"_events":{},"_eventsCount":2,"path":"/Users/zhangrende/Desktop/blog-project/server/src/public/upload/fb7a291cd61aa518308dc313061062c7.png","fd":null,"flags":"r","mode":438,"end":null,"autoClose":true,"bytesRead":0,"closed":false}
***** response log end ******

[2020-01-09T17:53:34.111] [INFO] responseLog - 
***** response log start *****
request originalUrl: /api/upload
request client ip: 127.0.0.1
request body
{}
response time: 21
response status: undefined
response body: 
{"data":{"url":"http://10.105.24.141:9000/upload/eb3823dfbebc40bf5251def02c7526fb.png"},"message":"成功","code":0}
***** response log end ******

[2020-01-09T17:53:34.147] [INFO] responseLog - 
***** response log start *****
request originalUrl: /upload/eb3823dfbebc40bf5251def02c7526fb.png
request client ip: 10.105.24.141
request query: {}
response time: 0
response status: undefined
response body: 
{"_readableState":{"objectMode":false,"highWaterMark":65536,"buffer":{"head":null,"tail":null,"length":0},"length":0,"pipes":null,"pipesCount":0,"flowing":null,"ended":false,"endEmitted":false,"reading":false,"sync":true,"needReadable":false,"emittedReadable":false,"readableListening":false,"resumeScheduled":false,"paused":true,"emitClose":false,"autoDestroy":false,"destroyed":false,"defaultEncoding":"utf8","awaitDrain":0,"readingMore":false,"decoder":null,"encoding":null},"readable":true,"_events":{},"_eventsCount":2,"path":"/Users/zhangrende/Desktop/blog-project/server/src/public/upload/eb3823dfbebc40bf5251def02c7526fb.png","fd":null,"flags":"r","mode":438,"end":null,"autoClose":true,"bytesRead":0,"closed":false}
***** response log end ******

[2020-01-09T19:34:41.316] [INFO] responseLog - 
***** response log start *****
request originalUrl: /api/upload
request client ip: 127.0.0.1
request body
{}
response time: 31
response status: undefined
response body: 
{"data":{"url":"http://10.105.24.141:9000/upload/a6e62ed2ea3ff0a2e0d5a7210b6d2ab9.jpeg"},"message":"成功","code":0}
***** response log end ******

[2020-01-09T19:34:41.357] [INFO] responseLog - 
***** response log start *****
request originalUrl: /upload/a6e62ed2ea3ff0a2e0d5a7210b6d2ab9.jpeg
request client ip: 10.105.24.141
request query: {}
response time: 7
response status: undefined
response body: 
{"_readableState":{"objectMode":false,"highWaterMark":65536,"buffer":{"head":null,"tail":null,"length":0},"length":0,"pipes":null,"pipesCount":0,"flowing":null,"ended":false,"endEmitted":false,"reading":false,"sync":true,"needReadable":false,"emittedReadable":false,"readableListening":false,"resumeScheduled":false,"paused":true,"emitClose":false,"autoDestroy":false,"destroyed":false,"defaultEncoding":"utf8","awaitDrain":0,"readingMore":false,"decoder":null,"encoding":null},"readable":true,"_events":{},"_eventsCount":2,"path":"/Users/zhangrende/Desktop/blog-project/server/src/public/upload/a6e62ed2ea3ff0a2e0d5a7210b6d2ab9.jpeg","fd":null,"flags":"r","mode":438,"end":null,"autoClose":true,"bytesRead":0,"closed":false}
***** response log end ******

[2020-01-09T19:51:09.427] [INFO] responseLog - 
***** response log start *****
request originalUrl: /api/upload
request client ip: 127.0.0.1
request body
{}
response time: 32
response status: undefined
response body: 
{"data":{"url":"http://10.105.24.141:9000/upload/7a4709bdd3342736f630a3e7cdef5421.png"},"message":"成功","code":0}
***** response log end ******

[2020-01-09T19:51:09.468] [INFO] responseLog - 
***** response log start *****
request originalUrl: /upload/7a4709bdd3342736f630a3e7cdef5421.png
request client ip: 10.105.24.141
request query: {}
response time: 9
response status: undefined
response body: 
{"_readableState":{"objectMode":false,"highWaterMark":65536,"buffer":{"head":null,"tail":null,"length":0},"length":0,"pipes":null,"pipesCount":0,"flowing":null,"ended":false,"endEmitted":false,"reading":false,"sync":true,"needReadable":false,"emittedReadable":false,"readableListening":false,"resumeScheduled":false,"paused":true,"emitClose":false,"autoDestroy":false,"destroyed":false,"defaultEncoding":"utf8","awaitDrain":0,"readingMore":false,"decoder":null,"encoding":null},"readable":true,"_events":{},"_eventsCount":2,"path":"/Users/zhangrende/Desktop/blog-project/server/src/public/upload/7a4709bdd3342736f630a3e7cdef5421.png","fd":null,"flags":"r","mode":438,"end":null,"autoClose":true,"bytesRead":0,"closed":false}
***** response log end ******

[2020-01-09T20:02:13.199] [INFO] responseLog - 
***** response log start *****
request originalUrl: /api/upload
request client ip: 127.0.0.1
request body
{}
response time: 28
response status: undefined
response body: 
{"data":{"url":"http://10.105.24.141:9000/upload/7a4709bdd3342736f630a3e7cdef5421.png"},"message":"成功","code":0}
***** response log end ******

[2020-01-09T20:02:13.235] [INFO] responseLog - 
***** response log start *****
request originalUrl: /upload/7a4709bdd3342736f630a3e7cdef5421.png
request client ip: 10.105.24.141
request query: {}
response time: 11
response status: undefined
response body: 
{"_readableState":{"objectMode":false,"highWaterMark":65536,"buffer":{"head":null,"tail":null,"length":0},"length":0,"pipes":null,"pipesCount":0,"flowing":null,"ended":false,"endEmitted":false,"reading":false,"sync":true,"needReadable":false,"emittedReadable":false,"readableListening":false,"resumeScheduled":false,"paused":true,"emitClose":false,"autoDestroy":false,"destroyed":false,"defaultEncoding":"utf8","awaitDrain":0,"readingMore":false,"decoder":null,"encoding":null},"readable":true,"_events":{},"_eventsCount":2,"path":"/Users/zhangrende/Desktop/blog-project/server/src/public/upload/7a4709bdd3342736f630a3e7cdef5421.png","fd":null,"flags":"r","mode":438,"end":null,"autoClose":true,"bytesRead":0,"closed":false}
***** response log end ******

[2020-01-09T20:05:39.881] [INFO] responseLog - 
***** response log start *****
request originalUrl: /api/artical
request client ip: 127.0.0.1
request query: {}
response time: 58
response status: undefined
response body: 
{"data":[{"anonymous":false,"introduction":"","imageUrl":"","visitor":0,"commentators":0,"shared":0,"star":[],"createTime":"2020-01-09T12:01:52.438Z","updateTime":"2020-01-09T12:01:52.438Z","_id":"5e0db6e866b44e35c06906d4","title":"这里是文字标题.."},{"anonymous":false,"introduction":"","imageUrl":"","visitor":0,"commentators":0,"shared":0,"star":[],"createTime":"2020-01-09T12:01:52.438Z","updateTime":"2020-01-09T12:01:52.438Z","_id":"5e0db7149f5d8d17ac531a15","title":"这里是文字标题..","content":"这里是文字内容。。。"}],"message":"成功","code":0}
***** response log end ******

[2020-01-09T20:06:09.102] [INFO] responseLog - 
***** response log start *****
request originalUrl: /api/artical
request client ip: 127.0.0.1
request query: {}
response time: 25
response status: undefined
response body: 
{"data":[{"anonymous":false,"introduction":"","imageUrl":"","visitor":0,"commentators":0,"shared":0,"star":[],"createTime":"2020-01-09T12:01:52.438Z","updateTime":"2020-01-09T12:01:52.438Z","_id":"5e0db6e866b44e35c06906d4","title":"这里是文字标题.."},{"anonymous":false,"introduction":"","imageUrl":"","visitor":0,"commentators":0,"shared":0,"star":[],"createTime":"2020-01-09T12:01:52.438Z","updateTime":"2020-01-09T12:01:52.438Z","_id":"5e0db7149f5d8d17ac531a15","title":"这里是文字标题..","content":"这里是文字内容。。。"}],"message":"成功","code":0}
***** response log end ******

[2020-01-09T20:06:30.394] [INFO] responseLog - 
***** response log start *****
request originalUrl: /api/artical
request client ip: 127.0.0.1
request query: {}
response time: 26
response status: undefined
response body: 
{"data":[{"anonymous":false,"introduction":"","imageUrl":"","visitor":0,"commentators":0,"shared":0,"star":[],"createTime":"2020-01-09T12:01:52.438Z","updateTime":"2020-01-09T12:01:52.438Z","_id":"5e0db6e866b44e35c06906d4","title":"这里是文字标题.."},{"anonymous":false,"introduction":"","imageUrl":"","visitor":0,"commentators":0,"shared":0,"star":[],"createTime":"2020-01-09T12:01:52.438Z","updateTime":"2020-01-09T12:01:52.438Z","_id":"5e0db7149f5d8d17ac531a15","title":"这里是文字标题..","content":"这里是文字内容。。。"}],"message":"成功","code":0}
***** response log end ******

[2020-01-09T20:06:45.088] [INFO] responseLog - 
***** response log start *****
request originalUrl: /api/upload
request client ip: 127.0.0.1
request body
{}
response time: 4
response status: undefined
response body: 
{"data":{"url":"http://10.105.24.141:9000/upload/7a4709bdd3342736f630a3e7cdef5421.png"},"message":"成功","code":0}
***** response log end ******

[2020-01-09T20:06:45.118] [INFO] responseLog - 
***** response log start *****
request originalUrl: /upload/7a4709bdd3342736f630a3e7cdef5421.png
request client ip: 10.105.24.141
request query: {}
response time: 1
response status: undefined
response body: 
{"_readableState":{"objectMode":false,"highWaterMark":65536,"buffer":{"head":null,"tail":null,"length":0},"length":0,"pipes":null,"pipesCount":0,"flowing":null,"ended":false,"endEmitted":false,"reading":false,"sync":true,"needReadable":false,"emittedReadable":false,"readableListening":false,"resumeScheduled":false,"paused":true,"emitClose":false,"autoDestroy":false,"destroyed":false,"defaultEncoding":"utf8","awaitDrain":0,"readingMore":false,"decoder":null,"encoding":null},"readable":true,"_events":{},"_eventsCount":2,"path":"/Users/zhangrende/Desktop/blog-project/server/src/public/upload/7a4709bdd3342736f630a3e7cdef5421.png","fd":null,"flags":"r","mode":438,"end":null,"autoClose":true,"bytesRead":0,"closed":false}
***** response log end ******

[2020-01-09T20:08:39.213] [INFO] responseLog - 
***** response log start *****
request originalUrl: /api/upload
request client ip: 127.0.0.1
request body
{}
response time: 27
response status: undefined
response body: 
{"data":{"url":"http://10.105.24.141:9000/upload/7a4709bdd3342736f630a3e7cdef5421.png"},"message":"成功","code":0}
***** response log end ******

[2020-01-09T20:08:39.243] [INFO] responseLog - 
***** response log start *****
request originalUrl: /upload/7a4709bdd3342736f630a3e7cdef5421.png
request client ip: 10.105.24.141
request query: {}
response time: 8
response status: undefined
response body: 
{"_readableState":{"objectMode":false,"highWaterMark":65536,"buffer":{"head":null,"tail":null,"length":0},"length":0,"pipes":null,"pipesCount":0,"flowing":null,"ended":false,"endEmitted":false,"reading":false,"sync":true,"needReadable":false,"emittedReadable":false,"readableListening":false,"resumeScheduled":false,"paused":true,"emitClose":false,"autoDestroy":false,"destroyed":false,"defaultEncoding":"utf8","awaitDrain":0,"readingMore":false,"decoder":null,"encoding":null},"readable":true,"_events":{},"_eventsCount":2,"path":"/Users/zhangrende/Desktop/blog-project/server/src/public/upload/7a4709bdd3342736f630a3e7cdef5421.png","fd":null,"flags":"r","mode":438,"end":null,"autoClose":true,"bytesRead":0,"closed":false}
***** response log end ******

[2020-01-09T20:10:49.991] [INFO] responseLog - 
***** response log start *****
request originalUrl: /api/upload
request client ip: 127.0.0.1
request body
{}
response time: 28
response status: undefined
response body: 
{"data":{"url":"http://10.105.24.141:9000/upload/7a4709bdd3342736f630a3e7cdef5421.png"},"message":"成功","code":0}
***** response log end ******

[2020-01-09T20:11:20.553] [INFO] responseLog - 
***** response log start *****
request originalUrl: /api/artical
request client ip: 127.0.0.1
request query: {}
response time: 8
response status: undefined
response body: 
undefined
***** response log end ******

