[2020-05-03T16:46:24.564] [INFO] responseLog - 
***** response log start *****
request originalUrl: /api/artical/getList
request client ip: 127.0.0.1
request body
{"where":{"category":"5e181e5aa1a77c95daa48b33"},"include":"author","includeword":{"username":1},"limit":10,"skip":0}
response time: 144
response status: 200
response body: 
{"message":"成功","data":{"data":[{"anonymous":false,"introduction":"常见的http状态码大全","imageUrl":"","visitor":11,"commentators":0,"shared":0,"star":1,"starList":["5e4e4999b8620637839d8d3b"],"following":[],"createTime":"2020-02-19T14:39:44.360Z","updateTime":"2020-02-20T09:35:33.533Z","_id":"5e4e4aa2b8620637839d8d3c","author":{"_id":"5e4e4cf6b8620637839d8d3d","username":"1623246663@qq.com"},"title":"http状态码","category":"5e181e5aa1a77c95daa48b33","state":2,"__v":0}],"total":1},"code":200}
***** response log end ******

[2020-05-03T16:46:24.573] [INFO] responseLog - 
***** response log start *****
request originalUrl: /api/artical/getList
request client ip: 127.0.0.1
request body
{"limit":5,"order":{"star":-1},"include":"author","includeword":{"username":1}}
response time: 107
response status: 200
response body: 
{"message":"成功","data":{"data":[{"anonymous":false,"introduction":"常见的http状态码大全","imageUrl":"","visitor":11,"commentators":0,"shared":0,"star":1,"starList":["5e4e4999b8620637839d8d3b"],"following":[],"createTime":"2020-02-19T14:39:44.360Z","updateTime":"2020-02-20T09:35:33.533Z","_id":"5e4e4aa2b8620637839d8d3c","author":{"_id":"5e4e4cf6b8620637839d8d3d","username":"1623246663@qq.com"},"title":"http状态码","category":"5e181e5aa1a77c95daa48b33","state":2,"__v":0},{"anonymous":false,"introduction":"第一次使用nuxt.js，记录一下常用的点，后期会持续改进。","imageUrl":"","visitor":12,"commentators":0,"shared":0,"star":1,"starList":["5e4e4cf6b8620637839d8d3d"],"following":[],"createTime":"2020-02-19T14:39:44.360Z","updateTime":"2020-03-12T10:19:28.739Z","_id":"5e5ca8efb8620637839d8d40","author":{"_id":"5e4e4999b8620637839d8d3b","username":"rd_1985@163.com"},"title":"Nuxt.js初探","category":"5e181e2ca1a77c95daa48b32","state":2,"__v":0},{"anonymous":false,"introduction":"好些年前做图片上传我都是用的form表单提交到后端，最近改用ajax提交图片，在这里做一下记录。包含在项目中使用的图片压缩。","imageUrl":"","visitor":0,"commentators":0,"shared":0,"star":1,"starList":["5e4e4999b8620637839d8d3b"],"following":[],"createTime":"2020-02-19T14:39:44.360Z","updateTime":"2020-04-07T09:03:51.534Z","_id":"5e846db5b8620637839d8d42","author":{"_id":"5e4e4999b8620637839d8d3b","username":"rd_1985@163.com"},"title":"web端图片上传","category":"5e181e2ca1a77c95daa48b32","state":2,"__v":0},{"anonymous":false,"introduction":"hooks","imageUrl":"","visitor":0,"commentators":0,"shared":0,"star":0,"starList":[],"following":[],"createTime":"2020-02-19T14:39:44.360Z","updateTime":"2020-03-12T10:34:06.433Z","_id":"5e6a101eb8620637839d8d41","author":{"_id":"5e4e4cf6b8620637839d8d3d","username":"1623246663@qq.com"},"title":"react hooks的使用","category":"5e181e2ca1a77c95daa48b32","state":2,"__v":0}],"total":4},"code":200}
***** response log end ******

[2020-05-03T16:46:43.734] [INFO] responseLog - 
***** response log start *****
request originalUrl: /api/artical/getList
request client ip: 127.0.0.1
request body
{"limit":5,"order":{"star":-1},"include":"author","includeword":{"username":1}}
response time: 63
response status: 200
response body: 
{"message":"成功","data":{"data":[{"anonymous":false,"introduction":"常见的http状态码大全","imageUrl":"","visitor":11,"commentators":0,"shared":0,"star":1,"starList":["5e4e4999b8620637839d8d3b"],"following":[],"createTime":"2020-02-19T14:39:44.360Z","updateTime":"2020-02-20T09:35:33.533Z","_id":"5e4e4aa2b8620637839d8d3c","author":{"_id":"5e4e4cf6b8620637839d8d3d","username":"1623246663@qq.com"},"title":"http状态码","category":"5e181e5aa1a77c95daa48b33","state":2,"__v":0},{"anonymous":false,"introduction":"第一次使用nuxt.js，记录一下常用的点，后期会持续改进。","imageUrl":"","visitor":12,"commentators":0,"shared":0,"star":1,"starList":["5e4e4cf6b8620637839d8d3d"],"following":[],"createTime":"2020-02-19T14:39:44.360Z","updateTime":"2020-03-12T10:19:28.739Z","_id":"5e5ca8efb8620637839d8d40","author":{"_id":"5e4e4999b8620637839d8d3b","username":"rd_1985@163.com"},"title":"Nuxt.js初探","category":"5e181e2ca1a77c95daa48b32","state":2,"__v":0},{"anonymous":false,"introduction":"好些年前做图片上传我都是用的form表单提交到后端，最近改用ajax提交图片，在这里做一下记录。包含在项目中使用的图片压缩。","imageUrl":"","visitor":0,"commentators":0,"shared":0,"star":1,"starList":["5e4e4999b8620637839d8d3b"],"following":[],"createTime":"2020-02-19T14:39:44.360Z","updateTime":"2020-04-07T09:03:51.534Z","_id":"5e846db5b8620637839d8d42","author":{"_id":"5e4e4999b8620637839d8d3b","username":"rd_1985@163.com"},"title":"web端图片上传","category":"5e181e2ca1a77c95daa48b32","state":2,"__v":0},{"anonymous":false,"introduction":"hooks","imageUrl":"","visitor":0,"commentators":0,"shared":0,"star":0,"starList":[],"following":[],"createTime":"2020-02-19T14:39:44.360Z","updateTime":"2020-03-12T10:34:06.433Z","_id":"5e6a101eb8620637839d8d41","author":{"_id":"5e4e4cf6b8620637839d8d3d","username":"1623246663@qq.com"},"title":"react hooks的使用","category":"5e181e2ca1a77c95daa48b32","state":2,"__v":0}],"total":4},"code":200}
***** response log end ******

[2020-05-03T16:46:43.737] [INFO] responseLog - 
***** response log start *****
request originalUrl: /api/artical/getList
request client ip: 127.0.0.1
request body
{"where":{"category":"5e181e5aa1a77c95daa48b33"},"include":"author","includeword":{"username":1},"limit":10,"skip":0}
response time: 69
response status: 200
response body: 
{"message":"成功","data":{"data":[{"anonymous":false,"introduction":"常见的http状态码大全","imageUrl":"","visitor":11,"commentators":0,"shared":0,"star":1,"starList":["5e4e4999b8620637839d8d3b"],"following":[],"createTime":"2020-02-19T14:39:44.360Z","updateTime":"2020-02-20T09:35:33.533Z","_id":"5e4e4aa2b8620637839d8d3c","author":{"_id":"5e4e4cf6b8620637839d8d3d","username":"1623246663@qq.com"},"title":"http状态码","category":"5e181e5aa1a77c95daa48b33","state":2,"__v":0}],"total":1},"code":200}
***** response log end ******

[2020-05-03T16:46:45.747] [INFO] responseLog - 
***** response log start *****
request originalUrl: /api/artical/getList
request client ip: 127.0.0.1
request body
{"where":{},"include":"author","includeword":{"username":1},"limit":10,"skip":0}
response time: 76
response status: 200
response body: 
{"message":"成功","data":{"data":[{"anonymous":false,"introduction":"常见的http状态码大全","imageUrl":"","visitor":11,"commentators":0,"shared":0,"star":1,"starList":["5e4e4999b8620637839d8d3b"],"following":[],"createTime":"2020-02-19T14:39:44.360Z","updateTime":"2020-02-20T09:35:33.533Z","_id":"5e4e4aa2b8620637839d8d3c","author":{"_id":"5e4e4cf6b8620637839d8d3d","username":"1623246663@qq.com"},"title":"http状态码","category":"5e181e5aa1a77c95daa48b33","state":2,"__v":0},{"anonymous":false,"introduction":"第一次使用nuxt.js，记录一下常用的点，后期会持续改进。","imageUrl":"","visitor":12,"commentators":0,"shared":0,"star":1,"starList":["5e4e4cf6b8620637839d8d3d"],"following":[],"createTime":"2020-02-19T14:39:44.360Z","updateTime":"2020-03-12T10:19:28.739Z","_id":"5e5ca8efb8620637839d8d40","author":{"_id":"5e4e4999b8620637839d8d3b","username":"rd_1985@163.com"},"title":"Nuxt.js初探","category":"5e181e2ca1a77c95daa48b32","state":2,"__v":0},{"anonymous":false,"introduction":"hooks","imageUrl":"","visitor":0,"commentators":0,"shared":0,"star":0,"starList":[],"following":[],"createTime":"2020-02-19T14:39:44.360Z","updateTime":"2020-03-12T10:34:06.433Z","_id":"5e6a101eb8620637839d8d41","author":{"_id":"5e4e4cf6b8620637839d8d3d","username":"1623246663@qq.com"},"title":"react hooks的使用","category":"5e181e2ca1a77c95daa48b32","state":2,"__v":0},{"anonymous":false,"introduction":"好些年前做图片上传我都是用的form表单提交到后端，最近改用ajax提交图片，在这里做一下记录。包含在项目中使用的图片压缩。","imageUrl":"","visitor":0,"commentators":0,"shared":0,"star":1,"starList":["5e4e4999b8620637839d8d3b"],"following":[],"createTime":"2020-02-19T14:39:44.360Z","updateTime":"2020-04-07T09:03:51.534Z","_id":"5e846db5b8620637839d8d42","author":{"_id":"5e4e4999b8620637839d8d3b","username":"rd_1985@163.com"},"title":"web端图片上传","category":"5e181e2ca1a77c95daa48b32","state":2,"__v":0}],"total":4},"code":200}
***** response log end ******

[2020-05-03T16:57:56.724] [INFO] responseLog - 
***** response log start *****
request originalUrl: /api/artical/getList
request client ip: 127.0.0.1
request body
{"limit":5,"order":{"star":-1},"include":"author","includeword":{"username":1}}
response time: 66
response status: 200
response body: 
{"message":"成功","data":{"data":[{"anonymous":false,"introduction":"常见的http状态码大全","imageUrl":"","visitor":11,"commentators":0,"shared":0,"star":1,"starList":["5e4e4999b8620637839d8d3b"],"following":[],"createTime":"2020-02-19T14:39:44.360Z","updateTime":"2020-02-20T09:35:33.533Z","_id":"5e4e4aa2b8620637839d8d3c","author":{"_id":"5e4e4cf6b8620637839d8d3d","username":"1623246663@qq.com"},"title":"http状态码","category":"5e181e5aa1a77c95daa48b33","state":2,"__v":0},{"anonymous":false,"introduction":"第一次使用nuxt.js，记录一下常用的点，后期会持续改进。","imageUrl":"","visitor":12,"commentators":0,"shared":0,"star":1,"starList":["5e4e4cf6b8620637839d8d3d"],"following":[],"createTime":"2020-02-19T14:39:44.360Z","updateTime":"2020-03-12T10:19:28.739Z","_id":"5e5ca8efb8620637839d8d40","author":{"_id":"5e4e4999b8620637839d8d3b","username":"rd_1985@163.com"},"title":"Nuxt.js初探","category":"5e181e2ca1a77c95daa48b32","state":2,"__v":0},{"anonymous":false,"introduction":"好些年前做图片上传我都是用的form表单提交到后端，最近改用ajax提交图片，在这里做一下记录。包含在项目中使用的图片压缩。","imageUrl":"","visitor":0,"commentators":0,"shared":0,"star":1,"starList":["5e4e4999b8620637839d8d3b"],"following":[],"createTime":"2020-02-19T14:39:44.360Z","updateTime":"2020-04-07T09:03:51.534Z","_id":"5e846db5b8620637839d8d42","author":{"_id":"5e4e4999b8620637839d8d3b","username":"rd_1985@163.com"},"title":"web端图片上传","category":"5e181e2ca1a77c95daa48b32","state":2,"__v":0},{"anonymous":false,"introduction":"hooks","imageUrl":"","visitor":0,"commentators":0,"shared":0,"star":0,"starList":[],"following":[],"createTime":"2020-02-19T14:39:44.360Z","updateTime":"2020-03-12T10:34:06.433Z","_id":"5e6a101eb8620637839d8d41","author":{"_id":"5e4e4cf6b8620637839d8d3d","username":"1623246663@qq.com"},"title":"react hooks的使用","category":"5e181e2ca1a77c95daa48b32","state":2,"__v":0}],"total":4},"code":200}
***** response log end ******

[2020-05-03T16:57:56.729] [INFO] responseLog - 
***** response log start *****
request originalUrl: /api/artical/getList
request client ip: 127.0.0.1
request body
{"where":{},"include":"author","includeword":{"username":1},"limit":10,"skip":0}
response time: 74
response status: 200
response body: 
{"message":"成功","data":{"data":[{"anonymous":false,"introduction":"常见的http状态码大全","imageUrl":"","visitor":11,"commentators":0,"shared":0,"star":1,"starList":["5e4e4999b8620637839d8d3b"],"following":[],"createTime":"2020-02-19T14:39:44.360Z","updateTime":"2020-02-20T09:35:33.533Z","_id":"5e4e4aa2b8620637839d8d3c","author":{"_id":"5e4e4cf6b8620637839d8d3d","username":"1623246663@qq.com"},"title":"http状态码","category":"5e181e5aa1a77c95daa48b33","state":2,"__v":0},{"anonymous":false,"introduction":"第一次使用nuxt.js，记录一下常用的点，后期会持续改进。","imageUrl":"","visitor":12,"commentators":0,"shared":0,"star":1,"starList":["5e4e4cf6b8620637839d8d3d"],"following":[],"createTime":"2020-02-19T14:39:44.360Z","updateTime":"2020-03-12T10:19:28.739Z","_id":"5e5ca8efb8620637839d8d40","author":{"_id":"5e4e4999b8620637839d8d3b","username":"rd_1985@163.com"},"title":"Nuxt.js初探","category":"5e181e2ca1a77c95daa48b32","state":2,"__v":0},{"anonymous":false,"introduction":"hooks","imageUrl":"","visitor":0,"commentators":0,"shared":0,"star":0,"starList":[],"following":[],"createTime":"2020-02-19T14:39:44.360Z","updateTime":"2020-03-12T10:34:06.433Z","_id":"5e6a101eb8620637839d8d41","author":{"_id":"5e4e4cf6b8620637839d8d3d","username":"1623246663@qq.com"},"title":"react hooks的使用","category":"5e181e2ca1a77c95daa48b32","state":2,"__v":0},{"anonymous":false,"introduction":"好些年前做图片上传我都是用的form表单提交到后端，最近改用ajax提交图片，在这里做一下记录。包含在项目中使用的图片压缩。","imageUrl":"","visitor":0,"commentators":0,"shared":0,"star":1,"starList":["5e4e4999b8620637839d8d3b"],"following":[],"createTime":"2020-02-19T14:39:44.360Z","updateTime":"2020-04-07T09:03:51.534Z","_id":"5e846db5b8620637839d8d42","author":{"_id":"5e4e4999b8620637839d8d3b","username":"rd_1985@163.com"},"title":"web端图片上传","category":"5e181e2ca1a77c95daa48b32","state":2,"__v":0}],"total":4},"code":200}
***** response log end ******

[2020-05-03T16:58:05.835] [INFO] responseLog - 
***** response log start *****
request originalUrl: /api/artical/getList
request client ip: 127.0.0.1
request body
{"limit":5,"order":{"star":-1},"include":"author","includeword":{"username":1}}
response time: 65
response status: 200
response body: 
{"message":"成功","data":{"data":[{"anonymous":false,"introduction":"常见的http状态码大全","imageUrl":"","visitor":11,"commentators":0,"shared":0,"star":1,"starList":["5e4e4999b8620637839d8d3b"],"following":[],"createTime":"2020-02-19T14:39:44.360Z","updateTime":"2020-02-20T09:35:33.533Z","_id":"5e4e4aa2b8620637839d8d3c","author":{"_id":"5e4e4cf6b8620637839d8d3d","username":"1623246663@qq.com"},"title":"http状态码","category":"5e181e5aa1a77c95daa48b33","state":2,"__v":0},{"anonymous":false,"introduction":"第一次使用nuxt.js，记录一下常用的点，后期会持续改进。","imageUrl":"","visitor":12,"commentators":0,"shared":0,"star":1,"starList":["5e4e4cf6b8620637839d8d3d"],"following":[],"createTime":"2020-02-19T14:39:44.360Z","updateTime":"2020-03-12T10:19:28.739Z","_id":"5e5ca8efb8620637839d8d40","author":{"_id":"5e4e4999b8620637839d8d3b","username":"rd_1985@163.com"},"title":"Nuxt.js初探","category":"5e181e2ca1a77c95daa48b32","state":2,"__v":0},{"anonymous":false,"introduction":"好些年前做图片上传我都是用的form表单提交到后端，最近改用ajax提交图片，在这里做一下记录。包含在项目中使用的图片压缩。","imageUrl":"","visitor":0,"commentators":0,"shared":0,"star":1,"starList":["5e4e4999b8620637839d8d3b"],"following":[],"createTime":"2020-02-19T14:39:44.360Z","updateTime":"2020-04-07T09:03:51.534Z","_id":"5e846db5b8620637839d8d42","author":{"_id":"5e4e4999b8620637839d8d3b","username":"rd_1985@163.com"},"title":"web端图片上传","category":"5e181e2ca1a77c95daa48b32","state":2,"__v":0},{"anonymous":false,"introduction":"hooks","imageUrl":"","visitor":0,"commentators":0,"shared":0,"star":0,"starList":[],"following":[],"createTime":"2020-02-19T14:39:44.360Z","updateTime":"2020-03-12T10:34:06.433Z","_id":"5e6a101eb8620637839d8d41","author":{"_id":"5e4e4cf6b8620637839d8d3d","username":"1623246663@qq.com"},"title":"react hooks的使用","category":"5e181e2ca1a77c95daa48b32","state":2,"__v":0}],"total":4},"code":200}
***** response log end ******

[2020-05-03T16:58:05.840] [INFO] responseLog - 
***** response log start *****
request originalUrl: /api/artical/getList
request client ip: 127.0.0.1
request body
{"where":{},"include":"author","includeword":{"username":1},"limit":10,"skip":0}
response time: 71
response status: 200
response body: 
{"message":"成功","data":{"data":[{"anonymous":false,"introduction":"常见的http状态码大全","imageUrl":"","visitor":11,"commentators":0,"shared":0,"star":1,"starList":["5e4e4999b8620637839d8d3b"],"following":[],"createTime":"2020-02-19T14:39:44.360Z","updateTime":"2020-02-20T09:35:33.533Z","_id":"5e4e4aa2b8620637839d8d3c","author":{"_id":"5e4e4cf6b8620637839d8d3d","username":"1623246663@qq.com"},"title":"http状态码","category":"5e181e5aa1a77c95daa48b33","state":2,"__v":0},{"anonymous":false,"introduction":"第一次使用nuxt.js，记录一下常用的点，后期会持续改进。","imageUrl":"","visitor":12,"commentators":0,"shared":0,"star":1,"starList":["5e4e4cf6b8620637839d8d3d"],"following":[],"createTime":"2020-02-19T14:39:44.360Z","updateTime":"2020-03-12T10:19:28.739Z","_id":"5e5ca8efb8620637839d8d40","author":{"_id":"5e4e4999b8620637839d8d3b","username":"rd_1985@163.com"},"title":"Nuxt.js初探","category":"5e181e2ca1a77c95daa48b32","state":2,"__v":0},{"anonymous":false,"introduction":"hooks","imageUrl":"","visitor":0,"commentators":0,"shared":0,"star":0,"starList":[],"following":[],"createTime":"2020-02-19T14:39:44.360Z","updateTime":"2020-03-12T10:34:06.433Z","_id":"5e6a101eb8620637839d8d41","author":{"_id":"5e4e4cf6b8620637839d8d3d","username":"1623246663@qq.com"},"title":"react hooks的使用","category":"5e181e2ca1a77c95daa48b32","state":2,"__v":0},{"anonymous":false,"introduction":"好些年前做图片上传我都是用的form表单提交到后端，最近改用ajax提交图片，在这里做一下记录。包含在项目中使用的图片压缩。","imageUrl":"","visitor":0,"commentators":0,"shared":0,"star":1,"starList":["5e4e4999b8620637839d8d3b"],"following":[],"createTime":"2020-02-19T14:39:44.360Z","updateTime":"2020-04-07T09:03:51.534Z","_id":"5e846db5b8620637839d8d42","author":{"_id":"5e4e4999b8620637839d8d3b","username":"rd_1985@163.com"},"title":"web端图片上传","category":"5e181e2ca1a77c95daa48b32","state":2,"__v":0}],"total":4},"code":200}
***** response log end ******

[2020-05-03T17:33:35.945] [INFO] responseLog - 
***** response log start *****
request originalUrl: /api/artical/getList
request client ip: 127.0.0.1
request body
{"where":{},"include":"author","includeword":{"username":1},"limit":10,"skip":0}
response time: 114
response status: 200
response body: 
{"message":"成功","data":{"data":[{"anonymous":false,"introduction":"常见的http状态码大全","imageUrl":"","visitor":11,"commentators":0,"shared":0,"star":1,"starList":["5e4e4999b8620637839d8d3b"],"following":[],"createTime":"2020-02-19T14:39:44.360Z","updateTime":"2020-02-20T09:35:33.533Z","_id":"5e4e4aa2b8620637839d8d3c","author":{"_id":"5e4e4cf6b8620637839d8d3d","username":"1623246663@qq.com"},"title":"http状态码","category":"5e181e5aa1a77c95daa48b33","state":2,"__v":0},{"anonymous":false,"introduction":"第一次使用nuxt.js，记录一下常用的点，后期会持续改进。","imageUrl":"","visitor":12,"commentators":0,"shared":0,"star":1,"starList":["5e4e4cf6b8620637839d8d3d"],"following":[],"createTime":"2020-02-19T14:39:44.360Z","updateTime":"2020-03-12T10:19:28.739Z","_id":"5e5ca8efb8620637839d8d40","author":{"_id":"5e4e4999b8620637839d8d3b","username":"rd_1985@163.com"},"title":"Nuxt.js初探","category":"5e181e2ca1a77c95daa48b32","state":2,"__v":0},{"anonymous":false,"introduction":"hooks","imageUrl":"","visitor":0,"commentators":0,"shared":0,"star":0,"starList":[],"following":[],"createTime":"2020-02-19T14:39:44.360Z","updateTime":"2020-03-12T10:34:06.433Z","_id":"5e6a101eb8620637839d8d41","author":{"_id":"5e4e4cf6b8620637839d8d3d","username":"1623246663@qq.com"},"title":"react hooks的使用","category":"5e181e2ca1a77c95daa48b32","state":2,"__v":0},{"anonymous":false,"introduction":"好些年前做图片上传我都是用的form表单提交到后端，最近改用ajax提交图片，在这里做一下记录。包含在项目中使用的图片压缩。","imageUrl":"","visitor":0,"commentators":0,"shared":0,"star":1,"starList":["5e4e4999b8620637839d8d3b"],"following":[],"createTime":"2020-02-19T14:39:44.360Z","updateTime":"2020-04-07T09:03:51.534Z","_id":"5e846db5b8620637839d8d42","author":{"_id":"5e4e4999b8620637839d8d3b","username":"rd_1985@163.com"},"title":"web端图片上传","category":"5e181e2ca1a77c95daa48b32","state":2,"__v":0}],"total":4},"code":200}
***** response log end ******

[2020-05-03T17:33:35.954] [INFO] responseLog - 
***** response log start *****
request originalUrl: /api/artical/getList
request client ip: 127.0.0.1
request body
{"limit":5,"order":{"star":-1},"include":"author","includeword":{"username":1}}
response time: 95
response status: 200
response body: 
{"message":"成功","data":{"data":[{"anonymous":false,"introduction":"常见的http状态码大全","imageUrl":"","visitor":11,"commentators":0,"shared":0,"star":1,"starList":["5e4e4999b8620637839d8d3b"],"following":[],"createTime":"2020-02-19T14:39:44.360Z","updateTime":"2020-02-20T09:35:33.533Z","_id":"5e4e4aa2b8620637839d8d3c","author":{"_id":"5e4e4cf6b8620637839d8d3d","username":"1623246663@qq.com"},"title":"http状态码","category":"5e181e5aa1a77c95daa48b33","state":2,"__v":0},{"anonymous":false,"introduction":"第一次使用nuxt.js，记录一下常用的点，后期会持续改进。","imageUrl":"","visitor":12,"commentators":0,"shared":0,"star":1,"starList":["5e4e4cf6b8620637839d8d3d"],"following":[],"createTime":"2020-02-19T14:39:44.360Z","updateTime":"2020-03-12T10:19:28.739Z","_id":"5e5ca8efb8620637839d8d40","author":{"_id":"5e4e4999b8620637839d8d3b","username":"rd_1985@163.com"},"title":"Nuxt.js初探","category":"5e181e2ca1a77c95daa48b32","state":2,"__v":0},{"anonymous":false,"introduction":"好些年前做图片上传我都是用的form表单提交到后端，最近改用ajax提交图片，在这里做一下记录。包含在项目中使用的图片压缩。","imageUrl":"","visitor":0,"commentators":0,"shared":0,"star":1,"starList":["5e4e4999b8620637839d8d3b"],"following":[],"createTime":"2020-02-19T14:39:44.360Z","updateTime":"2020-04-07T09:03:51.534Z","_id":"5e846db5b8620637839d8d42","author":{"_id":"5e4e4999b8620637839d8d3b","username":"rd_1985@163.com"},"title":"web端图片上传","category":"5e181e2ca1a77c95daa48b32","state":2,"__v":0},{"anonymous":false,"introduction":"hooks","imageUrl":"","visitor":0,"commentators":0,"shared":0,"star":0,"starList":[],"following":[],"createTime":"2020-02-19T14:39:44.360Z","updateTime":"2020-03-12T10:34:06.433Z","_id":"5e6a101eb8620637839d8d41","author":{"_id":"5e4e4cf6b8620637839d8d3d","username":"1623246663@qq.com"},"title":"react hooks的使用","category":"5e181e2ca1a77c95daa48b32","state":2,"__v":0}],"total":4},"code":200}
***** response log end ******

[2020-05-03T17:43:19.325] [INFO] responseLog - 
***** response log start *****
request originalUrl: /api/user/signIn
request client ip: 127.0.0.1
request body
{"username":"rd_1985@163.com","password":"1985zrd"}
response time: 134
response status: 200
response body: 
{"message":"成功","data":{"username":"rd_1985@163.com","token":"eyJhbGciOiJIUzI1NiIsInR5cCI6IkpXVCJ9.eyJ1c2VybmFtZSI6InJkXzE5ODVAMTYzLmNvbSIsImlhdCI6MTU4ODQ5ODk5OSwiZXhwIjoxNTg4NTA2MTk5fQ.rbYqRq9JzQOJ1-ibI2SWFps-ZEraQKU9sUSzxFP8FSw"},"code":200}
***** response log end ******

[2020-05-03T17:43:49.200] [INFO] responseLog - 
***** response log start *****
request originalUrl: /api/artical/getList
request client ip: 127.0.0.1
request body
{"limit":5,"order":{"star":-1},"include":"author","includeword":{"username":1}}
response time: 73
response status: 200
response body: 
{"message":"成功","data":{"data":[{"anonymous":false,"introduction":"常见的http状态码大全","imageUrl":"","visitor":11,"commentators":0,"shared":0,"star":1,"starList":["5e4e4999b8620637839d8d3b"],"following":[],"createTime":"2020-02-19T14:39:44.360Z","updateTime":"2020-02-20T09:35:33.533Z","_id":"5e4e4aa2b8620637839d8d3c","author":{"_id":"5e4e4cf6b8620637839d8d3d","username":"1623246663@qq.com"},"title":"http状态码","category":"5e181e5aa1a77c95daa48b33","state":2,"__v":0},{"anonymous":false,"introduction":"第一次使用nuxt.js，记录一下常用的点，后期会持续改进。","imageUrl":"","visitor":12,"commentators":0,"shared":0,"star":1,"starList":["5e4e4cf6b8620637839d8d3d"],"following":[],"createTime":"2020-02-19T14:39:44.360Z","updateTime":"2020-03-12T10:19:28.739Z","_id":"5e5ca8efb8620637839d8d40","author":{"_id":"5e4e4999b8620637839d8d3b","username":"rd_1985@163.com"},"title":"Nuxt.js初探","category":"5e181e2ca1a77c95daa48b32","state":2,"__v":0},{"anonymous":false,"introduction":"好些年前做图片上传我都是用的form表单提交到后端，最近改用ajax提交图片，在这里做一下记录。包含在项目中使用的图片压缩。","imageUrl":"","visitor":0,"commentators":0,"shared":0,"star":1,"starList":["5e4e4999b8620637839d8d3b"],"following":[],"createTime":"2020-02-19T14:39:44.360Z","updateTime":"2020-04-07T09:03:51.534Z","_id":"5e846db5b8620637839d8d42","author":{"_id":"5e4e4999b8620637839d8d3b","username":"rd_1985@163.com"},"title":"web端图片上传","category":"5e181e2ca1a77c95daa48b32","state":2,"__v":0},{"anonymous":false,"introduction":"hooks","imageUrl":"","visitor":0,"commentators":0,"shared":0,"star":0,"starList":[],"following":[],"createTime":"2020-02-19T14:39:44.360Z","updateTime":"2020-03-12T10:34:06.433Z","_id":"5e6a101eb8620637839d8d41","author":{"_id":"5e4e4cf6b8620637839d8d3d","username":"1623246663@qq.com"},"title":"react hooks的使用","category":"5e181e2ca1a77c95daa48b32","state":2,"__v":0}],"total":4},"code":200}
***** response log end ******

[2020-05-03T17:43:49.206] [INFO] responseLog - 
***** response log start *****
request originalUrl: /api/artical/getList
request client ip: 127.0.0.1
request body
{"where":{},"include":"author","includeword":{"username":1},"limit":10,"skip":0}
response time: 77
response status: 200
response body: 
{"message":"成功","data":{"data":[{"anonymous":false,"introduction":"常见的http状态码大全","imageUrl":"","visitor":11,"commentators":0,"shared":0,"star":1,"starList":["5e4e4999b8620637839d8d3b"],"following":[],"createTime":"2020-02-19T14:39:44.360Z","updateTime":"2020-02-20T09:35:33.533Z","_id":"5e4e4aa2b8620637839d8d3c","author":{"_id":"5e4e4cf6b8620637839d8d3d","username":"1623246663@qq.com"},"title":"http状态码","category":"5e181e5aa1a77c95daa48b33","state":2,"__v":0},{"anonymous":false,"introduction":"第一次使用nuxt.js，记录一下常用的点，后期会持续改进。","imageUrl":"","visitor":12,"commentators":0,"shared":0,"star":1,"starList":["5e4e4cf6b8620637839d8d3d"],"following":[],"createTime":"2020-02-19T14:39:44.360Z","updateTime":"2020-03-12T10:19:28.739Z","_id":"5e5ca8efb8620637839d8d40","author":{"_id":"5e4e4999b8620637839d8d3b","username":"rd_1985@163.com"},"title":"Nuxt.js初探","category":"5e181e2ca1a77c95daa48b32","state":2,"__v":0},{"anonymous":false,"introduction":"hooks","imageUrl":"","visitor":0,"commentators":0,"shared":0,"star":0,"starList":[],"following":[],"createTime":"2020-02-19T14:39:44.360Z","updateTime":"2020-03-12T10:34:06.433Z","_id":"5e6a101eb8620637839d8d41","author":{"_id":"5e4e4cf6b8620637839d8d3d","username":"1623246663@qq.com"},"title":"react hooks的使用","category":"5e181e2ca1a77c95daa48b32","state":2,"__v":0},{"anonymous":false,"introduction":"好些年前做图片上传我都是用的form表单提交到后端，最近改用ajax提交图片，在这里做一下记录。包含在项目中使用的图片压缩。","imageUrl":"","visitor":0,"commentators":0,"shared":0,"star":1,"starList":["5e4e4999b8620637839d8d3b"],"following":[],"createTime":"2020-02-19T14:39:44.360Z","updateTime":"2020-04-07T09:03:51.534Z","_id":"5e846db5b8620637839d8d42","author":{"_id":"5e4e4999b8620637839d8d3b","username":"rd_1985@163.com"},"title":"web端图片上传","category":"5e181e2ca1a77c95daa48b32","state":2,"__v":0}],"total":4},"code":200}
***** response log end ******

[2020-05-03T17:47:21.496] [INFO] responseLog - 
***** response log start *****
request originalUrl: /api/artical/getList
request client ip: 127.0.0.1
request body
{"where":{},"include":"author","includeword":{"username":1},"limit":10,"skip":0}
response time: 124
response status: 200
response body: 
{"message":"成功","data":{"data":[{"anonymous":false,"introduction":"常见的http状态码大全","imageUrl":"","visitor":11,"commentators":0,"shared":0,"star":1,"starList":["5e4e4999b8620637839d8d3b"],"following":[],"createTime":"2020-02-19T14:39:44.360Z","updateTime":"2020-02-20T09:35:33.533Z","_id":"5e4e4aa2b8620637839d8d3c","author":{"_id":"5e4e4cf6b8620637839d8d3d","username":"1623246663@qq.com"},"title":"http状态码","category":"5e181e5aa1a77c95daa48b33","state":2,"__v":0},{"anonymous":false,"introduction":"第一次使用nuxt.js，记录一下常用的点，后期会持续改进。","imageUrl":"","visitor":12,"commentators":0,"shared":0,"star":1,"starList":["5e4e4cf6b8620637839d8d3d"],"following":[],"createTime":"2020-02-19T14:39:44.360Z","updateTime":"2020-03-12T10:19:28.739Z","_id":"5e5ca8efb8620637839d8d40","author":{"_id":"5e4e4999b8620637839d8d3b","username":"rd_1985@163.com"},"title":"Nuxt.js初探","category":"5e181e2ca1a77c95daa48b32","state":2,"__v":0},{"anonymous":false,"introduction":"hooks","imageUrl":"","visitor":0,"commentators":0,"shared":0,"star":0,"starList":[],"following":[],"createTime":"2020-02-19T14:39:44.360Z","updateTime":"2020-03-12T10:34:06.433Z","_id":"5e6a101eb8620637839d8d41","author":{"_id":"5e4e4cf6b8620637839d8d3d","username":"1623246663@qq.com"},"title":"react hooks的使用","category":"5e181e2ca1a77c95daa48b32","state":2,"__v":0},{"anonymous":false,"introduction":"好些年前做图片上传我都是用的form表单提交到后端，最近改用ajax提交图片，在这里做一下记录。包含在项目中使用的图片压缩。","imageUrl":"","visitor":0,"commentators":0,"shared":0,"star":1,"starList":["5e4e4999b8620637839d8d3b"],"following":[],"createTime":"2020-02-19T14:39:44.360Z","updateTime":"2020-04-07T09:03:51.534Z","_id":"5e846db5b8620637839d8d42","author":{"_id":"5e4e4999b8620637839d8d3b","username":"rd_1985@163.com"},"title":"web端图片上传","category":"5e181e2ca1a77c95daa48b32","state":2,"__v":0}],"total":4},"code":200}
***** response log end ******

[2020-05-03T17:47:21.504] [INFO] responseLog - 
***** response log start *****
request originalUrl: /api/artical/getList
request client ip: 127.0.0.1
request body
{"limit":5,"order":{"star":-1},"include":"author","includeword":{"username":1}}
response time: 98
response status: 200
response body: 
{"message":"成功","data":{"data":[{"anonymous":false,"introduction":"常见的http状态码大全","imageUrl":"","visitor":11,"commentators":0,"shared":0,"star":1,"starList":["5e4e4999b8620637839d8d3b"],"following":[],"createTime":"2020-02-19T14:39:44.360Z","updateTime":"2020-02-20T09:35:33.533Z","_id":"5e4e4aa2b8620637839d8d3c","author":{"_id":"5e4e4cf6b8620637839d8d3d","username":"1623246663@qq.com"},"title":"http状态码","category":"5e181e5aa1a77c95daa48b33","state":2,"__v":0},{"anonymous":false,"introduction":"第一次使用nuxt.js，记录一下常用的点，后期会持续改进。","imageUrl":"","visitor":12,"commentators":0,"shared":0,"star":1,"starList":["5e4e4cf6b8620637839d8d3d"],"following":[],"createTime":"2020-02-19T14:39:44.360Z","updateTime":"2020-03-12T10:19:28.739Z","_id":"5e5ca8efb8620637839d8d40","author":{"_id":"5e4e4999b8620637839d8d3b","username":"rd_1985@163.com"},"title":"Nuxt.js初探","category":"5e181e2ca1a77c95daa48b32","state":2,"__v":0},{"anonymous":false,"introduction":"好些年前做图片上传我都是用的form表单提交到后端，最近改用ajax提交图片，在这里做一下记录。包含在项目中使用的图片压缩。","imageUrl":"","visitor":0,"commentators":0,"shared":0,"star":1,"starList":["5e4e4999b8620637839d8d3b"],"following":[],"createTime":"2020-02-19T14:39:44.360Z","updateTime":"2020-04-07T09:03:51.534Z","_id":"5e846db5b8620637839d8d42","author":{"_id":"5e4e4999b8620637839d8d3b","username":"rd_1985@163.com"},"title":"web端图片上传","category":"5e181e2ca1a77c95daa48b32","state":2,"__v":0},{"anonymous":false,"introduction":"hooks","imageUrl":"","visitor":0,"commentators":0,"shared":0,"star":0,"starList":[],"following":[],"createTime":"2020-02-19T14:39:44.360Z","updateTime":"2020-03-12T10:34:06.433Z","_id":"5e6a101eb8620637839d8d41","author":{"_id":"5e4e4cf6b8620637839d8d3d","username":"1623246663@qq.com"},"title":"react hooks的使用","category":"5e181e2ca1a77c95daa48b32","state":2,"__v":0}],"total":4},"code":200}
***** response log end ******

[2020-05-03T17:47:24.569] [INFO] responseLog - 
***** response log start *****
request originalUrl: /api/user/signOut
request client ip: 127.0.0.1
request body
{}
response time: 3
response status: 200
response body: 
{"message":"成功","data":{},"code":200}
***** response log end ******

[2020-05-03T17:47:40.656] [INFO] responseLog - 
***** response log start *****
request originalUrl: /api/user/signIn
request client ip: 127.0.0.1
request body
{"username":"rd_1985@163.com","password":"1985zrd"}
response time: 36
response status: 200
response body: 
{"message":"成功","data":{"username":"rd_1985@163.com","token":"eyJhbGciOiJIUzI1NiIsInR5cCI6IkpXVCJ9.eyJ1c2VybmFtZSI6InJkXzE5ODVAMTYzLmNvbSIsImlhdCI6MTU4ODQ5OTI2MCwiZXhwIjoxNTg4NTA2NDYwfQ.lYAyOGow0NWDtmUU1TDsmB26hceeoMbrEZU9nwFyqOM"},"code":200}
***** response log end ******

[2020-05-03T17:48:22.821] [INFO] responseLog - 
***** response log start *****
request originalUrl: /api/artical/getList
request client ip: 127.0.0.1
request body
{"limit":5,"order":{"star":-1},"include":"author","includeword":{"username":1}}
response time: 71
response status: 200
response body: 
{"message":"成功","data":{"data":[{"anonymous":false,"introduction":"常见的http状态码大全","imageUrl":"","visitor":11,"commentators":0,"shared":0,"star":1,"starList":["5e4e4999b8620637839d8d3b"],"following":[],"createTime":"2020-02-19T14:39:44.360Z","updateTime":"2020-02-20T09:35:33.533Z","_id":"5e4e4aa2b8620637839d8d3c","author":{"_id":"5e4e4cf6b8620637839d8d3d","username":"1623246663@qq.com"},"title":"http状态码","category":"5e181e5aa1a77c95daa48b33","state":2,"__v":0},{"anonymous":false,"introduction":"第一次使用nuxt.js，记录一下常用的点，后期会持续改进。","imageUrl":"","visitor":12,"commentators":0,"shared":0,"star":1,"starList":["5e4e4cf6b8620637839d8d3d"],"following":[],"createTime":"2020-02-19T14:39:44.360Z","updateTime":"2020-03-12T10:19:28.739Z","_id":"5e5ca8efb8620637839d8d40","author":{"_id":"5e4e4999b8620637839d8d3b","username":"rd_1985@163.com"},"title":"Nuxt.js初探","category":"5e181e2ca1a77c95daa48b32","state":2,"__v":0},{"anonymous":false,"introduction":"好些年前做图片上传我都是用的form表单提交到后端，最近改用ajax提交图片，在这里做一下记录。包含在项目中使用的图片压缩。","imageUrl":"","visitor":0,"commentators":0,"shared":0,"star":1,"starList":["5e4e4999b8620637839d8d3b"],"following":[],"createTime":"2020-02-19T14:39:44.360Z","updateTime":"2020-04-07T09:03:51.534Z","_id":"5e846db5b8620637839d8d42","author":{"_id":"5e4e4999b8620637839d8d3b","username":"rd_1985@163.com"},"title":"web端图片上传","category":"5e181e2ca1a77c95daa48b32","state":2,"__v":0},{"anonymous":false,"introduction":"hooks","imageUrl":"","visitor":0,"commentators":0,"shared":0,"star":0,"starList":[],"following":[],"createTime":"2020-02-19T14:39:44.360Z","updateTime":"2020-03-12T10:34:06.433Z","_id":"5e6a101eb8620637839d8d41","author":{"_id":"5e4e4cf6b8620637839d8d3d","username":"1623246663@qq.com"},"title":"react hooks的使用","category":"5e181e2ca1a77c95daa48b32","state":2,"__v":0}],"total":4},"code":200}
***** response log end ******

[2020-05-03T17:48:22.825] [INFO] responseLog - 
***** response log start *****
request originalUrl: /api/artical/getList
request client ip: 127.0.0.1
request body
{"where":{},"include":"author","includeword":{"username":1},"limit":10,"skip":0}
response time: 79
response status: 200
response body: 
{"message":"成功","data":{"data":[{"anonymous":false,"introduction":"常见的http状态码大全","imageUrl":"","visitor":11,"commentators":0,"shared":0,"star":1,"starList":["5e4e4999b8620637839d8d3b"],"following":[],"createTime":"2020-02-19T14:39:44.360Z","updateTime":"2020-02-20T09:35:33.533Z","_id":"5e4e4aa2b8620637839d8d3c","author":{"_id":"5e4e4cf6b8620637839d8d3d","username":"1623246663@qq.com"},"title":"http状态码","category":"5e181e5aa1a77c95daa48b33","state":2,"__v":0},{"anonymous":false,"introduction":"第一次使用nuxt.js，记录一下常用的点，后期会持续改进。","imageUrl":"","visitor":12,"commentators":0,"shared":0,"star":1,"starList":["5e4e4cf6b8620637839d8d3d"],"following":[],"createTime":"2020-02-19T14:39:44.360Z","updateTime":"2020-03-12T10:19:28.739Z","_id":"5e5ca8efb8620637839d8d40","author":{"_id":"5e4e4999b8620637839d8d3b","username":"rd_1985@163.com"},"title":"Nuxt.js初探","category":"5e181e2ca1a77c95daa48b32","state":2,"__v":0},{"anonymous":false,"introduction":"hooks","imageUrl":"","visitor":0,"commentators":0,"shared":0,"star":0,"starList":[],"following":[],"createTime":"2020-02-19T14:39:44.360Z","updateTime":"2020-03-12T10:34:06.433Z","_id":"5e6a101eb8620637839d8d41","author":{"_id":"5e4e4cf6b8620637839d8d3d","username":"1623246663@qq.com"},"title":"react hooks的使用","category":"5e181e2ca1a77c95daa48b32","state":2,"__v":0},{"anonymous":false,"introduction":"好些年前做图片上传我都是用的form表单提交到后端，最近改用ajax提交图片，在这里做一下记录。包含在项目中使用的图片压缩。","imageUrl":"","visitor":0,"commentators":0,"shared":0,"star":1,"starList":["5e4e4999b8620637839d8d3b"],"following":[],"createTime":"2020-02-19T14:39:44.360Z","updateTime":"2020-04-07T09:03:51.534Z","_id":"5e846db5b8620637839d8d42","author":{"_id":"5e4e4999b8620637839d8d3b","username":"rd_1985@163.com"},"title":"web端图片上传","category":"5e181e2ca1a77c95daa48b32","state":2,"__v":0}],"total":4},"code":200}
***** response log end ******

[2020-05-03T17:48:28.683] [INFO] responseLog - 
***** response log start *****
request originalUrl: /api/user/signOut
request client ip: 127.0.0.1
request body
{}
response time: 1
response status: 200
response body: 
{"message":"成功","data":{},"code":200}
***** response log end ******

[2020-05-03T17:48:50.568] [INFO] responseLog - 
***** response log start *****
request originalUrl: /api/user/signIn
request client ip: 127.0.0.1
request body
{"username":"rd_1985@163.com","password":"1985zrd"}
response time: 27
response status: 200
response body: 
{"message":"成功","data":{"username":"rd_1985@163.com","token":"eyJhbGciOiJIUzI1NiIsInR5cCI6IkpXVCJ9.eyJ1c2VybmFtZSI6InJkXzE5ODVAMTYzLmNvbSIsImlhdCI6MTU4ODQ5OTMzMCwiZXhwIjoxNTg4NTA2NTMwfQ.j3nzawkFX6fxT6HB0lGKS2hHJqzZuNlRgAGdj8cdVl4"},"code":200}
***** response log end ******

[2020-05-03T17:49:43.765] [INFO] responseLog - 
***** response log start *****
request originalUrl: /api/artical/getList
request client ip: 127.0.0.1
request body
{"where":{},"include":"author","includeword":{"username":1},"limit":10,"skip":0}
response time: 73
response status: 200
response body: 
{"message":"成功","data":{"data":[{"anonymous":false,"introduction":"常见的http状态码大全","imageUrl":"","visitor":11,"commentators":0,"shared":0,"star":1,"starList":["5e4e4999b8620637839d8d3b"],"following":[],"createTime":"2020-02-19T14:39:44.360Z","updateTime":"2020-02-20T09:35:33.533Z","_id":"5e4e4aa2b8620637839d8d3c","author":{"_id":"5e4e4cf6b8620637839d8d3d","username":"1623246663@qq.com"},"title":"http状态码","category":"5e181e5aa1a77c95daa48b33","state":2,"__v":0},{"anonymous":false,"introduction":"第一次使用nuxt.js，记录一下常用的点，后期会持续改进。","imageUrl":"","visitor":12,"commentators":0,"shared":0,"star":1,"starList":["5e4e4cf6b8620637839d8d3d"],"following":[],"createTime":"2020-02-19T14:39:44.360Z","updateTime":"2020-03-12T10:19:28.739Z","_id":"5e5ca8efb8620637839d8d40","author":{"_id":"5e4e4999b8620637839d8d3b","username":"rd_1985@163.com"},"title":"Nuxt.js初探","category":"5e181e2ca1a77c95daa48b32","state":2,"__v":0},{"anonymous":false,"introduction":"hooks","imageUrl":"","visitor":0,"commentators":0,"shared":0,"star":0,"starList":[],"following":[],"createTime":"2020-02-19T14:39:44.360Z","updateTime":"2020-03-12T10:34:06.433Z","_id":"5e6a101eb8620637839d8d41","author":{"_id":"5e4e4cf6b8620637839d8d3d","username":"1623246663@qq.com"},"title":"react hooks的使用","category":"5e181e2ca1a77c95daa48b32","state":2,"__v":0},{"anonymous":false,"introduction":"好些年前做图片上传我都是用的form表单提交到后端，最近改用ajax提交图片，在这里做一下记录。包含在项目中使用的图片压缩。","imageUrl":"","visitor":0,"commentators":0,"shared":0,"star":1,"starList":["5e4e4999b8620637839d8d3b"],"following":[],"createTime":"2020-02-19T14:39:44.360Z","updateTime":"2020-04-07T09:03:51.534Z","_id":"5e846db5b8620637839d8d42","author":{"_id":"5e4e4999b8620637839d8d3b","username":"rd_1985@163.com"},"title":"web端图片上传","category":"5e181e2ca1a77c95daa48b32","state":2,"__v":0}],"total":4},"code":200}
***** response log end ******

[2020-05-03T17:49:43.770] [INFO] responseLog - 
***** response log start *****
request originalUrl: /api/artical/getList
request client ip: 127.0.0.1
request body
{"limit":5,"order":{"star":-1},"include":"author","includeword":{"username":1}}
response time: 74
response status: 200
response body: 
{"message":"成功","data":{"data":[{"anonymous":false,"introduction":"常见的http状态码大全","imageUrl":"","visitor":11,"commentators":0,"shared":0,"star":1,"starList":["5e4e4999b8620637839d8d3b"],"following":[],"createTime":"2020-02-19T14:39:44.360Z","updateTime":"2020-02-20T09:35:33.533Z","_id":"5e4e4aa2b8620637839d8d3c","author":{"_id":"5e4e4cf6b8620637839d8d3d","username":"1623246663@qq.com"},"title":"http状态码","category":"5e181e5aa1a77c95daa48b33","state":2,"__v":0},{"anonymous":false,"introduction":"第一次使用nuxt.js，记录一下常用的点，后期会持续改进。","imageUrl":"","visitor":12,"commentators":0,"shared":0,"star":1,"starList":["5e4e4cf6b8620637839d8d3d"],"following":[],"createTime":"2020-02-19T14:39:44.360Z","updateTime":"2020-03-12T10:19:28.739Z","_id":"5e5ca8efb8620637839d8d40","author":{"_id":"5e4e4999b8620637839d8d3b","username":"rd_1985@163.com"},"title":"Nuxt.js初探","category":"5e181e2ca1a77c95daa48b32","state":2,"__v":0},{"anonymous":false,"introduction":"好些年前做图片上传我都是用的form表单提交到后端，最近改用ajax提交图片，在这里做一下记录。包含在项目中使用的图片压缩。","imageUrl":"","visitor":0,"commentators":0,"shared":0,"star":1,"starList":["5e4e4999b8620637839d8d3b"],"following":[],"createTime":"2020-02-19T14:39:44.360Z","updateTime":"2020-04-07T09:03:51.534Z","_id":"5e846db5b8620637839d8d42","author":{"_id":"5e4e4999b8620637839d8d3b","username":"rd_1985@163.com"},"title":"web端图片上传","category":"5e181e2ca1a77c95daa48b32","state":2,"__v":0},{"anonymous":false,"introduction":"hooks","imageUrl":"","visitor":0,"commentators":0,"shared":0,"star":0,"starList":[],"following":[],"createTime":"2020-02-19T14:39:44.360Z","updateTime":"2020-03-12T10:34:06.433Z","_id":"5e6a101eb8620637839d8d41","author":{"_id":"5e4e4cf6b8620637839d8d3d","username":"1623246663@qq.com"},"title":"react hooks的使用","category":"5e181e2ca1a77c95daa48b32","state":2,"__v":0}],"total":4},"code":200}
***** response log end ******

[2020-05-03T17:49:50.001] [INFO] responseLog - 
***** response log start *****
request originalUrl: /api/user/signOut
request client ip: 127.0.0.1
request body
{}
response time: 1
response status: 200
response body: 
{"message":"成功","data":{},"code":200}
***** response log end ******

[2020-05-03T17:50:03.060] [INFO] responseLog - 
***** response log start *****
request originalUrl: /api/user/signIn
request client ip: 127.0.0.1
request body
{"username":"rd_1985@163.com","password":"1985zrd"}
response time: 26
response status: 200
response body: 
{"message":"成功","data":{"username":"rd_1985@163.com","token":"eyJhbGciOiJIUzI1NiIsInR5cCI6IkpXVCJ9.eyJ1c2VybmFtZSI6InJkXzE5ODVAMTYzLmNvbSIsImlhdCI6MTU4ODQ5OTQwMywiZXhwIjoxNTg4NTA2NjAzfQ.6-VxIM6BHc8Mu2ZH89L3BRCCh1kImZwt60FEMrlXz6U"},"code":200}
***** response log end ******

[2020-05-03T17:50:38.426] [INFO] responseLog - 
***** response log start *****
request originalUrl: /api/artical/getList
request client ip: 127.0.0.1
request body
{"limit":5,"order":{"star":-1},"include":"author","includeword":{"username":1}}
response time: 72
response status: 200
response body: 
{"message":"成功","data":{"data":[{"anonymous":false,"introduction":"常见的http状态码大全","imageUrl":"","visitor":11,"commentators":0,"shared":0,"star":1,"starList":["5e4e4999b8620637839d8d3b"],"following":[],"createTime":"2020-02-19T14:39:44.360Z","updateTime":"2020-02-20T09:35:33.533Z","_id":"5e4e4aa2b8620637839d8d3c","author":{"_id":"5e4e4cf6b8620637839d8d3d","username":"1623246663@qq.com"},"title":"http状态码","category":"5e181e5aa1a77c95daa48b33","state":2,"__v":0},{"anonymous":false,"introduction":"第一次使用nuxt.js，记录一下常用的点，后期会持续改进。","imageUrl":"","visitor":12,"commentators":0,"shared":0,"star":1,"starList":["5e4e4cf6b8620637839d8d3d"],"following":[],"createTime":"2020-02-19T14:39:44.360Z","updateTime":"2020-03-12T10:19:28.739Z","_id":"5e5ca8efb8620637839d8d40","author":{"_id":"5e4e4999b8620637839d8d3b","username":"rd_1985@163.com"},"title":"Nuxt.js初探","category":"5e181e2ca1a77c95daa48b32","state":2,"__v":0},{"anonymous":false,"introduction":"好些年前做图片上传我都是用的form表单提交到后端，最近改用ajax提交图片，在这里做一下记录。包含在项目中使用的图片压缩。","imageUrl":"","visitor":0,"commentators":0,"shared":0,"star":1,"starList":["5e4e4999b8620637839d8d3b"],"following":[],"createTime":"2020-02-19T14:39:44.360Z","updateTime":"2020-04-07T09:03:51.534Z","_id":"5e846db5b8620637839d8d42","author":{"_id":"5e4e4999b8620637839d8d3b","username":"rd_1985@163.com"},"title":"web端图片上传","category":"5e181e2ca1a77c95daa48b32","state":2,"__v":0},{"anonymous":false,"introduction":"hooks","imageUrl":"","visitor":0,"commentators":0,"shared":0,"star":0,"starList":[],"following":[],"createTime":"2020-02-19T14:39:44.360Z","updateTime":"2020-03-12T10:34:06.433Z","_id":"5e6a101eb8620637839d8d41","author":{"_id":"5e4e4cf6b8620637839d8d3d","username":"1623246663@qq.com"},"title":"react hooks的使用","category":"5e181e2ca1a77c95daa48b32","state":2,"__v":0}],"total":4},"code":200}
***** response log end ******

[2020-05-03T17:50:38.436] [INFO] responseLog - 
***** response log start *****
request originalUrl: /api/artical/getList
request client ip: 127.0.0.1
request body
{"where":{},"include":"author","includeword":{"username":1},"limit":10,"skip":0}
response time: 86
response status: 200
response body: 
{"message":"成功","data":{"data":[{"anonymous":false,"introduction":"常见的http状态码大全","imageUrl":"","visitor":11,"commentators":0,"shared":0,"star":1,"starList":["5e4e4999b8620637839d8d3b"],"following":[],"createTime":"2020-02-19T14:39:44.360Z","updateTime":"2020-02-20T09:35:33.533Z","_id":"5e4e4aa2b8620637839d8d3c","author":{"_id":"5e4e4cf6b8620637839d8d3d","username":"1623246663@qq.com"},"title":"http状态码","category":"5e181e5aa1a77c95daa48b33","state":2,"__v":0},{"anonymous":false,"introduction":"第一次使用nuxt.js，记录一下常用的点，后期会持续改进。","imageUrl":"","visitor":12,"commentators":0,"shared":0,"star":1,"starList":["5e4e4cf6b8620637839d8d3d"],"following":[],"createTime":"2020-02-19T14:39:44.360Z","updateTime":"2020-03-12T10:19:28.739Z","_id":"5e5ca8efb8620637839d8d40","author":{"_id":"5e4e4999b8620637839d8d3b","username":"rd_1985@163.com"},"title":"Nuxt.js初探","category":"5e181e2ca1a77c95daa48b32","state":2,"__v":0},{"anonymous":false,"introduction":"hooks","imageUrl":"","visitor":0,"commentators":0,"shared":0,"star":0,"starList":[],"following":[],"createTime":"2020-02-19T14:39:44.360Z","updateTime":"2020-03-12T10:34:06.433Z","_id":"5e6a101eb8620637839d8d41","author":{"_id":"5e4e4cf6b8620637839d8d3d","username":"1623246663@qq.com"},"title":"react hooks的使用","category":"5e181e2ca1a77c95daa48b32","state":2,"__v":0},{"anonymous":false,"introduction":"好些年前做图片上传我都是用的form表单提交到后端，最近改用ajax提交图片，在这里做一下记录。包含在项目中使用的图片压缩。","imageUrl":"","visitor":0,"commentators":0,"shared":0,"star":1,"starList":["5e4e4999b8620637839d8d3b"],"following":[],"createTime":"2020-02-19T14:39:44.360Z","updateTime":"2020-04-07T09:03:51.534Z","_id":"5e846db5b8620637839d8d42","author":{"_id":"5e4e4999b8620637839d8d3b","username":"rd_1985@163.com"},"title":"web端图片上传","category":"5e181e2ca1a77c95daa48b32","state":2,"__v":0}],"total":4},"code":200}
***** response log end ******

[2020-05-03T17:51:50.357] [INFO] responseLog - 
***** response log start *****
request originalUrl: /api/artical/getList
request client ip: 127.0.0.1
request body
{"where":{},"include":"author","includeword":{"username":1},"limit":10,"skip":0}
response time: 74
response status: 200
response body: 
{"message":"成功","data":{"data":[{"anonymous":false,"introduction":"常见的http状态码大全","imageUrl":"","visitor":11,"commentators":0,"shared":0,"star":1,"starList":["5e4e4999b8620637839d8d3b"],"following":[],"createTime":"2020-02-19T14:39:44.360Z","updateTime":"2020-02-20T09:35:33.533Z","_id":"5e4e4aa2b8620637839d8d3c","author":{"_id":"5e4e4cf6b8620637839d8d3d","username":"1623246663@qq.com"},"title":"http状态码","category":"5e181e5aa1a77c95daa48b33","state":2,"__v":0},{"anonymous":false,"introduction":"第一次使用nuxt.js，记录一下常用的点，后期会持续改进。","imageUrl":"","visitor":12,"commentators":0,"shared":0,"star":1,"starList":["5e4e4cf6b8620637839d8d3d"],"following":[],"createTime":"2020-02-19T14:39:44.360Z","updateTime":"2020-03-12T10:19:28.739Z","_id":"5e5ca8efb8620637839d8d40","author":{"_id":"5e4e4999b8620637839d8d3b","username":"rd_1985@163.com"},"title":"Nuxt.js初探","category":"5e181e2ca1a77c95daa48b32","state":2,"__v":0},{"anonymous":false,"introduction":"hooks","imageUrl":"","visitor":0,"commentators":0,"shared":0,"star":0,"starList":[],"following":[],"createTime":"2020-02-19T14:39:44.360Z","updateTime":"2020-03-12T10:34:06.433Z","_id":"5e6a101eb8620637839d8d41","author":{"_id":"5e4e4cf6b8620637839d8d3d","username":"1623246663@qq.com"},"title":"react hooks的使用","category":"5e181e2ca1a77c95daa48b32","state":2,"__v":0},{"anonymous":false,"introduction":"好些年前做图片上传我都是用的form表单提交到后端，最近改用ajax提交图片，在这里做一下记录。包含在项目中使用的图片压缩。","imageUrl":"","visitor":0,"commentators":0,"shared":0,"star":1,"starList":["5e4e4999b8620637839d8d3b"],"following":[],"createTime":"2020-02-19T14:39:44.360Z","updateTime":"2020-04-07T09:03:51.534Z","_id":"5e846db5b8620637839d8d42","author":{"_id":"5e4e4999b8620637839d8d3b","username":"rd_1985@163.com"},"title":"web端图片上传","category":"5e181e2ca1a77c95daa48b32","state":2,"__v":0}],"total":4},"code":200}
***** response log end ******

[2020-05-03T17:51:50.363] [INFO] responseLog - 
***** response log start *****
request originalUrl: /api/artical/getList
request client ip: 127.0.0.1
request body
{"limit":5,"order":{"star":-1},"include":"author","includeword":{"username":1}}
response time: 75
response status: 200
response body: 
{"message":"成功","data":{"data":[{"anonymous":false,"introduction":"常见的http状态码大全","imageUrl":"","visitor":11,"commentators":0,"shared":0,"star":1,"starList":["5e4e4999b8620637839d8d3b"],"following":[],"createTime":"2020-02-19T14:39:44.360Z","updateTime":"2020-02-20T09:35:33.533Z","_id":"5e4e4aa2b8620637839d8d3c","author":{"_id":"5e4e4cf6b8620637839d8d3d","username":"1623246663@qq.com"},"title":"http状态码","category":"5e181e5aa1a77c95daa48b33","state":2,"__v":0},{"anonymous":false,"introduction":"第一次使用nuxt.js，记录一下常用的点，后期会持续改进。","imageUrl":"","visitor":12,"commentators":0,"shared":0,"star":1,"starList":["5e4e4cf6b8620637839d8d3d"],"following":[],"createTime":"2020-02-19T14:39:44.360Z","updateTime":"2020-03-12T10:19:28.739Z","_id":"5e5ca8efb8620637839d8d40","author":{"_id":"5e4e4999b8620637839d8d3b","username":"rd_1985@163.com"},"title":"Nuxt.js初探","category":"5e181e2ca1a77c95daa48b32","state":2,"__v":0},{"anonymous":false,"introduction":"好些年前做图片上传我都是用的form表单提交到后端，最近改用ajax提交图片，在这里做一下记录。包含在项目中使用的图片压缩。","imageUrl":"","visitor":0,"commentators":0,"shared":0,"star":1,"starList":["5e4e4999b8620637839d8d3b"],"following":[],"createTime":"2020-02-19T14:39:44.360Z","updateTime":"2020-04-07T09:03:51.534Z","_id":"5e846db5b8620637839d8d42","author":{"_id":"5e4e4999b8620637839d8d3b","username":"rd_1985@163.com"},"title":"web端图片上传","category":"5e181e2ca1a77c95daa48b32","state":2,"__v":0},{"anonymous":false,"introduction":"hooks","imageUrl":"","visitor":0,"commentators":0,"shared":0,"star":0,"starList":[],"following":[],"createTime":"2020-02-19T14:39:44.360Z","updateTime":"2020-03-12T10:34:06.433Z","_id":"5e6a101eb8620637839d8d41","author":{"_id":"5e4e4cf6b8620637839d8d3d","username":"1623246663@qq.com"},"title":"react hooks的使用","category":"5e181e2ca1a77c95daa48b32","state":2,"__v":0}],"total":4},"code":200}
***** response log end ******

[2020-05-03T17:52:39.560] [INFO] responseLog - 
***** response log start *****
request originalUrl: /api/artical/getList
request client ip: 127.0.0.1
request body
{"where":{},"include":"author","includeword":{"username":1},"limit":10,"skip":0}
response time: 74
response status: 200
response body: 
{"message":"成功","data":{"data":[{"anonymous":false,"introduction":"常见的http状态码大全","imageUrl":"","visitor":11,"commentators":0,"shared":0,"star":1,"starList":["5e4e4999b8620637839d8d3b"],"following":[],"createTime":"2020-02-19T14:39:44.360Z","updateTime":"2020-02-20T09:35:33.533Z","_id":"5e4e4aa2b8620637839d8d3c","author":{"_id":"5e4e4cf6b8620637839d8d3d","username":"1623246663@qq.com"},"title":"http状态码","category":"5e181e5aa1a77c95daa48b33","state":2,"__v":0},{"anonymous":false,"introduction":"第一次使用nuxt.js，记录一下常用的点，后期会持续改进。","imageUrl":"","visitor":12,"commentators":0,"shared":0,"star":1,"starList":["5e4e4cf6b8620637839d8d3d"],"following":[],"createTime":"2020-02-19T14:39:44.360Z","updateTime":"2020-03-12T10:19:28.739Z","_id":"5e5ca8efb8620637839d8d40","author":{"_id":"5e4e4999b8620637839d8d3b","username":"rd_1985@163.com"},"title":"Nuxt.js初探","category":"5e181e2ca1a77c95daa48b32","state":2,"__v":0},{"anonymous":false,"introduction":"hooks","imageUrl":"","visitor":0,"commentators":0,"shared":0,"star":0,"starList":[],"following":[],"createTime":"2020-02-19T14:39:44.360Z","updateTime":"2020-03-12T10:34:06.433Z","_id":"5e6a101eb8620637839d8d41","author":{"_id":"5e4e4cf6b8620637839d8d3d","username":"1623246663@qq.com"},"title":"react hooks的使用","category":"5e181e2ca1a77c95daa48b32","state":2,"__v":0},{"anonymous":false,"introduction":"好些年前做图片上传我都是用的form表单提交到后端，最近改用ajax提交图片，在这里做一下记录。包含在项目中使用的图片压缩。","imageUrl":"","visitor":0,"commentators":0,"shared":0,"star":1,"starList":["5e4e4999b8620637839d8d3b"],"following":[],"createTime":"2020-02-19T14:39:44.360Z","updateTime":"2020-04-07T09:03:51.534Z","_id":"5e846db5b8620637839d8d42","author":{"_id":"5e4e4999b8620637839d8d3b","username":"rd_1985@163.com"},"title":"web端图片上传","category":"5e181e2ca1a77c95daa48b32","state":2,"__v":0}],"total":4},"code":200}
***** response log end ******

[2020-05-03T17:52:39.564] [INFO] responseLog - 
***** response log start *****
request originalUrl: /api/artical/getList
request client ip: 127.0.0.1
request body
{"limit":5,"order":{"star":-1},"include":"author","includeword":{"username":1}}
response time: 75
response status: 200
response body: 
{"message":"成功","data":{"data":[{"anonymous":false,"introduction":"常见的http状态码大全","imageUrl":"","visitor":11,"commentators":0,"shared":0,"star":1,"starList":["5e4e4999b8620637839d8d3b"],"following":[],"createTime":"2020-02-19T14:39:44.360Z","updateTime":"2020-02-20T09:35:33.533Z","_id":"5e4e4aa2b8620637839d8d3c","author":{"_id":"5e4e4cf6b8620637839d8d3d","username":"1623246663@qq.com"},"title":"http状态码","category":"5e181e5aa1a77c95daa48b33","state":2,"__v":0},{"anonymous":false,"introduction":"第一次使用nuxt.js，记录一下常用的点，后期会持续改进。","imageUrl":"","visitor":12,"commentators":0,"shared":0,"star":1,"starList":["5e4e4cf6b8620637839d8d3d"],"following":[],"createTime":"2020-02-19T14:39:44.360Z","updateTime":"2020-03-12T10:19:28.739Z","_id":"5e5ca8efb8620637839d8d40","author":{"_id":"5e4e4999b8620637839d8d3b","username":"rd_1985@163.com"},"title":"Nuxt.js初探","category":"5e181e2ca1a77c95daa48b32","state":2,"__v":0},{"anonymous":false,"introduction":"好些年前做图片上传我都是用的form表单提交到后端，最近改用ajax提交图片，在这里做一下记录。包含在项目中使用的图片压缩。","imageUrl":"","visitor":0,"commentators":0,"shared":0,"star":1,"starList":["5e4e4999b8620637839d8d3b"],"following":[],"createTime":"2020-02-19T14:39:44.360Z","updateTime":"2020-04-07T09:03:51.534Z","_id":"5e846db5b8620637839d8d42","author":{"_id":"5e4e4999b8620637839d8d3b","username":"rd_1985@163.com"},"title":"web端图片上传","category":"5e181e2ca1a77c95daa48b32","state":2,"__v":0},{"anonymous":false,"introduction":"hooks","imageUrl":"","visitor":0,"commentators":0,"shared":0,"star":0,"starList":[],"following":[],"createTime":"2020-02-19T14:39:44.360Z","updateTime":"2020-03-12T10:34:06.433Z","_id":"5e6a101eb8620637839d8d41","author":{"_id":"5e4e4cf6b8620637839d8d3d","username":"1623246663@qq.com"},"title":"react hooks的使用","category":"5e181e2ca1a77c95daa48b32","state":2,"__v":0}],"total":4},"code":200}
***** response log end ******

[2020-05-03T17:52:57.500] [INFO] responseLog - 
***** response log start *****
request originalUrl: /api/user/signIn
request client ip: 127.0.0.1
request body
{"username":"rd_1985@163.com","password":"1985zrd"}
response time: 29
response status: 200
response body: 
{"message":"成功","data":{"username":"rd_1985@163.com","token":"eyJhbGciOiJIUzI1NiIsInR5cCI6IkpXVCJ9.eyJ1c2VybmFtZSI6InJkXzE5ODVAMTYzLmNvbSIsImlhdCI6MTU4ODQ5OTU3NywiZXhwIjoxNTg4NTA2Nzc3fQ.66IoBPPaa0nezvdl_UjUqX6E0KkwBs-rdtGhrt0djKc"},"code":200}
***** response log end ******

[2020-05-03T18:01:11.678] [INFO] responseLog - 
***** response log start *****
request originalUrl: /api/user/signIn
request client ip: 127.0.0.1
request body
{"username":"rd_1985@163.com","password":"1985zrd"}
response time: 65
response status: 200
response body: 
{"message":"成功","data":{"username":"rd_1985@163.com","token":"eyJhbGciOiJIUzI1NiIsInR5cCI6IkpXVCJ9.eyJ1c2VybmFtZSI6InJkXzE5ODVAMTYzLmNvbSIsImlhdCI6MTU4ODUwMDA3MSwiZXhwIjoxNTg4NTA3MjcxfQ.W3eX6ADhAEUmD4DbNOT4uYXVMWLI6BHCuLJteIKsMhY"},"code":200}
***** response log end ******

[2020-05-03T18:01:19.079] [INFO] responseLog - 
***** response log start *****
request originalUrl: /api/user/userinfo
request client ip: 127.0.0.1
request body
{}
response time: 29
response status: 204
response body: 
undefined
***** response log end ******

[2020-05-03T18:03:33.258] [INFO] responseLog - 
***** response log start *****
request originalUrl: /api/user/signOut
request client ip: 127.0.0.1
request body
{}
response time: 3
response status: 200
response body: 
{"message":"成功","data":{},"code":200}
***** response log end ******

[2020-05-03T18:03:51.307] [INFO] responseLog - 
***** response log start *****
request originalUrl: /api/user/signIn
request client ip: 127.0.0.1
request body
{"username":"rd_1985@163.com","password":"1985zrd"}
response time: 66
response status: 200
response body: 
{"message":"成功","data":{"username":"rd_1985@163.com","token":"eyJhbGciOiJIUzI1NiIsInR5cCI6IkpXVCJ9.eyJ1c2VybmFtZSI6InJkXzE5ODVAMTYzLmNvbSIsImlhdCI6MTU4ODUwMDIzMSwiZXhwIjoxNTg4NTA3NDMxfQ.gCQ9ebLdYxC07W1qboORYt4y8DPnmqKwnWq-6aBNono"},"code":200}
***** response log end ******

[2020-05-03T18:03:56.792] [INFO] responseLog - 
***** response log start *****
request originalUrl: /api/user/userinfo
request client ip: 127.0.0.1
request body
{}
response time: 34
response status: 204
response body: 
undefined
***** response log end ******

[2020-05-03T18:04:47.263] [INFO] responseLog - 
***** response log start *****
request originalUrl: /api/user/signOut
request client ip: 127.0.0.1
request body
{}
response time: 29
response status: 200
response body: 
{"message":"成功","data":{},"code":200}
***** response log end ******

[2020-05-03T18:05:04.219] [INFO] responseLog - 
***** response log start *****
request originalUrl: /api/user/signIn
request client ip: 127.0.0.1
request body
{"username":"rd_1985@163.com","password":"1985zrd"}
response time: 67
response status: 200
response body: 
{"message":"成功","data":{"username":"rd_1985@163.com","token":"eyJhbGciOiJIUzI1NiIsInR5cCI6IkpXVCJ9.eyJ1c2VybmFtZSI6InJkXzE5ODVAMTYzLmNvbSIsImlhdCI6MTU4ODUwMDMwNCwiZXhwIjoxNTg4NTA3NTA0fQ.WyfPGHoL5NZx4G8En6X4zZmh3HBaKqUrIk7X1aI3mGc"},"code":200}
***** response log end ******

[2020-05-03T18:05:09.156] [INFO] responseLog - 
***** response log start *****
request originalUrl: /api/user/userinfo
request client ip: 127.0.0.1
request body
{}
response time: 37
response status: 200
response body: 
{"message":"成功","data":{"email":"","avatar":"","createTime":"2020-02-19T14:39:44.380Z","updateTime":"2020-02-20T08:55:53.246Z","_id":"5e4e4999b8620637839d8d3b","username":"rd_1985@163.com","__v":0},"code":200}
***** response log end ******

[2020-05-03T18:20:08.939] [INFO] responseLog - 
***** response log start *****
request originalUrl: /api/user/signOut
request client ip: 127.0.0.1
request body
{}
response time: 5
response status: 200
response body: 
{"message":"成功","data":{},"code":200}
***** response log end ******

[2020-05-03T18:20:26.258] [INFO] responseLog - 
***** response log start *****
request originalUrl: /api/user/signIn
request client ip: 127.0.0.1
request body
{"username":"rd_1985@163.com","password":"1985zrd"}
response time: 59
response status: 200
response body: 
{"message":"成功","data":{"username":"rd_1985@163.com","token":"eyJhbGciOiJIUzI1NiIsInR5cCI6IkpXVCJ9.eyJ1c2VybmFtZSI6InJkXzE5ODVAMTYzLmNvbSIsImlhdCI6MTU4ODUwMTIyNiwiZXhwIjoxNTg4NTA4NDI2fQ.-Bt9JzKZ5ugwssy9bNkuu5pEUz1IKm2EhMiKCAXZgmI"},"code":200}
***** response log end ******

[2020-05-03T18:20:35.083] [INFO] responseLog - 
***** response log start *****
request originalUrl: /api/user/userinfo
request client ip: 127.0.0.1
request body
{}
response time: 29
response status: 200
response body: 
{"message":"成功","data":{"email":"","avatar":"","createTime":"2020-02-19T14:39:44.380Z","updateTime":"2020-02-20T08:55:53.246Z","_id":"5e4e4999b8620637839d8d3b","username":"rd_1985@163.com","__v":0},"code":200}
***** response log end ******

[2020-05-03T18:20:40.816] [INFO] responseLog - 
***** response log start *****
request originalUrl: /api/artical/getList
request client ip: 127.0.0.1
request body
{"where":{},"include":"author","includeword":{"username":1},"limit":10,"skip":0}
response time: 74
response status: 200
response body: 
{"message":"成功","data":{"data":[{"anonymous":false,"introduction":"常见的http状态码大全","imageUrl":"","visitor":11,"commentators":0,"shared":0,"star":1,"starList":["5e4e4999b8620637839d8d3b"],"following":[],"createTime":"2020-02-19T14:39:44.360Z","updateTime":"2020-02-20T09:35:33.533Z","_id":"5e4e4aa2b8620637839d8d3c","author":{"_id":"5e4e4cf6b8620637839d8d3d","username":"1623246663@qq.com"},"title":"http状态码","category":"5e181e5aa1a77c95daa48b33","state":2,"__v":0},{"anonymous":false,"introduction":"第一次使用nuxt.js，记录一下常用的点，后期会持续改进。","imageUrl":"","visitor":12,"commentators":0,"shared":0,"star":1,"starList":["5e4e4cf6b8620637839d8d3d"],"following":[],"createTime":"2020-02-19T14:39:44.360Z","updateTime":"2020-03-12T10:19:28.739Z","_id":"5e5ca8efb8620637839d8d40","author":{"_id":"5e4e4999b8620637839d8d3b","username":"rd_1985@163.com"},"title":"Nuxt.js初探","category":"5e181e2ca1a77c95daa48b32","state":2,"__v":0},{"anonymous":false,"introduction":"hooks","imageUrl":"","visitor":0,"commentators":0,"shared":0,"star":0,"starList":[],"following":[],"createTime":"2020-02-19T14:39:44.360Z","updateTime":"2020-03-12T10:34:06.433Z","_id":"5e6a101eb8620637839d8d41","author":{"_id":"5e4e4cf6b8620637839d8d3d","username":"1623246663@qq.com"},"title":"react hooks的使用","category":"5e181e2ca1a77c95daa48b32","state":2,"__v":0},{"anonymous":false,"introduction":"好些年前做图片上传我都是用的form表单提交到后端，最近改用ajax提交图片，在这里做一下记录。包含在项目中使用的图片压缩。","imageUrl":"","visitor":0,"commentators":0,"shared":0,"star":1,"starList":["5e4e4999b8620637839d8d3b"],"following":[],"createTime":"2020-02-19T14:39:44.360Z","updateTime":"2020-04-07T09:03:51.534Z","_id":"5e846db5b8620637839d8d42","author":{"_id":"5e4e4999b8620637839d8d3b","username":"rd_1985@163.com"},"title":"web端图片上传","category":"5e181e2ca1a77c95daa48b32","state":2,"__v":0}],"total":4},"code":200}
***** response log end ******

[2020-05-03T18:20:40.831] [INFO] responseLog - 
***** response log start *****
request originalUrl: /api/artical/getList
request client ip: 127.0.0.1
request body
{"limit":5,"order":{"star":-1},"include":"author","includeword":{"username":1}}
response time: 80
response status: 200
response body: 
{"message":"成功","data":{"data":[{"anonymous":false,"introduction":"常见的http状态码大全","imageUrl":"","visitor":11,"commentators":0,"shared":0,"star":1,"starList":["5e4e4999b8620637839d8d3b"],"following":[],"createTime":"2020-02-19T14:39:44.360Z","updateTime":"2020-02-20T09:35:33.533Z","_id":"5e4e4aa2b8620637839d8d3c","author":{"_id":"5e4e4cf6b8620637839d8d3d","username":"1623246663@qq.com"},"title":"http状态码","category":"5e181e5aa1a77c95daa48b33","state":2,"__v":0},{"anonymous":false,"introduction":"第一次使用nuxt.js，记录一下常用的点，后期会持续改进。","imageUrl":"","visitor":12,"commentators":0,"shared":0,"star":1,"starList":["5e4e4cf6b8620637839d8d3d"],"following":[],"createTime":"2020-02-19T14:39:44.360Z","updateTime":"2020-03-12T10:19:28.739Z","_id":"5e5ca8efb8620637839d8d40","author":{"_id":"5e4e4999b8620637839d8d3b","username":"rd_1985@163.com"},"title":"Nuxt.js初探","category":"5e181e2ca1a77c95daa48b32","state":2,"__v":0},{"anonymous":false,"introduction":"好些年前做图片上传我都是用的form表单提交到后端，最近改用ajax提交图片，在这里做一下记录。包含在项目中使用的图片压缩。","imageUrl":"","visitor":0,"commentators":0,"shared":0,"star":1,"starList":["5e4e4999b8620637839d8d3b"],"following":[],"createTime":"2020-02-19T14:39:44.360Z","updateTime":"2020-04-07T09:03:51.534Z","_id":"5e846db5b8620637839d8d42","author":{"_id":"5e4e4999b8620637839d8d3b","username":"rd_1985@163.com"},"title":"web端图片上传","category":"5e181e2ca1a77c95daa48b32","state":2,"__v":0},{"anonymous":false,"introduction":"hooks","imageUrl":"","visitor":0,"commentators":0,"shared":0,"star":0,"starList":[],"following":[],"createTime":"2020-02-19T14:39:44.360Z","updateTime":"2020-03-12T10:34:06.433Z","_id":"5e6a101eb8620637839d8d41","author":{"_id":"5e4e4cf6b8620637839d8d3d","username":"1623246663@qq.com"},"title":"react hooks的使用","category":"5e181e2ca1a77c95daa48b32","state":2,"__v":0}],"total":4},"code":200}
***** response log end ******

[2020-05-03T18:20:45.824] [INFO] responseLog - 
***** response log start *****
request originalUrl: /api/artical/getDetail?id=5e4e4aa2b8620637839d8d3c&t=1588501245670
request client ip: 127.0.0.1
request query: {"id":"5e4e4aa2b8620637839d8d3c","t":"1588501245670"}
response time: 51
response status: 200
response body: 
{"message":"成功","data":{"anonymous":false,"introduction":"常见的http状态码大全","imageUrl":"","visitor":11,"commentators":0,"shared":0,"star":1,"starList":["5e4e4999b8620637839d8d3b"],"following":[],"createTime":"2020-02-19T14:39:44.360Z","updateTime":"2020-02-20T09:35:33.533Z","_id":"5e4e4aa2b8620637839d8d3c","author":{"email":"","avatar":"","createTime":"2020-02-19T14:39:44.380Z","updateTime":"2020-02-20T09:10:14.316Z","_id":"5e4e4cf6b8620637839d8d3d","username":"1623246663@qq.com","__v":0},"title":"http状态码","content":"## 100开头 继续\n\n101 切换协议\n\n## 2**开头\n> （请求成功）表示成功处理了请求的状态代码。\n\n200 （成功） 服务器已成功处理了请求。 通常，这表示服务器提供了请求的网页。\n201 （已创建） 请求成功并且服务器创建了新的资源。\n202 （已接受） 服务器已接受请求，但尚未处理。\n203 （非授权信息） 服务器已成功处理了请求，但返回的信息可能来自另一来源。\n204 （无内容） 服务器成功处理了请求，但没有返回任何内容。\n205 （重置内容） 服务器成功处理了请求，但没有返回任何内容。\n206 （部分内容） 服务器成功处理了部分 GET 请求。\n\n## 3** 开头 \n>（请求被重定向）表示要完成请求，需要进一步操作。 通常，这些状态代码用来重定向。\n\n300 （多种选择） 针对请求，服务器可执行多种操作。 服务器可根据请求者 (user agent) 选择一项操作，或提供操作列表供请求者选择。\n301 （永久移动） 请求的网页已永久移动到新位置。 服务器返回此响应（对 GET 或 HEAD 请求的响应）时，会自动将请求者转到新位置。\n302 （临时移动） 服务器目前从不同位置的网页响应请求，但请求者应继续使用原有位置来进行以后的请求。\n303 （查看其他位置） 请求者应当对不同的位置使用单独的 GET 请求来检索响应时，服务器返回此代码。\n304 （未修改） 自从上次请求后，请求的网页未修改过。 服务器返回此响应时，不会返回网页内容。\n305 （使用代理） 请求者只能使用代理访问请求的网页。 如果服务器返回此响应，还表示请求者应使用代理。\n306 暂时没有这个，已经废弃的\n307 （临时重定向） 服务器目前从不同位置的网页响应请求，但请求者应继续使用原有位置来进行以后的请求。\n\n## 4**开头 \n>（请求错误）这些状态代码表示请求可能出错，妨碍了服务器的处理。\n\n400 （语法错误） 服务器不理解请求的语法。\n401 （未授权） 请求要求身份验证。 对于需要登录的网页，服务器可能返回此响应。\n402 （保留）没有这个，留着将来使用这个错误代码；\n403 （禁止） 服务器拒绝请求。\n404 （未找到） 服务器找不到请求的网页。\n405 （方法禁用） 禁用请求中指定的方法。\n406 （不接受） 无法使用请求的内容特性响应请求的网页。\n407 （需要代理授权） 此状态代码与 401（未授权）类似，但指定请求者应当授权使用代理。\n408 （请求超时） 服务器等候请求时发生超时。\n409 （冲突） 服务器在完成请求时发生冲突。 服务器必须在响应中包含有关冲突的信息。\n410 （已删除） 如果请求的资源已永久删除，服务器就会返回此响应。\n411 （需要有效长度） 服务器不接受不含有效内容长度标头字段的请求。\n412 （未满足前提条件） 服务器未满足请求者在请求中设置的其中一个前提条件。\n413 （请求实体过大） 服务器无法处理请求，因为请求实体过大，超出服务器的处理能力。\n414 （请求的 URI 过长） 请求的 URI（通常为网址）过长，服务器无法处理。\n415 （不支持的媒体类型） 请求的格式不受请求页面的支持。\n416 （请求范围不符合要求） 如果页面无法提供请求的范围，则服务器会返回此状态代码。\n417 （未满足期望值） 服务器未满足\"期望\"请求标头字段的要求。\n\n## 5**开头\n>（服务器错误）这些状态代码表示服务器在尝试处理请求时发生内部错误。 这些错误可能是服务器本身的错误，而不是请求出错。\n\n500 （服务器内部错误） 服务器遇到错误，无法完成请求。\n501 （尚未实施请求） 服务器不具备完成请求的功能。 例如，服务器无法识别请求方法时可能会返回此代码。\n502 （错误网关） 服务器作为网关或代理，从上游服务器收到无效响应。\n503 （服务不可用） 服务器目前无法使用（由于超载或停机维护）。 通常，这只是暂时状态。\n504 （网关超时） 服务器作为网关或代理，但是没有及时从上游服务器收到请求。\n505 （HTTP 版本不受支持） 服务器不支持请求中所用的 HTTP 协议版本。","category":"5e181e5aa1a77c95daa48b33","state":2,"__v":0,"isAlreadyStar":true},"code":200}
***** response log end ******

