[2019-08-28T16:27:22.657] [INFO] responseLog - 
***** response log start *****
request originalUrl: /favicon.ico
request client ip: 10.105.24.46
request query: {}
response time: 1
response status: undefined
response body: 
undefined
***** response log end ******

[2019-08-28T16:39:42.678] [INFO] responseLog - 
***** response log start *****
request originalUrl: /api/artical
request client ip: 10.105.24.46
request query: {}
response time: 0
response status: undefined
response body: 
{"data":[],"message":"成功","code":0}
***** response log end ******

[2019-08-28T16:39:42.714] [INFO] responseLog - 
***** response log start *****
request originalUrl: /favicon.ico
request client ip: 10.105.24.46
request query: {}
response time: 1
response status: undefined
response body: 
undefined
***** response log end ******

[2019-08-28T17:25:31.611] [INFO] responseLog - 
***** response log start *****
request originalUrl: /api/artical
request client ip: 10.105.24.46
request query: {}
response time: 9
response status: undefined
response body: 
{"data":[],"message":"成功","code":0}
***** response log end ******

[2019-08-28T17:25:57.957] [INFO] responseLog - 
***** response log start *****
request originalUrl: /api/login?search=%3Ci%3Ehaha%3C/i%3E
request client ip: 10.105.24.46
request query: {"search":"<i>haha</i>"}
response time: 4
response status: undefined
response body: 
"<i>haha</i>"
***** response log end ******

[2019-08-28T17:25:58.012] [INFO] responseLog - 
***** response log start *****
request originalUrl: /favicon.ico
request client ip: 10.105.24.46
request query: {}
response time: 0
response status: undefined
response body: 
undefined
***** response log end ******

[2019-08-28T17:26:25.684] [INFO] responseLog - 
***** response log start *****
request originalUrl: /api/login?search=alert(1)
request client ip: 10.105.24.46
request query: {"search":"alert(1)"}
response time: 1
response status: undefined
response body: 
"alert(1)"
***** response log end ******

[2019-08-28T17:26:25.734] [INFO] responseLog - 
***** response log start *****
request originalUrl: /favicon.ico
request client ip: 10.105.24.46
request query: {}
response time: 0
response status: undefined
response body: 
undefined
***** response log end ******

[2019-08-28T17:26:45.456] [INFO] responseLog - 
***** response log start *****
request originalUrl: /api/login?search=alert(1)
request client ip: 10.105.24.46
request query: {"search":"alert(1)"}
response time: 9
response status: undefined
response body: 
"alert(1)"
***** response log end ******

[2019-08-28T17:27:16.982] [INFO] responseLog - 
***** response log start *****
request originalUrl: /api/login?search=alert(1)
request client ip: 10.105.24.46
request query: {"search":"alert(1)"}
response time: 8
response status: undefined
response body: 
"alert(1)"
***** response log end ******

[2019-08-28T17:28:29.043] [INFO] responseLog - 
***** response log start *****
request originalUrl: /api/login?search=alert(1)
request client ip: 10.105.24.46
request query: {"search":"alert(1)"}
response time: 9
response status: undefined
response body: 
"alert(1)"
***** response log end ******

[2019-08-28T17:30:59.051] [INFO] responseLog - 
***** response log start *****
request originalUrl: /api/login?search=alert(1)
request client ip: 10.105.24.46
request query: {"search":"alert(1)"}
response time: 9
response status: undefined
response body: 
"<script><alert(1)</script>"
***** response log end ******

[2019-08-28T17:31:06.250] [INFO] responseLog - 
***** response log start *****
request originalUrl: /api/login?search=alert(1)
request client ip: 10.105.24.46
request query: {"search":"alert(1)"}
response time: 1
response status: undefined
response body: 
"<script><alert(1)</script>"
***** response log end ******

[2019-08-28T17:31:29.728] [INFO] responseLog - 
***** response log start *****
request originalUrl: /api/login?search=alert(1)
request client ip: 10.105.24.46
request query: {"search":"alert(1)"}
response time: 8
response status: undefined
response body: 
"<script>alert(1)</script>"
***** response log end ******

[2019-08-28T17:31:55.380] [INFO] responseLog - 
***** response log start *****
request originalUrl: /api/login?search=alert(1)
request client ip: 10.105.24.46
request query: {"search":"alert(1)"}
response time: 9
response status: undefined
response body: 
"&lt;script&gt;alert(1)&lt;/script&gt;"
***** response log end ******

[2019-08-28T17:31:59.507] [INFO] responseLog - 
***** response log start *****
request originalUrl: /api/login?search=alert(1)
request client ip: 10.105.24.46
request query: {"search":"alert(1)"}
response time: 1
response status: undefined
response body: 
"&lt;script&gt;alert(1)&lt;/script&gt;"
***** response log end ******

[2019-08-28T17:32:03.628] [INFO] responseLog - 
***** response log start *****
request originalUrl: /api/login
request client ip: 10.105.24.46
request query: {}
response time: 0
response status: undefined
response body: 
"&lt;script&gt;alert(1)&lt;/script&gt;"
***** response log end ******

[2019-08-28T17:32:03.673] [INFO] responseLog - 
***** response log start *****
request originalUrl: /favicon.ico
request client ip: 10.105.24.46
request query: {}
response time: 1
response status: undefined
response body: 
undefined
***** response log end ******

