[2020-01-07T14:56:55.009] [INFO] responseLog - 
***** response log start *****
request originalUrl: /
request client ip: null
request query: {}
response time: 13
response status: undefined
response body: 
undefined
***** response log end ******

[2020-01-07T14:56:55.270] [INFO] responseLog - 
***** response log start *****
request originalUrl: /favicon.ico
request client ip: null
request query: {}
response time: 1
response status: undefined
response body: 
undefined
***** response log end ******

[2020-01-07T14:57:34.648] [INFO] responseLog - 
***** response log start *****
request originalUrl: /
request client ip: null
request query: {}
response time: 1
response status: undefined
response body: 
undefined
***** response log end ******

[2020-01-07T14:57:35.570] [INFO] responseLog - 
***** response log start *****
request originalUrl: /
request client ip: null
request query: {}
response time: 0
response status: undefined
response body: 
undefined
***** response log end ******

[2020-01-07T14:58:46.913] [INFO] responseLog - 
***** response log start *****
request originalUrl: /
request client ip: null
request query: {}
response time: 5
response status: undefined
response body: 
undefined
***** response log end ******

[2020-01-07T14:58:46.951] [INFO] responseLog - 
***** response log start *****
request originalUrl: /favicon.ico
request client ip: null
request query: {}
response time: 3
response status: undefined
response body: 
undefined
***** response log end ******

[2020-01-07T14:58:49.147] [INFO] responseLog - 
***** response log start *****
request originalUrl: /
request client ip: null
request query: {}
response time: 1
response status: undefined
response body: 
undefined
***** response log end ******

[2020-01-07T15:00:24.111] [INFO] responseLog - 
***** response log start *****
request originalUrl: /
request client ip: null
request query: {}
response time: 0
response status: undefined
response body: 
undefined
***** response log end ******

[2020-01-07T15:23:16.673] [INFO] responseLog - 
***** response log start *****
request originalUrl: /favicon.ico
request client ip: null
request query: {}
response time: 1
response status: undefined
response body: 
undefined
***** response log end ******

[2020-01-07T15:24:09.076] [INFO] responseLog - 
***** response log start *****
request originalUrl: /favicon.ico
request client ip: null
request query: {}
response time: 2
response status: undefined
response body: 
undefined
***** response log end ******

[2020-01-07T15:24:40.113] [INFO] responseLog - 
***** response log start *****
request originalUrl: /api/artical
request client ip: null
request query: {}
response time: 8
response status: undefined
response body: 
{"data":[],"message":"成功","code":0}
***** response log end ******

[2020-01-07T15:25:58.581] [INFO] responseLog - 
***** response log start *****
request originalUrl: /api/artical
request client ip: null
request query: {}
response time: 17
response status: undefined
response body: 
{"data":{},"message":"成功","code":0}
***** response log end ******

[2020-01-07T15:28:33.618] [INFO] responseLog - 
***** response log start *****
request originalUrl: /api/artical
request client ip: null
request query: {}
response time: 56
response status: undefined
response body: 
{"data":[{"anonymous":false,"imageUrl":"","visitor":0,"commentators":0,"shared":0,"star":[],"createTime":"2020-01-07T07:28:26.129Z","updateTime":"2020-01-07T07:28:26.129Z","_id":"5e0db6e866b44e35c06906d4","title":"这里是文字标题.."},{"anonymous":false,"imageUrl":"","visitor":0,"commentators":0,"shared":0,"star":[],"createTime":"2020-01-07T07:28:26.129Z","updateTime":"2020-01-07T07:28:26.129Z","_id":"5e0db7149f5d8d17ac531a15","title":"这里是文字标题..","content":"这里是文字内容。。。"}],"message":"成功","code":0}
***** response log end ******

[2020-01-07T15:39:32.473] [INFO] responseLog - 
***** response log start *****
request originalUrl: /api/artical
request client ip: null
request query: {}
response time: 51
response status: undefined
response body: 
{"data":[{"anonymous":false,"imageUrl":"","visitor":0,"commentators":0,"shared":0,"star":[],"createTime":"2020-01-07T07:39:26.211Z","updateTime":"2020-01-07T07:39:26.211Z","_id":"5e0db6e866b44e35c06906d4","title":"这里是文字标题.."},{"anonymous":false,"imageUrl":"","visitor":0,"commentators":0,"shared":0,"star":[],"createTime":"2020-01-07T07:39:26.211Z","updateTime":"2020-01-07T07:39:26.211Z","_id":"5e0db7149f5d8d17ac531a15","title":"这里是文字标题..","content":"这里是文字内容。。。"}],"message":"成功","code":0}
***** response log end ******

[2020-01-07T15:48:57.100] [INFO] responseLog - 
***** response log start *****
request originalUrl: /api/artical
request client ip: null
request query: {}
response time: 54
response status: undefined
response body: 
{"data":[{"anonymous":false,"imageUrl":"","visitor":0,"commentators":0,"shared":0,"star":[],"createTime":"2020-01-07T07:43:28.492Z","updateTime":"2020-01-07T07:43:28.493Z","_id":"5e0db6e866b44e35c06906d4","title":"这里是文字标题.."},{"anonymous":false,"imageUrl":"","visitor":0,"commentators":0,"shared":0,"star":[],"createTime":"2020-01-07T07:43:28.492Z","updateTime":"2020-01-07T07:43:28.493Z","_id":"5e0db7149f5d8d17ac531a15","title":"这里是文字标题..","content":"这里是文字内容。。。"}],"message":"成功","code":0}
***** response log end ******

[2020-01-07T16:13:17.922] [INFO] responseLog - 
***** response log start *****
request originalUrl: /api/artical
request client ip: 127.0.0.1
request query: {}
response time: 23
response status: undefined
response body: 
{"data":[{"anonymous":false,"imageUrl":"","visitor":0,"commentators":0,"shared":0,"star":[],"createTime":"2020-01-07T07:43:28.492Z","updateTime":"2020-01-07T07:43:28.493Z","_id":"5e0db6e866b44e35c06906d4","title":"这里是文字标题.."},{"anonymous":false,"imageUrl":"","visitor":0,"commentators":0,"shared":0,"star":[],"createTime":"2020-01-07T07:43:28.492Z","updateTime":"2020-01-07T07:43:28.493Z","_id":"5e0db7149f5d8d17ac531a15","title":"这里是文字标题..","content":"这里是文字内容。。。"}],"message":"成功","code":0}
***** response log end ******

[2020-01-07T16:15:00.739] [INFO] responseLog - 
***** response log start *****
request originalUrl: /api/artical
request client ip: 127.0.0.1
request query: {}
response time: 19
response status: undefined
response body: 
{"data":[{"anonymous":false,"imageUrl":"","visitor":0,"commentators":0,"shared":0,"star":[],"createTime":"2020-01-07T07:43:28.492Z","updateTime":"2020-01-07T07:43:28.493Z","_id":"5e0db6e866b44e35c06906d4","title":"这里是文字标题.."},{"anonymous":false,"imageUrl":"","visitor":0,"commentators":0,"shared":0,"star":[],"createTime":"2020-01-07T07:43:28.492Z","updateTime":"2020-01-07T07:43:28.493Z","_id":"5e0db7149f5d8d17ac531a15","title":"这里是文字标题..","content":"这里是文字内容。。。"}],"message":"成功","code":0}
***** response log end ******

[2020-01-07T16:17:04.083] [INFO] responseLog - 
***** response log start *****
request originalUrl: /api/artical
request client ip: 127.0.0.1
request query: {}
response time: 24
response status: undefined
response body: 
{"data":[{"anonymous":false,"imageUrl":"","visitor":0,"commentators":0,"shared":0,"star":[],"createTime":"2020-01-07T07:43:28.492Z","updateTime":"2020-01-07T07:43:28.493Z","_id":"5e0db6e866b44e35c06906d4","title":"这里是文字标题.."},{"anonymous":false,"imageUrl":"","visitor":0,"commentators":0,"shared":0,"star":[],"createTime":"2020-01-07T07:43:28.492Z","updateTime":"2020-01-07T07:43:28.493Z","_id":"5e0db7149f5d8d17ac531a15","title":"这里是文字标题..","content":"这里是文字内容。。。"}],"message":"成功","code":0}
***** response log end ******

[2020-01-07T16:20:32.905] [INFO] responseLog - 
***** response log start *****
request originalUrl: /api/artical
request client ip: 127.0.0.1
request query: {}
response time: 49
response status: undefined
response body: 
{"data":[{"anonymous":false,"introduction":"","imageUrl":"","visitor":0,"commentators":0,"shared":0,"star":[],"createTime":"2020-01-07T08:19:58.589Z","updateTime":"2020-01-07T08:19:58.589Z","_id":"5e0db6e866b44e35c06906d4","title":"这里是文字标题.."},{"anonymous":false,"introduction":"","imageUrl":"","visitor":0,"commentators":0,"shared":0,"star":[],"createTime":"2020-01-07T08:19:58.589Z","updateTime":"2020-01-07T08:19:58.589Z","_id":"5e0db7149f5d8d17ac531a15","title":"这里是文字标题..","content":"这里是文字内容。。。"}],"message":"成功","code":0}
***** response log end ******

[2020-01-07T16:22:08.817] [INFO] responseLog - 
***** response log start *****
request originalUrl: /api/artical
request client ip: 127.0.0.1
request query: {}
response time: 23
response status: undefined
response body: 
{"data":[{"anonymous":false,"introduction":"","imageUrl":"","visitor":0,"commentators":0,"shared":0,"star":[],"createTime":"2020-01-07T08:19:58.589Z","updateTime":"2020-01-07T08:19:58.589Z","_id":"5e0db6e866b44e35c06906d4","title":"这里是文字标题.."},{"anonymous":false,"introduction":"","imageUrl":"","visitor":0,"commentators":0,"shared":0,"star":[],"createTime":"2020-01-07T08:19:58.589Z","updateTime":"2020-01-07T08:19:58.589Z","_id":"5e0db7149f5d8d17ac531a15","title":"这里是文字标题..","content":"这里是文字内容。。。"}],"message":"成功","code":0}
***** response log end ******

[2020-01-07T16:22:13.900] [INFO] responseLog - 
***** response log start *****
request originalUrl: /api/artical
request client ip: 127.0.0.1
request query: {}
response time: 23
response status: undefined
response body: 
{"data":[{"anonymous":false,"introduction":"","imageUrl":"","visitor":0,"commentators":0,"shared":0,"star":[],"createTime":"2020-01-07T08:19:58.589Z","updateTime":"2020-01-07T08:19:58.589Z","_id":"5e0db6e866b44e35c06906d4","title":"这里是文字标题.."},{"anonymous":false,"introduction":"","imageUrl":"","visitor":0,"commentators":0,"shared":0,"star":[],"createTime":"2020-01-07T08:19:58.589Z","updateTime":"2020-01-07T08:19:58.589Z","_id":"5e0db7149f5d8d17ac531a15","title":"这里是文字标题..","content":"这里是文字内容。。。"}],"message":"成功","code":0}
***** response log end ******

[2020-01-07T16:22:51.982] [INFO] responseLog - 
***** response log start *****
request originalUrl: /api/artical
request client ip: 127.0.0.1
request query: {}
response time: 22
response status: undefined
response body: 
{"data":[{"anonymous":false,"introduction":"","imageUrl":"","visitor":0,"commentators":0,"shared":0,"star":[],"createTime":"2020-01-07T08:19:58.589Z","updateTime":"2020-01-07T08:19:58.589Z","_id":"5e0db6e866b44e35c06906d4","title":"这里是文字标题.."},{"anonymous":false,"introduction":"","imageUrl":"","visitor":0,"commentators":0,"shared":0,"star":[],"createTime":"2020-01-07T08:19:58.589Z","updateTime":"2020-01-07T08:19:58.589Z","_id":"5e0db7149f5d8d17ac531a15","title":"这里是文字标题..","content":"这里是文字内容。。。"}],"message":"成功","code":0}
***** response log end ******

[2020-01-07T16:23:11.019] [INFO] responseLog - 
***** response log start *****
request originalUrl: /api/artical
request client ip: 127.0.0.1
request query: {}
response time: 23
response status: undefined
response body: 
{"data":[{"anonymous":false,"introduction":"","imageUrl":"","visitor":0,"commentators":0,"shared":0,"star":[],"createTime":"2020-01-07T08:19:58.589Z","updateTime":"2020-01-07T08:19:58.589Z","_id":"5e0db6e866b44e35c06906d4","title":"这里是文字标题.."},{"anonymous":false,"introduction":"","imageUrl":"","visitor":0,"commentators":0,"shared":0,"star":[],"createTime":"2020-01-07T08:19:58.589Z","updateTime":"2020-01-07T08:19:58.589Z","_id":"5e0db7149f5d8d17ac531a15","title":"这里是文字标题..","content":"这里是文字内容。。。"}],"message":"成功","code":0}
***** response log end ******

[2020-01-07T16:23:14.492] [INFO] responseLog - 
***** response log start *****
request originalUrl: /api/artical
request client ip: 127.0.0.1
request query: {}
response time: 23
response status: undefined
response body: 
{"data":[{"anonymous":false,"introduction":"","imageUrl":"","visitor":0,"commentators":0,"shared":0,"star":[],"createTime":"2020-01-07T08:19:58.589Z","updateTime":"2020-01-07T08:19:58.589Z","_id":"5e0db6e866b44e35c06906d4","title":"这里是文字标题.."},{"anonymous":false,"introduction":"","imageUrl":"","visitor":0,"commentators":0,"shared":0,"star":[],"createTime":"2020-01-07T08:19:58.589Z","updateTime":"2020-01-07T08:19:58.589Z","_id":"5e0db7149f5d8d17ac531a15","title":"这里是文字标题..","content":"这里是文字内容。。。"}],"message":"成功","code":0}
***** response log end ******

[2020-01-07T16:32:54.179] [INFO] responseLog - 
***** response log start *****
request originalUrl: /api/artical
request client ip: 127.0.0.1
request query: {}
response time: 23
response status: undefined
response body: 
{"data":[{"anonymous":false,"introduction":"","imageUrl":"","visitor":0,"commentators":0,"shared":0,"star":[],"createTime":"2020-01-07T08:19:58.589Z","updateTime":"2020-01-07T08:19:58.589Z","_id":"5e0db6e866b44e35c06906d4","title":"这里是文字标题.."},{"anonymous":false,"introduction":"","imageUrl":"","visitor":0,"commentators":0,"shared":0,"star":[],"createTime":"2020-01-07T08:19:58.589Z","updateTime":"2020-01-07T08:19:58.589Z","_id":"5e0db7149f5d8d17ac531a15","title":"这里是文字标题..","content":"这里是文字内容。。。"}],"message":"成功","code":0}
***** response log end ******

[2020-01-07T16:33:01.036] [INFO] responseLog - 
***** response log start *****
request originalUrl: /api/artical
request client ip: 127.0.0.1
request query: {}
response time: 24
response status: undefined
response body: 
{"data":[{"anonymous":false,"introduction":"","imageUrl":"","visitor":0,"commentators":0,"shared":0,"star":[],"createTime":"2020-01-07T08:19:58.589Z","updateTime":"2020-01-07T08:19:58.589Z","_id":"5e0db6e866b44e35c06906d4","title":"这里是文字标题.."},{"anonymous":false,"introduction":"","imageUrl":"","visitor":0,"commentators":0,"shared":0,"star":[],"createTime":"2020-01-07T08:19:58.589Z","updateTime":"2020-01-07T08:19:58.589Z","_id":"5e0db7149f5d8d17ac531a15","title":"这里是文字标题..","content":"这里是文字内容。。。"}],"message":"成功","code":0}
***** response log end ******

[2020-01-07T16:33:26.623] [INFO] responseLog - 
***** response log start *****
request originalUrl: /api/artical
request client ip: 127.0.0.1
request query: {}
response time: 23
response status: undefined
response body: 
{"data":[{"anonymous":false,"introduction":"","imageUrl":"","visitor":0,"commentators":0,"shared":0,"star":[],"createTime":"2020-01-07T08:19:58.589Z","updateTime":"2020-01-07T08:19:58.589Z","_id":"5e0db6e866b44e35c06906d4","title":"这里是文字标题.."},{"anonymous":false,"introduction":"","imageUrl":"","visitor":0,"commentators":0,"shared":0,"star":[],"createTime":"2020-01-07T08:19:58.589Z","updateTime":"2020-01-07T08:19:58.589Z","_id":"5e0db7149f5d8d17ac531a15","title":"这里是文字标题..","content":"这里是文字内容。。。"}],"message":"成功","code":0}
***** response log end ******

[2020-01-07T16:35:34.247] [INFO] responseLog - 
***** response log start *****
request originalUrl: /api/artical
request client ip: 127.0.0.1
request query: {}
response time: 23
response status: undefined
response body: 
{"data":[{"anonymous":false,"introduction":"","imageUrl":"","visitor":0,"commentators":0,"shared":0,"star":[],"createTime":"2020-01-07T08:19:58.589Z","updateTime":"2020-01-07T08:19:58.589Z","_id":"5e0db6e866b44e35c06906d4","title":"这里是文字标题.."},{"anonymous":false,"introduction":"","imageUrl":"","visitor":0,"commentators":0,"shared":0,"star":[],"createTime":"2020-01-07T08:19:58.589Z","updateTime":"2020-01-07T08:19:58.589Z","_id":"5e0db7149f5d8d17ac531a15","title":"这里是文字标题..","content":"这里是文字内容。。。"}],"message":"成功","code":0}
***** response log end ******

[2020-01-07T18:00:40.758] [INFO] responseLog - 
***** response log start *****
request originalUrl: /api/artical
request client ip: 127.0.0.1
request query: {}
response time: 30
response status: undefined
response body: 
{"data":[{"anonymous":false,"introduction":"","imageUrl":"","visitor":0,"commentators":0,"shared":0,"star":[],"createTime":"2020-01-07T08:19:58.589Z","updateTime":"2020-01-07T08:19:58.589Z","_id":"5e0db6e866b44e35c06906d4","title":"这里是文字标题.."},{"anonymous":false,"introduction":"","imageUrl":"","visitor":0,"commentators":0,"shared":0,"star":[],"createTime":"2020-01-07T08:19:58.589Z","updateTime":"2020-01-07T08:19:58.589Z","_id":"5e0db7149f5d8d17ac531a15","title":"这里是文字标题..","content":"这里是文字内容。。。"}],"message":"成功","code":0}
***** response log end ******

[2020-01-07T18:00:46.542] [INFO] responseLog - 
***** response log start *****
request originalUrl: /api/artical
request client ip: 127.0.0.1
request query: {}
response time: 22
response status: undefined
response body: 
{"data":[{"anonymous":false,"introduction":"","imageUrl":"","visitor":0,"commentators":0,"shared":0,"star":[],"createTime":"2020-01-07T08:19:58.589Z","updateTime":"2020-01-07T08:19:58.589Z","_id":"5e0db6e866b44e35c06906d4","title":"这里是文字标题.."},{"anonymous":false,"introduction":"","imageUrl":"","visitor":0,"commentators":0,"shared":0,"star":[],"createTime":"2020-01-07T08:19:58.589Z","updateTime":"2020-01-07T08:19:58.589Z","_id":"5e0db7149f5d8d17ac531a15","title":"这里是文字标题..","content":"这里是文字内容。。。"}],"message":"成功","code":0}
***** response log end ******

[2020-01-07T18:10:27.641] [INFO] responseLog - 
***** response log start *****
request originalUrl: /api/artical
request client ip: 127.0.0.1
request query: {}
response time: 24
response status: undefined
response body: 
{"data":[{"anonymous":false,"introduction":"","imageUrl":"","visitor":0,"commentators":0,"shared":0,"star":[],"createTime":"2020-01-07T08:19:58.589Z","updateTime":"2020-01-07T08:19:58.589Z","_id":"5e0db6e866b44e35c06906d4","title":"这里是文字标题.."},{"anonymous":false,"introduction":"","imageUrl":"","visitor":0,"commentators":0,"shared":0,"star":[],"createTime":"2020-01-07T08:19:58.589Z","updateTime":"2020-01-07T08:19:58.589Z","_id":"5e0db7149f5d8d17ac531a15","title":"这里是文字标题..","content":"这里是文字内容。。。"}],"message":"成功","code":0}
***** response log end ******

[2020-01-07T18:10:35.383] [INFO] responseLog - 
***** response log start *****
request originalUrl: /api/artical
request client ip: 127.0.0.1
request query: {}
response time: 31
response status: undefined
response body: 
{"data":[{"anonymous":false,"introduction":"","imageUrl":"","visitor":0,"commentators":0,"shared":0,"star":[],"createTime":"2020-01-07T08:19:58.589Z","updateTime":"2020-01-07T08:19:58.589Z","_id":"5e0db6e866b44e35c06906d4","title":"这里是文字标题.."},{"anonymous":false,"introduction":"","imageUrl":"","visitor":0,"commentators":0,"shared":0,"star":[],"createTime":"2020-01-07T08:19:58.589Z","updateTime":"2020-01-07T08:19:58.589Z","_id":"5e0db7149f5d8d17ac531a15","title":"这里是文字标题..","content":"这里是文字内容。。。"}],"message":"成功","code":0}
***** response log end ******

[2020-01-07T18:11:24.493] [INFO] responseLog - 
***** response log start *****
request originalUrl: /api/artical
request client ip: 127.0.0.1
request query: {}
response time: 24
response status: undefined
response body: 
{"data":[{"anonymous":false,"introduction":"","imageUrl":"","visitor":0,"commentators":0,"shared":0,"star":[],"createTime":"2020-01-07T08:19:58.589Z","updateTime":"2020-01-07T08:19:58.589Z","_id":"5e0db6e866b44e35c06906d4","title":"这里是文字标题.."},{"anonymous":false,"introduction":"","imageUrl":"","visitor":0,"commentators":0,"shared":0,"star":[],"createTime":"2020-01-07T08:19:58.589Z","updateTime":"2020-01-07T08:19:58.589Z","_id":"5e0db7149f5d8d17ac531a15","title":"这里是文字标题..","content":"这里是文字内容。。。"}],"message":"成功","code":0}
***** response log end ******

[2020-01-07T18:11:30.492] [INFO] responseLog - 
***** response log start *****
request originalUrl: /api/artical
request client ip: 127.0.0.1
request query: {}
response time: 22
response status: undefined
response body: 
{"data":[{"anonymous":false,"introduction":"","imageUrl":"","visitor":0,"commentators":0,"shared":0,"star":[],"createTime":"2020-01-07T08:19:58.589Z","updateTime":"2020-01-07T08:19:58.589Z","_id":"5e0db6e866b44e35c06906d4","title":"这里是文字标题.."},{"anonymous":false,"introduction":"","imageUrl":"","visitor":0,"commentators":0,"shared":0,"star":[],"createTime":"2020-01-07T08:19:58.589Z","updateTime":"2020-01-07T08:19:58.589Z","_id":"5e0db7149f5d8d17ac531a15","title":"这里是文字标题..","content":"这里是文字内容。。。"}],"message":"成功","code":0}
***** response log end ******

[2020-01-07T18:11:37.113] [INFO] responseLog - 
***** response log start *****
request originalUrl: /api/artical
request client ip: 127.0.0.1
request query: {}
response time: 23
response status: undefined
response body: 
{"data":[{"anonymous":false,"introduction":"","imageUrl":"","visitor":0,"commentators":0,"shared":0,"star":[],"createTime":"2020-01-07T08:19:58.589Z","updateTime":"2020-01-07T08:19:58.589Z","_id":"5e0db6e866b44e35c06906d4","title":"这里是文字标题.."},{"anonymous":false,"introduction":"","imageUrl":"","visitor":0,"commentators":0,"shared":0,"star":[],"createTime":"2020-01-07T08:19:58.589Z","updateTime":"2020-01-07T08:19:58.589Z","_id":"5e0db7149f5d8d17ac531a15","title":"这里是文字标题..","content":"这里是文字内容。。。"}],"message":"成功","code":0}
***** response log end ******

[2020-01-07T18:13:44.540] [INFO] responseLog - 
***** response log start *****
request originalUrl: /api/artical
request client ip: 127.0.0.1
request query: {}
response time: 24
response status: undefined
response body: 
{"data":[{"anonymous":false,"introduction":"","imageUrl":"","visitor":0,"commentators":0,"shared":0,"star":[],"createTime":"2020-01-07T08:19:58.589Z","updateTime":"2020-01-07T08:19:58.589Z","_id":"5e0db6e866b44e35c06906d4","title":"这里是文字标题.."},{"anonymous":false,"introduction":"","imageUrl":"","visitor":0,"commentators":0,"shared":0,"star":[],"createTime":"2020-01-07T08:19:58.589Z","updateTime":"2020-01-07T08:19:58.589Z","_id":"5e0db7149f5d8d17ac531a15","title":"这里是文字标题..","content":"这里是文字内容。。。"}],"message":"成功","code":0}
***** response log end ******

[2020-01-07T18:13:51.377] [INFO] responseLog - 
***** response log start *****
request originalUrl: /api/artical
request client ip: 127.0.0.1
request query: {}
response time: 33
response status: undefined
response body: 
{"data":[{"anonymous":false,"introduction":"","imageUrl":"","visitor":0,"commentators":0,"shared":0,"star":[],"createTime":"2020-01-07T08:19:58.589Z","updateTime":"2020-01-07T08:19:58.589Z","_id":"5e0db6e866b44e35c06906d4","title":"这里是文字标题.."},{"anonymous":false,"introduction":"","imageUrl":"","visitor":0,"commentators":0,"shared":0,"star":[],"createTime":"2020-01-07T08:19:58.589Z","updateTime":"2020-01-07T08:19:58.589Z","_id":"5e0db7149f5d8d17ac531a15","title":"这里是文字标题..","content":"这里是文字内容。。。"}],"message":"成功","code":0}
***** response log end ******

[2020-01-07T18:14:54.121] [INFO] responseLog - 
***** response log start *****
request originalUrl: /api/artical
request client ip: 127.0.0.1
request query: {}
response time: 26
response status: undefined
response body: 
{"data":[{"anonymous":false,"introduction":"","imageUrl":"","visitor":0,"commentators":0,"shared":0,"star":[],"createTime":"2020-01-07T08:19:58.589Z","updateTime":"2020-01-07T08:19:58.589Z","_id":"5e0db6e866b44e35c06906d4","title":"这里是文字标题.."},{"anonymous":false,"introduction":"","imageUrl":"","visitor":0,"commentators":0,"shared":0,"star":[],"createTime":"2020-01-07T08:19:58.589Z","updateTime":"2020-01-07T08:19:58.589Z","_id":"5e0db7149f5d8d17ac531a15","title":"这里是文字标题..","content":"这里是文字内容。。。"}],"message":"成功","code":0}
***** response log end ******

[2020-01-07T18:17:19.773] [INFO] responseLog - 
***** response log start *****
request originalUrl: /api/artical
request client ip: 127.0.0.1
request query: {}
response time: 23
response status: undefined
response body: 
{"data":[{"anonymous":false,"introduction":"","imageUrl":"","visitor":0,"commentators":0,"shared":0,"star":[],"createTime":"2020-01-07T08:19:58.589Z","updateTime":"2020-01-07T08:19:58.589Z","_id":"5e0db6e866b44e35c06906d4","title":"这里是文字标题.."},{"anonymous":false,"introduction":"","imageUrl":"","visitor":0,"commentators":0,"shared":0,"star":[],"createTime":"2020-01-07T08:19:58.589Z","updateTime":"2020-01-07T08:19:58.589Z","_id":"5e0db7149f5d8d17ac531a15","title":"这里是文字标题..","content":"这里是文字内容。。。"}],"message":"成功","code":0}
***** response log end ******

[2020-01-07T18:18:07.608] [INFO] responseLog - 
***** response log start *****
request originalUrl: /api/artical
request client ip: 127.0.0.1
request query: {}
response time: 24
response status: undefined
response body: 
{"data":[{"anonymous":false,"introduction":"","imageUrl":"","visitor":0,"commentators":0,"shared":0,"star":[],"createTime":"2020-01-07T08:19:58.589Z","updateTime":"2020-01-07T08:19:58.589Z","_id":"5e0db6e866b44e35c06906d4","title":"这里是文字标题.."},{"anonymous":false,"introduction":"","imageUrl":"","visitor":0,"commentators":0,"shared":0,"star":[],"createTime":"2020-01-07T08:19:58.589Z","updateTime":"2020-01-07T08:19:58.589Z","_id":"5e0db7149f5d8d17ac531a15","title":"这里是文字标题..","content":"这里是文字内容。。。"}],"message":"成功","code":0}
***** response log end ******

[2020-01-07T18:18:13.667] [INFO] responseLog - 
***** response log start *****
request originalUrl: /api/artical
request client ip: 127.0.0.1
request query: {}
response time: 23
response status: undefined
response body: 
{"data":[{"anonymous":false,"introduction":"","imageUrl":"","visitor":0,"commentators":0,"shared":0,"star":[],"createTime":"2020-01-07T08:19:58.589Z","updateTime":"2020-01-07T08:19:58.589Z","_id":"5e0db6e866b44e35c06906d4","title":"这里是文字标题.."},{"anonymous":false,"introduction":"","imageUrl":"","visitor":0,"commentators":0,"shared":0,"star":[],"createTime":"2020-01-07T08:19:58.589Z","updateTime":"2020-01-07T08:19:58.589Z","_id":"5e0db7149f5d8d17ac531a15","title":"这里是文字标题..","content":"这里是文字内容。。。"}],"message":"成功","code":0}
***** response log end ******

[2020-01-07T18:18:21.919] [INFO] responseLog - 
***** response log start *****
request originalUrl: /api/artical
request client ip: 127.0.0.1
request query: {}
response time: 22
response status: undefined
response body: 
{"data":[{"anonymous":false,"introduction":"","imageUrl":"","visitor":0,"commentators":0,"shared":0,"star":[],"createTime":"2020-01-07T08:19:58.589Z","updateTime":"2020-01-07T08:19:58.589Z","_id":"5e0db6e866b44e35c06906d4","title":"这里是文字标题.."},{"anonymous":false,"introduction":"","imageUrl":"","visitor":0,"commentators":0,"shared":0,"star":[],"createTime":"2020-01-07T08:19:58.589Z","updateTime":"2020-01-07T08:19:58.589Z","_id":"5e0db7149f5d8d17ac531a15","title":"这里是文字标题..","content":"这里是文字内容。。。"}],"message":"成功","code":0}
***** response log end ******

[2020-01-07T19:19:05.537] [INFO] responseLog - 
***** response log start *****
request originalUrl: /api/artical
request client ip: 127.0.0.1
request query: {}
response time: 24
response status: undefined
response body: 
{"data":[{"anonymous":false,"introduction":"","imageUrl":"","visitor":0,"commentators":0,"shared":0,"star":[],"createTime":"2020-01-07T08:19:58.589Z","updateTime":"2020-01-07T08:19:58.589Z","_id":"5e0db6e866b44e35c06906d4","title":"这里是文字标题.."},{"anonymous":false,"introduction":"","imageUrl":"","visitor":0,"commentators":0,"shared":0,"star":[],"createTime":"2020-01-07T08:19:58.589Z","updateTime":"2020-01-07T08:19:58.589Z","_id":"5e0db7149f5d8d17ac531a15","title":"这里是文字标题..","content":"这里是文字内容。。。"}],"message":"成功","code":0}
***** response log end ******

[2020-01-07T19:43:35.946] [INFO] responseLog - 
***** response log start *****
request originalUrl: /api/artical
request client ip: 127.0.0.1
request query: {}
response time: 46
response status: undefined
response body: 
{"data":[{"anonymous":false,"introduction":"","imageUrl":"","visitor":0,"commentators":0,"shared":0,"star":[],"createTime":"2020-01-07T08:19:58.589Z","updateTime":"2020-01-07T08:19:58.589Z","_id":"5e0db6e866b44e35c06906d4","title":"这里是文字标题.."},{"anonymous":false,"introduction":"","imageUrl":"","visitor":0,"commentators":0,"shared":0,"star":[],"createTime":"2020-01-07T08:19:58.589Z","updateTime":"2020-01-07T08:19:58.589Z","_id":"5e0db7149f5d8d17ac531a15","title":"这里是文字标题..","content":"这里是文字内容。。。"}],"message":"成功","code":0}
***** response log end ******

[2020-01-07T19:43:56.567] [INFO] responseLog - 
***** response log start *****
request originalUrl: /api/artical
request client ip: 127.0.0.1
request query: {}
response time: 37
response status: undefined
response body: 
{"data":[{"anonymous":false,"introduction":"","imageUrl":"","visitor":0,"commentators":0,"shared":0,"star":[],"createTime":"2020-01-07T08:19:58.589Z","updateTime":"2020-01-07T08:19:58.589Z","_id":"5e0db6e866b44e35c06906d4","title":"这里是文字标题.."},{"anonymous":false,"introduction":"","imageUrl":"","visitor":0,"commentators":0,"shared":0,"star":[],"createTime":"2020-01-07T08:19:58.589Z","updateTime":"2020-01-07T08:19:58.589Z","_id":"5e0db7149f5d8d17ac531a15","title":"这里是文字标题..","content":"这里是文字内容。。。"}],"message":"成功","code":0}
***** response log end ******

[2020-01-07T19:45:18.439] [INFO] responseLog - 
***** response log start *****
request originalUrl: /api/artical
request client ip: 127.0.0.1
request query: {}
response time: 37
response status: undefined
response body: 
{"data":[{"anonymous":false,"introduction":"","imageUrl":"","visitor":0,"commentators":0,"shared":0,"star":[],"createTime":"2020-01-07T08:19:58.589Z","updateTime":"2020-01-07T08:19:58.589Z","_id":"5e0db6e866b44e35c06906d4","title":"这里是文字标题.."},{"anonymous":false,"introduction":"","imageUrl":"","visitor":0,"commentators":0,"shared":0,"star":[],"createTime":"2020-01-07T08:19:58.589Z","updateTime":"2020-01-07T08:19:58.589Z","_id":"5e0db7149f5d8d17ac531a15","title":"这里是文字标题..","content":"这里是文字内容。。。"}],"message":"成功","code":0}
***** response log end ******

[2020-01-07T19:45:44.338] [INFO] responseLog - 
***** response log start *****
request originalUrl: /api/artical
request client ip: 127.0.0.1
request query: {}
response time: 20
response status: undefined
response body: 
{"data":[{"anonymous":false,"introduction":"","imageUrl":"","visitor":0,"commentators":0,"shared":0,"star":[],"createTime":"2020-01-07T08:19:58.589Z","updateTime":"2020-01-07T08:19:58.589Z","_id":"5e0db6e866b44e35c06906d4","title":"这里是文字标题.."},{"anonymous":false,"introduction":"","imageUrl":"","visitor":0,"commentators":0,"shared":0,"star":[],"createTime":"2020-01-07T08:19:58.589Z","updateTime":"2020-01-07T08:19:58.589Z","_id":"5e0db7149f5d8d17ac531a15","title":"这里是文字标题..","content":"这里是文字内容。。。"}],"message":"成功","code":0}
***** response log end ******

[2020-01-07T19:46:12.063] [INFO] responseLog - 
***** response log start *****
request originalUrl: /api/artical
request client ip: 127.0.0.1
request query: {}
response time: 41
response status: undefined
response body: 
{"data":[{"anonymous":false,"introduction":"","imageUrl":"","visitor":0,"commentators":0,"shared":0,"star":[],"createTime":"2020-01-07T08:19:58.589Z","updateTime":"2020-01-07T08:19:58.589Z","_id":"5e0db6e866b44e35c06906d4","title":"这里是文字标题.."},{"anonymous":false,"introduction":"","imageUrl":"","visitor":0,"commentators":0,"shared":0,"star":[],"createTime":"2020-01-07T08:19:58.589Z","updateTime":"2020-01-07T08:19:58.589Z","_id":"5e0db7149f5d8d17ac531a15","title":"这里是文字标题..","content":"这里是文字内容。。。"}],"message":"成功","code":0}
***** response log end ******

[2020-01-07T19:48:26.298] [INFO] responseLog - 
***** response log start *****
request originalUrl: /api/artical
request client ip: 127.0.0.1
request query: {}
response time: 47
response status: undefined
response body: 
{"data":[{"anonymous":false,"introduction":"","imageUrl":"","visitor":0,"commentators":0,"shared":0,"star":[],"createTime":"2020-01-07T08:19:58.589Z","updateTime":"2020-01-07T08:19:58.589Z","_id":"5e0db6e866b44e35c06906d4","title":"这里是文字标题.."},{"anonymous":false,"introduction":"","imageUrl":"","visitor":0,"commentators":0,"shared":0,"star":[],"createTime":"2020-01-07T08:19:58.589Z","updateTime":"2020-01-07T08:19:58.589Z","_id":"5e0db7149f5d8d17ac531a15","title":"这里是文字标题..","content":"这里是文字内容。。。"}],"message":"成功","code":0}
***** response log end ******

[2020-01-07T19:49:05.158] [INFO] responseLog - 
***** response log start *****
request originalUrl: /api/artical
request client ip: 127.0.0.1
request query: {}
response time: 57
response status: undefined
response body: 
{"data":[{"anonymous":false,"introduction":"","imageUrl":"","visitor":0,"commentators":0,"shared":0,"star":[],"createTime":"2020-01-07T08:19:58.589Z","updateTime":"2020-01-07T08:19:58.589Z","_id":"5e0db6e866b44e35c06906d4","title":"这里是文字标题.."},{"anonymous":false,"introduction":"","imageUrl":"","visitor":0,"commentators":0,"shared":0,"star":[],"createTime":"2020-01-07T08:19:58.589Z","updateTime":"2020-01-07T08:19:58.589Z","_id":"5e0db7149f5d8d17ac531a15","title":"这里是文字标题..","content":"这里是文字内容。。。"}],"message":"成功","code":0}
***** response log end ******

[2020-01-07T19:49:15.232] [INFO] responseLog - 
***** response log start *****
request originalUrl: /api/artical
request client ip: 127.0.0.1
request query: {}
response time: 75
response status: undefined
response body: 
{"data":[{"anonymous":false,"introduction":"","imageUrl":"","visitor":0,"commentators":0,"shared":0,"star":[],"createTime":"2020-01-07T08:19:58.589Z","updateTime":"2020-01-07T08:19:58.589Z","_id":"5e0db6e866b44e35c06906d4","title":"这里是文字标题.."},{"anonymous":false,"introduction":"","imageUrl":"","visitor":0,"commentators":0,"shared":0,"star":[],"createTime":"2020-01-07T08:19:58.589Z","updateTime":"2020-01-07T08:19:58.589Z","_id":"5e0db7149f5d8d17ac531a15","title":"这里是文字标题..","content":"这里是文字内容。。。"}],"message":"成功","code":0}
***** response log end ******

[2020-01-07T19:51:03.102] [INFO] responseLog - 
***** response log start *****
request originalUrl: /api/artical
request client ip: 127.0.0.1
request query: {}
response time: 68
response status: undefined
response body: 
{"data":[{"anonymous":false,"introduction":"","imageUrl":"","visitor":0,"commentators":0,"shared":0,"star":[],"createTime":"2020-01-07T08:19:58.589Z","updateTime":"2020-01-07T08:19:58.589Z","_id":"5e0db6e866b44e35c06906d4","title":"这里是文字标题.."},{"anonymous":false,"introduction":"","imageUrl":"","visitor":0,"commentators":0,"shared":0,"star":[],"createTime":"2020-01-07T08:19:58.589Z","updateTime":"2020-01-07T08:19:58.589Z","_id":"5e0db7149f5d8d17ac531a15","title":"这里是文字标题..","content":"这里是文字内容。。。"}],"message":"成功","code":0}
***** response log end ******

[2020-01-07T19:52:00.984] [INFO] responseLog - 
***** response log start *****
request originalUrl: /api/artical
request client ip: 127.0.0.1
request query: {}
response time: 70
response status: undefined
response body: 
{"data":[{"anonymous":false,"introduction":"","imageUrl":"","visitor":0,"commentators":0,"shared":0,"star":[],"createTime":"2020-01-07T08:19:58.589Z","updateTime":"2020-01-07T08:19:58.589Z","_id":"5e0db6e866b44e35c06906d4","title":"这里是文字标题.."},{"anonymous":false,"introduction":"","imageUrl":"","visitor":0,"commentators":0,"shared":0,"star":[],"createTime":"2020-01-07T08:19:58.589Z","updateTime":"2020-01-07T08:19:58.589Z","_id":"5e0db7149f5d8d17ac531a15","title":"这里是文字标题..","content":"这里是文字内容。。。"}],"message":"成功","code":0}
***** response log end ******

[2020-01-07T19:54:53.052] [INFO] responseLog - 
***** response log start *****
request originalUrl: /api/artical
request client ip: 127.0.0.1
request query: {}
response time: 53
response status: undefined
response body: 
{"data":[{"anonymous":false,"introduction":"","imageUrl":"","visitor":0,"commentators":0,"shared":0,"star":[],"createTime":"2020-01-07T08:19:58.589Z","updateTime":"2020-01-07T08:19:58.589Z","_id":"5e0db6e866b44e35c06906d4","title":"这里是文字标题.."},{"anonymous":false,"introduction":"","imageUrl":"","visitor":0,"commentators":0,"shared":0,"star":[],"createTime":"2020-01-07T08:19:58.589Z","updateTime":"2020-01-07T08:19:58.589Z","_id":"5e0db7149f5d8d17ac531a15","title":"这里是文字标题..","content":"这里是文字内容。。。"}],"message":"成功","code":0}
***** response log end ******

[2020-01-07T19:55:46.771] [INFO] responseLog - 
***** response log start *****
request originalUrl: /api/artical
request client ip: 127.0.0.1
request query: {}
response time: 48
response status: undefined
response body: 
{"data":[{"anonymous":false,"introduction":"","imageUrl":"","visitor":0,"commentators":0,"shared":0,"star":[],"createTime":"2020-01-07T08:19:58.589Z","updateTime":"2020-01-07T08:19:58.589Z","_id":"5e0db6e866b44e35c06906d4","title":"这里是文字标题.."},{"anonymous":false,"introduction":"","imageUrl":"","visitor":0,"commentators":0,"shared":0,"star":[],"createTime":"2020-01-07T08:19:58.589Z","updateTime":"2020-01-07T08:19:58.589Z","_id":"5e0db7149f5d8d17ac531a15","title":"这里是文字标题..","content":"这里是文字内容。。。"}],"message":"成功","code":0}
***** response log end ******

[2020-01-07T19:57:14.183] [INFO] responseLog - 
***** response log start *****
request originalUrl: /api/artical
request client ip: 127.0.0.1
request query: {}
response time: 45
response status: undefined
response body: 
{"data":[{"anonymous":false,"introduction":"","imageUrl":"","visitor":0,"commentators":0,"shared":0,"star":[],"createTime":"2020-01-07T08:19:58.589Z","updateTime":"2020-01-07T08:19:58.589Z","_id":"5e0db6e866b44e35c06906d4","title":"这里是文字标题.."},{"anonymous":false,"introduction":"","imageUrl":"","visitor":0,"commentators":0,"shared":0,"star":[],"createTime":"2020-01-07T08:19:58.589Z","updateTime":"2020-01-07T08:19:58.589Z","_id":"5e0db7149f5d8d17ac531a15","title":"这里是文字标题..","content":"这里是文字内容。。。"}],"message":"成功","code":0}
***** response log end ******

[2020-01-07T19:57:26.628] [INFO] responseLog - 
***** response log start *****
request originalUrl: /api/artical
request client ip: 127.0.0.1
request query: {}
response time: 39
response status: undefined
response body: 
{"data":[{"anonymous":false,"introduction":"","imageUrl":"","visitor":0,"commentators":0,"shared":0,"star":[],"createTime":"2020-01-07T08:19:58.589Z","updateTime":"2020-01-07T08:19:58.589Z","_id":"5e0db6e866b44e35c06906d4","title":"这里是文字标题.."},{"anonymous":false,"introduction":"","imageUrl":"","visitor":0,"commentators":0,"shared":0,"star":[],"createTime":"2020-01-07T08:19:58.589Z","updateTime":"2020-01-07T08:19:58.589Z","_id":"5e0db7149f5d8d17ac531a15","title":"这里是文字标题..","content":"这里是文字内容。。。"}],"message":"成功","code":0}
***** response log end ******

[2020-01-07T19:57:32.790] [INFO] responseLog - 
***** response log start *****
request originalUrl: /api/artical
request client ip: 127.0.0.1
request query: {}
response time: 31
response status: undefined
response body: 
{"data":[{"anonymous":false,"introduction":"","imageUrl":"","visitor":0,"commentators":0,"shared":0,"star":[],"createTime":"2020-01-07T08:19:58.589Z","updateTime":"2020-01-07T08:19:58.589Z","_id":"5e0db6e866b44e35c06906d4","title":"这里是文字标题.."},{"anonymous":false,"introduction":"","imageUrl":"","visitor":0,"commentators":0,"shared":0,"star":[],"createTime":"2020-01-07T08:19:58.589Z","updateTime":"2020-01-07T08:19:58.589Z","_id":"5e0db7149f5d8d17ac531a15","title":"这里是文字标题..","content":"这里是文字内容。。。"}],"message":"成功","code":0}
***** response log end ******

[2020-01-07T19:57:47.468] [INFO] responseLog - 
***** response log start *****
request originalUrl: /api/artical
request client ip: 127.0.0.1
request query: {}
response time: 53
response status: undefined
response body: 
{"data":[{"anonymous":false,"introduction":"","imageUrl":"","visitor":0,"commentators":0,"shared":0,"star":[],"createTime":"2020-01-07T08:19:58.589Z","updateTime":"2020-01-07T08:19:58.589Z","_id":"5e0db6e866b44e35c06906d4","title":"这里是文字标题.."},{"anonymous":false,"introduction":"","imageUrl":"","visitor":0,"commentators":0,"shared":0,"star":[],"createTime":"2020-01-07T08:19:58.589Z","updateTime":"2020-01-07T08:19:58.589Z","_id":"5e0db7149f5d8d17ac531a15","title":"这里是文字标题..","content":"这里是文字内容。。。"}],"message":"成功","code":0}
***** response log end ******

[2020-01-07T19:58:11.313] [INFO] responseLog - 
***** response log start *****
request originalUrl: /api/artical
request client ip: 127.0.0.1
request query: {}
response time: 36
response status: undefined
response body: 
{"data":[{"anonymous":false,"introduction":"","imageUrl":"","visitor":0,"commentators":0,"shared":0,"star":[],"createTime":"2020-01-07T08:19:58.589Z","updateTime":"2020-01-07T08:19:58.589Z","_id":"5e0db6e866b44e35c06906d4","title":"这里是文字标题.."},{"anonymous":false,"introduction":"","imageUrl":"","visitor":0,"commentators":0,"shared":0,"star":[],"createTime":"2020-01-07T08:19:58.589Z","updateTime":"2020-01-07T08:19:58.589Z","_id":"5e0db7149f5d8d17ac531a15","title":"这里是文字标题..","content":"这里是文字内容。。。"}],"message":"成功","code":0}
***** response log end ******

[2020-01-07T19:58:14.997] [INFO] responseLog - 
***** response log start *****
request originalUrl: /api/artical
request client ip: 127.0.0.1
request query: {}
response time: 31
response status: undefined
response body: 
{"data":[{"anonymous":false,"introduction":"","imageUrl":"","visitor":0,"commentators":0,"shared":0,"star":[],"createTime":"2020-01-07T08:19:58.589Z","updateTime":"2020-01-07T08:19:58.589Z","_id":"5e0db6e866b44e35c06906d4","title":"这里是文字标题.."},{"anonymous":false,"introduction":"","imageUrl":"","visitor":0,"commentators":0,"shared":0,"star":[],"createTime":"2020-01-07T08:19:58.589Z","updateTime":"2020-01-07T08:19:58.589Z","_id":"5e0db7149f5d8d17ac531a15","title":"这里是文字标题..","content":"这里是文字内容。。。"}],"message":"成功","code":0}
***** response log end ******

