[2020-04-04T23:01:08.230] [INFO] responseLog - 
***** response log start *****
request originalUrl: /api/artical/getList
request client ip: 127.0.0.1
request body
{"where":{},"include":"author","includeword":{"username":1},"limit":10,"skip":0}
response time: 170
response status: 200
response body: 
{"message":"成功","data":{"data":[{"anonymous":false,"introduction":"常见的http状态码大全","imageUrl":"","visitor":0,"commentators":0,"shared":0,"star":1,"starList":["5e4e4999b8620637839d8d3b"],"createTime":"2020-02-19T14:39:44.360Z","updateTime":"2020-02-20T09:35:33.533Z","_id":"5e4e4aa2b8620637839d8d3c","author":{"_id":"5e4e4cf6b8620637839d8d3d","username":"1623246663@qq.com"},"title":"http状态码","category":"5e181e5aa1a77c95daa48b33","state":2,"__v":0},{"anonymous":false,"introduction":"第一次使用nuxt.js，记录一下常用的点，后期会持续改进。","imageUrl":"","visitor":0,"commentators":0,"shared":0,"star":1,"starList":["5e4e4cf6b8620637839d8d3d"],"createTime":"2020-02-19T14:39:44.360Z","updateTime":"2020-03-12T10:19:28.739Z","_id":"5e5ca8efb8620637839d8d40","author":{"_id":"5e4e4999b8620637839d8d3b","username":"rd_1985@163.com"},"title":"Nuxt.js初探","category":"5e181e2ca1a77c95daa48b32","state":2,"__v":0},{"anonymous":false,"introduction":"hooks","imageUrl":"","visitor":0,"commentators":0,"shared":0,"star":0,"starList":[],"createTime":"2020-02-19T14:39:44.360Z","updateTime":"2020-03-12T10:34:06.433Z","_id":"5e6a101eb8620637839d8d41","author":{"_id":"5e4e4cf6b8620637839d8d3d","username":"1623246663@qq.com"},"title":"react hooks的使用","category":"5e181e2ca1a77c95daa48b32","state":2,"__v":0},{"anonymous":false,"introduction":"好些年前做图片上传我都是用的form表单提交到后端，最近改用ajax提交图片，在这里做一下记录。包含在项目中使用的图片压缩。","imageUrl":"","visitor":0,"commentators":0,"shared":0,"star":0,"starList":[],"createTime":"2020-02-19T14:39:44.360Z","updateTime":"2020-04-01T10:32:21.808Z","_id":"5e846db5b8620637839d8d42","author":{"_id":"5e4e4999b8620637839d8d3b","username":"rd_1985@163.com"},"title":"web端图片上传","category":"5e181e2ca1a77c95daa48b32","state":2,"__v":0}],"total":4},"code":200}
***** response log end ******

[2020-04-04T23:01:08.246] [INFO] responseLog - 
***** response log start *****
request originalUrl: /api/artical/getList
request client ip: 127.0.0.1
request body
{"limit":5,"order":{"star":-1},"include":"author","includeword":{"username":1}}
response time: 146
response status: 200
response body: 
{"message":"成功","data":{"data":[{"anonymous":false,"introduction":"常见的http状态码大全","imageUrl":"","visitor":0,"commentators":0,"shared":0,"star":1,"starList":["5e4e4999b8620637839d8d3b"],"createTime":"2020-02-19T14:39:44.360Z","updateTime":"2020-02-20T09:35:33.533Z","_id":"5e4e4aa2b8620637839d8d3c","author":{"_id":"5e4e4cf6b8620637839d8d3d","username":"1623246663@qq.com"},"title":"http状态码","category":"5e181e5aa1a77c95daa48b33","state":2,"__v":0},{"anonymous":false,"introduction":"第一次使用nuxt.js，记录一下常用的点，后期会持续改进。","imageUrl":"","visitor":0,"commentators":0,"shared":0,"star":1,"starList":["5e4e4cf6b8620637839d8d3d"],"createTime":"2020-02-19T14:39:44.360Z","updateTime":"2020-03-12T10:19:28.739Z","_id":"5e5ca8efb8620637839d8d40","author":{"_id":"5e4e4999b8620637839d8d3b","username":"rd_1985@163.com"},"title":"Nuxt.js初探","category":"5e181e2ca1a77c95daa48b32","state":2,"__v":0},{"anonymous":false,"introduction":"hooks","imageUrl":"","visitor":0,"commentators":0,"shared":0,"star":0,"starList":[],"createTime":"2020-02-19T14:39:44.360Z","updateTime":"2020-03-12T10:34:06.433Z","_id":"5e6a101eb8620637839d8d41","author":{"_id":"5e4e4cf6b8620637839d8d3d","username":"1623246663@qq.com"},"title":"react hooks的使用","category":"5e181e2ca1a77c95daa48b32","state":2,"__v":0},{"anonymous":false,"introduction":"好些年前做图片上传我都是用的form表单提交到后端，最近改用ajax提交图片，在这里做一下记录。包含在项目中使用的图片压缩。","imageUrl":"","visitor":0,"commentators":0,"shared":0,"star":0,"starList":[],"createTime":"2020-02-19T14:39:44.360Z","updateTime":"2020-04-01T10:32:21.808Z","_id":"5e846db5b8620637839d8d42","author":{"_id":"5e4e4999b8620637839d8d3b","username":"rd_1985@163.com"},"title":"web端图片上传","category":"5e181e2ca1a77c95daa48b32","state":2,"__v":0}],"total":4},"code":200}
***** response log end ******

[2020-04-04T23:02:53.763] [INFO] responseLog - 
***** response log start *****
request originalUrl: /api/artical/getList
request client ip: 127.0.0.1
request body
{"limit":5,"order":{"star":-1},"include":"author","includeword":{"username":1}}
response time: 247
response status: 200
response body: 
{"message":"成功","data":{"data":[{"anonymous":false,"introduction":"常见的http状态码大全","imageUrl":"","visitor":0,"commentators":0,"shared":0,"star":1,"starList":["5e4e4999b8620637839d8d3b"],"createTime":"2020-02-19T14:39:44.360Z","updateTime":"2020-02-20T09:35:33.533Z","_id":"5e4e4aa2b8620637839d8d3c","author":{"_id":"5e4e4cf6b8620637839d8d3d","username":"1623246663@qq.com"},"title":"http状态码","category":"5e181e5aa1a77c95daa48b33","state":2,"__v":0},{"anonymous":false,"introduction":"第一次使用nuxt.js，记录一下常用的点，后期会持续改进。","imageUrl":"","visitor":0,"commentators":0,"shared":0,"star":1,"starList":["5e4e4cf6b8620637839d8d3d"],"createTime":"2020-02-19T14:39:44.360Z","updateTime":"2020-03-12T10:19:28.739Z","_id":"5e5ca8efb8620637839d8d40","author":{"_id":"5e4e4999b8620637839d8d3b","username":"rd_1985@163.com"},"title":"Nuxt.js初探","category":"5e181e2ca1a77c95daa48b32","state":2,"__v":0},{"anonymous":false,"introduction":"hooks","imageUrl":"","visitor":0,"commentators":0,"shared":0,"star":0,"starList":[],"createTime":"2020-02-19T14:39:44.360Z","updateTime":"2020-03-12T10:34:06.433Z","_id":"5e6a101eb8620637839d8d41","author":{"_id":"5e4e4cf6b8620637839d8d3d","username":"1623246663@qq.com"},"title":"react hooks的使用","category":"5e181e2ca1a77c95daa48b32","state":2,"__v":0},{"anonymous":false,"introduction":"好些年前做图片上传我都是用的form表单提交到后端，最近改用ajax提交图片，在这里做一下记录。包含在项目中使用的图片压缩。","imageUrl":"","visitor":0,"commentators":0,"shared":0,"star":0,"starList":[],"createTime":"2020-02-19T14:39:44.360Z","updateTime":"2020-04-01T10:32:21.808Z","_id":"5e846db5b8620637839d8d42","author":{"_id":"5e4e4999b8620637839d8d3b","username":"rd_1985@163.com"},"title":"web端图片上传","category":"5e181e2ca1a77c95daa48b32","state":2,"__v":0}],"total":4},"code":200}
***** response log end ******

[2020-04-04T23:02:53.766] [INFO] responseLog - 
***** response log start *****
request originalUrl: /api/artical/getList
request client ip: 127.0.0.1
request body
{"where":{},"include":"author","includeword":{"username":1},"limit":10,"skip":0}
response time: 258
response status: 200
response body: 
{"message":"成功","data":{"data":[{"anonymous":false,"introduction":"常见的http状态码大全","imageUrl":"","visitor":0,"commentators":0,"shared":0,"star":1,"starList":["5e4e4999b8620637839d8d3b"],"createTime":"2020-02-19T14:39:44.360Z","updateTime":"2020-02-20T09:35:33.533Z","_id":"5e4e4aa2b8620637839d8d3c","author":{"_id":"5e4e4cf6b8620637839d8d3d","username":"1623246663@qq.com"},"title":"http状态码","category":"5e181e5aa1a77c95daa48b33","state":2,"__v":0},{"anonymous":false,"introduction":"第一次使用nuxt.js，记录一下常用的点，后期会持续改进。","imageUrl":"","visitor":0,"commentators":0,"shared":0,"star":1,"starList":["5e4e4cf6b8620637839d8d3d"],"createTime":"2020-02-19T14:39:44.360Z","updateTime":"2020-03-12T10:19:28.739Z","_id":"5e5ca8efb8620637839d8d40","author":{"_id":"5e4e4999b8620637839d8d3b","username":"rd_1985@163.com"},"title":"Nuxt.js初探","category":"5e181e2ca1a77c95daa48b32","state":2,"__v":0},{"anonymous":false,"introduction":"hooks","imageUrl":"","visitor":0,"commentators":0,"shared":0,"star":0,"starList":[],"createTime":"2020-02-19T14:39:44.360Z","updateTime":"2020-03-12T10:34:06.433Z","_id":"5e6a101eb8620637839d8d41","author":{"_id":"5e4e4cf6b8620637839d8d3d","username":"1623246663@qq.com"},"title":"react hooks的使用","category":"5e181e2ca1a77c95daa48b32","state":2,"__v":0},{"anonymous":false,"introduction":"好些年前做图片上传我都是用的form表单提交到后端，最近改用ajax提交图片，在这里做一下记录。包含在项目中使用的图片压缩。","imageUrl":"","visitor":0,"commentators":0,"shared":0,"star":0,"starList":[],"createTime":"2020-02-19T14:39:44.360Z","updateTime":"2020-04-01T10:32:21.808Z","_id":"5e846db5b8620637839d8d42","author":{"_id":"5e4e4999b8620637839d8d3b","username":"rd_1985@163.com"},"title":"web端图片上传","category":"5e181e2ca1a77c95daa48b32","state":2,"__v":0}],"total":4},"code":200}
***** response log end ******

[2020-04-04T23:09:50.821] [INFO] responseLog - 
***** response log start *****
request originalUrl: /api/artical/getList
request client ip: 127.0.0.1
request body
{"where":{},"include":"author","includeword":{"username":1},"limit":10,"skip":0}
response time: 91
response status: 200
response body: 
{"message":"成功","data":{"data":[{"anonymous":false,"introduction":"常见的http状态码大全","imageUrl":"","visitor":0,"commentators":0,"shared":0,"star":1,"starList":["5e4e4999b8620637839d8d3b"],"createTime":"2020-02-19T14:39:44.360Z","updateTime":"2020-02-20T09:35:33.533Z","_id":"5e4e4aa2b8620637839d8d3c","author":{"_id":"5e4e4cf6b8620637839d8d3d","username":"1623246663@qq.com"},"title":"http状态码","category":"5e181e5aa1a77c95daa48b33","state":2,"__v":0},{"anonymous":false,"introduction":"第一次使用nuxt.js，记录一下常用的点，后期会持续改进。","imageUrl":"","visitor":0,"commentators":0,"shared":0,"star":1,"starList":["5e4e4cf6b8620637839d8d3d"],"createTime":"2020-02-19T14:39:44.360Z","updateTime":"2020-03-12T10:19:28.739Z","_id":"5e5ca8efb8620637839d8d40","author":{"_id":"5e4e4999b8620637839d8d3b","username":"rd_1985@163.com"},"title":"Nuxt.js初探","category":"5e181e2ca1a77c95daa48b32","state":2,"__v":0},{"anonymous":false,"introduction":"hooks","imageUrl":"","visitor":0,"commentators":0,"shared":0,"star":0,"starList":[],"createTime":"2020-02-19T14:39:44.360Z","updateTime":"2020-03-12T10:34:06.433Z","_id":"5e6a101eb8620637839d8d41","author":{"_id":"5e4e4cf6b8620637839d8d3d","username":"1623246663@qq.com"},"title":"react hooks的使用","category":"5e181e2ca1a77c95daa48b32","state":2,"__v":0},{"anonymous":false,"introduction":"好些年前做图片上传我都是用的form表单提交到后端，最近改用ajax提交图片，在这里做一下记录。包含在项目中使用的图片压缩。","imageUrl":"","visitor":0,"commentators":0,"shared":0,"star":0,"starList":[],"createTime":"2020-02-19T14:39:44.360Z","updateTime":"2020-04-01T10:32:21.808Z","_id":"5e846db5b8620637839d8d42","author":{"_id":"5e4e4999b8620637839d8d3b","username":"rd_1985@163.com"},"title":"web端图片上传","category":"5e181e2ca1a77c95daa48b32","state":2,"__v":0}],"total":4},"code":200}
***** response log end ******

[2020-04-04T23:09:50.831] [INFO] responseLog - 
***** response log start *****
request originalUrl: /api/artical/getList
request client ip: 127.0.0.1
request body
{"limit":5,"order":{"star":-1},"include":"author","includeword":{"username":1}}
response time: 94
response status: 200
response body: 
{"message":"成功","data":{"data":[{"anonymous":false,"introduction":"常见的http状态码大全","imageUrl":"","visitor":0,"commentators":0,"shared":0,"star":1,"starList":["5e4e4999b8620637839d8d3b"],"createTime":"2020-02-19T14:39:44.360Z","updateTime":"2020-02-20T09:35:33.533Z","_id":"5e4e4aa2b8620637839d8d3c","author":{"_id":"5e4e4cf6b8620637839d8d3d","username":"1623246663@qq.com"},"title":"http状态码","category":"5e181e5aa1a77c95daa48b33","state":2,"__v":0},{"anonymous":false,"introduction":"第一次使用nuxt.js，记录一下常用的点，后期会持续改进。","imageUrl":"","visitor":0,"commentators":0,"shared":0,"star":1,"starList":["5e4e4cf6b8620637839d8d3d"],"createTime":"2020-02-19T14:39:44.360Z","updateTime":"2020-03-12T10:19:28.739Z","_id":"5e5ca8efb8620637839d8d40","author":{"_id":"5e4e4999b8620637839d8d3b","username":"rd_1985@163.com"},"title":"Nuxt.js初探","category":"5e181e2ca1a77c95daa48b32","state":2,"__v":0},{"anonymous":false,"introduction":"hooks","imageUrl":"","visitor":0,"commentators":0,"shared":0,"star":0,"starList":[],"createTime":"2020-02-19T14:39:44.360Z","updateTime":"2020-03-12T10:34:06.433Z","_id":"5e6a101eb8620637839d8d41","author":{"_id":"5e4e4cf6b8620637839d8d3d","username":"1623246663@qq.com"},"title":"react hooks的使用","category":"5e181e2ca1a77c95daa48b32","state":2,"__v":0},{"anonymous":false,"introduction":"好些年前做图片上传我都是用的form表单提交到后端，最近改用ajax提交图片，在这里做一下记录。包含在项目中使用的图片压缩。","imageUrl":"","visitor":0,"commentators":0,"shared":0,"star":0,"starList":[],"createTime":"2020-02-19T14:39:44.360Z","updateTime":"2020-04-01T10:32:21.808Z","_id":"5e846db5b8620637839d8d42","author":{"_id":"5e4e4999b8620637839d8d3b","username":"rd_1985@163.com"},"title":"web端图片上传","category":"5e181e2ca1a77c95daa48b32","state":2,"__v":0}],"total":4},"code":200}
***** response log end ******

[2020-04-04T23:11:04.776] [INFO] responseLog - 
***** response log start *****
request originalUrl: /api/artical/getList
request client ip: 127.0.0.1
request body
{"where":{},"include":"author","includeword":{"username":1},"limit":10,"skip":0}
response time: 89
response status: 200
response body: 
{"message":"成功","data":{"data":[{"anonymous":false,"introduction":"常见的http状态码大全","imageUrl":"","visitor":0,"commentators":0,"shared":0,"star":1,"starList":["5e4e4999b8620637839d8d3b"],"createTime":"2020-02-19T14:39:44.360Z","updateTime":"2020-02-20T09:35:33.533Z","_id":"5e4e4aa2b8620637839d8d3c","author":{"_id":"5e4e4cf6b8620637839d8d3d","username":"1623246663@qq.com"},"title":"http状态码","category":"5e181e5aa1a77c95daa48b33","state":2,"__v":0},{"anonymous":false,"introduction":"第一次使用nuxt.js，记录一下常用的点，后期会持续改进。","imageUrl":"","visitor":0,"commentators":0,"shared":0,"star":1,"starList":["5e4e4cf6b8620637839d8d3d"],"createTime":"2020-02-19T14:39:44.360Z","updateTime":"2020-03-12T10:19:28.739Z","_id":"5e5ca8efb8620637839d8d40","author":{"_id":"5e4e4999b8620637839d8d3b","username":"rd_1985@163.com"},"title":"Nuxt.js初探","category":"5e181e2ca1a77c95daa48b32","state":2,"__v":0},{"anonymous":false,"introduction":"hooks","imageUrl":"","visitor":0,"commentators":0,"shared":0,"star":0,"starList":[],"createTime":"2020-02-19T14:39:44.360Z","updateTime":"2020-03-12T10:34:06.433Z","_id":"5e6a101eb8620637839d8d41","author":{"_id":"5e4e4cf6b8620637839d8d3d","username":"1623246663@qq.com"},"title":"react hooks的使用","category":"5e181e2ca1a77c95daa48b32","state":2,"__v":0},{"anonymous":false,"introduction":"好些年前做图片上传我都是用的form表单提交到后端，最近改用ajax提交图片，在这里做一下记录。包含在项目中使用的图片压缩。","imageUrl":"","visitor":0,"commentators":0,"shared":0,"star":0,"starList":[],"createTime":"2020-02-19T14:39:44.360Z","updateTime":"2020-04-01T10:32:21.808Z","_id":"5e846db5b8620637839d8d42","author":{"_id":"5e4e4999b8620637839d8d3b","username":"rd_1985@163.com"},"title":"web端图片上传","category":"5e181e2ca1a77c95daa48b32","state":2,"__v":0}],"total":4},"code":200}
***** response log end ******

[2020-04-04T23:11:04.796] [INFO] responseLog - 
***** response log start *****
request originalUrl: /api/artical/getList
request client ip: 127.0.0.1
request body
{"limit":5,"order":{"star":-1},"include":"author","includeword":{"username":1}}
response time: 88
response status: 200
response body: 
{"message":"成功","data":{"data":[{"anonymous":false,"introduction":"常见的http状态码大全","imageUrl":"","visitor":0,"commentators":0,"shared":0,"star":1,"starList":["5e4e4999b8620637839d8d3b"],"createTime":"2020-02-19T14:39:44.360Z","updateTime":"2020-02-20T09:35:33.533Z","_id":"5e4e4aa2b8620637839d8d3c","author":{"_id":"5e4e4cf6b8620637839d8d3d","username":"1623246663@qq.com"},"title":"http状态码","category":"5e181e5aa1a77c95daa48b33","state":2,"__v":0},{"anonymous":false,"introduction":"第一次使用nuxt.js，记录一下常用的点，后期会持续改进。","imageUrl":"","visitor":0,"commentators":0,"shared":0,"star":1,"starList":["5e4e4cf6b8620637839d8d3d"],"createTime":"2020-02-19T14:39:44.360Z","updateTime":"2020-03-12T10:19:28.739Z","_id":"5e5ca8efb8620637839d8d40","author":{"_id":"5e4e4999b8620637839d8d3b","username":"rd_1985@163.com"},"title":"Nuxt.js初探","category":"5e181e2ca1a77c95daa48b32","state":2,"__v":0},{"anonymous":false,"introduction":"hooks","imageUrl":"","visitor":0,"commentators":0,"shared":0,"star":0,"starList":[],"createTime":"2020-02-19T14:39:44.360Z","updateTime":"2020-03-12T10:34:06.433Z","_id":"5e6a101eb8620637839d8d41","author":{"_id":"5e4e4cf6b8620637839d8d3d","username":"1623246663@qq.com"},"title":"react hooks的使用","category":"5e181e2ca1a77c95daa48b32","state":2,"__v":0},{"anonymous":false,"introduction":"好些年前做图片上传我都是用的form表单提交到后端，最近改用ajax提交图片，在这里做一下记录。包含在项目中使用的图片压缩。","imageUrl":"","visitor":0,"commentators":0,"shared":0,"star":0,"starList":[],"createTime":"2020-02-19T14:39:44.360Z","updateTime":"2020-04-01T10:32:21.808Z","_id":"5e846db5b8620637839d8d42","author":{"_id":"5e4e4999b8620637839d8d3b","username":"rd_1985@163.com"},"title":"web端图片上传","category":"5e181e2ca1a77c95daa48b32","state":2,"__v":0}],"total":4},"code":200}
***** response log end ******

[2020-04-04T23:23:34.969] [INFO] responseLog - 
***** response log start *****
request originalUrl: /api/artical/getList
request client ip: 127.0.0.1
request body
{"where":{},"include":"author","includeword":{"username":1},"limit":10,"skip":0}
response time: 87
response status: 200
response body: 
{"message":"成功","data":{"data":[{"anonymous":false,"introduction":"常见的http状态码大全","imageUrl":"","visitor":0,"commentators":0,"shared":0,"star":1,"starList":["5e4e4999b8620637839d8d3b"],"createTime":"2020-02-19T14:39:44.360Z","updateTime":"2020-02-20T09:35:33.533Z","_id":"5e4e4aa2b8620637839d8d3c","author":{"_id":"5e4e4cf6b8620637839d8d3d","username":"1623246663@qq.com"},"title":"http状态码","category":"5e181e5aa1a77c95daa48b33","state":2,"__v":0},{"anonymous":false,"introduction":"第一次使用nuxt.js，记录一下常用的点，后期会持续改进。","imageUrl":"","visitor":0,"commentators":0,"shared":0,"star":1,"starList":["5e4e4cf6b8620637839d8d3d"],"createTime":"2020-02-19T14:39:44.360Z","updateTime":"2020-03-12T10:19:28.739Z","_id":"5e5ca8efb8620637839d8d40","author":{"_id":"5e4e4999b8620637839d8d3b","username":"rd_1985@163.com"},"title":"Nuxt.js初探","category":"5e181e2ca1a77c95daa48b32","state":2,"__v":0},{"anonymous":false,"introduction":"hooks","imageUrl":"","visitor":0,"commentators":0,"shared":0,"star":0,"starList":[],"createTime":"2020-02-19T14:39:44.360Z","updateTime":"2020-03-12T10:34:06.433Z","_id":"5e6a101eb8620637839d8d41","author":{"_id":"5e4e4cf6b8620637839d8d3d","username":"1623246663@qq.com"},"title":"react hooks的使用","category":"5e181e2ca1a77c95daa48b32","state":2,"__v":0},{"anonymous":false,"introduction":"好些年前做图片上传我都是用的form表单提交到后端，最近改用ajax提交图片，在这里做一下记录。包含在项目中使用的图片压缩。","imageUrl":"","visitor":0,"commentators":0,"shared":0,"star":0,"starList":[],"createTime":"2020-02-19T14:39:44.360Z","updateTime":"2020-04-01T10:32:21.808Z","_id":"5e846db5b8620637839d8d42","author":{"_id":"5e4e4999b8620637839d8d3b","username":"rd_1985@163.com"},"title":"web端图片上传","category":"5e181e2ca1a77c95daa48b32","state":2,"__v":0}],"total":4},"code":200}
***** response log end ******

[2020-04-04T23:23:34.974] [INFO] responseLog - 
***** response log start *****
request originalUrl: /api/artical/getList
request client ip: 127.0.0.1
request body
{"limit":5,"order":{"star":-1},"include":"author","includeword":{"username":1}}
response time: 90
response status: 200
response body: 
{"message":"成功","data":{"data":[{"anonymous":false,"introduction":"常见的http状态码大全","imageUrl":"","visitor":0,"commentators":0,"shared":0,"star":1,"starList":["5e4e4999b8620637839d8d3b"],"createTime":"2020-02-19T14:39:44.360Z","updateTime":"2020-02-20T09:35:33.533Z","_id":"5e4e4aa2b8620637839d8d3c","author":{"_id":"5e4e4cf6b8620637839d8d3d","username":"1623246663@qq.com"},"title":"http状态码","category":"5e181e5aa1a77c95daa48b33","state":2,"__v":0},{"anonymous":false,"introduction":"第一次使用nuxt.js，记录一下常用的点，后期会持续改进。","imageUrl":"","visitor":0,"commentators":0,"shared":0,"star":1,"starList":["5e4e4cf6b8620637839d8d3d"],"createTime":"2020-02-19T14:39:44.360Z","updateTime":"2020-03-12T10:19:28.739Z","_id":"5e5ca8efb8620637839d8d40","author":{"_id":"5e4e4999b8620637839d8d3b","username":"rd_1985@163.com"},"title":"Nuxt.js初探","category":"5e181e2ca1a77c95daa48b32","state":2,"__v":0},{"anonymous":false,"introduction":"hooks","imageUrl":"","visitor":0,"commentators":0,"shared":0,"star":0,"starList":[],"createTime":"2020-02-19T14:39:44.360Z","updateTime":"2020-03-12T10:34:06.433Z","_id":"5e6a101eb8620637839d8d41","author":{"_id":"5e4e4cf6b8620637839d8d3d","username":"1623246663@qq.com"},"title":"react hooks的使用","category":"5e181e2ca1a77c95daa48b32","state":2,"__v":0},{"anonymous":false,"introduction":"好些年前做图片上传我都是用的form表单提交到后端，最近改用ajax提交图片，在这里做一下记录。包含在项目中使用的图片压缩。","imageUrl":"","visitor":0,"commentators":0,"shared":0,"star":0,"starList":[],"createTime":"2020-02-19T14:39:44.360Z","updateTime":"2020-04-01T10:32:21.808Z","_id":"5e846db5b8620637839d8d42","author":{"_id":"5e4e4999b8620637839d8d3b","username":"rd_1985@163.com"},"title":"web端图片上传","category":"5e181e2ca1a77c95daa48b32","state":2,"__v":0}],"total":4},"code":200}
***** response log end ******

[2020-04-04T23:29:51.824] [INFO] responseLog - 
***** response log start *****
request originalUrl: /api/artical/getList
request client ip: 127.0.0.1
request body
{"where":{},"include":"author","includeword":{"username":1},"limit":10,"skip":0}
response time: 95
response status: 200
response body: 
{"message":"成功","data":{"data":[{"anonymous":false,"introduction":"常见的http状态码大全","imageUrl":"","visitor":0,"commentators":0,"shared":0,"star":1,"starList":["5e4e4999b8620637839d8d3b"],"createTime":"2020-02-19T14:39:44.360Z","updateTime":"2020-02-20T09:35:33.533Z","_id":"5e4e4aa2b8620637839d8d3c","author":{"_id":"5e4e4cf6b8620637839d8d3d","username":"1623246663@qq.com"},"title":"http状态码","category":"5e181e5aa1a77c95daa48b33","state":2,"__v":0},{"anonymous":false,"introduction":"第一次使用nuxt.js，记录一下常用的点，后期会持续改进。","imageUrl":"","visitor":0,"commentators":0,"shared":0,"star":1,"starList":["5e4e4cf6b8620637839d8d3d"],"createTime":"2020-02-19T14:39:44.360Z","updateTime":"2020-03-12T10:19:28.739Z","_id":"5e5ca8efb8620637839d8d40","author":{"_id":"5e4e4999b8620637839d8d3b","username":"rd_1985@163.com"},"title":"Nuxt.js初探","category":"5e181e2ca1a77c95daa48b32","state":2,"__v":0},{"anonymous":false,"introduction":"hooks","imageUrl":"","visitor":0,"commentators":0,"shared":0,"star":0,"starList":[],"createTime":"2020-02-19T14:39:44.360Z","updateTime":"2020-03-12T10:34:06.433Z","_id":"5e6a101eb8620637839d8d41","author":{"_id":"5e4e4cf6b8620637839d8d3d","username":"1623246663@qq.com"},"title":"react hooks的使用","category":"5e181e2ca1a77c95daa48b32","state":2,"__v":0},{"anonymous":false,"introduction":"好些年前做图片上传我都是用的form表单提交到后端，最近改用ajax提交图片，在这里做一下记录。包含在项目中使用的图片压缩。","imageUrl":"","visitor":0,"commentators":0,"shared":0,"star":0,"starList":[],"createTime":"2020-02-19T14:39:44.360Z","updateTime":"2020-04-01T10:32:21.808Z","_id":"5e846db5b8620637839d8d42","author":{"_id":"5e4e4999b8620637839d8d3b","username":"rd_1985@163.com"},"title":"web端图片上传","category":"5e181e2ca1a77c95daa48b32","state":2,"__v":0}],"total":4},"code":200}
***** response log end ******

[2020-04-04T23:29:51.827] [INFO] responseLog - 
***** response log start *****
request originalUrl: /api/artical/getList
request client ip: 127.0.0.1
request body
{"limit":5,"order":{"star":-1},"include":"author","includeword":{"username":1}}
response time: 95
response status: 200
response body: 
{"message":"成功","data":{"data":[{"anonymous":false,"introduction":"常见的http状态码大全","imageUrl":"","visitor":0,"commentators":0,"shared":0,"star":1,"starList":["5e4e4999b8620637839d8d3b"],"createTime":"2020-02-19T14:39:44.360Z","updateTime":"2020-02-20T09:35:33.533Z","_id":"5e4e4aa2b8620637839d8d3c","author":{"_id":"5e4e4cf6b8620637839d8d3d","username":"1623246663@qq.com"},"title":"http状态码","category":"5e181e5aa1a77c95daa48b33","state":2,"__v":0},{"anonymous":false,"introduction":"第一次使用nuxt.js，记录一下常用的点，后期会持续改进。","imageUrl":"","visitor":0,"commentators":0,"shared":0,"star":1,"starList":["5e4e4cf6b8620637839d8d3d"],"createTime":"2020-02-19T14:39:44.360Z","updateTime":"2020-03-12T10:19:28.739Z","_id":"5e5ca8efb8620637839d8d40","author":{"_id":"5e4e4999b8620637839d8d3b","username":"rd_1985@163.com"},"title":"Nuxt.js初探","category":"5e181e2ca1a77c95daa48b32","state":2,"__v":0},{"anonymous":false,"introduction":"hooks","imageUrl":"","visitor":0,"commentators":0,"shared":0,"star":0,"starList":[],"createTime":"2020-02-19T14:39:44.360Z","updateTime":"2020-03-12T10:34:06.433Z","_id":"5e6a101eb8620637839d8d41","author":{"_id":"5e4e4cf6b8620637839d8d3d","username":"1623246663@qq.com"},"title":"react hooks的使用","category":"5e181e2ca1a77c95daa48b32","state":2,"__v":0},{"anonymous":false,"introduction":"好些年前做图片上传我都是用的form表单提交到后端，最近改用ajax提交图片，在这里做一下记录。包含在项目中使用的图片压缩。","imageUrl":"","visitor":0,"commentators":0,"shared":0,"star":0,"starList":[],"createTime":"2020-02-19T14:39:44.360Z","updateTime":"2020-04-01T10:32:21.808Z","_id":"5e846db5b8620637839d8d42","author":{"_id":"5e4e4999b8620637839d8d3b","username":"rd_1985@163.com"},"title":"web端图片上传","category":"5e181e2ca1a77c95daa48b32","state":2,"__v":0}],"total":4},"code":200}
***** response log end ******

