[2020-03-15T22:55:37.219] [INFO] responseLog - 
***** response log start *****
request originalUrl: /api/getCategory
request client ip: 127.0.0.1
request query: {}
response time: 449
response status: 200
response body: 
{"message":"成功","data":[{"createTime":"2020-03-15T14:54:50.995Z","updateTime":"2020-03-15T14:54:50.995Z","_id":"5e181d8ea1a77c95daa48b31","name":"推荐","state":1},{"createTime":"2020-03-15T14:54:50.995Z","updateTime":"2020-03-15T14:54:50.995Z","_id":"5e181e2ca1a77c95daa48b32","name":"web前端","state":1},{"createTime":"2020-03-15T14:54:50.995Z","updateTime":"2020-03-15T14:54:50.995Z","_id":"5e181e5aa1a77c95daa48b33","name":"nodejs","state":1},{"createTime":"2020-03-15T14:54:50.995Z","updateTime":"2020-03-15T14:54:50.995Z","_id":"5e181e67a1a77c95daa48b34","name":"摄影","state":1},{"createTime":"2020-03-15T14:54:50.995Z","updateTime":"2020-03-15T14:54:50.995Z","_id":"5e181e6fa1a77c95daa48b35","name":"旅游","state":1},{"createTime":"2020-03-15T14:54:50.995Z","updateTime":"2020-03-15T14:54:50.995Z","_id":"5e181e77a1a77c95daa48b36","name":"电影","state":1},{"createTime":"2020-03-15T14:54:50.995Z","updateTime":"2020-03-15T14:54:50.995Z","_id":"5e181e80a1a77c95daa48b37","name":"娱乐","state":1},{"createTime":"2020-03-15T14:54:50.995Z","updateTime":"2020-03-15T14:54:50.995Z","_id":"5e6a0605fb773b711907175a","name":"踩坑指北","state":1}],"code":200}
***** response log end ******

[2020-03-15T22:55:37.322] [INFO] responseLog - 
***** response log start *****
request originalUrl: /api/artical/getList
request client ip: 127.0.0.1
request body
{"limit":5,"order":{"star":-1},"include":"author","includeword":{"username":1}}
response time: 565
response status: 200
response body: 
{"message":"成功","data":{"data":[{"anonymous":false,"introduction":"常见的http状态码大全","imageUrl":"","visitor":0,"commentators":0,"shared":0,"star":1,"starList":["5e4e4999b8620637839d8d3b"],"createTime":"2020-02-19T14:39:44.360Z","updateTime":"2020-02-20T09:35:33.533Z","_id":"5e4e4aa2b8620637839d8d3c","author":{"_id":"5e4e4cf6b8620637839d8d3d","username":"1623246663@qq.com"},"title":"http状态码","category":"5e181e5aa1a77c95daa48b33","state":2,"__v":0},{"anonymous":false,"introduction":"第一次使用nuxt.js，记录一下常用的点，后期会持续改进。","imageUrl":"","visitor":0,"commentators":0,"shared":0,"star":1,"starList":["5e4e4cf6b8620637839d8d3d"],"createTime":"2020-02-19T14:39:44.360Z","updateTime":"2020-03-12T10:19:28.739Z","_id":"5e5ca8efb8620637839d8d40","author":{"_id":"5e4e4999b8620637839d8d3b","username":"rd_1985@163.com"},"title":"Nuxt.js初探","category":"5e181e2ca1a77c95daa48b32","state":2,"__v":0},{"anonymous":false,"introduction":"hooks","imageUrl":"","visitor":0,"commentators":0,"shared":0,"star":0,"starList":[],"createTime":"2020-02-19T14:39:44.360Z","updateTime":"2020-03-12T10:34:06.433Z","_id":"5e6a101eb8620637839d8d41","author":{"_id":"5e4e4cf6b8620637839d8d3d","username":"1623246663@qq.com"},"title":"react hooks的使用","category":"5e181e2ca1a77c95daa48b32","state":2,"__v":0}],"total":3},"code":200}
***** response log end ******

[2020-03-15T22:55:37.325] [INFO] responseLog - 
***** response log start *****
request originalUrl: /api/artical/getList
request client ip: 127.0.0.1
request body
{"where":{},"include":"author","includeword":{"username":1},"limit":10,"skip":0}
response time: 639
response status: 200
response body: 
{"message":"成功","data":{"data":[{"anonymous":false,"introduction":"常见的http状态码大全","imageUrl":"","visitor":0,"commentators":0,"shared":0,"star":1,"starList":["5e4e4999b8620637839d8d3b"],"createTime":"2020-02-19T14:39:44.360Z","updateTime":"2020-02-20T09:35:33.533Z","_id":"5e4e4aa2b8620637839d8d3c","author":{"_id":"5e4e4cf6b8620637839d8d3d","username":"1623246663@qq.com"},"title":"http状态码","category":"5e181e5aa1a77c95daa48b33","state":2,"__v":0},{"anonymous":false,"introduction":"第一次使用nuxt.js，记录一下常用的点，后期会持续改进。","imageUrl":"","visitor":0,"commentators":0,"shared":0,"star":1,"starList":["5e4e4cf6b8620637839d8d3d"],"createTime":"2020-02-19T14:39:44.360Z","updateTime":"2020-03-12T10:19:28.739Z","_id":"5e5ca8efb8620637839d8d40","author":{"_id":"5e4e4999b8620637839d8d3b","username":"rd_1985@163.com"},"title":"Nuxt.js初探","category":"5e181e2ca1a77c95daa48b32","state":2,"__v":0},{"anonymous":false,"introduction":"hooks","imageUrl":"","visitor":0,"commentators":0,"shared":0,"star":0,"starList":[],"createTime":"2020-02-19T14:39:44.360Z","updateTime":"2020-03-12T10:34:06.433Z","_id":"5e6a101eb8620637839d8d41","author":{"_id":"5e4e4cf6b8620637839d8d3d","username":"1623246663@qq.com"},"title":"react hooks的使用","category":"5e181e2ca1a77c95daa48b32","state":2,"__v":0}],"total":3},"code":200}
***** response log end ******

[2020-03-15T22:55:48.121] [INFO] responseLog - 
***** response log start *****
request originalUrl: /api/artical/getList
request client ip: 127.0.0.1
request body
{"limit":5,"order":{"star":-1},"include":"author","includeword":{"username":1}}
response time: 322
response status: 200
response body: 
{"message":"成功","data":{"data":[{"anonymous":false,"introduction":"常见的http状态码大全","imageUrl":"","visitor":0,"commentators":0,"shared":0,"star":1,"starList":["5e4e4999b8620637839d8d3b"],"createTime":"2020-02-19T14:39:44.360Z","updateTime":"2020-02-20T09:35:33.533Z","_id":"5e4e4aa2b8620637839d8d3c","author":{"_id":"5e4e4cf6b8620637839d8d3d","username":"1623246663@qq.com"},"title":"http状态码","category":"5e181e5aa1a77c95daa48b33","state":2,"__v":0},{"anonymous":false,"introduction":"第一次使用nuxt.js，记录一下常用的点，后期会持续改进。","imageUrl":"","visitor":0,"commentators":0,"shared":0,"star":1,"starList":["5e4e4cf6b8620637839d8d3d"],"createTime":"2020-02-19T14:39:44.360Z","updateTime":"2020-03-12T10:19:28.739Z","_id":"5e5ca8efb8620637839d8d40","author":{"_id":"5e4e4999b8620637839d8d3b","username":"rd_1985@163.com"},"title":"Nuxt.js初探","category":"5e181e2ca1a77c95daa48b32","state":2,"__v":0},{"anonymous":false,"introduction":"hooks","imageUrl":"","visitor":0,"commentators":0,"shared":0,"star":0,"starList":[],"createTime":"2020-02-19T14:39:44.360Z","updateTime":"2020-03-12T10:34:06.433Z","_id":"5e6a101eb8620637839d8d41","author":{"_id":"5e4e4cf6b8620637839d8d3d","username":"1623246663@qq.com"},"title":"react hooks的使用","category":"5e181e2ca1a77c95daa48b32","state":2,"__v":0}],"total":3},"code":200}
***** response log end ******

[2020-03-15T22:55:48.123] [INFO] responseLog - 
***** response log start *****
request originalUrl: /api/artical/getList
request client ip: 127.0.0.1
request body
{"where":{},"include":"author","includeword":{"username":1},"limit":10,"skip":0}
response time: 327
response status: 200
response body: 
{"message":"成功","data":{"data":[{"anonymous":false,"introduction":"常见的http状态码大全","imageUrl":"","visitor":0,"commentators":0,"shared":0,"star":1,"starList":["5e4e4999b8620637839d8d3b"],"createTime":"2020-02-19T14:39:44.360Z","updateTime":"2020-02-20T09:35:33.533Z","_id":"5e4e4aa2b8620637839d8d3c","author":{"_id":"5e4e4cf6b8620637839d8d3d","username":"1623246663@qq.com"},"title":"http状态码","category":"5e181e5aa1a77c95daa48b33","state":2,"__v":0},{"anonymous":false,"introduction":"第一次使用nuxt.js，记录一下常用的点，后期会持续改进。","imageUrl":"","visitor":0,"commentators":0,"shared":0,"star":1,"starList":["5e4e4cf6b8620637839d8d3d"],"createTime":"2020-02-19T14:39:44.360Z","updateTime":"2020-03-12T10:19:28.739Z","_id":"5e5ca8efb8620637839d8d40","author":{"_id":"5e4e4999b8620637839d8d3b","username":"rd_1985@163.com"},"title":"Nuxt.js初探","category":"5e181e2ca1a77c95daa48b32","state":2,"__v":0},{"anonymous":false,"introduction":"hooks","imageUrl":"","visitor":0,"commentators":0,"shared":0,"star":0,"starList":[],"createTime":"2020-02-19T14:39:44.360Z","updateTime":"2020-03-12T10:34:06.433Z","_id":"5e6a101eb8620637839d8d41","author":{"_id":"5e4e4cf6b8620637839d8d3d","username":"1623246663@qq.com"},"title":"react hooks的使用","category":"5e181e2ca1a77c95daa48b32","state":2,"__v":0}],"total":3},"code":200}
***** response log end ******

