[2020-01-17T14:10:56.592] [INFO] responseLog - 
***** response log start *****
request originalUrl: /api/artical/getList
request client ip: 127.0.0.1
request body
{"category":"5e181d8ea1a77c95daa48b31"}
response time: 65
response status: undefined
response body: 
{"data":[{"category":"5e181d8ea1a77c95daa48b31","anonymous":false,"introduction":"wgweg","imageUrl":"http://10.105.24.172:9000/upload/5f5fc463d44c70320f4ac36375e96e77.png","visitor":0,"commentators":0,"shared":0,"star":[],"createTime":"2020-01-10T10:18:01.098Z","updateTime":"2020-01-10T10:19:45.676Z","_id":"5e184fc115a1112f21f5f48d","title":"rwrew","state":2,"__v":0}],"message":"成功","code":0}
***** response log end ******

[2020-01-17T14:11:02.953] [INFO] responseLog - 
***** response log start *****
request originalUrl: /api/user/signIn
request client ip: 127.0.0.1
request body
{}
response time: 6
response status: undefined
response body: 
{"code":0,"num":1}
***** response log end ******

[2020-01-17T14:11:05.983] [INFO] responseLog - 
***** response log start *****
request originalUrl: /api/user/signIn
request client ip: 127.0.0.1
request body
{}
response time: 5
response status: undefined
response body: 
{"code":0,"num":1}
***** response log end ******

[2020-01-17T14:11:08.763] [INFO] responseLog - 
***** response log start *****
request originalUrl: /api/user/signIn
request client ip: 127.0.0.1
request body
{}
response time: 1
response status: undefined
response body: 
{"code":0,"num":1}
***** response log end ******

[2020-01-17T14:12:59.961] [INFO] responseLog - 
***** response log start *****
request originalUrl: /api/user/signIn
request client ip: 127.0.0.1
request body
{}
response time: 31
response status: undefined
response body: 
{"code":0,"num":1}
***** response log end ******

[2020-01-17T14:13:02.327] [INFO] responseLog - 
***** response log start *****
request originalUrl: /api/user/signIn
request client ip: 127.0.0.1
request body
{}
response time: 2
response status: undefined
response body: 
{"code":0,"num":2}
***** response log end ******

[2020-01-17T14:13:04.564] [INFO] responseLog - 
***** response log start *****
request originalUrl: /api/user/signIn
request client ip: 127.0.0.1
request body
{}
response time: 3
response status: undefined
response body: 
{"code":0,"num":3}
***** response log end ******

[2020-01-17T14:19:20.606] [INFO] responseLog - 
***** response log start *****
request originalUrl: /api/artical/getList
request client ip: 127.0.0.1
request body
{"category":"5e181d8ea1a77c95daa48b31"}
response time: 74
response status: undefined
response body: 
{"data":[{"category":"5e181d8ea1a77c95daa48b31","anonymous":false,"introduction":"wgweg","imageUrl":"http://10.105.24.172:9000/upload/5f5fc463d44c70320f4ac36375e96e77.png","visitor":0,"commentators":0,"shared":0,"star":[],"createTime":"2020-01-10T10:18:01.098Z","updateTime":"2020-01-10T10:19:45.676Z","_id":"5e184fc115a1112f21f5f48d","title":"rwrew","state":2,"__v":0}],"message":"成功","code":0}
***** response log end ******

[2020-01-17T14:19:26.874] [INFO] responseLog - 
***** response log start *****
request originalUrl: /api/user/signIn
request client ip: 127.0.0.1
request body
{}
response time: 5
response status: undefined
response body: 
{"code":0,"num":1}
***** response log end ******

[2020-01-17T14:20:07.374] [INFO] responseLog - 
***** response log start *****
request originalUrl: /api/user/register
request client ip: 127.0.0.1
request body
{"username":"dw","password":"1","confirmPassword":"1"}
response time: 72
response status: undefined
response body: 
{"data":{"username":"dw"},"message":"成功","code":0}
***** response log end ******

[2020-01-17T14:32:26.168] [INFO] responseLog - 
***** response log start *****
request originalUrl: /api/artical/getList
request client ip: 127.0.0.1
request body
{"category":"5e181d8ea1a77c95daa48b31"}
response time: 73
response status: undefined
response body: 
{"data":[{"category":"5e181d8ea1a77c95daa48b31","anonymous":false,"introduction":"wgweg","imageUrl":"http://10.105.24.172:9000/upload/5f5fc463d44c70320f4ac36375e96e77.png","visitor":0,"commentators":0,"shared":0,"star":[],"createTime":"2020-01-10T10:18:01.098Z","updateTime":"2020-01-10T10:19:45.676Z","_id":"5e184fc115a1112f21f5f48d","title":"rwrew","state":2,"__v":0}],"message":"成功","code":0}
***** response log end ******

[2020-01-17T14:32:32.022] [INFO] responseLog - 
***** response log start *****
request originalUrl: /api/user/signIn
request client ip: 127.0.0.1
request body
{}
response time: 32
response status: undefined
response body: 
{"code":-1,"name":"CustomError"}
***** response log end ******

[2020-01-17T14:32:55.760] [INFO] responseLog - 
***** response log start *****
request originalUrl: /api/user/register
request client ip: 127.0.0.1
request body
{"username":"z","password":"123","confirmPassword":"123"}
response time: 123
response status: undefined
response body: 
{"data":{"username":"z"},"message":"成功","code":0}
***** response log end ******

[2020-01-17T14:41:34.946] [INFO] responseLog - 
***** response log start *****
request originalUrl: /api/artical/getList
request client ip: 127.0.0.1
request body
{"category":"5e181d8ea1a77c95daa48b31"}
response time: 70
response status: undefined
response body: 
{"data":[{"category":"5e181d8ea1a77c95daa48b31","anonymous":false,"introduction":"wgweg","imageUrl":"http://10.105.24.172:9000/upload/5f5fc463d44c70320f4ac36375e96e77.png","visitor":0,"commentators":0,"shared":0,"star":[],"createTime":"2020-01-10T10:18:01.098Z","updateTime":"2020-01-10T10:19:45.676Z","_id":"5e184fc115a1112f21f5f48d","title":"rwrew","state":2,"__v":0}],"message":"成功","code":0}
***** response log end ******

[2020-01-17T14:41:40.122] [INFO] responseLog - 
***** response log start *****
request originalUrl: /api/user/signIn
request client ip: 127.0.0.1
request body
{}
response time: 29
response status: undefined
response body: 
{"code":-1,"name":"CustomError"}
***** response log end ******

[2020-01-17T14:41:54.516] [INFO] responseLog - 
***** response log start *****
request originalUrl: /api/user/signIn
request client ip: 127.0.0.1
request body
{}
response time: 26
response status: undefined
response body: 
{"code":-1,"name":"CustomError"}
***** response log end ******

[2020-01-17T15:33:22.005] [INFO] responseLog - 
***** response log start *****
request originalUrl: /api/artical/getList
request client ip: 127.0.0.1
request body
{"category":"5e181d8ea1a77c95daa48b31"}
response time: 66
response status: undefined
response body: 
{"data":[{"category":"5e181d8ea1a77c95daa48b31","anonymous":false,"introduction":"wgweg","imageUrl":"http://10.105.24.172:9000/upload/5f5fc463d44c70320f4ac36375e96e77.png","visitor":0,"commentators":0,"shared":0,"star":[],"createTime":"2020-01-10T10:18:01.098Z","updateTime":"2020-01-10T10:19:45.676Z","_id":"5e184fc115a1112f21f5f48d","title":"rwrew","state":2,"__v":0}],"message":"成功","code":0}
***** response log end ******

[2020-01-17T15:33:26.721] [INFO] responseLog - 
***** response log start *****
request originalUrl: /api/user/signIn
request client ip: 127.0.0.1
request body
{}
response time: 26
response status: undefined
response body: 
{"code":-1,"name":"CustomError"}
***** response log end ******

[2020-01-17T16:46:09.263] [INFO] responseLog - 
***** response log start *****
request originalUrl: /api/artical/getList
request client ip: 127.0.0.1
request body
{"category":"5e181d8ea1a77c95daa48b31"}
response time: 68
response status: undefined
response body: 
{"data":[{"category":"5e181d8ea1a77c95daa48b31","anonymous":false,"introduction":"wgweg","imageUrl":"http://10.105.24.172:9000/upload/5f5fc463d44c70320f4ac36375e96e77.png","visitor":0,"commentators":0,"shared":0,"star":[],"createTime":"2020-01-10T10:18:01.098Z","updateTime":"2020-01-10T10:19:45.676Z","_id":"5e184fc115a1112f21f5f48d","title":"rwrew","state":2,"__v":0}],"message":"成功","code":0}
***** response log end ******

[2020-01-17T16:48:20.912] [INFO] responseLog - 
***** response log start *****
request originalUrl: /api/artical/getList
request client ip: 127.0.0.1
request body
{"category":"5e181d8ea1a77c95daa48b31"}
response time: 29
response status: undefined
response body: 
{"data":[{"category":"5e181d8ea1a77c95daa48b31","anonymous":false,"introduction":"wgweg","imageUrl":"http://10.105.24.172:9000/upload/5f5fc463d44c70320f4ac36375e96e77.png","visitor":0,"commentators":0,"shared":0,"star":[],"createTime":"2020-01-10T10:18:01.098Z","updateTime":"2020-01-10T10:19:45.676Z","_id":"5e184fc115a1112f21f5f48d","title":"rwrew","state":2,"__v":0}],"message":"成功","code":0}
***** response log end ******

[2020-01-17T16:48:54.027] [INFO] responseLog - 
***** response log start *****
request originalUrl: /api/artical/getList
request client ip: 127.0.0.1
request body
{"category":"5e181d8ea1a77c95daa48b31"}
response time: 29
response status: undefined
response body: 
{"data":[{"category":"5e181d8ea1a77c95daa48b31","anonymous":false,"introduction":"wgweg","imageUrl":"http://10.105.24.172:9000/upload/5f5fc463d44c70320f4ac36375e96e77.png","visitor":0,"commentators":0,"shared":0,"star":[],"createTime":"2020-01-10T10:18:01.098Z","updateTime":"2020-01-10T10:19:45.676Z","_id":"5e184fc115a1112f21f5f48d","title":"rwrew","state":2,"__v":0}],"message":"成功","code":0}
***** response log end ******

[2020-01-17T16:49:56.559] [INFO] responseLog - 
***** response log start *****
request originalUrl: /api/artical/getList
request client ip: 127.0.0.1
request body
{"category":"5e181d8ea1a77c95daa48b31"}
response time: 76
response status: undefined
response body: 
{"data":[{"category":"5e181d8ea1a77c95daa48b31","anonymous":false,"introduction":"wgweg","imageUrl":"http://10.105.24.172:9000/upload/5f5fc463d44c70320f4ac36375e96e77.png","visitor":0,"commentators":0,"shared":0,"star":[],"createTime":"2020-01-10T10:18:01.098Z","updateTime":"2020-01-10T10:19:45.676Z","_id":"5e184fc115a1112f21f5f48d","title":"rwrew","state":2,"__v":0}],"message":"成功","code":0}
***** response log end ******

[2020-01-17T16:51:48.892] [INFO] responseLog - 
***** response log start *****
request originalUrl: /api/artical/getList
request client ip: 127.0.0.1
request body
{"category":"5e181d8ea1a77c95daa48b31"}
response time: 89
response status: undefined
response body: 
{"data":[{"category":"5e181d8ea1a77c95daa48b31","anonymous":false,"introduction":"wgweg","imageUrl":"http://10.105.24.172:9000/upload/5f5fc463d44c70320f4ac36375e96e77.png","visitor":0,"commentators":0,"shared":0,"star":[],"createTime":"2020-01-10T10:18:01.098Z","updateTime":"2020-01-10T10:19:45.676Z","_id":"5e184fc115a1112f21f5f48d","title":"rwrew","state":2,"__v":0}],"message":"成功","code":0}
***** response log end ******

[2020-01-17T16:52:19.417] [INFO] responseLog - 
***** response log start *****
request originalUrl: /api/artical/getList
request client ip: 127.0.0.1
request body
{"category":"5e181d8ea1a77c95daa48b31"}
response time: 76
response status: undefined
response body: 
{"data":[{"category":"5e181d8ea1a77c95daa48b31","anonymous":false,"introduction":"wgweg","imageUrl":"http://10.105.24.172:9000/upload/5f5fc463d44c70320f4ac36375e96e77.png","visitor":0,"commentators":0,"shared":0,"star":[],"createTime":"2020-01-10T10:18:01.098Z","updateTime":"2020-01-10T10:19:45.676Z","_id":"5e184fc115a1112f21f5f48d","title":"rwrew","state":2,"__v":0}],"message":"成功","code":0}
***** response log end ******

[2020-01-17T16:54:49.564] [INFO] responseLog - 
***** response log start *****
request originalUrl: /api/artical/getList
request client ip: 127.0.0.1
request body
{"category":"5e181d8ea1a77c95daa48b31"}
response time: 101
response status: 200
response body: 
{"data":[{"category":"5e181d8ea1a77c95daa48b31","anonymous":false,"introduction":"wgweg","imageUrl":"http://10.105.24.172:9000/upload/5f5fc463d44c70320f4ac36375e96e77.png","visitor":0,"commentators":0,"shared":0,"star":[],"createTime":"2020-01-10T10:18:01.098Z","updateTime":"2020-01-10T10:19:45.676Z","_id":"5e184fc115a1112f21f5f48d","title":"rwrew","state":2,"__v":0}],"message":"成功","code":0}
***** response log end ******

[2020-01-17T16:58:45.023] [INFO] responseLog - 
***** response log start *****
request originalUrl: /api/artical/getList
request client ip: 127.0.0.1
request body
{"category":"5e181d8ea1a77c95daa48b31"}
response time: 77
response status: 200
response body: 
{"data":[{"category":"5e181d8ea1a77c95daa48b31","anonymous":false,"introduction":"wgweg","imageUrl":"http://10.105.24.172:9000/upload/5f5fc463d44c70320f4ac36375e96e77.png","visitor":0,"commentators":0,"shared":0,"star":[],"createTime":"2020-01-10T10:18:01.098Z","updateTime":"2020-01-10T10:19:45.676Z","_id":"5e184fc115a1112f21f5f48d","title":"rwrew","state":2,"__v":0}],"message":"成功","code":0}
***** response log end ******

[2020-01-17T17:03:45.170] [INFO] responseLog - 
***** response log start *****
request originalUrl: /api/artical/getList
request client ip: 127.0.0.1
request body
{"category":"5e181d8ea1a77c95daa48b31"}
response time: 94
response status: 200
response body: 
{"data":[{"category":"5e181d8ea1a77c95daa48b31","anonymous":false,"introduction":"wgweg","imageUrl":"http://10.105.24.172:9000/upload/5f5fc463d44c70320f4ac36375e96e77.png","visitor":0,"commentators":0,"shared":0,"star":[],"createTime":"2020-01-10T10:18:01.098Z","updateTime":"2020-01-10T10:19:45.676Z","_id":"5e184fc115a1112f21f5f48d","title":"rwrew","state":2,"__v":0}],"message":"成功","code":0}
***** response log end ******

[2020-01-17T17:42:27.520] [INFO] responseLog - 
***** response log start *****
request originalUrl: /api/artical/getList
request client ip: 127.0.0.1
request body
{"category":"5e181d8ea1a77c95daa48b31"}
response time: 85
response status: 204
response body: 
undefined
***** response log end ******

[2020-01-17T17:48:54.397] [INFO] responseLog - 
***** response log start *****
request originalUrl: /api/artical/getList
request client ip: 127.0.0.1
request body
{"category":"5e181d8ea1a77c95daa48b31"}
response time: 51
response status: 204
response body: 
undefined
***** response log end ******

[2020-01-17T17:49:39.869] [INFO] responseLog - 
***** response log start *****
request originalUrl: /api/artical/getList
request client ip: 127.0.0.1
request body
{"category":"5e181d8ea1a77c95daa48b31"}
response time: 76
response status: 200
response body: 
{"message":"成功","data":[{"category":"5e181d8ea1a77c95daa48b31","anonymous":false,"introduction":"wgweg","imageUrl":"http://10.105.24.172:9000/upload/5f5fc463d44c70320f4ac36375e96e77.png","visitor":0,"commentators":0,"shared":0,"star":[],"createTime":"2020-01-10T10:18:01.098Z","updateTime":"2020-01-10T10:19:45.676Z","_id":"5e184fc115a1112f21f5f48d","title":"rwrew","state":2,"__v":0}],"code":0}
***** response log end ******

[2020-01-17T17:54:39.420] [INFO] responseLog - 
***** response log start *****
request originalUrl: /api/artical/getList
request client ip: 127.0.0.1
request body
{"category":"5e181d8ea1a77c95daa48b31"}
response time: 47
response status: 200
response body: 
{"message":"成功","data":[{"category":"5e181d8ea1a77c95daa48b31","anonymous":false,"introduction":"wgweg","imageUrl":"http://10.105.24.172:9000/upload/5f5fc463d44c70320f4ac36375e96e77.png","visitor":0,"commentators":0,"shared":0,"star":[],"createTime":"2020-01-10T10:18:01.098Z","updateTime":"2020-01-10T10:19:45.676Z","_id":"5e184fc115a1112f21f5f48d","title":"rwrew","state":2,"__v":0}],"code":0}
***** response log end ******

[2020-01-17T18:11:03.678] [INFO] responseLog - 
***** response log start *****
request originalUrl: /api/artical/getList
request client ip: 127.0.0.1
request body
{"category":"5e181d8ea1a77c95daa48b31"}
response time: 70
response status: 200
response body: 
{"message":"成功","data":[{"category":"5e181d8ea1a77c95daa48b31","anonymous":false,"introduction":"wgweg","imageUrl":"http://10.105.24.172:9000/upload/5f5fc463d44c70320f4ac36375e96e77.png","visitor":0,"commentators":0,"shared":0,"star":[],"createTime":"2020-01-10T10:18:01.098Z","updateTime":"2020-01-10T10:19:45.676Z","_id":"5e184fc115a1112f21f5f48d","title":"rwrew","state":2,"__v":0}],"code":200}
***** response log end ******

[2020-01-17T18:19:01.215] [INFO] responseLog - 
***** response log start *****
request originalUrl: /api/artical/getList
request client ip: 127.0.0.1
request body
{"category":"5e181d8ea1a77c95daa48b31"}
response time: 63
response status: 200
response body: 
{"message":"成功","data":[{"category":"5e181d8ea1a77c95daa48b31","anonymous":false,"introduction":"wgweg","imageUrl":"http://10.105.24.172:9000/upload/5f5fc463d44c70320f4ac36375e96e77.png","visitor":0,"commentators":0,"shared":0,"star":[],"createTime":"2020-01-10T10:18:01.098Z","updateTime":"2020-01-10T10:19:45.676Z","_id":"5e184fc115a1112f21f5f48d","title":"rwrew","state":2,"__v":0}],"code":200}
***** response log end ******

