[2020-01-14T14:15:01.490] [INFO] responseLog - 
***** response log start *****
request originalUrl: /api/artical/getList
request client ip: 127.0.0.1
request body
{"category":"5e181d8ea1a77c95daa48b31"}
response time: 91
response status: undefined
response body: 
{"data":[{"category":"5e181d8ea1a77c95daa48b31","anonymous":false,"introduction":"wgweg","imageUrl":"http://10.105.24.172:9000/upload/5f5fc463d44c70320f4ac36375e96e77.png","visitor":0,"commentators":0,"shared":0,"star":[],"createTime":"2020-01-10T10:18:01.098Z","updateTime":"2020-01-10T10:19:45.676Z","_id":"5e184fc115a1112f21f5f48d","title":"rwrew","content":"fawgweg","state":2,"__v":0}],"message":"成功","code":0}
***** response log end ******

[2020-01-14T14:15:14.231] [INFO] responseLog - 
***** response log start *****
request originalUrl: /api/artical/getList
request client ip: 127.0.0.1
request body
{"category":"5e181e2ca1a77c95daa48b32"}
response time: 129
response status: undefined
response body: 
{"data":[],"message":"成功","code":0}
***** response log end ******

[2020-01-14T14:15:15.672] [INFO] responseLog - 
***** response log start *****
request originalUrl: /api/artical/getList
request client ip: 127.0.0.1
request body
{"category":"5e181e5aa1a77c95daa48b33"}
response time: 25
response status: undefined
response body: 
{"data":[],"message":"成功","code":0}
***** response log end ******

[2020-01-14T14:15:16.798] [INFO] responseLog - 
***** response log start *****
request originalUrl: /api/artical/getList
request client ip: 127.0.0.1
request body
{"category":"5e181d8ea1a77c95daa48b31"}
response time: 35
response status: undefined
response body: 
{"data":[{"category":"5e181d8ea1a77c95daa48b31","anonymous":false,"introduction":"wgweg","imageUrl":"http://10.105.24.172:9000/upload/5f5fc463d44c70320f4ac36375e96e77.png","visitor":0,"commentators":0,"shared":0,"star":[],"createTime":"2020-01-10T10:18:01.098Z","updateTime":"2020-01-10T10:19:45.676Z","_id":"5e184fc115a1112f21f5f48d","title":"rwrew","content":"fawgweg","state":2,"__v":0}],"message":"成功","code":0}
***** response log end ******

[2020-01-14T15:39:10.647] [INFO] responseLog - 
***** response log start *****
request originalUrl: /api/artical/getList
request client ip: 127.0.0.1
request body
{"category":"5e181d8ea1a77c95daa48b31"}
response time: 74
response status: undefined
response body: 
{"data":[{"category":"5e181d8ea1a77c95daa48b31","anonymous":false,"introduction":"wgweg","imageUrl":"http://10.105.24.172:9000/upload/5f5fc463d44c70320f4ac36375e96e77.png","visitor":0,"commentators":0,"shared":0,"star":[],"createTime":"2020-01-10T10:18:01.098Z","updateTime":"2020-01-10T10:19:45.676Z","_id":"5e184fc115a1112f21f5f48d","title":"rwrew","content":"fawgweg","state":2,"__v":0}],"message":"成功","code":0}
***** response log end ******

[2020-01-14T15:39:53.977] [INFO] responseLog - 
***** response log start *****
request originalUrl: /api/artical/getList
request client ip: 127.0.0.1
request body
{"category":"5e181d8ea1a77c95daa48b31"}
response time: 66
response status: undefined
response body: 
{"data":[{"_id":"5e184fc115a1112f21f5f48d","content":"fawgweg"}],"message":"成功","code":0}
***** response log end ******

[2020-01-14T15:41:17.144] [INFO] responseLog - 
***** response log start *****
request originalUrl: /api/artical/getList
request client ip: 127.0.0.1
request body
{"category":"5e181d8ea1a77c95daa48b31"}
response time: 70
response status: undefined
response body: 
{"data":[{"category":"5e181d8ea1a77c95daa48b31","anonymous":false,"introduction":"wgweg","imageUrl":"http://10.105.24.172:9000/upload/5f5fc463d44c70320f4ac36375e96e77.png","visitor":0,"commentators":0,"shared":0,"star":[],"createTime":"2020-01-10T10:18:01.098Z","updateTime":"2020-01-10T10:19:45.676Z","_id":"5e184fc115a1112f21f5f48d","title":"rwrew","state":2,"__v":0}],"message":"成功","code":0}
***** response log end ******

[2020-01-14T15:42:04.114] [INFO] responseLog - 
***** response log start *****
request originalUrl: /api/artical/getList
request client ip: 127.0.0.1
request body
{"category":"5e181d8ea1a77c95daa48b31"}
response time: 88
response status: undefined
response body: 
{"data":[{"category":"5e181d8ea1a77c95daa48b31","anonymous":false,"introduction":"wgweg","imageUrl":"http://10.105.24.172:9000/upload/5f5fc463d44c70320f4ac36375e96e77.png","visitor":0,"commentators":0,"shared":0,"star":[],"createTime":"2020-01-10T10:18:01.098Z","updateTime":"2020-01-10T10:19:45.676Z","_id":"5e184fc115a1112f21f5f48d","title":"rwrew","content":"fawgweg","state":2,"__v":0}],"message":"成功","code":0}
***** response log end ******

[2020-01-14T15:42:16.365] [INFO] responseLog - 
***** response log start *****
request originalUrl: /api/artical/getList
request client ip: 127.0.0.1
request body
{"category":"5e181d8ea1a77c95daa48b31"}
response time: 70
response status: undefined
response body: 
{"data":[{"category":"5e181d8ea1a77c95daa48b31","anonymous":false,"introduction":"wgweg","imageUrl":"http://10.105.24.172:9000/upload/5f5fc463d44c70320f4ac36375e96e77.png","visitor":0,"commentators":0,"shared":0,"star":[],"createTime":"2020-01-10T10:18:01.098Z","updateTime":"2020-01-10T10:19:45.676Z","_id":"5e184fc115a1112f21f5f48d","title":"rwrew","state":2,"__v":0}],"message":"成功","code":0}
***** response log end ******

[2020-01-14T15:45:00.589] [INFO] responseLog - 
***** response log start *****
request originalUrl: /api/artical/getList
request client ip: 127.0.0.1
request body
{"category":"5e181d8ea1a77c95daa48b31"}
response time: 69
response status: undefined
response body: 
{"data":[{"category":"5e181d8ea1a77c95daa48b31","anonymous":false,"introduction":"wgweg","imageUrl":"http://10.105.24.172:9000/upload/5f5fc463d44c70320f4ac36375e96e77.png","visitor":0,"commentators":0,"shared":0,"star":[],"createTime":"2020-01-10T10:18:01.098Z","updateTime":"2020-01-10T10:19:45.676Z","_id":"5e184fc115a1112f21f5f48d","title":"rwrew","state":2,"__v":0}],"message":"成功","code":0}
***** response log end ******

[2020-01-14T15:46:26.640] [INFO] responseLog - 
***** response log start *****
request originalUrl: /api/artical/getList
request client ip: 127.0.0.1
request body
{"category":"5e181d8ea1a77c95daa48b31"}
response time: 53
response status: undefined
response body: 
{"data":[{"category":"5e181d8ea1a77c95daa48b31","anonymous":false,"introduction":"wgweg","imageUrl":"http://10.105.24.172:9000/upload/5f5fc463d44c70320f4ac36375e96e77.png","visitor":0,"commentators":0,"shared":0,"star":[],"createTime":"2020-01-10T10:18:01.098Z","updateTime":"2020-01-10T10:19:45.676Z","_id":"5e184fc115a1112f21f5f48d","title":"rwrew","state":2,"__v":0}],"message":"成功","code":0}
***** response log end ******

[2020-01-14T15:46:59.928] [INFO] responseLog - 
***** response log start *****
request originalUrl: /api/artical/getList
request client ip: 127.0.0.1
request body
{"category":"5e181d8ea1a77c95daa48b31"}
response time: 26
response status: undefined
response body: 
{"data":[{"category":"5e181d8ea1a77c95daa48b31","anonymous":false,"introduction":"wgweg","imageUrl":"http://10.105.24.172:9000/upload/5f5fc463d44c70320f4ac36375e96e77.png","visitor":0,"commentators":0,"shared":0,"star":[],"createTime":"2020-01-10T10:18:01.098Z","updateTime":"2020-01-10T10:19:45.676Z","_id":"5e184fc115a1112f21f5f48d","title":"rwrew","state":2,"__v":0}],"message":"成功","code":0}
***** response log end ******

[2020-01-14T15:53:21.837] [INFO] responseLog - 
***** response log start *****
request originalUrl: /api/artical/getList
request client ip: 127.0.0.1
request body
{"category":"5e181d8ea1a77c95daa48b31"}
response time: 93
response status: undefined
response body: 
{"data":[{"category":"5e181d8ea1a77c95daa48b31","anonymous":false,"introduction":"wgweg","imageUrl":"http://10.105.24.172:9000/upload/5f5fc463d44c70320f4ac36375e96e77.png","visitor":0,"commentators":0,"shared":0,"star":[],"createTime":"2020-01-10T10:18:01.098Z","updateTime":"2020-01-10T10:19:45.676Z","_id":"5e184fc115a1112f21f5f48d","title":"rwrew","state":2,"__v":0}],"message":"成功","code":0}
***** response log end ******

[2020-01-14T15:53:25.832] [INFO] responseLog - 
***** response log start *****
request originalUrl: /api/artical/getList
request client ip: 127.0.0.1
request body
{"category":"5e181d8ea1a77c95daa48b31"}
response time: 62
response status: undefined
response body: 
{"data":[{"category":"5e181d8ea1a77c95daa48b31","anonymous":false,"introduction":"wgweg","imageUrl":"http://10.105.24.172:9000/upload/5f5fc463d44c70320f4ac36375e96e77.png","visitor":0,"commentators":0,"shared":0,"star":[],"createTime":"2020-01-10T10:18:01.098Z","updateTime":"2020-01-10T10:19:45.676Z","_id":"5e184fc115a1112f21f5f48d","title":"rwrew","state":2,"__v":0}],"message":"成功","code":0}
***** response log end ******

[2020-01-14T15:54:01.747] [INFO] responseLog - 
***** response log start *****
request originalUrl: /api/artical/getDetail?_id=5e184fc115a1112f21f5f48d
request client ip: 127.0.0.1
request query: {"_id":"5e184fc115a1112f21f5f48d"}
response time: 1
response status: undefined
response body: 
undefined
***** response log end ******

[2020-01-14T15:55:58.664] [INFO] responseLog - 
***** response log start *****
request originalUrl: /api/artical/getDetail?id=5e184fc115a1112f21f5f48d
request client ip: 127.0.0.1
request query: {"id":"5e184fc115a1112f21f5f48d"}
response time: 1
response status: undefined
response body: 
"5e184fc115a1112f21f5f48d"
***** response log end ******

[2020-01-14T16:01:09.585] [INFO] responseLog - 
***** response log start *****
request originalUrl: /api/artical/getDetail?id=5e184fc115a1112f21f5f48d
request client ip: 127.0.0.1
request query: {"id":"5e184fc115a1112f21f5f48d"}
response time: 63
response status: undefined
response body: 
{"data":{"category":"5e181d8ea1a77c95daa48b31","anonymous":false,"introduction":"wgweg","imageUrl":"http://10.105.24.172:9000/upload/5f5fc463d44c70320f4ac36375e96e77.png","visitor":0,"commentators":0,"shared":0,"star":[],"createTime":"2020-01-10T10:18:01.098Z","updateTime":"2020-01-10T10:19:45.676Z","_id":"5e184fc115a1112f21f5f48d","title":"rwrew","content":"fawgweg","state":2,"__v":0},"message":"成功","code":0}
***** response log end ******

[2020-01-14T16:03:21.451] [INFO] responseLog - 
***** response log start *****
request originalUrl: /api/artical/getDetail?id=5e184fc115a1112f21f5f48d
request client ip: 127.0.0.1
request query: {"id":"5e184fc115a1112f21f5f48d"}
response time: 26
response status: undefined
response body: 
{"data":{"category":"5e181d8ea1a77c95daa48b31","anonymous":false,"introduction":"wgweg","imageUrl":"http://10.105.24.172:9000/upload/5f5fc463d44c70320f4ac36375e96e77.png","visitor":0,"commentators":0,"shared":0,"star":[],"createTime":"2020-01-10T10:18:01.098Z","updateTime":"2020-01-10T10:19:45.676Z","_id":"5e184fc115a1112f21f5f48d","title":"rwrew","content":"fawgweg","state":2,"__v":0},"message":"成功","code":0}
***** response log end ******

[2020-01-14T16:05:18.009] [INFO] responseLog - 
***** response log start *****
request originalUrl: /api/artical/getDetail?id=5e184fc115a1112f21f5f48d
request client ip: 127.0.0.1
request query: {"id":"5e184fc115a1112f21f5f48d"}
response time: 23
response status: undefined
response body: 
{"data":{"category":"5e181d8ea1a77c95daa48b31","anonymous":false,"introduction":"wgweg","imageUrl":"http://10.105.24.172:9000/upload/5f5fc463d44c70320f4ac36375e96e77.png","visitor":0,"commentators":0,"shared":0,"star":[],"createTime":"2020-01-10T10:18:01.098Z","updateTime":"2020-01-10T10:19:45.676Z","_id":"5e184fc115a1112f21f5f48d","title":"rwrew","content":"fawgweg","state":2,"__v":0},"message":"成功","code":0}
***** response log end ******

[2020-01-14T16:09:45.219] [INFO] responseLog - 
***** response log start *****
request originalUrl: /api/artical/getDetail?id=5e184fc115a1112f21f5f48d
request client ip: 127.0.0.1
request query: {"id":"5e184fc115a1112f21f5f48d"}
response time: 299
response status: undefined
response body: 
{"data":{"category":"5e181d8ea1a77c95daa48b31","anonymous":false,"introduction":"wgweg","imageUrl":"http://10.105.24.172:9000/upload/5f5fc463d44c70320f4ac36375e96e77.png","visitor":0,"commentators":0,"shared":0,"star":[],"createTime":"2020-01-10T10:18:01.098Z","updateTime":"2020-01-10T10:19:45.676Z","_id":"5e184fc115a1112f21f5f48d","title":"rwrew","content":"fawgweg","state":2,"__v":0},"message":"成功","code":0}
***** response log end ******

[2020-01-14T16:12:34.212] [INFO] responseLog - 
***** response log start *****
request originalUrl: /api/artical/getList
request client ip: 127.0.0.1
request body
{"category":"5e181d8ea1a77c95daa48b31"}
response time: 56
response status: undefined
response body: 
{"data":[{"category":"5e181d8ea1a77c95daa48b31","anonymous":false,"introduction":"wgweg","imageUrl":"http://10.105.24.172:9000/upload/5f5fc463d44c70320f4ac36375e96e77.png","visitor":0,"commentators":0,"shared":0,"star":[],"createTime":"2020-01-10T10:18:01.098Z","updateTime":"2020-01-10T10:19:45.676Z","_id":"5e184fc115a1112f21f5f48d","title":"rwrew","state":2,"__v":0}],"message":"成功","code":0}
***** response log end ******

[2020-01-14T16:12:35.594] [INFO] responseLog - 
***** response log start *****
request originalUrl: /api/artical/getDetail?id=5e184fc115a1112f21f5f48d
request client ip: 127.0.0.1
request query: {"id":"5e184fc115a1112f21f5f48d"}
response time: 22
response status: undefined
response body: 
{"data":{"category":"5e181d8ea1a77c95daa48b31","anonymous":false,"introduction":"wgweg","imageUrl":"http://10.105.24.172:9000/upload/5f5fc463d44c70320f4ac36375e96e77.png","visitor":0,"commentators":0,"shared":0,"star":[],"createTime":"2020-01-10T10:18:01.098Z","updateTime":"2020-01-10T10:19:45.676Z","_id":"5e184fc115a1112f21f5f48d","title":"rwrew","content":"fawgweg","state":2,"__v":0},"message":"成功","code":0}
***** response log end ******

[2020-01-14T16:12:39.822] [INFO] responseLog - 
***** response log start *****
request originalUrl: /api/artical/getList
request client ip: 127.0.0.1
request body
{"category":"5e181d8ea1a77c95daa48b31"}
response time: 25
response status: undefined
response body: 
{"data":[{"category":"5e181d8ea1a77c95daa48b31","anonymous":false,"introduction":"wgweg","imageUrl":"http://10.105.24.172:9000/upload/5f5fc463d44c70320f4ac36375e96e77.png","visitor":0,"commentators":0,"shared":0,"star":[],"createTime":"2020-01-10T10:18:01.098Z","updateTime":"2020-01-10T10:19:45.676Z","_id":"5e184fc115a1112f21f5f48d","title":"rwrew","state":2,"__v":0}],"message":"成功","code":0}
***** response log end ******

[2020-01-14T16:12:45.512] [INFO] responseLog - 
***** response log start *****
request originalUrl: /api/artical/getList
request client ip: 127.0.0.1
request body
{"category":"5e181e2ca1a77c95daa48b32"}
response time: 42
response status: undefined
response body: 
{"data":[],"message":"成功","code":0}
***** response log end ******

[2020-01-14T16:12:46.788] [INFO] responseLog - 
***** response log start *****
request originalUrl: /api/artical/getList
request client ip: 127.0.0.1
request body
{"category":"5e181d8ea1a77c95daa48b31"}
response time: 24
response status: undefined
response body: 
{"data":[{"category":"5e181d8ea1a77c95daa48b31","anonymous":false,"introduction":"wgweg","imageUrl":"http://10.105.24.172:9000/upload/5f5fc463d44c70320f4ac36375e96e77.png","visitor":0,"commentators":0,"shared":0,"star":[],"createTime":"2020-01-10T10:18:01.098Z","updateTime":"2020-01-10T10:19:45.676Z","_id":"5e184fc115a1112f21f5f48d","title":"rwrew","state":2,"__v":0}],"message":"成功","code":0}
***** response log end ******

[2020-01-14T16:33:14.471] [INFO] responseLog - 
***** response log start *****
request originalUrl: /api/artical/getList
request client ip: 127.0.0.1
request body
{"category":"5e181d8ea1a77c95daa48b31"}
response time: 72
response status: undefined
response body: 
{"data":[{"category":"5e181d8ea1a77c95daa48b31","anonymous":false,"introduction":"wgweg","imageUrl":"http://10.105.24.172:9000/upload/5f5fc463d44c70320f4ac36375e96e77.png","visitor":0,"commentators":0,"shared":0,"star":[],"createTime":"2020-01-10T10:18:01.098Z","updateTime":"2020-01-10T10:19:45.676Z","_id":"5e184fc115a1112f21f5f48d","title":"rwrew","state":2,"__v":0}],"message":"成功","code":0}
***** response log end ******

[2020-01-14T16:33:16.611] [INFO] responseLog - 
***** response log start *****
request originalUrl: /api/artical/getDetail?id=5e184fc115a1112f21f5f48d
request client ip: 127.0.0.1
request query: {"id":"5e184fc115a1112f21f5f48d"}
response time: 25
response status: undefined
response body: 
{"data":{"category":"5e181d8ea1a77c95daa48b31","anonymous":false,"introduction":"wgweg","imageUrl":"http://10.105.24.172:9000/upload/5f5fc463d44c70320f4ac36375e96e77.png","visitor":0,"commentators":0,"shared":0,"star":[],"createTime":"2020-01-10T10:18:01.098Z","updateTime":"2020-01-10T10:19:45.676Z","_id":"5e184fc115a1112f21f5f48d","title":"rwrew","content":"fawgweg","state":2,"__v":0},"message":"成功","code":0}
***** response log end ******

[2020-01-14T16:33:19.257] [INFO] responseLog - 
***** response log start *****
request originalUrl: /api/artical/getList
request client ip: 127.0.0.1
request body
{"category":"5e181d8ea1a77c95daa48b31"}
response time: 28
response status: undefined
response body: 
{"data":[{"category":"5e181d8ea1a77c95daa48b31","anonymous":false,"introduction":"wgweg","imageUrl":"http://10.105.24.172:9000/upload/5f5fc463d44c70320f4ac36375e96e77.png","visitor":0,"commentators":0,"shared":0,"star":[],"createTime":"2020-01-10T10:18:01.098Z","updateTime":"2020-01-10T10:19:45.676Z","_id":"5e184fc115a1112f21f5f48d","title":"rwrew","state":2,"__v":0}],"message":"成功","code":0}
***** response log end ******

[2020-01-14T16:42:44.633] [INFO] responseLog - 
***** response log start *****
request originalUrl: /api/artical/getList
request client ip: 127.0.0.1
request body
{"category":"5e181d8ea1a77c95daa48b31"}
response time: 29
response status: undefined
response body: 
{"data":[{"category":"5e181d8ea1a77c95daa48b31","anonymous":false,"introduction":"wgweg","imageUrl":"http://10.105.24.172:9000/upload/5f5fc463d44c70320f4ac36375e96e77.png","visitor":0,"commentators":0,"shared":0,"star":[],"createTime":"2020-01-10T10:18:01.098Z","updateTime":"2020-01-10T10:19:45.676Z","_id":"5e184fc115a1112f21f5f48d","title":"rwrew","state":2,"__v":0}],"message":"成功","code":0}
***** response log end ******

[2020-01-14T17:11:30.983] [INFO] responseLog - 
***** response log start *****
request originalUrl: /api/artical/getList
request client ip: 127.0.0.1
request body
{"category":"5e181d8ea1a77c95daa48b31"}
response time: 65
response status: undefined
response body: 
{"data":[{"category":"5e181d8ea1a77c95daa48b31","anonymous":false,"introduction":"wgweg","imageUrl":"http://10.105.24.172:9000/upload/5f5fc463d44c70320f4ac36375e96e77.png","visitor":0,"commentators":0,"shared":0,"star":[],"createTime":"2020-01-10T10:18:01.098Z","updateTime":"2020-01-10T10:19:45.676Z","_id":"5e184fc115a1112f21f5f48d","title":"rwrew","state":2,"__v":0}],"message":"成功","code":0}
***** response log end ******

[2020-01-14T17:11:33.294] [INFO] responseLog - 
***** response log start *****
request originalUrl: /api/artical/getDetail?id=5e184fc115a1112f21f5f48d
request client ip: 127.0.0.1
request query: {"id":"5e184fc115a1112f21f5f48d"}
response time: 24
response status: undefined
response body: 
{"data":{"category":"5e181d8ea1a77c95daa48b31","anonymous":false,"introduction":"wgweg","imageUrl":"http://10.105.24.172:9000/upload/5f5fc463d44c70320f4ac36375e96e77.png","visitor":0,"commentators":0,"shared":0,"star":[],"createTime":"2020-01-10T10:18:01.098Z","updateTime":"2020-01-10T10:19:45.676Z","_id":"5e184fc115a1112f21f5f48d","title":"rwrew","content":"fawgweg","state":2,"__v":0},"message":"成功","code":0}
***** response log end ******

[2020-01-14T17:29:23.991] [INFO] responseLog - 
***** response log start *****
request originalUrl: /api/artical/getDetail?id=5e184fc115a1112f21f5f48d
request client ip: 127.0.0.1
request query: {"id":"5e184fc115a1112f21f5f48d"}
response time: 60
response status: undefined
response body: 
{"data":{"category":"5e181d8ea1a77c95daa48b31","anonymous":false,"introduction":"wgweg","imageUrl":"http://10.105.24.172:9000/upload/5f5fc463d44c70320f4ac36375e96e77.png","visitor":0,"commentators":0,"shared":0,"star":[],"createTime":"2020-01-10T10:18:01.098Z","updateTime":"2020-01-10T10:19:45.676Z","_id":"5e184fc115a1112f21f5f48d","title":"rwrew","content":"fawgweg","state":2,"__v":0},"message":"成功","code":0}
***** response log end ******

[2020-01-14T17:30:43.976] [INFO] responseLog - 
***** response log start *****
request originalUrl: /api/artical/getDetail?id=5e184fc115a1112f21f5f48d
request client ip: 127.0.0.1
request query: {"id":"5e184fc115a1112f21f5f48d"}
response time: 22
response status: undefined
response body: 
{"data":{"category":"5e181d8ea1a77c95daa48b31","anonymous":false,"introduction":"wgweg","imageUrl":"http://10.105.24.172:9000/upload/5f5fc463d44c70320f4ac36375e96e77.png","visitor":0,"commentators":0,"shared":0,"star":[],"createTime":"2020-01-10T10:18:01.098Z","updateTime":"2020-01-10T10:19:45.676Z","_id":"5e184fc115a1112f21f5f48d","title":"rwrew","content":"fawgweg","state":2,"__v":0},"message":"成功","code":0}
***** response log end ******

[2020-01-14T17:32:19.130] [INFO] responseLog - 
***** response log start *****
request originalUrl: /api/artical/getDetail?id=5e184fc115a1112f21f5f48d
request client ip: 127.0.0.1
request query: {"id":"5e184fc115a1112f21f5f48d"}
response time: 28
response status: undefined
response body: 
{"data":{"category":"5e181d8ea1a77c95daa48b31","anonymous":false,"introduction":"wgweg","imageUrl":"http://10.105.24.172:9000/upload/5f5fc463d44c70320f4ac36375e96e77.png","visitor":0,"commentators":0,"shared":0,"star":[],"createTime":"2020-01-10T10:18:01.098Z","updateTime":"2020-01-10T10:19:45.676Z","_id":"5e184fc115a1112f21f5f48d","title":"rwrew","content":"fawgweg","state":2,"__v":0},"message":"成功","code":0}
***** response log end ******

[2020-01-14T17:35:11.519] [INFO] responseLog - 
***** response log start *****
request originalUrl: /api/artical/getDetail?id=5e184fc115a1112f21f5f48d
request client ip: 127.0.0.1
request query: {"id":"5e184fc115a1112f21f5f48d"}
response time: 30
response status: undefined
response body: 
{"data":{"category":"5e181d8ea1a77c95daa48b31","anonymous":false,"introduction":"wgweg","imageUrl":"http://10.105.24.172:9000/upload/5f5fc463d44c70320f4ac36375e96e77.png","visitor":0,"commentators":0,"shared":0,"star":[],"createTime":"2020-01-10T10:18:01.098Z","updateTime":"2020-01-10T10:19:45.676Z","_id":"5e184fc115a1112f21f5f48d","title":"rwrew","content":"fawgweg","state":2,"__v":0},"message":"成功","code":0}
***** response log end ******

[2020-01-14T17:35:20.076] [INFO] responseLog - 
***** response log start *****
request originalUrl: /api/user/register
request client ip: 127.0.0.1
request body
{"username":"1","password":"2","confirmPassword":"2"}
response time: 64
response status: undefined
response body: 
{"data":{"email":"","avatar":"","role":2,"createTime":"2020-01-14T09:27:38.952Z","updateTime":"2020-01-14T09:35:20.045Z","_id":"5e1d8b5899739635613154b6","username":"1","password":"2","__v":0},"message":"成功","code":0}
***** response log end ******

[2020-01-14T17:47:54.579] [INFO] responseLog - 
***** response log start *****
request originalUrl: /api/artical/getDetail?id=5e184fc115a1112f21f5f48d
request client ip: 127.0.0.1
request query: {"id":"5e184fc115a1112f21f5f48d"}
response time: 63
response status: undefined
response body: 
{"data":{"category":"5e181d8ea1a77c95daa48b31","anonymous":false,"introduction":"wgweg","imageUrl":"http://10.105.24.172:9000/upload/5f5fc463d44c70320f4ac36375e96e77.png","visitor":0,"commentators":0,"shared":0,"star":[],"createTime":"2020-01-10T10:18:01.098Z","updateTime":"2020-01-10T10:19:45.676Z","_id":"5e184fc115a1112f21f5f48d","title":"rwrew","content":"fawgweg","state":2,"__v":0},"message":"成功","code":0}
***** response log end ******

[2020-01-14T17:48:03.189] [INFO] responseLog - 
***** response log start *****
request originalUrl: /api/user/register
request client ip: 127.0.0.1
request body
{"username":"1","password":"2","confirmPassword":"3"}
response time: 28
response status: undefined
response body: 
{"code":-1,"name":"CustomError"}
***** response log end ******

[2020-01-14T17:48:13.991] [INFO] responseLog - 
***** response log start *****
request originalUrl: /api/user/register
request client ip: 127.0.0.1
request body
{"username":"1","password":"2","confirmPassword":"2"}
response time: 77
response status: undefined
response body: 
{"code":1,"name":"CustomError"}
***** response log end ******

[2020-01-14T17:48:41.357] [INFO] responseLog - 
***** response log start *****
request originalUrl: /api/user/register
request client ip: 127.0.0.1
request body
{"username":"2","password":"2","confirmPassword":"2"}
response time: 43
response status: undefined
response body: 
{"data":{"username":"2"},"message":"成功","code":0}
***** response log end ******

[2020-01-14T17:50:11.279] [INFO] responseLog - 
***** response log start *****
request originalUrl: /api/user/register
request client ip: 127.0.0.1
request body
{"username":"3","password":"3","confirmPassword":"3"}
response time: 116
response status: undefined
response body: 
{"data":{"username":"3"},"message":"成功","code":0}
***** response log end ******

[2020-01-14T17:51:37.227] [INFO] responseLog - 
***** response log start *****
request originalUrl: /api/artical/getDetail?id=5e184fc115a1112f21f5f48d
request client ip: 127.0.0.1
request query: {"id":"5e184fc115a1112f21f5f48d"}
response time: 49
response status: undefined
response body: 
{"data":{"category":"5e181d8ea1a77c95daa48b31","anonymous":false,"introduction":"wgweg","imageUrl":"http://10.105.24.172:9000/upload/5f5fc463d44c70320f4ac36375e96e77.png","visitor":0,"commentators":0,"shared":0,"star":[],"createTime":"2020-01-10T10:18:01.098Z","updateTime":"2020-01-10T10:19:45.676Z","_id":"5e184fc115a1112f21f5f48d","title":"rwrew","content":"fawgweg","state":2,"__v":0},"message":"成功","code":0}
***** response log end ******

[2020-01-14T17:52:26.173] [INFO] responseLog - 
***** response log start *****
request originalUrl: /api/artical/getDetail?id=5e184fc115a1112f21f5f48d
request client ip: 127.0.0.1
request query: {"id":"5e184fc115a1112f21f5f48d"}
response time: 59
response status: undefined
response body: 
{"data":{"category":"5e181d8ea1a77c95daa48b31","anonymous":false,"introduction":"wgweg","imageUrl":"http://10.105.24.172:9000/upload/5f5fc463d44c70320f4ac36375e96e77.png","visitor":0,"commentators":0,"shared":0,"star":[],"createTime":"2020-01-10T10:18:01.098Z","updateTime":"2020-01-10T10:19:45.676Z","_id":"5e184fc115a1112f21f5f48d","title":"rwrew","content":"fawgweg","state":2,"__v":0},"message":"成功","code":0}
***** response log end ******

[2020-01-14T17:53:30.541] [INFO] responseLog - 
***** response log start *****
request originalUrl: /api/artical/getDetail?id=5e184fc115a1112f21f5f48d
request client ip: 127.0.0.1
request query: {"id":"5e184fc115a1112f21f5f48d"}
response time: 115
response status: undefined
response body: 
{"data":{"category":"5e181d8ea1a77c95daa48b31","anonymous":false,"introduction":"wgweg","imageUrl":"http://10.105.24.172:9000/upload/5f5fc463d44c70320f4ac36375e96e77.png","visitor":0,"commentators":0,"shared":0,"star":[],"createTime":"2020-01-10T10:18:01.098Z","updateTime":"2020-01-10T10:19:45.676Z","_id":"5e184fc115a1112f21f5f48d","title":"rwrew","content":"fawgweg","state":2,"__v":0},"message":"成功","code":0}
***** response log end ******

[2020-01-14T17:53:40.667] [INFO] responseLog - 
***** response log start *****
request originalUrl: /api/artical/getList
request client ip: 127.0.0.1
request body
{"category":"5e181d8ea1a77c95daa48b31"}
response time: 58
response status: undefined
response body: 
{"data":[{"category":"5e181d8ea1a77c95daa48b31","anonymous":false,"introduction":"wgweg","imageUrl":"http://10.105.24.172:9000/upload/5f5fc463d44c70320f4ac36375e96e77.png","visitor":0,"commentators":0,"shared":0,"star":[],"createTime":"2020-01-10T10:18:01.098Z","updateTime":"2020-01-10T10:19:45.676Z","_id":"5e184fc115a1112f21f5f48d","title":"rwrew","state":2,"__v":0}],"message":"成功","code":0}
***** response log end ******

[2020-01-14T17:54:27.276] [INFO] responseLog - 
***** response log start *****
request originalUrl: /api/artical/getList
request client ip: 127.0.0.1
request body
{"category":"5e181d8ea1a77c95daa48b31"}
response time: 74
response status: undefined
response body: 
{"data":[{"category":"5e181d8ea1a77c95daa48b31","anonymous":false,"introduction":"wgweg","imageUrl":"http://10.105.24.172:9000/upload/5f5fc463d44c70320f4ac36375e96e77.png","visitor":0,"commentators":0,"shared":0,"star":[],"createTime":"2020-01-10T10:18:01.098Z","updateTime":"2020-01-10T10:19:45.676Z","_id":"5e184fc115a1112f21f5f48d","title":"rwrew","state":2,"__v":0}],"message":"成功","code":0}
***** response log end ******

[2020-01-14T17:55:01.345] [INFO] responseLog - 
***** response log start *****
request originalUrl: /api/artical/getList
request client ip: 127.0.0.1
request body
{"category":"5e181d8ea1a77c95daa48b31"}
response time: 27
response status: undefined
response body: 
{"data":[{"category":"5e181d8ea1a77c95daa48b31","anonymous":false,"introduction":"wgweg","imageUrl":"http://10.105.24.172:9000/upload/5f5fc463d44c70320f4ac36375e96e77.png","visitor":0,"commentators":0,"shared":0,"star":[],"createTime":"2020-01-10T10:18:01.098Z","updateTime":"2020-01-10T10:19:45.676Z","_id":"5e184fc115a1112f21f5f48d","title":"rwrew","state":2,"__v":0}],"message":"成功","code":0}
***** response log end ******

[2020-01-14T17:59:01.717] [INFO] responseLog - 
***** response log start *****
request originalUrl: /api/artical/getList
request client ip: 127.0.0.1
request body
{"category":"5e181d8ea1a77c95daa48b31"}
response time: 83
response status: undefined
response body: 
{"data":[{"category":"5e181d8ea1a77c95daa48b31","anonymous":false,"introduction":"wgweg","imageUrl":"http://10.105.24.172:9000/upload/5f5fc463d44c70320f4ac36375e96e77.png","visitor":0,"commentators":0,"shared":0,"star":[],"createTime":"2020-01-10T10:18:01.098Z","updateTime":"2020-01-10T10:19:45.676Z","_id":"5e184fc115a1112f21f5f48d","title":"rwrew","state":2,"__v":0}],"message":"成功","code":0}
***** response log end ******

[2020-01-14T17:59:40.723] [INFO] responseLog - 
***** response log start *****
request originalUrl: /api/artical/getList
request client ip: 127.0.0.1
request body
{"category":"5e181d8ea1a77c95daa48b31"}
response time: 69
response status: undefined
response body: 
{"data":[{"category":"5e181d8ea1a77c95daa48b31","anonymous":false,"introduction":"wgweg","imageUrl":"http://10.105.24.172:9000/upload/5f5fc463d44c70320f4ac36375e96e77.png","visitor":0,"commentators":0,"shared":0,"star":[],"createTime":"2020-01-10T10:18:01.098Z","updateTime":"2020-01-10T10:19:45.676Z","_id":"5e184fc115a1112f21f5f48d","title":"rwrew","state":2,"__v":0}],"message":"成功","code":0}
***** response log end ******

[2020-01-14T18:00:15.295] [INFO] responseLog - 
***** response log start *****
request originalUrl: /api/artical/getList
request client ip: 127.0.0.1
request body
{"category":"5e181d8ea1a77c95daa48b31"}
response time: 64
response status: undefined
response body: 
{"data":[{"category":"5e181d8ea1a77c95daa48b31","anonymous":false,"introduction":"wgweg","imageUrl":"http://10.105.24.172:9000/upload/5f5fc463d44c70320f4ac36375e96e77.png","visitor":0,"commentators":0,"shared":0,"star":[],"createTime":"2020-01-10T10:18:01.098Z","updateTime":"2020-01-10T10:19:45.676Z","_id":"5e184fc115a1112f21f5f48d","title":"rwrew","state":2,"__v":0}],"message":"成功","code":0}
***** response log end ******

[2020-01-14T18:00:57.870] [INFO] responseLog - 
***** response log start *****
request originalUrl: /api/artical/getList
request client ip: 127.0.0.1
request body
{"category":"5e181d8ea1a77c95daa48b31"}
response time: 73
response status: undefined
response body: 
{"data":[{"category":"5e181d8ea1a77c95daa48b31","anonymous":false,"introduction":"wgweg","imageUrl":"http://10.105.24.172:9000/upload/5f5fc463d44c70320f4ac36375e96e77.png","visitor":0,"commentators":0,"shared":0,"star":[],"createTime":"2020-01-10T10:18:01.098Z","updateTime":"2020-01-10T10:19:45.676Z","_id":"5e184fc115a1112f21f5f48d","title":"rwrew","state":2,"__v":0}],"message":"成功","code":0}
***** response log end ******

[2020-01-14T18:01:28.824] [INFO] responseLog - 
***** response log start *****
request originalUrl: /api/artical/getList
request client ip: 127.0.0.1
request body
{"category":"5e181d8ea1a77c95daa48b31"}
response time: 25
response status: undefined
response body: 
{"data":[{"category":"5e181d8ea1a77c95daa48b31","anonymous":false,"introduction":"wgweg","imageUrl":"http://10.105.24.172:9000/upload/5f5fc463d44c70320f4ac36375e96e77.png","visitor":0,"commentators":0,"shared":0,"star":[],"createTime":"2020-01-10T10:18:01.098Z","updateTime":"2020-01-10T10:19:45.676Z","_id":"5e184fc115a1112f21f5f48d","title":"rwrew","state":2,"__v":0}],"message":"成功","code":0}
***** response log end ******

[2020-01-14T18:02:08.539] [INFO] responseLog - 
***** response log start *****
request originalUrl: /api/artical/getList
request client ip: 127.0.0.1
request body
{"category":"5e181d8ea1a77c95daa48b31"}
response time: 69
response status: undefined
response body: 
{"data":[{"category":"5e181d8ea1a77c95daa48b31","anonymous":false,"introduction":"wgweg","imageUrl":"http://10.105.24.172:9000/upload/5f5fc463d44c70320f4ac36375e96e77.png","visitor":0,"commentators":0,"shared":0,"star":[],"createTime":"2020-01-10T10:18:01.098Z","updateTime":"2020-01-10T10:19:45.676Z","_id":"5e184fc115a1112f21f5f48d","title":"rwrew","state":2,"__v":0}],"message":"成功","code":0}
***** response log end ******

[2020-01-14T18:03:15.819] [INFO] responseLog - 
***** response log start *****
request originalUrl: /api/artical/getList
request client ip: 127.0.0.1
request body
{"category":"5e181d8ea1a77c95daa48b31"}
response time: 29
response status: undefined
response body: 
{"data":[{"category":"5e181d8ea1a77c95daa48b31","anonymous":false,"introduction":"wgweg","imageUrl":"http://10.105.24.172:9000/upload/5f5fc463d44c70320f4ac36375e96e77.png","visitor":0,"commentators":0,"shared":0,"star":[],"createTime":"2020-01-10T10:18:01.098Z","updateTime":"2020-01-10T10:19:45.676Z","_id":"5e184fc115a1112f21f5f48d","title":"rwrew","state":2,"__v":0}],"message":"成功","code":0}
***** response log end ******

[2020-01-14T18:09:53.983] [INFO] responseLog - 
***** response log start *****
request originalUrl: /api/artical/getList
request client ip: 127.0.0.1
request body
{"category":"5e181d8ea1a77c95daa48b31"}
response time: 95
response status: undefined
response body: 
{"data":[{"category":"5e181d8ea1a77c95daa48b31","anonymous":false,"introduction":"wgweg","imageUrl":"http://10.105.24.172:9000/upload/5f5fc463d44c70320f4ac36375e96e77.png","visitor":0,"commentators":0,"shared":0,"star":[],"createTime":"2020-01-10T10:18:01.098Z","updateTime":"2020-01-10T10:19:45.676Z","_id":"5e184fc115a1112f21f5f48d","title":"rwrew","state":2,"__v":0}],"message":"成功","code":0}
***** response log end ******

[2020-01-14T18:10:37.109] [INFO] responseLog - 
***** response log start *****
request originalUrl: /api/artical/getList
request client ip: 127.0.0.1
request body
{"category":"5e181d8ea1a77c95daa48b31"}
response time: 50
response status: undefined
response body: 
{"data":[{"category":"5e181d8ea1a77c95daa48b31","anonymous":false,"introduction":"wgweg","imageUrl":"http://10.105.24.172:9000/upload/5f5fc463d44c70320f4ac36375e96e77.png","visitor":0,"commentators":0,"shared":0,"star":[],"createTime":"2020-01-10T10:18:01.098Z","updateTime":"2020-01-10T10:19:45.676Z","_id":"5e184fc115a1112f21f5f48d","title":"rwrew","state":2,"__v":0}],"message":"成功","code":0}
***** response log end ******

[2020-01-14T18:10:46.363] [INFO] responseLog - 
***** response log start *****
request originalUrl: /api/artical/getList
request client ip: 127.0.0.1
request body
{"category":"5e181d8ea1a77c95daa48b31"}
response time: 20
response status: undefined
response body: 
{"data":[{"category":"5e181d8ea1a77c95daa48b31","anonymous":false,"introduction":"wgweg","imageUrl":"http://10.105.24.172:9000/upload/5f5fc463d44c70320f4ac36375e96e77.png","visitor":0,"commentators":0,"shared":0,"star":[],"createTime":"2020-01-10T10:18:01.098Z","updateTime":"2020-01-10T10:19:45.676Z","_id":"5e184fc115a1112f21f5f48d","title":"rwrew","state":2,"__v":0}],"message":"成功","code":0}
***** response log end ******

[2020-01-14T18:11:49.477] [INFO] responseLog - 
***** response log start *****
request originalUrl: /api/artical/getList
request client ip: 127.0.0.1
request body
{"category":"5e181d8ea1a77c95daa48b31"}
response time: 73
response status: undefined
response body: 
{"data":[{"category":"5e181d8ea1a77c95daa48b31","anonymous":false,"introduction":"wgweg","imageUrl":"http://10.105.24.172:9000/upload/5f5fc463d44c70320f4ac36375e96e77.png","visitor":0,"commentators":0,"shared":0,"star":[],"createTime":"2020-01-10T10:18:01.098Z","updateTime":"2020-01-10T10:19:45.676Z","_id":"5e184fc115a1112f21f5f48d","title":"rwrew","state":2,"__v":0}],"message":"成功","code":0}
***** response log end ******

[2020-01-14T18:12:09.754] [INFO] responseLog - 
***** response log start *****
request originalUrl: /api/artical/getList
request client ip: 127.0.0.1
request body
{"category":"5e181d8ea1a77c95daa48b31"}
response time: 24
response status: undefined
response body: 
{"data":[{"category":"5e181d8ea1a77c95daa48b31","anonymous":false,"introduction":"wgweg","imageUrl":"http://10.105.24.172:9000/upload/5f5fc463d44c70320f4ac36375e96e77.png","visitor":0,"commentators":0,"shared":0,"star":[],"createTime":"2020-01-10T10:18:01.098Z","updateTime":"2020-01-10T10:19:45.676Z","_id":"5e184fc115a1112f21f5f48d","title":"rwrew","state":2,"__v":0}],"message":"成功","code":0}
***** response log end ******

[2020-01-14T18:16:17.121] [INFO] responseLog - 
***** response log start *****
request originalUrl: /api/artical/getList
request client ip: 127.0.0.1
request body
{"category":"5e181d8ea1a77c95daa48b31"}
response time: 26
response status: undefined
response body: 
{"data":[{"category":"5e181d8ea1a77c95daa48b31","anonymous":false,"introduction":"wgweg","imageUrl":"http://10.105.24.172:9000/upload/5f5fc463d44c70320f4ac36375e96e77.png","visitor":0,"commentators":0,"shared":0,"star":[],"createTime":"2020-01-10T10:18:01.098Z","updateTime":"2020-01-10T10:19:45.676Z","_id":"5e184fc115a1112f21f5f48d","title":"rwrew","state":2,"__v":0}],"message":"成功","code":0}
***** response log end ******

[2020-01-14T18:16:26.470] [INFO] responseLog - 
***** response log start *****
request originalUrl: /api/artical/getList
request client ip: 127.0.0.1
request body
{"category":"5e181d8ea1a77c95daa48b31"}
response time: 24
response status: undefined
response body: 
{"data":[{"category":"5e181d8ea1a77c95daa48b31","anonymous":false,"introduction":"wgweg","imageUrl":"http://10.105.24.172:9000/upload/5f5fc463d44c70320f4ac36375e96e77.png","visitor":0,"commentators":0,"shared":0,"star":[],"createTime":"2020-01-10T10:18:01.098Z","updateTime":"2020-01-10T10:19:45.676Z","_id":"5e184fc115a1112f21f5f48d","title":"rwrew","state":2,"__v":0}],"message":"成功","code":0}
***** response log end ******

[2020-01-14T18:16:51.481] [INFO] responseLog - 
***** response log start *****
request originalUrl: /api/artical/getList
request client ip: 127.0.0.1
request body
{"category":"5e181d8ea1a77c95daa48b31"}
response time: 26
response status: undefined
response body: 
{"data":[{"category":"5e181d8ea1a77c95daa48b31","anonymous":false,"introduction":"wgweg","imageUrl":"http://10.105.24.172:9000/upload/5f5fc463d44c70320f4ac36375e96e77.png","visitor":0,"commentators":0,"shared":0,"star":[],"createTime":"2020-01-10T10:18:01.098Z","updateTime":"2020-01-10T10:19:45.676Z","_id":"5e184fc115a1112f21f5f48d","title":"rwrew","state":2,"__v":0}],"message":"成功","code":0}
***** response log end ******

[2020-01-14T18:21:17.592] [INFO] responseLog - 
***** response log start *****
request originalUrl: /api/artical/getList
request client ip: 127.0.0.1
request body
{"category":"5e181d8ea1a77c95daa48b31"}
response time: 75
response status: undefined
response body: 
{"data":[{"category":"5e181d8ea1a77c95daa48b31","anonymous":false,"introduction":"wgweg","imageUrl":"http://10.105.24.172:9000/upload/5f5fc463d44c70320f4ac36375e96e77.png","visitor":0,"commentators":0,"shared":0,"star":[],"createTime":"2020-01-10T10:18:01.098Z","updateTime":"2020-01-10T10:19:45.676Z","_id":"5e184fc115a1112f21f5f48d","title":"rwrew","state":2,"__v":0}],"message":"成功","code":0}
***** response log end ******

