[2020-04-14T16:29:07.227] [INFO] responseLog - 
***** response log start *****
request originalUrl: /api/getCategory?t=1586852947030
request client ip: 127.0.0.1
request query: {"t":"1586852947030"}
response time: 62
response status: 200
response body: 
{"message":"成功","data":[{"createTime":"2020-04-14T08:28:31.166Z","updateTime":"2020-04-14T08:28:31.166Z","_id":"5e181d8ea1a77c95daa48b31","name":"推荐","path":"recommend"},{"createTime":"2020-04-14T08:28:31.166Z","updateTime":"2020-04-14T08:28:31.166Z","_id":"5e181e5aa1a77c95daa48b33","name":"nodejs","state":1,"path":"node"},{"createTime":"2020-04-14T08:28:31.166Z","updateTime":"2020-04-14T08:28:31.166Z","_id":"5e181e67a1a77c95daa48b34","name":"摄影","state":1,"path":"photo"},{"createTime":"2020-04-14T08:28:31.166Z","updateTime":"2020-04-14T08:28:31.166Z","_id":"5e181e6fa1a77c95daa48b35","name":"旅游","state":1,"path":"travel"},{"createTime":"2020-04-14T08:28:31.166Z","updateTime":"2020-04-14T08:28:31.166Z","_id":"5e181e77a1a77c95daa48b36","name":"电影","state":1,"path":"film"},{"createTime":"2020-04-14T08:28:31.166Z","updateTime":"2020-04-14T08:28:31.166Z","_id":"5e181e80a1a77c95daa48b37","name":"娱乐","state":1,"path":"entertainment"},{"createTime":"2020-04-14T08:28:31.166Z","updateTime":"2020-04-14T08:28:31.166Z","_id":"5e6a0605fb773b711907175a","name":"踩坑指北","state":1,"path":"pit"},{"createTime":"2020-04-14T08:28:31.166Z","updateTime":"2020-04-14T08:28:31.166Z","_id":"5e8c4cb8f12afc9d807394b6","name":"web前端","path":"fe"}],"code":200}
***** response log end ******

[2020-04-14T16:29:07.264] [INFO] responseLog - 
***** response log start *****
request originalUrl: /api/artical/getList
request client ip: 127.0.0.1
request body
{"where":{},"include":"author","includeword":{"username":1},"limit":10,"skip":0}
response time: 206
response status: 200
response body: 
{"message":"成功","data":{"data":[{"anonymous":false,"introduction":"常见的http状态码大全","imageUrl":"","visitor":11,"commentators":0,"shared":0,"star":1,"starList":["5e4e4999b8620637839d8d3b"],"following":[],"createTime":"2020-02-19T14:39:44.360Z","updateTime":"2020-02-20T09:35:33.533Z","_id":"5e4e4aa2b8620637839d8d3c","author":{"_id":"5e4e4cf6b8620637839d8d3d","username":"1623246663@qq.com"},"title":"http状态码","category":"5e181e5aa1a77c95daa48b33","state":2,"__v":0},{"anonymous":false,"introduction":"第一次使用nuxt.js，记录一下常用的点，后期会持续改进。","imageUrl":"","visitor":11,"commentators":0,"shared":0,"star":1,"starList":["5e4e4cf6b8620637839d8d3d"],"following":[],"createTime":"2020-02-19T14:39:44.360Z","updateTime":"2020-03-12T10:19:28.739Z","_id":"5e5ca8efb8620637839d8d40","author":{"_id":"5e4e4999b8620637839d8d3b","username":"rd_1985@163.com"},"title":"Nuxt.js初探","category":"5e181e2ca1a77c95daa48b32","state":2,"__v":0},{"anonymous":false,"introduction":"hooks","imageUrl":"","visitor":0,"commentators":0,"shared":0,"star":0,"starList":[],"following":[],"createTime":"2020-02-19T14:39:44.360Z","updateTime":"2020-03-12T10:34:06.433Z","_id":"5e6a101eb8620637839d8d41","author":{"_id":"5e4e4cf6b8620637839d8d3d","username":"1623246663@qq.com"},"title":"react hooks的使用","category":"5e181e2ca1a77c95daa48b32","state":2,"__v":0},{"anonymous":false,"introduction":"好些年前做图片上传我都是用的form表单提交到后端，最近改用ajax提交图片，在这里做一下记录。包含在项目中使用的图片压缩。","imageUrl":"","visitor":0,"commentators":0,"shared":0,"star":1,"starList":["5e4e4999b8620637839d8d3b"],"following":[],"createTime":"2020-02-19T14:39:44.360Z","updateTime":"2020-04-07T09:03:51.534Z","_id":"5e846db5b8620637839d8d42","author":{"_id":"5e4e4999b8620637839d8d3b","username":"rd_1985@163.com"},"title":"web端图片上传","category":"5e181e2ca1a77c95daa48b32","state":2,"__v":0}],"total":4},"code":200}
***** response log end ******

[2020-04-14T16:29:07.280] [INFO] responseLog - 
***** response log start *****
request originalUrl: /api/artical/getList
request client ip: 127.0.0.1
request body
{"limit":5,"order":{"star":-1},"include":"author","includeword":{"username":1}}
response time: 116
response status: 200
response body: 
{"message":"成功","data":{"data":[{"anonymous":false,"introduction":"常见的http状态码大全","imageUrl":"","visitor":11,"commentators":0,"shared":0,"star":1,"starList":["5e4e4999b8620637839d8d3b"],"following":[],"createTime":"2020-02-19T14:39:44.360Z","updateTime":"2020-02-20T09:35:33.533Z","_id":"5e4e4aa2b8620637839d8d3c","author":{"_id":"5e4e4cf6b8620637839d8d3d","username":"1623246663@qq.com"},"title":"http状态码","category":"5e181e5aa1a77c95daa48b33","state":2,"__v":0},{"anonymous":false,"introduction":"第一次使用nuxt.js，记录一下常用的点，后期会持续改进。","imageUrl":"","visitor":11,"commentators":0,"shared":0,"star":1,"starList":["5e4e4cf6b8620637839d8d3d"],"following":[],"createTime":"2020-02-19T14:39:44.360Z","updateTime":"2020-03-12T10:19:28.739Z","_id":"5e5ca8efb8620637839d8d40","author":{"_id":"5e4e4999b8620637839d8d3b","username":"rd_1985@163.com"},"title":"Nuxt.js初探","category":"5e181e2ca1a77c95daa48b32","state":2,"__v":0},{"anonymous":false,"introduction":"好些年前做图片上传我都是用的form表单提交到后端，最近改用ajax提交图片，在这里做一下记录。包含在项目中使用的图片压缩。","imageUrl":"","visitor":0,"commentators":0,"shared":0,"star":1,"starList":["5e4e4999b8620637839d8d3b"],"following":[],"createTime":"2020-02-19T14:39:44.360Z","updateTime":"2020-04-07T09:03:51.534Z","_id":"5e846db5b8620637839d8d42","author":{"_id":"5e4e4999b8620637839d8d3b","username":"rd_1985@163.com"},"title":"web端图片上传","category":"5e181e2ca1a77c95daa48b32","state":2,"__v":0},{"anonymous":false,"introduction":"hooks","imageUrl":"","visitor":0,"commentators":0,"shared":0,"star":0,"starList":[],"following":[],"createTime":"2020-02-19T14:39:44.360Z","updateTime":"2020-03-12T10:34:06.433Z","_id":"5e6a101eb8620637839d8d41","author":{"_id":"5e4e4cf6b8620637839d8d3d","username":"1623246663@qq.com"},"title":"react hooks的使用","category":"5e181e2ca1a77c95daa48b32","state":2,"__v":0}],"total":4},"code":200}
***** response log end ******

[2020-04-14T16:29:12.648] [INFO] responseLog - 
***** response log start *****
request originalUrl: /api/artical/getList
request client ip: 127.0.0.1
request body
{"where":{},"include":"author","includeword":{"username":1},"limit":10,"skip":0}
response time: 93
response status: 200
response body: 
{"message":"成功","data":{"data":[{"anonymous":false,"introduction":"常见的http状态码大全","imageUrl":"","visitor":11,"commentators":0,"shared":0,"star":1,"starList":["5e4e4999b8620637839d8d3b"],"following":[],"createTime":"2020-02-19T14:39:44.360Z","updateTime":"2020-02-20T09:35:33.533Z","_id":"5e4e4aa2b8620637839d8d3c","author":{"_id":"5e4e4cf6b8620637839d8d3d","username":"1623246663@qq.com"},"title":"http状态码","category":"5e181e5aa1a77c95daa48b33","state":2,"__v":0},{"anonymous":false,"introduction":"第一次使用nuxt.js，记录一下常用的点，后期会持续改进。","imageUrl":"","visitor":11,"commentators":0,"shared":0,"star":1,"starList":["5e4e4cf6b8620637839d8d3d"],"following":[],"createTime":"2020-02-19T14:39:44.360Z","updateTime":"2020-03-12T10:19:28.739Z","_id":"5e5ca8efb8620637839d8d40","author":{"_id":"5e4e4999b8620637839d8d3b","username":"rd_1985@163.com"},"title":"Nuxt.js初探","category":"5e181e2ca1a77c95daa48b32","state":2,"__v":0},{"anonymous":false,"introduction":"hooks","imageUrl":"","visitor":0,"commentators":0,"shared":0,"star":0,"starList":[],"following":[],"createTime":"2020-02-19T14:39:44.360Z","updateTime":"2020-03-12T10:34:06.433Z","_id":"5e6a101eb8620637839d8d41","author":{"_id":"5e4e4cf6b8620637839d8d3d","username":"1623246663@qq.com"},"title":"react hooks的使用","category":"5e181e2ca1a77c95daa48b32","state":2,"__v":0},{"anonymous":false,"introduction":"好些年前做图片上传我都是用的form表单提交到后端，最近改用ajax提交图片，在这里做一下记录。包含在项目中使用的图片压缩。","imageUrl":"","visitor":0,"commentators":0,"shared":0,"star":1,"starList":["5e4e4999b8620637839d8d3b"],"following":[],"createTime":"2020-02-19T14:39:44.360Z","updateTime":"2020-04-07T09:03:51.534Z","_id":"5e846db5b8620637839d8d42","author":{"_id":"5e4e4999b8620637839d8d3b","username":"rd_1985@163.com"},"title":"web端图片上传","category":"5e181e2ca1a77c95daa48b32","state":2,"__v":0}],"total":4},"code":200}
***** response log end ******

[2020-04-14T16:29:12.958] [INFO] responseLog - 
***** response log start *****
request originalUrl: /api/artical/getList
request client ip: 127.0.0.1
request body
{"limit":5,"order":{"star":-1},"include":"author","includeword":{"username":1}}
response time: 97
response status: 200
response body: 
{"message":"成功","data":{"data":[{"anonymous":false,"introduction":"常见的http状态码大全","imageUrl":"","visitor":11,"commentators":0,"shared":0,"star":1,"starList":["5e4e4999b8620637839d8d3b"],"following":[],"createTime":"2020-02-19T14:39:44.360Z","updateTime":"2020-02-20T09:35:33.533Z","_id":"5e4e4aa2b8620637839d8d3c","author":{"_id":"5e4e4cf6b8620637839d8d3d","username":"1623246663@qq.com"},"title":"http状态码","category":"5e181e5aa1a77c95daa48b33","state":2,"__v":0},{"anonymous":false,"introduction":"第一次使用nuxt.js，记录一下常用的点，后期会持续改进。","imageUrl":"","visitor":11,"commentators":0,"shared":0,"star":1,"starList":["5e4e4cf6b8620637839d8d3d"],"following":[],"createTime":"2020-02-19T14:39:44.360Z","updateTime":"2020-03-12T10:19:28.739Z","_id":"5e5ca8efb8620637839d8d40","author":{"_id":"5e4e4999b8620637839d8d3b","username":"rd_1985@163.com"},"title":"Nuxt.js初探","category":"5e181e2ca1a77c95daa48b32","state":2,"__v":0},{"anonymous":false,"introduction":"好些年前做图片上传我都是用的form表单提交到后端，最近改用ajax提交图片，在这里做一下记录。包含在项目中使用的图片压缩。","imageUrl":"","visitor":0,"commentators":0,"shared":0,"star":1,"starList":["5e4e4999b8620637839d8d3b"],"following":[],"createTime":"2020-02-19T14:39:44.360Z","updateTime":"2020-04-07T09:03:51.534Z","_id":"5e846db5b8620637839d8d42","author":{"_id":"5e4e4999b8620637839d8d3b","username":"rd_1985@163.com"},"title":"web端图片上传","category":"5e181e2ca1a77c95daa48b32","state":2,"__v":0},{"anonymous":false,"introduction":"hooks","imageUrl":"","visitor":0,"commentators":0,"shared":0,"star":0,"starList":[],"following":[],"createTime":"2020-02-19T14:39:44.360Z","updateTime":"2020-03-12T10:34:06.433Z","_id":"5e6a101eb8620637839d8d41","author":{"_id":"5e4e4cf6b8620637839d8d3d","username":"1623246663@qq.com"},"title":"react hooks的使用","category":"5e181e2ca1a77c95daa48b32","state":2,"__v":0}],"total":4},"code":200}
***** response log end ******

[2020-04-14T16:29:42.269] [INFO] responseLog - 
***** response log start *****
request originalUrl: /api/artical/getList
request client ip: 127.0.0.1
request body
{"where":{},"include":"author","includeword":{"username":1},"limit":10,"skip":0}
response time: 77
response status: 200
response body: 
{"message":"成功","data":{"data":[{"anonymous":false,"introduction":"常见的http状态码大全","imageUrl":"","visitor":11,"commentators":0,"shared":0,"star":1,"starList":["5e4e4999b8620637839d8d3b"],"following":[],"createTime":"2020-02-19T14:39:44.360Z","updateTime":"2020-02-20T09:35:33.533Z","_id":"5e4e4aa2b8620637839d8d3c","author":{"_id":"5e4e4cf6b8620637839d8d3d","username":"1623246663@qq.com"},"title":"http状态码","category":"5e181e5aa1a77c95daa48b33","state":2,"__v":0},{"anonymous":false,"introduction":"第一次使用nuxt.js，记录一下常用的点，后期会持续改进。","imageUrl":"","visitor":11,"commentators":0,"shared":0,"star":1,"starList":["5e4e4cf6b8620637839d8d3d"],"following":[],"createTime":"2020-02-19T14:39:44.360Z","updateTime":"2020-03-12T10:19:28.739Z","_id":"5e5ca8efb8620637839d8d40","author":{"_id":"5e4e4999b8620637839d8d3b","username":"rd_1985@163.com"},"title":"Nuxt.js初探","category":"5e181e2ca1a77c95daa48b32","state":2,"__v":0},{"anonymous":false,"introduction":"hooks","imageUrl":"","visitor":0,"commentators":0,"shared":0,"star":0,"starList":[],"following":[],"createTime":"2020-02-19T14:39:44.360Z","updateTime":"2020-03-12T10:34:06.433Z","_id":"5e6a101eb8620637839d8d41","author":{"_id":"5e4e4cf6b8620637839d8d3d","username":"1623246663@qq.com"},"title":"react hooks的使用","category":"5e181e2ca1a77c95daa48b32","state":2,"__v":0},{"anonymous":false,"introduction":"好些年前做图片上传我都是用的form表单提交到后端，最近改用ajax提交图片，在这里做一下记录。包含在项目中使用的图片压缩。","imageUrl":"","visitor":0,"commentators":0,"shared":0,"star":1,"starList":["5e4e4999b8620637839d8d3b"],"following":[],"createTime":"2020-02-19T14:39:44.360Z","updateTime":"2020-04-07T09:03:51.534Z","_id":"5e846db5b8620637839d8d42","author":{"_id":"5e4e4999b8620637839d8d3b","username":"rd_1985@163.com"},"title":"web端图片上传","category":"5e181e2ca1a77c95daa48b32","state":2,"__v":0}],"total":4},"code":200}
***** response log end ******

[2020-04-14T16:29:42.272] [INFO] responseLog - 
***** response log start *****
request originalUrl: /api/artical/getList
request client ip: 127.0.0.1
request body
{"limit":5,"order":{"star":-1},"include":"author","includeword":{"username":1}}
response time: 79
response status: 200
response body: 
{"message":"成功","data":{"data":[{"anonymous":false,"introduction":"常见的http状态码大全","imageUrl":"","visitor":11,"commentators":0,"shared":0,"star":1,"starList":["5e4e4999b8620637839d8d3b"],"following":[],"createTime":"2020-02-19T14:39:44.360Z","updateTime":"2020-02-20T09:35:33.533Z","_id":"5e4e4aa2b8620637839d8d3c","author":{"_id":"5e4e4cf6b8620637839d8d3d","username":"1623246663@qq.com"},"title":"http状态码","category":"5e181e5aa1a77c95daa48b33","state":2,"__v":0},{"anonymous":false,"introduction":"第一次使用nuxt.js，记录一下常用的点，后期会持续改进。","imageUrl":"","visitor":11,"commentators":0,"shared":0,"star":1,"starList":["5e4e4cf6b8620637839d8d3d"],"following":[],"createTime":"2020-02-19T14:39:44.360Z","updateTime":"2020-03-12T10:19:28.739Z","_id":"5e5ca8efb8620637839d8d40","author":{"_id":"5e4e4999b8620637839d8d3b","username":"rd_1985@163.com"},"title":"Nuxt.js初探","category":"5e181e2ca1a77c95daa48b32","state":2,"__v":0},{"anonymous":false,"introduction":"好些年前做图片上传我都是用的form表单提交到后端，最近改用ajax提交图片，在这里做一下记录。包含在项目中使用的图片压缩。","imageUrl":"","visitor":0,"commentators":0,"shared":0,"star":1,"starList":["5e4e4999b8620637839d8d3b"],"following":[],"createTime":"2020-02-19T14:39:44.360Z","updateTime":"2020-04-07T09:03:51.534Z","_id":"5e846db5b8620637839d8d42","author":{"_id":"5e4e4999b8620637839d8d3b","username":"rd_1985@163.com"},"title":"web端图片上传","category":"5e181e2ca1a77c95daa48b32","state":2,"__v":0},{"anonymous":false,"introduction":"hooks","imageUrl":"","visitor":0,"commentators":0,"shared":0,"star":0,"starList":[],"following":[],"createTime":"2020-02-19T14:39:44.360Z","updateTime":"2020-03-12T10:34:06.433Z","_id":"5e6a101eb8620637839d8d41","author":{"_id":"5e4e4cf6b8620637839d8d3d","username":"1623246663@qq.com"},"title":"react hooks的使用","category":"5e181e2ca1a77c95daa48b32","state":2,"__v":0}],"total":4},"code":200}
***** response log end ******

[2020-04-14T16:30:56.465] [INFO] responseLog - 
***** response log start *****
request originalUrl: /api/artical/getList
request client ip: 127.0.0.1
request body
{"limit":5,"order":{"star":-1},"include":"author","includeword":{"username":1}}
response time: 79
response status: 200
response body: 
{"message":"成功","data":{"data":[{"anonymous":false,"introduction":"常见的http状态码大全","imageUrl":"","visitor":11,"commentators":0,"shared":0,"star":1,"starList":["5e4e4999b8620637839d8d3b"],"following":[],"createTime":"2020-02-19T14:39:44.360Z","updateTime":"2020-02-20T09:35:33.533Z","_id":"5e4e4aa2b8620637839d8d3c","author":{"_id":"5e4e4cf6b8620637839d8d3d","username":"1623246663@qq.com"},"title":"http状态码","category":"5e181e5aa1a77c95daa48b33","state":2,"__v":0},{"anonymous":false,"introduction":"第一次使用nuxt.js，记录一下常用的点，后期会持续改进。","imageUrl":"","visitor":11,"commentators":0,"shared":0,"star":1,"starList":["5e4e4cf6b8620637839d8d3d"],"following":[],"createTime":"2020-02-19T14:39:44.360Z","updateTime":"2020-03-12T10:19:28.739Z","_id":"5e5ca8efb8620637839d8d40","author":{"_id":"5e4e4999b8620637839d8d3b","username":"rd_1985@163.com"},"title":"Nuxt.js初探","category":"5e181e2ca1a77c95daa48b32","state":2,"__v":0},{"anonymous":false,"introduction":"好些年前做图片上传我都是用的form表单提交到后端，最近改用ajax提交图片，在这里做一下记录。包含在项目中使用的图片压缩。","imageUrl":"","visitor":0,"commentators":0,"shared":0,"star":1,"starList":["5e4e4999b8620637839d8d3b"],"following":[],"createTime":"2020-02-19T14:39:44.360Z","updateTime":"2020-04-07T09:03:51.534Z","_id":"5e846db5b8620637839d8d42","author":{"_id":"5e4e4999b8620637839d8d3b","username":"rd_1985@163.com"},"title":"web端图片上传","category":"5e181e2ca1a77c95daa48b32","state":2,"__v":0},{"anonymous":false,"introduction":"hooks","imageUrl":"","visitor":0,"commentators":0,"shared":0,"star":0,"starList":[],"following":[],"createTime":"2020-02-19T14:39:44.360Z","updateTime":"2020-03-12T10:34:06.433Z","_id":"5e6a101eb8620637839d8d41","author":{"_id":"5e4e4cf6b8620637839d8d3d","username":"1623246663@qq.com"},"title":"react hooks的使用","category":"5e181e2ca1a77c95daa48b32","state":2,"__v":0}],"total":4},"code":200}
***** response log end ******

[2020-04-14T16:30:56.468] [INFO] responseLog - 
***** response log start *****
request originalUrl: /api/artical/getList
request client ip: 127.0.0.1
request body
{"where":{},"include":"author","includeword":{"username":1},"limit":10,"skip":0}
response time: 79
response status: 200
response body: 
{"message":"成功","data":{"data":[{"anonymous":false,"introduction":"常见的http状态码大全","imageUrl":"","visitor":11,"commentators":0,"shared":0,"star":1,"starList":["5e4e4999b8620637839d8d3b"],"following":[],"createTime":"2020-02-19T14:39:44.360Z","updateTime":"2020-02-20T09:35:33.533Z","_id":"5e4e4aa2b8620637839d8d3c","author":{"_id":"5e4e4cf6b8620637839d8d3d","username":"1623246663@qq.com"},"title":"http状态码","category":"5e181e5aa1a77c95daa48b33","state":2,"__v":0},{"anonymous":false,"introduction":"第一次使用nuxt.js，记录一下常用的点，后期会持续改进。","imageUrl":"","visitor":11,"commentators":0,"shared":0,"star":1,"starList":["5e4e4cf6b8620637839d8d3d"],"following":[],"createTime":"2020-02-19T14:39:44.360Z","updateTime":"2020-03-12T10:19:28.739Z","_id":"5e5ca8efb8620637839d8d40","author":{"_id":"5e4e4999b8620637839d8d3b","username":"rd_1985@163.com"},"title":"Nuxt.js初探","category":"5e181e2ca1a77c95daa48b32","state":2,"__v":0},{"anonymous":false,"introduction":"hooks","imageUrl":"","visitor":0,"commentators":0,"shared":0,"star":0,"starList":[],"following":[],"createTime":"2020-02-19T14:39:44.360Z","updateTime":"2020-03-12T10:34:06.433Z","_id":"5e6a101eb8620637839d8d41","author":{"_id":"5e4e4cf6b8620637839d8d3d","username":"1623246663@qq.com"},"title":"react hooks的使用","category":"5e181e2ca1a77c95daa48b32","state":2,"__v":0},{"anonymous":false,"introduction":"好些年前做图片上传我都是用的form表单提交到后端，最近改用ajax提交图片，在这里做一下记录。包含在项目中使用的图片压缩。","imageUrl":"","visitor":0,"commentators":0,"shared":0,"star":1,"starList":["5e4e4999b8620637839d8d3b"],"following":[],"createTime":"2020-02-19T14:39:44.360Z","updateTime":"2020-04-07T09:03:51.534Z","_id":"5e846db5b8620637839d8d42","author":{"_id":"5e4e4999b8620637839d8d3b","username":"rd_1985@163.com"},"title":"web端图片上传","category":"5e181e2ca1a77c95daa48b32","state":2,"__v":0}],"total":4},"code":200}
***** response log end ******

[2020-04-14T16:31:39.322] [INFO] responseLog - 
***** response log start *****
request originalUrl: /api/artical/getList
request client ip: 127.0.0.1
request body
{"where":{},"include":"author","includeword":{"username":1},"limit":10,"skip":0}
response time: 77
response status: 200
response body: 
{"message":"成功","data":{"data":[{"anonymous":false,"introduction":"常见的http状态码大全","imageUrl":"","visitor":11,"commentators":0,"shared":0,"star":1,"starList":["5e4e4999b8620637839d8d3b"],"following":[],"createTime":"2020-02-19T14:39:44.360Z","updateTime":"2020-02-20T09:35:33.533Z","_id":"5e4e4aa2b8620637839d8d3c","author":{"_id":"5e4e4cf6b8620637839d8d3d","username":"1623246663@qq.com"},"title":"http状态码","category":"5e181e5aa1a77c95daa48b33","state":2,"__v":0},{"anonymous":false,"introduction":"第一次使用nuxt.js，记录一下常用的点，后期会持续改进。","imageUrl":"","visitor":11,"commentators":0,"shared":0,"star":1,"starList":["5e4e4cf6b8620637839d8d3d"],"following":[],"createTime":"2020-02-19T14:39:44.360Z","updateTime":"2020-03-12T10:19:28.739Z","_id":"5e5ca8efb8620637839d8d40","author":{"_id":"5e4e4999b8620637839d8d3b","username":"rd_1985@163.com"},"title":"Nuxt.js初探","category":"5e181e2ca1a77c95daa48b32","state":2,"__v":0},{"anonymous":false,"introduction":"hooks","imageUrl":"","visitor":0,"commentators":0,"shared":0,"star":0,"starList":[],"following":[],"createTime":"2020-02-19T14:39:44.360Z","updateTime":"2020-03-12T10:34:06.433Z","_id":"5e6a101eb8620637839d8d41","author":{"_id":"5e4e4cf6b8620637839d8d3d","username":"1623246663@qq.com"},"title":"react hooks的使用","category":"5e181e2ca1a77c95daa48b32","state":2,"__v":0},{"anonymous":false,"introduction":"好些年前做图片上传我都是用的form表单提交到后端，最近改用ajax提交图片，在这里做一下记录。包含在项目中使用的图片压缩。","imageUrl":"","visitor":0,"commentators":0,"shared":0,"star":1,"starList":["5e4e4999b8620637839d8d3b"],"following":[],"createTime":"2020-02-19T14:39:44.360Z","updateTime":"2020-04-07T09:03:51.534Z","_id":"5e846db5b8620637839d8d42","author":{"_id":"5e4e4999b8620637839d8d3b","username":"rd_1985@163.com"},"title":"web端图片上传","category":"5e181e2ca1a77c95daa48b32","state":2,"__v":0}],"total":4},"code":200}
***** response log end ******

[2020-04-14T16:31:39.324] [INFO] responseLog - 
***** response log start *****
request originalUrl: /api/artical/getList
request client ip: 127.0.0.1
request body
{"limit":5,"order":{"star":-1},"include":"author","includeword":{"username":1}}
response time: 80
response status: 200
response body: 
{"message":"成功","data":{"data":[{"anonymous":false,"introduction":"常见的http状态码大全","imageUrl":"","visitor":11,"commentators":0,"shared":0,"star":1,"starList":["5e4e4999b8620637839d8d3b"],"following":[],"createTime":"2020-02-19T14:39:44.360Z","updateTime":"2020-02-20T09:35:33.533Z","_id":"5e4e4aa2b8620637839d8d3c","author":{"_id":"5e4e4cf6b8620637839d8d3d","username":"1623246663@qq.com"},"title":"http状态码","category":"5e181e5aa1a77c95daa48b33","state":2,"__v":0},{"anonymous":false,"introduction":"第一次使用nuxt.js，记录一下常用的点，后期会持续改进。","imageUrl":"","visitor":11,"commentators":0,"shared":0,"star":1,"starList":["5e4e4cf6b8620637839d8d3d"],"following":[],"createTime":"2020-02-19T14:39:44.360Z","updateTime":"2020-03-12T10:19:28.739Z","_id":"5e5ca8efb8620637839d8d40","author":{"_id":"5e4e4999b8620637839d8d3b","username":"rd_1985@163.com"},"title":"Nuxt.js初探","category":"5e181e2ca1a77c95daa48b32","state":2,"__v":0},{"anonymous":false,"introduction":"好些年前做图片上传我都是用的form表单提交到后端，最近改用ajax提交图片，在这里做一下记录。包含在项目中使用的图片压缩。","imageUrl":"","visitor":0,"commentators":0,"shared":0,"star":1,"starList":["5e4e4999b8620637839d8d3b"],"following":[],"createTime":"2020-02-19T14:39:44.360Z","updateTime":"2020-04-07T09:03:51.534Z","_id":"5e846db5b8620637839d8d42","author":{"_id":"5e4e4999b8620637839d8d3b","username":"rd_1985@163.com"},"title":"web端图片上传","category":"5e181e2ca1a77c95daa48b32","state":2,"__v":0},{"anonymous":false,"introduction":"hooks","imageUrl":"","visitor":0,"commentators":0,"shared":0,"star":0,"starList":[],"following":[],"createTime":"2020-02-19T14:39:44.360Z","updateTime":"2020-03-12T10:34:06.433Z","_id":"5e6a101eb8620637839d8d41","author":{"_id":"5e4e4cf6b8620637839d8d3d","username":"1623246663@qq.com"},"title":"react hooks的使用","category":"5e181e2ca1a77c95daa48b32","state":2,"__v":0}],"total":4},"code":200}
***** response log end ******

[2020-04-14T16:32:03.491] [INFO] responseLog - 
***** response log start *****
request originalUrl: /api/artical/getList
request client ip: 127.0.0.1
request body
{"where":{},"include":"author","includeword":{"username":1},"limit":10,"skip":0}
response time: 78
response status: 200
response body: 
{"message":"成功","data":{"data":[{"anonymous":false,"introduction":"常见的http状态码大全","imageUrl":"","visitor":11,"commentators":0,"shared":0,"star":1,"starList":["5e4e4999b8620637839d8d3b"],"following":[],"createTime":"2020-02-19T14:39:44.360Z","updateTime":"2020-02-20T09:35:33.533Z","_id":"5e4e4aa2b8620637839d8d3c","author":{"_id":"5e4e4cf6b8620637839d8d3d","username":"1623246663@qq.com"},"title":"http状态码","category":"5e181e5aa1a77c95daa48b33","state":2,"__v":0},{"anonymous":false,"introduction":"第一次使用nuxt.js，记录一下常用的点，后期会持续改进。","imageUrl":"","visitor":11,"commentators":0,"shared":0,"star":1,"starList":["5e4e4cf6b8620637839d8d3d"],"following":[],"createTime":"2020-02-19T14:39:44.360Z","updateTime":"2020-03-12T10:19:28.739Z","_id":"5e5ca8efb8620637839d8d40","author":{"_id":"5e4e4999b8620637839d8d3b","username":"rd_1985@163.com"},"title":"Nuxt.js初探","category":"5e181e2ca1a77c95daa48b32","state":2,"__v":0},{"anonymous":false,"introduction":"hooks","imageUrl":"","visitor":0,"commentators":0,"shared":0,"star":0,"starList":[],"following":[],"createTime":"2020-02-19T14:39:44.360Z","updateTime":"2020-03-12T10:34:06.433Z","_id":"5e6a101eb8620637839d8d41","author":{"_id":"5e4e4cf6b8620637839d8d3d","username":"1623246663@qq.com"},"title":"react hooks的使用","category":"5e181e2ca1a77c95daa48b32","state":2,"__v":0},{"anonymous":false,"introduction":"好些年前做图片上传我都是用的form表单提交到后端，最近改用ajax提交图片，在这里做一下记录。包含在项目中使用的图片压缩。","imageUrl":"","visitor":0,"commentators":0,"shared":0,"star":1,"starList":["5e4e4999b8620637839d8d3b"],"following":[],"createTime":"2020-02-19T14:39:44.360Z","updateTime":"2020-04-07T09:03:51.534Z","_id":"5e846db5b8620637839d8d42","author":{"_id":"5e4e4999b8620637839d8d3b","username":"rd_1985@163.com"},"title":"web端图片上传","category":"5e181e2ca1a77c95daa48b32","state":2,"__v":0}],"total":4},"code":200}
***** response log end ******

[2020-04-14T16:32:03.496] [INFO] responseLog - 
***** response log start *****
request originalUrl: /api/artical/getList
request client ip: 127.0.0.1
request body
{"limit":5,"order":{"star":-1},"include":"author","includeword":{"username":1}}
response time: 82
response status: 200
response body: 
{"message":"成功","data":{"data":[{"anonymous":false,"introduction":"常见的http状态码大全","imageUrl":"","visitor":11,"commentators":0,"shared":0,"star":1,"starList":["5e4e4999b8620637839d8d3b"],"following":[],"createTime":"2020-02-19T14:39:44.360Z","updateTime":"2020-02-20T09:35:33.533Z","_id":"5e4e4aa2b8620637839d8d3c","author":{"_id":"5e4e4cf6b8620637839d8d3d","username":"1623246663@qq.com"},"title":"http状态码","category":"5e181e5aa1a77c95daa48b33","state":2,"__v":0},{"anonymous":false,"introduction":"第一次使用nuxt.js，记录一下常用的点，后期会持续改进。","imageUrl":"","visitor":11,"commentators":0,"shared":0,"star":1,"starList":["5e4e4cf6b8620637839d8d3d"],"following":[],"createTime":"2020-02-19T14:39:44.360Z","updateTime":"2020-03-12T10:19:28.739Z","_id":"5e5ca8efb8620637839d8d40","author":{"_id":"5e4e4999b8620637839d8d3b","username":"rd_1985@163.com"},"title":"Nuxt.js初探","category":"5e181e2ca1a77c95daa48b32","state":2,"__v":0},{"anonymous":false,"introduction":"好些年前做图片上传我都是用的form表单提交到后端，最近改用ajax提交图片，在这里做一下记录。包含在项目中使用的图片压缩。","imageUrl":"","visitor":0,"commentators":0,"shared":0,"star":1,"starList":["5e4e4999b8620637839d8d3b"],"following":[],"createTime":"2020-02-19T14:39:44.360Z","updateTime":"2020-04-07T09:03:51.534Z","_id":"5e846db5b8620637839d8d42","author":{"_id":"5e4e4999b8620637839d8d3b","username":"rd_1985@163.com"},"title":"web端图片上传","category":"5e181e2ca1a77c95daa48b32","state":2,"__v":0},{"anonymous":false,"introduction":"hooks","imageUrl":"","visitor":0,"commentators":0,"shared":0,"star":0,"starList":[],"following":[],"createTime":"2020-02-19T14:39:44.360Z","updateTime":"2020-03-12T10:34:06.433Z","_id":"5e6a101eb8620637839d8d41","author":{"_id":"5e4e4cf6b8620637839d8d3d","username":"1623246663@qq.com"},"title":"react hooks的使用","category":"5e181e2ca1a77c95daa48b32","state":2,"__v":0}],"total":4},"code":200}
***** response log end ******

[2020-04-14T16:32:11.726] [INFO] responseLog - 
***** response log start *****
request originalUrl: /api/artical/getDetail?id=5e5ca8efb8620637839d8d40&t=1586853131588
request client ip: 127.0.0.1
request query: {"id":"5e5ca8efb8620637839d8d40","t":"1586853131588"}
response time: 63
response status: 200
response body: 
{"message":"成功","data":{"anonymous":false,"introduction":"第一次使用nuxt.js，记录一下常用的点，后期会持续改进。","imageUrl":"","visitor":11,"commentators":0,"shared":0,"star":1,"starList":["5e4e4cf6b8620637839d8d3d"],"following":[],"createTime":"2020-02-19T14:39:44.360Z","updateTime":"2020-03-12T10:19:28.739Z","_id":"5e5ca8efb8620637839d8d40","author":{"email":"","avatar":"","createTime":"2020-02-19T14:39:44.380Z","updateTime":"2020-02-20T08:55:53.246Z","_id":"5e4e4999b8620637839d8d3b","username":"rd_1985@163.com","__v":0},"title":"Nuxt.js初探","content":"> Nuxt.js是一款基于vue.js生态的开源框架。我主要用来它做服务器端渲染，它还可以用来做为静态站生成器。\n\n## 为什么要用Nuxt.js\n我们用框架（vue或react）开发一个项目，页面在最开始加载的时候，是个空页面，页面body中只有一个div，我们需要从后台获取数据，通过框架把组件生成dom填充到页面上，才能呈现最终页面。\n\n##### 所以就产生了问题：\n1. SEO不能抓取内容\n2. 获取数据阶段页面是空白的\n3. ...\n\n##### 如何解决问题呢？\nvue官方给出的解决办法是服务器端渲染（SSR）（只部分页面的话也可以用Prerendering）。SSR就是将组件渲染为服务器端的HTML字符串，直接发送到浏览器。它需要依赖vue-server-renderer，客户端和服务器端代码都需要额外处理，感觉很麻烦（可能是我没认真看）。官方推荐使用Nuxt.js。\n\n## Nuxt.js开始一个项目\n\n##### 创建一个项目\n```\nnpx create-nuxt-app <项目名>\n```\n然后就是配置信息\n\n这里需要注意的是，choose rendering mode：Universal（SSR）or Single Page App。**推荐选择Universal（SSR）**。因为Single Page App模式只被搜索引擎收录一个页面，而Universal（SSR）会收录所有的路由页面（百度查找的）。可以在`nuxt.config.js`中`mode`里找到。\n\n##### 运行\n`npm run dev`，它运行的是`nuxt`命令\n\n##### 编译打包\n`npm run build`，它运行的是`nuxt build`命令\n\n##### 生产上运行。以生产模式启动一个Web服务器 (需要先执行nuxt build)。\n`npm start`，它运行的是`nuxt start`命令\n\n## 配置页面头部信息\n在`nuxt.config.js`中配置`head`\n```\n  head: {\n    meta: [\n      { charset: 'utf-8' },\n      { name: 'viewport', content: 'width=device-width, initial-scale=1, user-scalable=no, shrink-to-fit=no' },\n      { 'http-equiv': 'X-UA-Compatible', 'content': 'IE-edge' },\n      { hid: 'description', name: 'description', content: process.env.npm_package_description || '' }\n    ],\n    title: '春香' || process.env.npm_package_name || '',\n    link: [\n      { rel: 'icon', type: 'image/x-icon', href: '/favicon.ico' }\n    ]\n  }\n```\n\n## 请求代理\n如果我们需要把以某个字段开始的请求，代理到另一个服务上，需要在`nuxt.config.js`中配置`proxy`。\n```\n  proxy: {\n    '/api': {\n      target: 'http://localhost:9000',\n      changeOrigin: true,\n      pathRewrite: {\n        '^/api': '/api'\n      }\n    }\n  },\n```\n## vuex使用\n在`store`文件夹下新建`index.js`，内容如下：\n```\nexport const state = () => ({\n  isLogin: false,\n  username: '',\n  activeIndex: 0,\n  categories: []\n})\n\nexport const mutations = {\n  setLogin (state, isLogin) {\n    state.isLogin = isLogin\n  },\n  setUsername (state, username) {\n    state.username = username\n  },\n  setActiveIndex (state, index) {\n    state.activeIndex = index\n  },\n  setCategory (state, categories) {\n    state.categories = [...categories]\n  }\n}\n```\n在组件中使用`this.$store`\n\n我把vuex的数据做了**持久化**，用的`vuex-persistedstate`。\n\n首先在`plugins`文件夹下新建`localStorage.js`，内容：\n```\nimport createPersistedState from 'vuex-persistedstate'\n\nexport default ({store}) => {\n  createPersistedState({\n    storage: window.sessionStorage\n  })(store)\n}\n```\n然后在`nuxt.config.js`中配置`plugins`，`ssr: false`。\n```\n  plugins: [\n    { src: '@/plugins/localStorage.js', ssr: false }\n  ],\n```\n## 路由\n写在`pages`文件夹里的`.vue`文件，默认会生成一个路由，路径为文件名。\n\n我们有时候需要全局的路由守卫，需要在`plugins`文件夹下新建`router.js`，内容：\n```\nimport globalConfig from '@/config'\nexport default ({ app }) => {\n  app.router.beforeEach((to, from, next) => {\n    if (globalConfig.cancelTokenList && globalConfig.cancelTokenList.length) {\n      globalConfig.cancelTokenList.forEach(request => {\n        request.cancel()\n      })\n    }\n    globalConfig.cancelTokenList = []\n    next()\n  })\n}\n```\n然后在`nuxt.config.js`中配置`plugins`，`ssr: true`。\n```\n  plugins: [\n    { src: '@/plugins/router.js', ssr: true },\n  ],\n```\n通过这种方式可以获取到一些实例，如app、store...\n\n## vue扩展插件或方法\n给vue添加过滤器或使用UI框架，方法都差不多。下面以过滤器为例。\n\n在`plugins`文件夹下新建`filter.js`，内容：\n```\nimport Vue from 'vue'\nimport moment from 'moment'\n\nexport default () => {\n  Vue.filter('formatTime', function (time) {\n    return moment(time).format('YYYY-MM-DD HH:mm:ss')\n  })\n  Vue.filter('username', function (val) {\n    return val.replace(/(\\d{3})\\d{4}(\\d{}4)/, '$1****$2')\n  })\n}\n```\n然后在`nuxt.config.js`中配置`plugins`，`ssr: true`。\n```\n  plugins: [\n    { src: '@/plugins/filter.js', ssr: true },\n  ],\n```\n\n## 全局的$nuxt\n有时候我们需要在外部js中获取一些全局对象，譬如，我们需要在axios的请求拦截里，做store存储，或在返回拦截里，清除一些登录状态。这时候可以用$nuxt.$store（如果有更好的，请告诉我）,$nuxt对象得页面初始化完了才可以拿到。\n```\n$request.interceptors.response.use(response => {\n  loading.end()\n  if (response.data.code === 401) { // 未登录状态 清除用户信息\n    // 清除用户信息\n    $nuxt.$store.commit('setLogin', false)\n    $nuxt.$store.commit('setUsername', '')\n  }\n  if (response.data.code !== 200) {\n    Message({\n      message: response.data.message\n    })\n  }\n  return response.data\n}, error => {\n  // 这里返回系统错误，可以在这里做统一处理\n  loading.end()\n  Message({\n    message: '服务出错了'\n  })\n  return Promise.reject(error)\n})\n```\n## 异步数据\n`nuxt.js`提供了`asyncData`方法，让我们在**设置组件的数据之前**能异步获取或处理数据。`asyncData`方法返回的数据与`data`方法返回的数据，一并返回给当前组件。\n```\nexport default {\n  asyncData ({ params }) {\n    return axios.get(`https://my-api/posts/${params.id}`)\n      .then((res) => {\n        return { title: res.data.title }\n      })\n  }\n}\n```\n\n## 最后附上我的`nuxt.config.js`配置\n```\n\nexport default {\n  mode: 'universal',\n  /*\n  ** Headers of the page\n  */\n  head: {\n    meta: [\n      { charset: 'utf-8' },\n      { name: 'viewport', content: 'width=device-width, initial-scale=1, user-scalable=no, shrink-to-fit=no' },\n      { 'http-equiv': 'X-UA-Compatible', 'content': 'IE-edge' },\n      { hid: 'description', name: 'description', content: process.env.npm_package_description || '' }\n    ],\n    title: '春香' || process.env.npm_package_name || '',\n    link: [\n      { rel: 'icon', type: 'image/x-icon', href: '/favicon.ico' }\n    ]\n  },\n  /*\n  ** Customize the progress-bar color\n  */\n  loading: { color: '#fff' },\n  /*\n  ** Global CSS\n  */\n  css: ['normalize.css', '@/assets/font/iconfont.css', '@/assets/css/main.css', '@/assets/sass/common.scss'],\n  /*\n  ** Plugins to load before mounting the App\n  */\n  plugins: [\n    { src: '@/plugins/vue-mavon-editor', ssr: true },\n    { src: '@/plugins/element-ui', ssr: true },\n    { src: '@/plugins/router.js', ssr: true },\n    { src: '@/plugins/filter.js', ssr: true },\n    { src: '@/plugins/localStorage.js', ssr: false }\n  ],\n  /*\n  ** Nuxt.js dev-modules\n  */\n  buildModules: [\n  ],\n  /*\n  ** Nuxt.js modules\n  */\n  modules: ['@nuxtjs/axios'],\n  axios: {\n    proxy: true\n  },\n  proxy: {\n    '/api': {\n      target: 'http://localhost:9000',\n      changeOrigin: true,\n      pathRewrite: {\n        '^/api': '/api'\n      }\n    }\n  },\n  /*\n  ** Build configuration\n  */\n  build: {\n    babel: {\n      plugins: [\n        [\"component\", {\"libraryName\": \"element-ui\", \"styleLibraryName\": \"theme-chalk\"}]\n      ]\n    },\n    /*\n    ** You can extend webpack config here\n    */\n    extend (config, ctx) {\n    }\n  }\n}\n\n```\n","category":"5e181e2ca1a77c95daa48b32","state":2,"__v":0,"isAlreadyStar":false},"code":200}
***** response log end ******

[2020-04-14T16:32:18.165] [INFO] responseLog - 
***** response log start *****
request originalUrl: /api/artical/getList
request client ip: 127.0.0.1
request body
{"limit":5,"order":{"star":-1},"include":"author","includeword":{"username":1}}
response time: 75
response status: 200
response body: 
{"message":"成功","data":{"data":[{"anonymous":false,"introduction":"常见的http状态码大全","imageUrl":"","visitor":11,"commentators":0,"shared":0,"star":1,"starList":["5e4e4999b8620637839d8d3b"],"following":[],"createTime":"2020-02-19T14:39:44.360Z","updateTime":"2020-02-20T09:35:33.533Z","_id":"5e4e4aa2b8620637839d8d3c","author":{"_id":"5e4e4cf6b8620637839d8d3d","username":"1623246663@qq.com"},"title":"http状态码","category":"5e181e5aa1a77c95daa48b33","state":2,"__v":0},{"anonymous":false,"introduction":"第一次使用nuxt.js，记录一下常用的点，后期会持续改进。","imageUrl":"","visitor":12,"commentators":0,"shared":0,"star":1,"starList":["5e4e4cf6b8620637839d8d3d"],"following":[],"createTime":"2020-02-19T14:39:44.360Z","updateTime":"2020-03-12T10:19:28.739Z","_id":"5e5ca8efb8620637839d8d40","author":{"_id":"5e4e4999b8620637839d8d3b","username":"rd_1985@163.com"},"title":"Nuxt.js初探","category":"5e181e2ca1a77c95daa48b32","state":2,"__v":0},{"anonymous":false,"introduction":"好些年前做图片上传我都是用的form表单提交到后端，最近改用ajax提交图片，在这里做一下记录。包含在项目中使用的图片压缩。","imageUrl":"","visitor":0,"commentators":0,"shared":0,"star":1,"starList":["5e4e4999b8620637839d8d3b"],"following":[],"createTime":"2020-02-19T14:39:44.360Z","updateTime":"2020-04-07T09:03:51.534Z","_id":"5e846db5b8620637839d8d42","author":{"_id":"5e4e4999b8620637839d8d3b","username":"rd_1985@163.com"},"title":"web端图片上传","category":"5e181e2ca1a77c95daa48b32","state":2,"__v":0},{"anonymous":false,"introduction":"hooks","imageUrl":"","visitor":0,"commentators":0,"shared":0,"star":0,"starList":[],"following":[],"createTime":"2020-02-19T14:39:44.360Z","updateTime":"2020-03-12T10:34:06.433Z","_id":"5e6a101eb8620637839d8d41","author":{"_id":"5e4e4cf6b8620637839d8d3d","username":"1623246663@qq.com"},"title":"react hooks的使用","category":"5e181e2ca1a77c95daa48b32","state":2,"__v":0}],"total":4},"code":200}
***** response log end ******

[2020-04-14T16:32:18.167] [INFO] responseLog - 
***** response log start *****
request originalUrl: /api/artical/getList
request client ip: 127.0.0.1
request body
{"where":{},"include":"author","includeword":{"username":1},"limit":10,"skip":0}
response time: 78
response status: 200
response body: 
{"message":"成功","data":{"data":[{"anonymous":false,"introduction":"常见的http状态码大全","imageUrl":"","visitor":11,"commentators":0,"shared":0,"star":1,"starList":["5e4e4999b8620637839d8d3b"],"following":[],"createTime":"2020-02-19T14:39:44.360Z","updateTime":"2020-02-20T09:35:33.533Z","_id":"5e4e4aa2b8620637839d8d3c","author":{"_id":"5e4e4cf6b8620637839d8d3d","username":"1623246663@qq.com"},"title":"http状态码","category":"5e181e5aa1a77c95daa48b33","state":2,"__v":0},{"anonymous":false,"introduction":"第一次使用nuxt.js，记录一下常用的点，后期会持续改进。","imageUrl":"","visitor":12,"commentators":0,"shared":0,"star":1,"starList":["5e4e4cf6b8620637839d8d3d"],"following":[],"createTime":"2020-02-19T14:39:44.360Z","updateTime":"2020-03-12T10:19:28.739Z","_id":"5e5ca8efb8620637839d8d40","author":{"_id":"5e4e4999b8620637839d8d3b","username":"rd_1985@163.com"},"title":"Nuxt.js初探","category":"5e181e2ca1a77c95daa48b32","state":2,"__v":0},{"anonymous":false,"introduction":"hooks","imageUrl":"","visitor":0,"commentators":0,"shared":0,"star":0,"starList":[],"following":[],"createTime":"2020-02-19T14:39:44.360Z","updateTime":"2020-03-12T10:34:06.433Z","_id":"5e6a101eb8620637839d8d41","author":{"_id":"5e4e4cf6b8620637839d8d3d","username":"1623246663@qq.com"},"title":"react hooks的使用","category":"5e181e2ca1a77c95daa48b32","state":2,"__v":0},{"anonymous":false,"introduction":"好些年前做图片上传我都是用的form表单提交到后端，最近改用ajax提交图片，在这里做一下记录。包含在项目中使用的图片压缩。","imageUrl":"","visitor":0,"commentators":0,"shared":0,"star":1,"starList":["5e4e4999b8620637839d8d3b"],"following":[],"createTime":"2020-02-19T14:39:44.360Z","updateTime":"2020-04-07T09:03:51.534Z","_id":"5e846db5b8620637839d8d42","author":{"_id":"5e4e4999b8620637839d8d3b","username":"rd_1985@163.com"},"title":"web端图片上传","category":"5e181e2ca1a77c95daa48b32","state":2,"__v":0}],"total":4},"code":200}
***** response log end ******

[2020-04-14T16:32:47.836] [INFO] responseLog - 
***** response log start *****
request originalUrl: /api/artical/getList
request client ip: 127.0.0.1
request body
{"where":{"category":"5e181e5aa1a77c95daa48b33"},"include":"author","includeword":{"username":1},"limit":10,"skip":0}
response time: 81
response status: 200
response body: 
{"message":"成功","data":{"data":[{"anonymous":false,"introduction":"常见的http状态码大全","imageUrl":"","visitor":11,"commentators":0,"shared":0,"star":1,"starList":["5e4e4999b8620637839d8d3b"],"following":[],"createTime":"2020-02-19T14:39:44.360Z","updateTime":"2020-02-20T09:35:33.533Z","_id":"5e4e4aa2b8620637839d8d3c","author":{"_id":"5e4e4cf6b8620637839d8d3d","username":"1623246663@qq.com"},"title":"http状态码","category":"5e181e5aa1a77c95daa48b33","state":2,"__v":0}],"total":1},"code":200}
***** response log end ******

[2020-04-14T16:32:49.084] [INFO] responseLog - 
***** response log start *****
request originalUrl: /api/artical/getList
request client ip: 127.0.0.1
request body
{"where":{"category":"5e181e67a1a77c95daa48b34"},"include":"author","includeword":{"username":1},"limit":10,"skip":0}
response time: 47
response status: 200
response body: 
{"message":"成功","data":{"data":[],"total":0},"code":200}
***** response log end ******

[2020-04-14T16:32:50.316] [INFO] responseLog - 
***** response log start *****
request originalUrl: /api/artical/getList
request client ip: 127.0.0.1
request body
{"where":{"category":"5e181e6fa1a77c95daa48b35"},"include":"author","includeword":{"username":1},"limit":10,"skip":0}
response time: 55
response status: 200
response body: 
{"message":"成功","data":{"data":[],"total":0},"code":200}
***** response log end ******

[2020-04-14T16:32:51.633] [INFO] responseLog - 
***** response log start *****
request originalUrl: /api/artical/getList
request client ip: 127.0.0.1
request body
{"where":{"category":"5e181e77a1a77c95daa48b36"},"include":"author","includeword":{"username":1},"limit":10,"skip":0}
response time: 52
response status: 200
response body: 
{"message":"成功","data":{"data":[],"total":0},"code":200}
***** response log end ******

[2020-04-14T16:32:52.824] [INFO] responseLog - 
***** response log start *****
request originalUrl: /api/artical/getList
request client ip: 127.0.0.1
request body
{"where":{"category":"5e181e5aa1a77c95daa48b33"},"include":"author","includeword":{"username":1},"limit":10,"skip":0}
response time: 74
response status: 200
response body: 
{"message":"成功","data":{"data":[{"anonymous":false,"introduction":"常见的http状态码大全","imageUrl":"","visitor":11,"commentators":0,"shared":0,"star":1,"starList":["5e4e4999b8620637839d8d3b"],"following":[],"createTime":"2020-02-19T14:39:44.360Z","updateTime":"2020-02-20T09:35:33.533Z","_id":"5e4e4aa2b8620637839d8d3c","author":{"_id":"5e4e4cf6b8620637839d8d3d","username":"1623246663@qq.com"},"title":"http状态码","category":"5e181e5aa1a77c95daa48b33","state":2,"__v":0}],"total":1},"code":200}
***** response log end ******

[2020-04-14T16:41:15.101] [INFO] responseLog - 
***** response log start *****
request originalUrl: /api/artical/getList
request client ip: 127.0.0.1
request body
{"where":{},"include":"author","includeword":{"username":1},"limit":10,"skip":0}
response time: 152
response status: 200
response body: 
{"message":"成功","data":{"data":[{"anonymous":false,"introduction":"常见的http状态码大全","imageUrl":"","visitor":11,"commentators":0,"shared":0,"star":1,"starList":["5e4e4999b8620637839d8d3b"],"following":[],"createTime":"2020-02-19T14:39:44.360Z","updateTime":"2020-02-20T09:35:33.533Z","_id":"5e4e4aa2b8620637839d8d3c","author":{"_id":"5e4e4cf6b8620637839d8d3d","username":"1623246663@qq.com"},"title":"http状态码","category":"5e181e5aa1a77c95daa48b33","state":2,"__v":0},{"anonymous":false,"introduction":"第一次使用nuxt.js，记录一下常用的点，后期会持续改进。","imageUrl":"","visitor":12,"commentators":0,"shared":0,"star":1,"starList":["5e4e4cf6b8620637839d8d3d"],"following":[],"createTime":"2020-02-19T14:39:44.360Z","updateTime":"2020-03-12T10:19:28.739Z","_id":"5e5ca8efb8620637839d8d40","author":{"_id":"5e4e4999b8620637839d8d3b","username":"rd_1985@163.com"},"title":"Nuxt.js初探","category":"5e181e2ca1a77c95daa48b32","state":2,"__v":0},{"anonymous":false,"introduction":"hooks","imageUrl":"","visitor":0,"commentators":0,"shared":0,"star":0,"starList":[],"following":[],"createTime":"2020-02-19T14:39:44.360Z","updateTime":"2020-03-12T10:34:06.433Z","_id":"5e6a101eb8620637839d8d41","author":{"_id":"5e4e4cf6b8620637839d8d3d","username":"1623246663@qq.com"},"title":"react hooks的使用","category":"5e181e2ca1a77c95daa48b32","state":2,"__v":0},{"anonymous":false,"introduction":"好些年前做图片上传我都是用的form表单提交到后端，最近改用ajax提交图片，在这里做一下记录。包含在项目中使用的图片压缩。","imageUrl":"","visitor":0,"commentators":0,"shared":0,"star":1,"starList":["5e4e4999b8620637839d8d3b"],"following":[],"createTime":"2020-02-19T14:39:44.360Z","updateTime":"2020-04-07T09:03:51.534Z","_id":"5e846db5b8620637839d8d42","author":{"_id":"5e4e4999b8620637839d8d3b","username":"rd_1985@163.com"},"title":"web端图片上传","category":"5e181e2ca1a77c95daa48b32","state":2,"__v":0}],"total":4},"code":200}
***** response log end ******

[2020-04-14T16:41:46.560] [INFO] responseLog - 
***** response log start *****
request originalUrl: /api/user/signIn
request client ip: 127.0.0.1
request body
{"username":"rd_1985@163.com","password":"1985zrd"}
response time: 21
response status: 200
response body: 
{"message":"成功","data":{"username":"rd_1985@163.com"},"code":200}
***** response log end ******

[2020-04-14T16:43:05.544] [INFO] responseLog - 
***** response log start *****
request originalUrl: /api/artical/getList
request client ip: 127.0.0.1
request body
{"limit":5,"order":{"star":-1},"include":"author","includeword":{"username":1}}
response time: 98
response status: 200
response body: 
{"message":"成功","data":{"data":[{"anonymous":false,"introduction":"常见的http状态码大全","imageUrl":"","visitor":11,"commentators":0,"shared":0,"star":1,"starList":["5e4e4999b8620637839d8d3b"],"following":[],"createTime":"2020-02-19T14:39:44.360Z","updateTime":"2020-02-20T09:35:33.533Z","_id":"5e4e4aa2b8620637839d8d3c","author":{"_id":"5e4e4cf6b8620637839d8d3d","username":"1623246663@qq.com"},"title":"http状态码","category":"5e181e5aa1a77c95daa48b33","state":2,"__v":0},{"anonymous":false,"introduction":"第一次使用nuxt.js，记录一下常用的点，后期会持续改进。","imageUrl":"","visitor":12,"commentators":0,"shared":0,"star":1,"starList":["5e4e4cf6b8620637839d8d3d"],"following":[],"createTime":"2020-02-19T14:39:44.360Z","updateTime":"2020-03-12T10:19:28.739Z","_id":"5e5ca8efb8620637839d8d40","author":{"_id":"5e4e4999b8620637839d8d3b","username":"rd_1985@163.com"},"title":"Nuxt.js初探","category":"5e181e2ca1a77c95daa48b32","state":2,"__v":0},{"anonymous":false,"introduction":"好些年前做图片上传我都是用的form表单提交到后端，最近改用ajax提交图片，在这里做一下记录。包含在项目中使用的图片压缩。","imageUrl":"","visitor":0,"commentators":0,"shared":0,"star":1,"starList":["5e4e4999b8620637839d8d3b"],"following":[],"createTime":"2020-02-19T14:39:44.360Z","updateTime":"2020-04-07T09:03:51.534Z","_id":"5e846db5b8620637839d8d42","author":{"_id":"5e4e4999b8620637839d8d3b","username":"rd_1985@163.com"},"title":"web端图片上传","category":"5e181e2ca1a77c95daa48b32","state":2,"__v":0},{"anonymous":false,"introduction":"hooks","imageUrl":"","visitor":0,"commentators":0,"shared":0,"star":0,"starList":[],"following":[],"createTime":"2020-02-19T14:39:44.360Z","updateTime":"2020-03-12T10:34:06.433Z","_id":"5e6a101eb8620637839d8d41","author":{"_id":"5e4e4cf6b8620637839d8d3d","username":"1623246663@qq.com"},"title":"react hooks的使用","category":"5e181e2ca1a77c95daa48b32","state":2,"__v":0}],"total":4},"code":200}
***** response log end ******

[2020-04-14T16:43:05.562] [INFO] responseLog - 
***** response log start *****
request originalUrl: /api/artical/getList
request client ip: 127.0.0.1
request body
{"where":{},"include":"author","includeword":{"username":1},"limit":10,"skip":0}
response time: 115
response status: 200
response body: 
{"message":"成功","data":{"data":[{"anonymous":false,"introduction":"常见的http状态码大全","imageUrl":"","visitor":11,"commentators":0,"shared":0,"star":1,"starList":["5e4e4999b8620637839d8d3b"],"following":[],"createTime":"2020-02-19T14:39:44.360Z","updateTime":"2020-02-20T09:35:33.533Z","_id":"5e4e4aa2b8620637839d8d3c","author":{"_id":"5e4e4cf6b8620637839d8d3d","username":"1623246663@qq.com"},"title":"http状态码","category":"5e181e5aa1a77c95daa48b33","state":2,"__v":0},{"anonymous":false,"introduction":"第一次使用nuxt.js，记录一下常用的点，后期会持续改进。","imageUrl":"","visitor":12,"commentators":0,"shared":0,"star":1,"starList":["5e4e4cf6b8620637839d8d3d"],"following":[],"createTime":"2020-02-19T14:39:44.360Z","updateTime":"2020-03-12T10:19:28.739Z","_id":"5e5ca8efb8620637839d8d40","author":{"_id":"5e4e4999b8620637839d8d3b","username":"rd_1985@163.com"},"title":"Nuxt.js初探","category":"5e181e2ca1a77c95daa48b32","state":2,"__v":0},{"anonymous":false,"introduction":"hooks","imageUrl":"","visitor":0,"commentators":0,"shared":0,"star":0,"starList":[],"following":[],"createTime":"2020-02-19T14:39:44.360Z","updateTime":"2020-03-12T10:34:06.433Z","_id":"5e6a101eb8620637839d8d41","author":{"_id":"5e4e4cf6b8620637839d8d3d","username":"1623246663@qq.com"},"title":"react hooks的使用","category":"5e181e2ca1a77c95daa48b32","state":2,"__v":0},{"anonymous":false,"introduction":"好些年前做图片上传我都是用的form表单提交到后端，最近改用ajax提交图片，在这里做一下记录。包含在项目中使用的图片压缩。","imageUrl":"","visitor":0,"commentators":0,"shared":0,"star":1,"starList":["5e4e4999b8620637839d8d3b"],"following":[],"createTime":"2020-02-19T14:39:44.360Z","updateTime":"2020-04-07T09:03:51.534Z","_id":"5e846db5b8620637839d8d42","author":{"_id":"5e4e4999b8620637839d8d3b","username":"rd_1985@163.com"},"title":"web端图片上传","category":"5e181e2ca1a77c95daa48b32","state":2,"__v":0}],"total":4},"code":200}
***** response log end ******

[2020-04-14T16:43:08.657] [INFO] responseLog - 
***** response log start *****
request originalUrl: /api/artical/getList
request client ip: 127.0.0.1
request body
{"where":{},"include":"author","includeword":{"username":1},"limit":10,"skip":0}
response time: 135
response status: 200
response body: 
{"message":"成功","data":{"data":[{"anonymous":false,"introduction":"常见的http状态码大全","imageUrl":"","visitor":11,"commentators":0,"shared":0,"star":1,"starList":["5e4e4999b8620637839d8d3b"],"following":[],"createTime":"2020-02-19T14:39:44.360Z","updateTime":"2020-02-20T09:35:33.533Z","_id":"5e4e4aa2b8620637839d8d3c","author":{"_id":"5e4e4cf6b8620637839d8d3d","username":"1623246663@qq.com"},"title":"http状态码","category":"5e181e5aa1a77c95daa48b33","state":2,"__v":0},{"anonymous":false,"introduction":"第一次使用nuxt.js，记录一下常用的点，后期会持续改进。","imageUrl":"","visitor":12,"commentators":0,"shared":0,"star":1,"starList":["5e4e4cf6b8620637839d8d3d"],"following":[],"createTime":"2020-02-19T14:39:44.360Z","updateTime":"2020-03-12T10:19:28.739Z","_id":"5e5ca8efb8620637839d8d40","author":{"_id":"5e4e4999b8620637839d8d3b","username":"rd_1985@163.com"},"title":"Nuxt.js初探","category":"5e181e2ca1a77c95daa48b32","state":2,"__v":0},{"anonymous":false,"introduction":"hooks","imageUrl":"","visitor":0,"commentators":0,"shared":0,"star":0,"starList":[],"following":[],"createTime":"2020-02-19T14:39:44.360Z","updateTime":"2020-03-12T10:34:06.433Z","_id":"5e6a101eb8620637839d8d41","author":{"_id":"5e4e4cf6b8620637839d8d3d","username":"1623246663@qq.com"},"title":"react hooks的使用","category":"5e181e2ca1a77c95daa48b32","state":2,"__v":0},{"anonymous":false,"introduction":"好些年前做图片上传我都是用的form表单提交到后端，最近改用ajax提交图片，在这里做一下记录。包含在项目中使用的图片压缩。","imageUrl":"","visitor":0,"commentators":0,"shared":0,"star":1,"starList":["5e4e4999b8620637839d8d3b"],"following":[],"createTime":"2020-02-19T14:39:44.360Z","updateTime":"2020-04-07T09:03:51.534Z","_id":"5e846db5b8620637839d8d42","author":{"_id":"5e4e4999b8620637839d8d3b","username":"rd_1985@163.com"},"title":"web端图片上传","category":"5e181e2ca1a77c95daa48b32","state":2,"__v":0}],"total":4},"code":200}
***** response log end ******

[2020-04-14T16:43:08.679] [INFO] responseLog - 
***** response log start *****
request originalUrl: /api/artical/getList
request client ip: 127.0.0.1
request body
{"limit":5,"order":{"star":-1},"include":"author","includeword":{"username":1}}
response time: 155
response status: 200
response body: 
{"message":"成功","data":{"data":[{"anonymous":false,"introduction":"常见的http状态码大全","imageUrl":"","visitor":11,"commentators":0,"shared":0,"star":1,"starList":["5e4e4999b8620637839d8d3b"],"following":[],"createTime":"2020-02-19T14:39:44.360Z","updateTime":"2020-02-20T09:35:33.533Z","_id":"5e4e4aa2b8620637839d8d3c","author":{"_id":"5e4e4cf6b8620637839d8d3d","username":"1623246663@qq.com"},"title":"http状态码","category":"5e181e5aa1a77c95daa48b33","state":2,"__v":0},{"anonymous":false,"introduction":"第一次使用nuxt.js，记录一下常用的点，后期会持续改进。","imageUrl":"","visitor":12,"commentators":0,"shared":0,"star":1,"starList":["5e4e4cf6b8620637839d8d3d"],"following":[],"createTime":"2020-02-19T14:39:44.360Z","updateTime":"2020-03-12T10:19:28.739Z","_id":"5e5ca8efb8620637839d8d40","author":{"_id":"5e4e4999b8620637839d8d3b","username":"rd_1985@163.com"},"title":"Nuxt.js初探","category":"5e181e2ca1a77c95daa48b32","state":2,"__v":0},{"anonymous":false,"introduction":"好些年前做图片上传我都是用的form表单提交到后端，最近改用ajax提交图片，在这里做一下记录。包含在项目中使用的图片压缩。","imageUrl":"","visitor":0,"commentators":0,"shared":0,"star":1,"starList":["5e4e4999b8620637839d8d3b"],"following":[],"createTime":"2020-02-19T14:39:44.360Z","updateTime":"2020-04-07T09:03:51.534Z","_id":"5e846db5b8620637839d8d42","author":{"_id":"5e4e4999b8620637839d8d3b","username":"rd_1985@163.com"},"title":"web端图片上传","category":"5e181e2ca1a77c95daa48b32","state":2,"__v":0},{"anonymous":false,"introduction":"hooks","imageUrl":"","visitor":0,"commentators":0,"shared":0,"star":0,"starList":[],"following":[],"createTime":"2020-02-19T14:39:44.360Z","updateTime":"2020-03-12T10:34:06.433Z","_id":"5e6a101eb8620637839d8d41","author":{"_id":"5e4e4cf6b8620637839d8d3d","username":"1623246663@qq.com"},"title":"react hooks的使用","category":"5e181e2ca1a77c95daa48b32","state":2,"__v":0}],"total":4},"code":200}
***** response log end ******

[2020-04-14T16:43:14.758] [INFO] responseLog - 
***** response log start *****
request originalUrl: /api/artical/getList
request client ip: 127.0.0.1
request body
{"where":{},"include":"author","includeword":{"username":1},"limit":10,"skip":0}
response time: 62
response status: 200
response body: 
{"message":"成功","data":{"data":[{"anonymous":false,"introduction":"常见的http状态码大全","imageUrl":"","visitor":11,"commentators":0,"shared":0,"star":1,"starList":["5e4e4999b8620637839d8d3b"],"following":[],"createTime":"2020-02-19T14:39:44.360Z","updateTime":"2020-02-20T09:35:33.533Z","_id":"5e4e4aa2b8620637839d8d3c","author":{"_id":"5e4e4cf6b8620637839d8d3d","username":"1623246663@qq.com"},"title":"http状态码","category":"5e181e5aa1a77c95daa48b33","state":2,"__v":0},{"anonymous":false,"introduction":"第一次使用nuxt.js，记录一下常用的点，后期会持续改进。","imageUrl":"","visitor":12,"commentators":0,"shared":0,"star":1,"starList":["5e4e4cf6b8620637839d8d3d"],"following":[],"createTime":"2020-02-19T14:39:44.360Z","updateTime":"2020-03-12T10:19:28.739Z","_id":"5e5ca8efb8620637839d8d40","author":{"_id":"5e4e4999b8620637839d8d3b","username":"rd_1985@163.com"},"title":"Nuxt.js初探","category":"5e181e2ca1a77c95daa48b32","state":2,"__v":0},{"anonymous":false,"introduction":"hooks","imageUrl":"","visitor":0,"commentators":0,"shared":0,"star":0,"starList":[],"following":[],"createTime":"2020-02-19T14:39:44.360Z","updateTime":"2020-03-12T10:34:06.433Z","_id":"5e6a101eb8620637839d8d41","author":{"_id":"5e4e4cf6b8620637839d8d3d","username":"1623246663@qq.com"},"title":"react hooks的使用","category":"5e181e2ca1a77c95daa48b32","state":2,"__v":0},{"anonymous":false,"introduction":"好些年前做图片上传我都是用的form表单提交到后端，最近改用ajax提交图片，在这里做一下记录。包含在项目中使用的图片压缩。","imageUrl":"","visitor":0,"commentators":0,"shared":0,"star":1,"starList":["5e4e4999b8620637839d8d3b"],"following":[],"createTime":"2020-02-19T14:39:44.360Z","updateTime":"2020-04-07T09:03:51.534Z","_id":"5e846db5b8620637839d8d42","author":{"_id":"5e4e4999b8620637839d8d3b","username":"rd_1985@163.com"},"title":"web端图片上传","category":"5e181e2ca1a77c95daa48b32","state":2,"__v":0}],"total":4},"code":200}
***** response log end ******

[2020-04-14T16:43:14.762] [INFO] responseLog - 
***** response log start *****
request originalUrl: /api/artical/getList
request client ip: 127.0.0.1
request body
{"limit":5,"order":{"star":-1},"include":"author","includeword":{"username":1}}
response time: 66
response status: 200
response body: 
{"message":"成功","data":{"data":[{"anonymous":false,"introduction":"常见的http状态码大全","imageUrl":"","visitor":11,"commentators":0,"shared":0,"star":1,"starList":["5e4e4999b8620637839d8d3b"],"following":[],"createTime":"2020-02-19T14:39:44.360Z","updateTime":"2020-02-20T09:35:33.533Z","_id":"5e4e4aa2b8620637839d8d3c","author":{"_id":"5e4e4cf6b8620637839d8d3d","username":"1623246663@qq.com"},"title":"http状态码","category":"5e181e5aa1a77c95daa48b33","state":2,"__v":0},{"anonymous":false,"introduction":"第一次使用nuxt.js，记录一下常用的点，后期会持续改进。","imageUrl":"","visitor":12,"commentators":0,"shared":0,"star":1,"starList":["5e4e4cf6b8620637839d8d3d"],"following":[],"createTime":"2020-02-19T14:39:44.360Z","updateTime":"2020-03-12T10:19:28.739Z","_id":"5e5ca8efb8620637839d8d40","author":{"_id":"5e4e4999b8620637839d8d3b","username":"rd_1985@163.com"},"title":"Nuxt.js初探","category":"5e181e2ca1a77c95daa48b32","state":2,"__v":0},{"anonymous":false,"introduction":"好些年前做图片上传我都是用的form表单提交到后端，最近改用ajax提交图片，在这里做一下记录。包含在项目中使用的图片压缩。","imageUrl":"","visitor":0,"commentators":0,"shared":0,"star":1,"starList":["5e4e4999b8620637839d8d3b"],"following":[],"createTime":"2020-02-19T14:39:44.360Z","updateTime":"2020-04-07T09:03:51.534Z","_id":"5e846db5b8620637839d8d42","author":{"_id":"5e4e4999b8620637839d8d3b","username":"rd_1985@163.com"},"title":"web端图片上传","category":"5e181e2ca1a77c95daa48b32","state":2,"__v":0},{"anonymous":false,"introduction":"hooks","imageUrl":"","visitor":0,"commentators":0,"shared":0,"star":0,"starList":[],"following":[],"createTime":"2020-02-19T14:39:44.360Z","updateTime":"2020-03-12T10:34:06.433Z","_id":"5e6a101eb8620637839d8d41","author":{"_id":"5e4e4cf6b8620637839d8d3d","username":"1623246663@qq.com"},"title":"react hooks的使用","category":"5e181e2ca1a77c95daa48b32","state":2,"__v":0}],"total":4},"code":200}
***** response log end ******

[2020-04-14T16:55:38.665] [INFO] responseLog - 
***** response log start *****
request originalUrl: /api/user/signOut
request client ip: 127.0.0.1
request body
{}
response time: 2
response status: 200
response body: 
{"message":"成功","data":{},"code":200}
***** response log end ******

[2020-04-14T16:55:59.369] [INFO] responseLog - 
***** response log start *****
request originalUrl: /api/user/signIn
request client ip: 127.0.0.1
request body
{"username":"rd_1985@163.com","password":"1985zrd"}
response time: 67
response status: 200
response body: 
{"message":"成功","data":{"username":"rd_1985@163.com"},"code":200}
***** response log end ******

[2020-04-14T16:56:08.565] [INFO] responseLog - 
***** response log start *****
request originalUrl: /api/user/userinfo
request client ip: 127.0.0.1
request body
{}
response time: 23
response status: 204
response body: 
undefined
***** response log end ******

[2020-04-14T16:58:55.935] [INFO] responseLog - 
***** response log start *****
request originalUrl: /api/user/signOut
request client ip: 127.0.0.1
request body
{}
response time: 2
response status: 200
response body: 
{"message":"成功","data":{},"code":200}
***** response log end ******

[2020-04-14T16:59:14.881] [INFO] responseLog - 
***** response log start *****
request originalUrl: /api/user/signIn
request client ip: 127.0.0.1
request body
{"username":"rd_1985@163.com","password":"1985zrd"}
response time: 43
response status: 200
response body: 
{"message":"成功","data":{"username":"rd_1985@163.com"},"code":200}
***** response log end ******

[2020-04-14T16:59:18.525] [INFO] responseLog - 
***** response log start *****
request originalUrl: /api/user/userinfo
request client ip: 127.0.0.1
request body
{}
response time: 29
response status: 204
response body: 
undefined
***** response log end ******

[2020-04-14T18:02:20.700] [INFO] responseLog - 
***** response log start *****
request originalUrl: /api/user/signIn
request client ip: 127.0.0.1
request body
{"username":"rd_1985@163.com","password":"1985zrd"}
response time: 60
response status: 200
response body: 
{"message":"成功","data":{"token":{}},"code":200}
***** response log end ******

[2020-04-14T18:03:11.731] [INFO] responseLog - 
***** response log start *****
request originalUrl: /api/user/signOut
request client ip: 127.0.0.1
request body
{}
response time: 18
response status: 200
response body: 
{"message":"成功","data":{},"code":200}
***** response log end ******

