[2020-01-16T18:12:55.428] [ERROR] errorLog - 
***** error log start *****
request originalUrl: /api/user/register
request client ip: 127.0.0.1
request body
{"username":"1d","password":"1","confirmPassword":"1"}
response time: undefined
error name: koa-generic-session set error
error message: Cannot destructure property `changed` of 'undefined' or 'null'.
error stack: koa-generic-session set error: Cannot destructure property `changed` of 'undefined' or 'null'.
    at MongooseStore.set (/Users/zhangrende/Desktop/blog-project/server/node_modules/koa-session-mongoose/lib/index.js:29:13)
    at /Users/zhangrende/Desktop/blog-project/server/node_modules/koa-generic-session/lib/store.js:78:27
    at Generator.next (<anonymous>)
    at step (/Users/zhangrende/Desktop/blog-project/server/node_modules/koa-generic-session/lib/store.js:16:191)
    at /Users/zhangrende/Desktop/blog-project/server/node_modules/koa-generic-session/lib/store.js:16:437
    at new Promise (<anonymous>)
    at /Users/zhangrende/Desktop/blog-project/server/node_modules/koa-generic-session/lib/store.js:16:99
    at Store.set (/Users/zhangrende/Desktop/blog-project/server/node_modules/koa-generic-session/lib/store.js:80:7)
    at /Users/zhangrende/Desktop/blog-project/server/node_modules/koa-generic-session/lib/session.js:188:21
    at Generator.next (<anonymous>)
    at step (/Users/zhangrende/Desktop/blog-project/server/node_modules/koa-generic-session/lib/session.js:3:191)
    at /Users/zhangrende/Desktop/blog-project/server/node_modules/koa-generic-session/lib/session.js:3:437
    at new Promise (<anonymous>)
    at /Users/zhangrende/Desktop/blog-project/server/node_modules/koa-generic-session/lib/session.js:3:99
    at saveNow (/Users/zhangrende/Desktop/blog-project/server/node_modules/koa-generic-session/lib/session.js:198:20)
    at /Users/zhangrende/Desktop/blog-project/server/node_modules/koa-generic-session/lib/session.js:171:13
    at Generator.next (<anonymous>)
    at step (/Users/zhangrende/Desktop/blog-project/server/node_modules/koa-generic-session/lib/session.js:3:191)
    at /Users/zhangrende/Desktop/blog-project/server/node_modules/koa-generic-session/lib/session.js:3:437
    at new Promise (<anonymous>)
    at /Users/zhangrende/Desktop/blog-project/server/node_modules/koa-generic-session/lib/session.js:3:99
    at refreshSession (/Users/zhangrende/Desktop/blog-project/server/node_modules/koa-generic-session/lib/session.js:175:20)
***** error log end ******

[2020-01-16T19:29:30.676] [ERROR] errorLog - 
***** error log start *****
request originalUrl: /api/user/signIn
request client ip: 127.0.0.1
request body
{}
response time: undefined
error name: ReferenceError
error message: signIn is not defined
error stack: ReferenceError: signIn is not defined
    at router.post (/Users/zhangrende/Desktop/blog-project/server/src/router/user.js:16:14)
    at dispatch (/Users/zhangrende/Desktop/blog-project/server/node_modules/koa-router/node_modules/koa-compose/index.js:44:32)
    at next (/Users/zhangrende/Desktop/blog-project/server/node_modules/koa-router/node_modules/koa-compose/index.js:45:18)
    at /Users/zhangrende/Desktop/blog-project/server/node_modules/koa-router/lib/router.js:346:16
    at dispatch (/Users/zhangrende/Desktop/blog-project/server/node_modules/koa-router/node_modules/koa-compose/index.js:44:32)
    at /Users/zhangrende/Desktop/blog-project/server/node_modules/koa-router/node_modules/koa-compose/index.js:36:12
    at dispatch (/Users/zhangrende/Desktop/blog-project/server/node_modules/koa-router/lib/router.js:351:31)
    at dispatch (/Users/zhangrende/Desktop/blog-project/server/node_modules/koa-compose/index.js:42:32)
    at allowedMethods (/Users/zhangrende/Desktop/blog-project/server/node_modules/koa-router/lib/router.js:407:12)
    at dispatch (/Users/zhangrende/Desktop/blog-project/server/node_modules/koa-compose/index.js:42:32)
    at dispatch (/Users/zhangrende/Desktop/blog-project/server/node_modules/koa-router/lib/router.js:332:32)
    at dispatch (/Users/zhangrende/Desktop/blog-project/server/node_modules/koa-compose/index.js:42:32)
    at bodyParser (/Users/zhangrende/Desktop/blog-project/server/node_modules/koa-bodyparser/index.js:73:54)
    at dispatch (/Users/zhangrende/Desktop/blog-project/server/node_modules/koa-compose/index.js:42:32)
    at /Users/zhangrende/Desktop/blog-project/server/node_modules/koa-body/index.js:148:14
    at process._tickCallback (internal/process/next_tick.js:68:7)
***** error log end ******

[2020-01-16T19:30:32.201] [ERROR] errorLog - 
***** error log start *****
request originalUrl: /api/user/signIn
request client ip: 127.0.0.1
request body
{}
response time: undefined
error name: koa-generic-session set error
error message: Cannot destructure property `changed` of 'undefined' or 'null'.
error stack: koa-generic-session set error: Cannot destructure property `changed` of 'undefined' or 'null'.
    at MongooseStore.set (/Users/zhangrende/Desktop/blog-project/server/node_modules/koa-session-mongoose/lib/index.js:29:13)
    at /Users/zhangrende/Desktop/blog-project/server/node_modules/koa-generic-session/lib/store.js:78:27
    at Generator.next (<anonymous>)
    at step (/Users/zhangrende/Desktop/blog-project/server/node_modules/koa-generic-session/lib/store.js:16:191)
    at /Users/zhangrende/Desktop/blog-project/server/node_modules/koa-generic-session/lib/store.js:16:437
    at new Promise (<anonymous>)
    at /Users/zhangrende/Desktop/blog-project/server/node_modules/koa-generic-session/lib/store.js:16:99
    at Store.set (/Users/zhangrende/Desktop/blog-project/server/node_modules/koa-generic-session/lib/store.js:80:7)
    at /Users/zhangrende/Desktop/blog-project/server/node_modules/koa-generic-session/lib/session.js:188:21
    at Generator.next (<anonymous>)
    at step (/Users/zhangrende/Desktop/blog-project/server/node_modules/koa-generic-session/lib/session.js:3:191)
    at /Users/zhangrende/Desktop/blog-project/server/node_modules/koa-generic-session/lib/session.js:3:437
    at new Promise (<anonymous>)
    at /Users/zhangrende/Desktop/blog-project/server/node_modules/koa-generic-session/lib/session.js:3:99
    at saveNow (/Users/zhangrende/Desktop/blog-project/server/node_modules/koa-generic-session/lib/session.js:198:20)
    at /Users/zhangrende/Desktop/blog-project/server/node_modules/koa-generic-session/lib/session.js:171:13
    at Generator.next (<anonymous>)
    at step (/Users/zhangrende/Desktop/blog-project/server/node_modules/koa-generic-session/lib/session.js:3:191)
    at /Users/zhangrende/Desktop/blog-project/server/node_modules/koa-generic-session/lib/session.js:3:437
    at new Promise (<anonymous>)
    at /Users/zhangrende/Desktop/blog-project/server/node_modules/koa-generic-session/lib/session.js:3:99
    at refreshSession (/Users/zhangrende/Desktop/blog-project/server/node_modules/koa-generic-session/lib/session.js:175:20)
***** error log end ******

[2020-01-16T19:30:45.230] [ERROR] errorLog - 
***** error log start *****
request originalUrl: /api/user/signIn
request client ip: 127.0.0.1
request body
{}
response time: undefined
error name: koa-generic-session set error
error message: Cannot destructure property `changed` of 'undefined' or 'null'.
error stack: koa-generic-session set error: Cannot destructure property `changed` of 'undefined' or 'null'.
    at MongooseStore.set (/Users/zhangrende/Desktop/blog-project/server/node_modules/koa-session-mongoose/lib/index.js:29:13)
    at /Users/zhangrende/Desktop/blog-project/server/node_modules/koa-generic-session/lib/store.js:78:27
    at Generator.next (<anonymous>)
    at step (/Users/zhangrende/Desktop/blog-project/server/node_modules/koa-generic-session/lib/store.js:16:191)
    at /Users/zhangrende/Desktop/blog-project/server/node_modules/koa-generic-session/lib/store.js:16:437
    at new Promise (<anonymous>)
    at /Users/zhangrende/Desktop/blog-project/server/node_modules/koa-generic-session/lib/store.js:16:99
    at Store.set (/Users/zhangrende/Desktop/blog-project/server/node_modules/koa-generic-session/lib/store.js:80:7)
    at /Users/zhangrende/Desktop/blog-project/server/node_modules/koa-generic-session/lib/session.js:188:21
    at Generator.next (<anonymous>)
    at step (/Users/zhangrende/Desktop/blog-project/server/node_modules/koa-generic-session/lib/session.js:3:191)
    at /Users/zhangrende/Desktop/blog-project/server/node_modules/koa-generic-session/lib/session.js:3:437
    at new Promise (<anonymous>)
    at /Users/zhangrende/Desktop/blog-project/server/node_modules/koa-generic-session/lib/session.js:3:99
    at saveNow (/Users/zhangrende/Desktop/blog-project/server/node_modules/koa-generic-session/lib/session.js:198:20)
    at /Users/zhangrende/Desktop/blog-project/server/node_modules/koa-generic-session/lib/session.js:171:13
    at Generator.next (<anonymous>)
    at step (/Users/zhangrende/Desktop/blog-project/server/node_modules/koa-generic-session/lib/session.js:3:191)
    at /Users/zhangrende/Desktop/blog-project/server/node_modules/koa-generic-session/lib/session.js:3:437
    at new Promise (<anonymous>)
    at /Users/zhangrende/Desktop/blog-project/server/node_modules/koa-generic-session/lib/session.js:3:99
    at refreshSession (/Users/zhangrende/Desktop/blog-project/server/node_modules/koa-generic-session/lib/session.js:175:20)
***** error log end ******

[2020-01-16T19:31:15.518] [ERROR] errorLog - 
***** error log start *****
request originalUrl: /api/user/signIn
request client ip: 127.0.0.1
request body
{}
response time: undefined
error name: koa-generic-session set error
error message: Cannot destructure property `changed` of 'undefined' or 'null'.
error stack: koa-generic-session set error: Cannot destructure property `changed` of 'undefined' or 'null'.
    at MongooseStore.set (/Users/zhangrende/Desktop/blog-project/server/node_modules/koa-session-mongoose/lib/index.js:29:13)
    at /Users/zhangrende/Desktop/blog-project/server/node_modules/koa-generic-session/lib/store.js:78:27
    at Generator.next (<anonymous>)
    at step (/Users/zhangrende/Desktop/blog-project/server/node_modules/koa-generic-session/lib/store.js:16:191)
    at /Users/zhangrende/Desktop/blog-project/server/node_modules/koa-generic-session/lib/store.js:16:437
    at new Promise (<anonymous>)
    at /Users/zhangrende/Desktop/blog-project/server/node_modules/koa-generic-session/lib/store.js:16:99
    at Store.set (/Users/zhangrende/Desktop/blog-project/server/node_modules/koa-generic-session/lib/store.js:80:7)
    at /Users/zhangrende/Desktop/blog-project/server/node_modules/koa-generic-session/lib/session.js:188:21
    at Generator.next (<anonymous>)
    at step (/Users/zhangrende/Desktop/blog-project/server/node_modules/koa-generic-session/lib/session.js:3:191)
    at /Users/zhangrende/Desktop/blog-project/server/node_modules/koa-generic-session/lib/session.js:3:437
    at new Promise (<anonymous>)
    at /Users/zhangrende/Desktop/blog-project/server/node_modules/koa-generic-session/lib/session.js:3:99
    at saveNow (/Users/zhangrende/Desktop/blog-project/server/node_modules/koa-generic-session/lib/session.js:198:20)
    at /Users/zhangrende/Desktop/blog-project/server/node_modules/koa-generic-session/lib/session.js:171:13
    at Generator.next (<anonymous>)
    at step (/Users/zhangrende/Desktop/blog-project/server/node_modules/koa-generic-session/lib/session.js:3:191)
    at /Users/zhangrende/Desktop/blog-project/server/node_modules/koa-generic-session/lib/session.js:3:437
    at new Promise (<anonymous>)
    at /Users/zhangrende/Desktop/blog-project/server/node_modules/koa-generic-session/lib/session.js:3:99
    at refreshSession (/Users/zhangrende/Desktop/blog-project/server/node_modules/koa-generic-session/lib/session.js:175:20)
***** error log end ******

[2020-01-16T19:31:51.651] [ERROR] errorLog - 
***** error log start *****
request originalUrl: /api/user/signIn
request client ip: 127.0.0.1
request body
{}
response time: undefined
error name: koa-generic-session set error
error message: Cannot destructure property `changed` of 'undefined' or 'null'.
error stack: koa-generic-session set error: Cannot destructure property `changed` of 'undefined' or 'null'.
    at MongooseStore.set (/Users/zhangrende/Desktop/blog-project/server/node_modules/koa-session-mongoose/lib/index.js:29:13)
    at /Users/zhangrende/Desktop/blog-project/server/node_modules/koa-generic-session/lib/store.js:78:27
    at Generator.next (<anonymous>)
    at step (/Users/zhangrende/Desktop/blog-project/server/node_modules/koa-generic-session/lib/store.js:16:191)
    at /Users/zhangrende/Desktop/blog-project/server/node_modules/koa-generic-session/lib/store.js:16:437
    at new Promise (<anonymous>)
    at /Users/zhangrende/Desktop/blog-project/server/node_modules/koa-generic-session/lib/store.js:16:99
    at Store.set (/Users/zhangrende/Desktop/blog-project/server/node_modules/koa-generic-session/lib/store.js:80:7)
    at /Users/zhangrende/Desktop/blog-project/server/node_modules/koa-generic-session/lib/session.js:188:21
    at Generator.next (<anonymous>)
    at step (/Users/zhangrende/Desktop/blog-project/server/node_modules/koa-generic-session/lib/session.js:3:191)
    at /Users/zhangrende/Desktop/blog-project/server/node_modules/koa-generic-session/lib/session.js:3:437
    at new Promise (<anonymous>)
    at /Users/zhangrende/Desktop/blog-project/server/node_modules/koa-generic-session/lib/session.js:3:99
    at saveNow (/Users/zhangrende/Desktop/blog-project/server/node_modules/koa-generic-session/lib/session.js:198:20)
    at /Users/zhangrende/Desktop/blog-project/server/node_modules/koa-generic-session/lib/session.js:171:13
    at Generator.next (<anonymous>)
    at step (/Users/zhangrende/Desktop/blog-project/server/node_modules/koa-generic-session/lib/session.js:3:191)
    at /Users/zhangrende/Desktop/blog-project/server/node_modules/koa-generic-session/lib/session.js:3:437
    at new Promise (<anonymous>)
    at /Users/zhangrende/Desktop/blog-project/server/node_modules/koa-generic-session/lib/session.js:3:99
    at refreshSession (/Users/zhangrende/Desktop/blog-project/server/node_modules/koa-generic-session/lib/session.js:175:20)
***** error log end ******

[2020-01-16T19:32:00.459] [ERROR] errorLog - 
***** error log start *****
request originalUrl: /api/user/signIn
request client ip: 127.0.0.1
request body
{}
response time: undefined
error name: koa-generic-session set error
error message: Cannot destructure property `changed` of 'undefined' or 'null'.
error stack: koa-generic-session set error: Cannot destructure property `changed` of 'undefined' or 'null'.
    at MongooseStore.set (/Users/zhangrende/Desktop/blog-project/server/node_modules/koa-session-mongoose/lib/index.js:29:13)
    at /Users/zhangrende/Desktop/blog-project/server/node_modules/koa-generic-session/lib/store.js:78:27
    at Generator.next (<anonymous>)
    at step (/Users/zhangrende/Desktop/blog-project/server/node_modules/koa-generic-session/lib/store.js:16:191)
    at /Users/zhangrende/Desktop/blog-project/server/node_modules/koa-generic-session/lib/store.js:16:437
    at new Promise (<anonymous>)
    at /Users/zhangrende/Desktop/blog-project/server/node_modules/koa-generic-session/lib/store.js:16:99
    at Store.set (/Users/zhangrende/Desktop/blog-project/server/node_modules/koa-generic-session/lib/store.js:80:7)
    at /Users/zhangrende/Desktop/blog-project/server/node_modules/koa-generic-session/lib/session.js:188:21
    at Generator.next (<anonymous>)
    at step (/Users/zhangrende/Desktop/blog-project/server/node_modules/koa-generic-session/lib/session.js:3:191)
    at /Users/zhangrende/Desktop/blog-project/server/node_modules/koa-generic-session/lib/session.js:3:437
    at new Promise (<anonymous>)
    at /Users/zhangrende/Desktop/blog-project/server/node_modules/koa-generic-session/lib/session.js:3:99
    at saveNow (/Users/zhangrende/Desktop/blog-project/server/node_modules/koa-generic-session/lib/session.js:198:20)
    at /Users/zhangrende/Desktop/blog-project/server/node_modules/koa-generic-session/lib/session.js:171:13
    at Generator.next (<anonymous>)
    at step (/Users/zhangrende/Desktop/blog-project/server/node_modules/koa-generic-session/lib/session.js:3:191)
    at /Users/zhangrende/Desktop/blog-project/server/node_modules/koa-generic-session/lib/session.js:3:437
    at new Promise (<anonymous>)
    at /Users/zhangrende/Desktop/blog-project/server/node_modules/koa-generic-session/lib/session.js:3:99
    at refreshSession (/Users/zhangrende/Desktop/blog-project/server/node_modules/koa-generic-session/lib/session.js:175:20)
***** error log end ******

[2020-01-16T19:33:41.692] [ERROR] errorLog - 
***** error log start *****
request originalUrl: /api/user/signIn
request client ip: 127.0.0.1
request body
{}
response time: undefined
error name: koa-generic-session set error
error message: Cannot destructure property `changed` of 'undefined' or 'null'.
error stack: koa-generic-session set error: Cannot destructure property `changed` of 'undefined' or 'null'.
    at MongooseStore.set (/Users/zhangrende/Desktop/blog-project/server/node_modules/koa-session-mongoose/lib/index.js:29:13)
    at /Users/zhangrende/Desktop/blog-project/server/node_modules/koa-generic-session/lib/store.js:78:27
    at Generator.next (<anonymous>)
    at step (/Users/zhangrende/Desktop/blog-project/server/node_modules/koa-generic-session/lib/store.js:16:191)
    at /Users/zhangrende/Desktop/blog-project/server/node_modules/koa-generic-session/lib/store.js:16:437
    at new Promise (<anonymous>)
    at /Users/zhangrende/Desktop/blog-project/server/node_modules/koa-generic-session/lib/store.js:16:99
    at Store.set (/Users/zhangrende/Desktop/blog-project/server/node_modules/koa-generic-session/lib/store.js:80:7)
    at /Users/zhangrende/Desktop/blog-project/server/node_modules/koa-generic-session/lib/session.js:188:21
    at Generator.next (<anonymous>)
    at step (/Users/zhangrende/Desktop/blog-project/server/node_modules/koa-generic-session/lib/session.js:3:191)
    at /Users/zhangrende/Desktop/blog-project/server/node_modules/koa-generic-session/lib/session.js:3:437
    at new Promise (<anonymous>)
    at /Users/zhangrende/Desktop/blog-project/server/node_modules/koa-generic-session/lib/session.js:3:99
    at saveNow (/Users/zhangrende/Desktop/blog-project/server/node_modules/koa-generic-session/lib/session.js:198:20)
    at /Users/zhangrende/Desktop/blog-project/server/node_modules/koa-generic-session/lib/session.js:171:13
    at Generator.next (<anonymous>)
    at step (/Users/zhangrende/Desktop/blog-project/server/node_modules/koa-generic-session/lib/session.js:3:191)
    at /Users/zhangrende/Desktop/blog-project/server/node_modules/koa-generic-session/lib/session.js:3:437
    at new Promise (<anonymous>)
    at /Users/zhangrende/Desktop/blog-project/server/node_modules/koa-generic-session/lib/session.js:3:99
    at refreshSession (/Users/zhangrende/Desktop/blog-project/server/node_modules/koa-generic-session/lib/session.js:175:20)
***** error log end ******

[2020-01-16T19:34:42.843] [ERROR] errorLog - 
***** error log start *****
request originalUrl: /api/user/signIn
request client ip: 127.0.0.1
request body
{}
response time: undefined
error name: koa-generic-session set error
error message: Cannot destructure property `changed` of 'undefined' or 'null'.
error stack: koa-generic-session set error: Cannot destructure property `changed` of 'undefined' or 'null'.
    at MongooseStore.set (/Users/zhangrende/Desktop/blog-project/server/node_modules/koa-session-mongoose/lib/index.js:29:13)
    at /Users/zhangrende/Desktop/blog-project/server/node_modules/koa-generic-session/lib/store.js:78:27
    at Generator.next (<anonymous>)
    at step (/Users/zhangrende/Desktop/blog-project/server/node_modules/koa-generic-session/lib/store.js:16:191)
    at /Users/zhangrende/Desktop/blog-project/server/node_modules/koa-generic-session/lib/store.js:16:437
    at new Promise (<anonymous>)
    at /Users/zhangrende/Desktop/blog-project/server/node_modules/koa-generic-session/lib/store.js:16:99
    at Store.set (/Users/zhangrende/Desktop/blog-project/server/node_modules/koa-generic-session/lib/store.js:80:7)
    at /Users/zhangrende/Desktop/blog-project/server/node_modules/koa-generic-session/lib/session.js:188:21
    at Generator.next (<anonymous>)
    at step (/Users/zhangrende/Desktop/blog-project/server/node_modules/koa-generic-session/lib/session.js:3:191)
    at /Users/zhangrende/Desktop/blog-project/server/node_modules/koa-generic-session/lib/session.js:3:437
    at new Promise (<anonymous>)
    at /Users/zhangrende/Desktop/blog-project/server/node_modules/koa-generic-session/lib/session.js:3:99
    at saveNow (/Users/zhangrende/Desktop/blog-project/server/node_modules/koa-generic-session/lib/session.js:198:20)
    at /Users/zhangrende/Desktop/blog-project/server/node_modules/koa-generic-session/lib/session.js:171:13
    at Generator.next (<anonymous>)
    at step (/Users/zhangrende/Desktop/blog-project/server/node_modules/koa-generic-session/lib/session.js:3:191)
    at /Users/zhangrende/Desktop/blog-project/server/node_modules/koa-generic-session/lib/session.js:3:437
    at new Promise (<anonymous>)
    at /Users/zhangrende/Desktop/blog-project/server/node_modules/koa-generic-session/lib/session.js:3:99
    at refreshSession (/Users/zhangrende/Desktop/blog-project/server/node_modules/koa-generic-session/lib/session.js:175:20)
***** error log end ******

[2020-01-16T19:38:03.105] [ERROR] errorLog - 
***** error log start *****
request originalUrl: /api/user/signIn
request client ip: 127.0.0.1
request body
{}
response time: undefined
error name: koa-generic-session set error
error message: Cannot destructure property `changed` of 'undefined' or 'null'.
error stack: koa-generic-session set error: Cannot destructure property `changed` of 'undefined' or 'null'.
    at MongooseStore.set (/Users/zhangrende/Desktop/blog-project/server/node_modules/koa-session-mongoose/lib/index.js:29:13)
    at /Users/zhangrende/Desktop/blog-project/server/node_modules/koa-generic-session/lib/store.js:78:27
    at Generator.next (<anonymous>)
    at step (/Users/zhangrende/Desktop/blog-project/server/node_modules/koa-generic-session/lib/store.js:16:191)
    at /Users/zhangrende/Desktop/blog-project/server/node_modules/koa-generic-session/lib/store.js:16:437
    at new Promise (<anonymous>)
    at /Users/zhangrende/Desktop/blog-project/server/node_modules/koa-generic-session/lib/store.js:16:99
    at Store.set (/Users/zhangrende/Desktop/blog-project/server/node_modules/koa-generic-session/lib/store.js:80:7)
    at /Users/zhangrende/Desktop/blog-project/server/node_modules/koa-generic-session/lib/session.js:188:21
    at Generator.next (<anonymous>)
    at step (/Users/zhangrende/Desktop/blog-project/server/node_modules/koa-generic-session/lib/session.js:3:191)
    at /Users/zhangrende/Desktop/blog-project/server/node_modules/koa-generic-session/lib/session.js:3:437
    at new Promise (<anonymous>)
    at /Users/zhangrende/Desktop/blog-project/server/node_modules/koa-generic-session/lib/session.js:3:99
    at saveNow (/Users/zhangrende/Desktop/blog-project/server/node_modules/koa-generic-session/lib/session.js:198:20)
    at /Users/zhangrende/Desktop/blog-project/server/node_modules/koa-generic-session/lib/session.js:171:13
    at Generator.next (<anonymous>)
    at step (/Users/zhangrende/Desktop/blog-project/server/node_modules/koa-generic-session/lib/session.js:3:191)
    at /Users/zhangrende/Desktop/blog-project/server/node_modules/koa-generic-session/lib/session.js:3:437
    at new Promise (<anonymous>)
    at /Users/zhangrende/Desktop/blog-project/server/node_modules/koa-generic-session/lib/session.js:3:99
    at refreshSession (/Users/zhangrende/Desktop/blog-project/server/node_modules/koa-generic-session/lib/session.js:175:20)
***** error log end ******

[2020-01-16T19:41:57.051] [ERROR] errorLog - 
***** error log start *****
request originalUrl: /api/user/signIn
request client ip: 127.0.0.1
request body
{}
response time: undefined
error name: koa-generic-session set error
error message: Cannot destructure property `changed` of 'undefined' or 'null'.
error stack: koa-generic-session set error: Cannot destructure property `changed` of 'undefined' or 'null'.
    at MongooseStore.set (/Users/zhangrende/Desktop/blog-project/server/node_modules/koa-session-mongoose/lib/index.js:29:13)
    at /Users/zhangrende/Desktop/blog-project/server/node_modules/koa-generic-session/lib/store.js:78:27
    at Generator.next (<anonymous>)
    at step (/Users/zhangrende/Desktop/blog-project/server/node_modules/koa-generic-session/lib/store.js:16:191)
    at /Users/zhangrende/Desktop/blog-project/server/node_modules/koa-generic-session/lib/store.js:16:437
    at new Promise (<anonymous>)
    at /Users/zhangrende/Desktop/blog-project/server/node_modules/koa-generic-session/lib/store.js:16:99
    at Store.set (/Users/zhangrende/Desktop/blog-project/server/node_modules/koa-generic-session/lib/store.js:80:7)
    at /Users/zhangrende/Desktop/blog-project/server/node_modules/koa-generic-session/lib/session.js:188:21
    at Generator.next (<anonymous>)
    at step (/Users/zhangrende/Desktop/blog-project/server/node_modules/koa-generic-session/lib/session.js:3:191)
    at /Users/zhangrende/Desktop/blog-project/server/node_modules/koa-generic-session/lib/session.js:3:437
    at new Promise (<anonymous>)
    at /Users/zhangrende/Desktop/blog-project/server/node_modules/koa-generic-session/lib/session.js:3:99
    at saveNow (/Users/zhangrende/Desktop/blog-project/server/node_modules/koa-generic-session/lib/session.js:198:20)
    at /Users/zhangrende/Desktop/blog-project/server/node_modules/koa-generic-session/lib/session.js:171:13
    at Generator.next (<anonymous>)
    at step (/Users/zhangrende/Desktop/blog-project/server/node_modules/koa-generic-session/lib/session.js:3:191)
    at /Users/zhangrende/Desktop/blog-project/server/node_modules/koa-generic-session/lib/session.js:3:437
    at new Promise (<anonymous>)
    at /Users/zhangrende/Desktop/blog-project/server/node_modules/koa-generic-session/lib/session.js:3:99
    at refreshSession (/Users/zhangrende/Desktop/blog-project/server/node_modules/koa-generic-session/lib/session.js:175:20)
***** error log end ******

[2020-01-16T19:44:30.612] [ERROR] errorLog - 
***** error log start *****
request originalUrl: /api/user/signIn
request client ip: 127.0.0.1
request body
{}
response time: undefined
error name: koa-generic-session set error
error message: Cannot destructure property `changed` of 'undefined' or 'null'.
error stack: koa-generic-session set error: Cannot destructure property `changed` of 'undefined' or 'null'.
    at MongooseStore.set (/Users/zhangrende/Desktop/blog-project/server/node_modules/koa-session-mongoose/lib/index.js:29:13)
    at /Users/zhangrende/Desktop/blog-project/server/node_modules/koa-generic-session/lib/store.js:78:27
    at Generator.next (<anonymous>)
    at step (/Users/zhangrende/Desktop/blog-project/server/node_modules/koa-generic-session/lib/store.js:16:191)
    at /Users/zhangrende/Desktop/blog-project/server/node_modules/koa-generic-session/lib/store.js:16:437
    at new Promise (<anonymous>)
    at /Users/zhangrende/Desktop/blog-project/server/node_modules/koa-generic-session/lib/store.js:16:99
    at Store.set (/Users/zhangrende/Desktop/blog-project/server/node_modules/koa-generic-session/lib/store.js:80:7)
    at /Users/zhangrende/Desktop/blog-project/server/node_modules/koa-generic-session/lib/session.js:188:21
    at Generator.next (<anonymous>)
    at step (/Users/zhangrende/Desktop/blog-project/server/node_modules/koa-generic-session/lib/session.js:3:191)
    at /Users/zhangrende/Desktop/blog-project/server/node_modules/koa-generic-session/lib/session.js:3:437
    at new Promise (<anonymous>)
    at /Users/zhangrende/Desktop/blog-project/server/node_modules/koa-generic-session/lib/session.js:3:99
    at saveNow (/Users/zhangrende/Desktop/blog-project/server/node_modules/koa-generic-session/lib/session.js:198:20)
    at /Users/zhangrende/Desktop/blog-project/server/node_modules/koa-generic-session/lib/session.js:171:13
    at Generator.next (<anonymous>)
    at step (/Users/zhangrende/Desktop/blog-project/server/node_modules/koa-generic-session/lib/session.js:3:191)
    at /Users/zhangrende/Desktop/blog-project/server/node_modules/koa-generic-session/lib/session.js:3:437
    at new Promise (<anonymous>)
    at /Users/zhangrende/Desktop/blog-project/server/node_modules/koa-generic-session/lib/session.js:3:99
    at refreshSession (/Users/zhangrende/Desktop/blog-project/server/node_modules/koa-generic-session/lib/session.js:175:20)
***** error log end ******

[2020-01-16T19:44:41.497] [ERROR] errorLog - 
***** error log start *****
request originalUrl: /api/user/signIn
request client ip: 127.0.0.1
request body
{}
response time: undefined
error name: koa-generic-session set error
error message: Cannot destructure property `changed` of 'undefined' or 'null'.
error stack: koa-generic-session set error: Cannot destructure property `changed` of 'undefined' or 'null'.
    at MongooseStore.set (/Users/zhangrende/Desktop/blog-project/server/node_modules/koa-session-mongoose/lib/index.js:29:13)
    at /Users/zhangrende/Desktop/blog-project/server/node_modules/koa-generic-session/lib/store.js:78:27
    at Generator.next (<anonymous>)
    at step (/Users/zhangrende/Desktop/blog-project/server/node_modules/koa-generic-session/lib/store.js:16:191)
    at /Users/zhangrende/Desktop/blog-project/server/node_modules/koa-generic-session/lib/store.js:16:437
    at new Promise (<anonymous>)
    at /Users/zhangrende/Desktop/blog-project/server/node_modules/koa-generic-session/lib/store.js:16:99
    at Store.set (/Users/zhangrende/Desktop/blog-project/server/node_modules/koa-generic-session/lib/store.js:80:7)
    at /Users/zhangrende/Desktop/blog-project/server/node_modules/koa-generic-session/lib/session.js:188:21
    at Generator.next (<anonymous>)
    at step (/Users/zhangrende/Desktop/blog-project/server/node_modules/koa-generic-session/lib/session.js:3:191)
    at /Users/zhangrende/Desktop/blog-project/server/node_modules/koa-generic-session/lib/session.js:3:437
    at new Promise (<anonymous>)
    at /Users/zhangrende/Desktop/blog-project/server/node_modules/koa-generic-session/lib/session.js:3:99
    at saveNow (/Users/zhangrende/Desktop/blog-project/server/node_modules/koa-generic-session/lib/session.js:198:20)
    at /Users/zhangrende/Desktop/blog-project/server/node_modules/koa-generic-session/lib/session.js:171:13
    at Generator.next (<anonymous>)
    at step (/Users/zhangrende/Desktop/blog-project/server/node_modules/koa-generic-session/lib/session.js:3:191)
    at /Users/zhangrende/Desktop/blog-project/server/node_modules/koa-generic-session/lib/session.js:3:437
    at new Promise (<anonymous>)
    at /Users/zhangrende/Desktop/blog-project/server/node_modules/koa-generic-session/lib/session.js:3:99
    at refreshSession (/Users/zhangrende/Desktop/blog-project/server/node_modules/koa-generic-session/lib/session.js:175:20)
***** error log end ******

[2020-01-16T19:46:38.928] [ERROR] errorLog - 
***** error log start *****
request originalUrl: /api/user/signIn
request client ip: 127.0.0.1
request body
{}
response time: undefined
error name: koa-generic-session set error
error message: Cannot destructure property `changed` of 'undefined' or 'null'.
error stack: koa-generic-session set error: Cannot destructure property `changed` of 'undefined' or 'null'.
    at MongooseStore.set (/Users/zhangrende/Desktop/blog-project/server/node_modules/koa-session-mongoose/lib/index.js:29:13)
    at /Users/zhangrende/Desktop/blog-project/server/node_modules/koa-generic-session/lib/store.js:78:27
    at Generator.next (<anonymous>)
    at step (/Users/zhangrende/Desktop/blog-project/server/node_modules/koa-generic-session/lib/store.js:16:191)
    at /Users/zhangrende/Desktop/blog-project/server/node_modules/koa-generic-session/lib/store.js:16:437
    at new Promise (<anonymous>)
    at /Users/zhangrende/Desktop/blog-project/server/node_modules/koa-generic-session/lib/store.js:16:99
    at Store.set (/Users/zhangrende/Desktop/blog-project/server/node_modules/koa-generic-session/lib/store.js:80:7)
    at /Users/zhangrende/Desktop/blog-project/server/node_modules/koa-generic-session/lib/session.js:188:21
    at Generator.next (<anonymous>)
    at step (/Users/zhangrende/Desktop/blog-project/server/node_modules/koa-generic-session/lib/session.js:3:191)
    at /Users/zhangrende/Desktop/blog-project/server/node_modules/koa-generic-session/lib/session.js:3:437
    at new Promise (<anonymous>)
    at /Users/zhangrende/Desktop/blog-project/server/node_modules/koa-generic-session/lib/session.js:3:99
    at saveNow (/Users/zhangrende/Desktop/blog-project/server/node_modules/koa-generic-session/lib/session.js:198:20)
    at /Users/zhangrende/Desktop/blog-project/server/node_modules/koa-generic-session/lib/session.js:171:13
    at Generator.next (<anonymous>)
    at step (/Users/zhangrende/Desktop/blog-project/server/node_modules/koa-generic-session/lib/session.js:3:191)
    at /Users/zhangrende/Desktop/blog-project/server/node_modules/koa-generic-session/lib/session.js:3:437
    at new Promise (<anonymous>)
    at /Users/zhangrende/Desktop/blog-project/server/node_modules/koa-generic-session/lib/session.js:3:99
    at refreshSession (/Users/zhangrende/Desktop/blog-project/server/node_modules/koa-generic-session/lib/session.js:175:20)
***** error log end ******

