[2020-02-13T11:52:35.016] [ERROR] errorLog - 
***** error log start *****
request originalUrl: /api/artical/getList
request client ip: 127.0.0.1
request body
{}
response time: undefined
error name: ServiceUnavailableError
error message: 查询数据库出错！
error stack: ServiceUnavailableError: 查询数据库出错！
    at Object.throw (/Users/zhangrende/Desktop/blog-project/server/node_modules/koa/lib/context.js:97:11)
    at Object.ctx.error (/Users/zhangrende/Desktop/blog-project/server/src/app.js:37:16)
    at exports.getArticalList (/Users/zhangrende/Desktop/blog-project/server/src/controller/artical.js:18:9)
    at process._tickCallback (internal/process/next_tick.js:68:7)
***** error log end ******

[2020-02-13T13:21:56.839] [ERROR] errorLog - 
***** error log start *****
request originalUrl: /api/artical/getList
request client ip: 127.0.0.1
request body
{}
response time: undefined
error name: ServiceUnavailableError
error message: 查询数据库出错！
error stack: ServiceUnavailableError: 查询数据库出错！
    at Object.throw (/Users/zhangrende/Desktop/blog-project/server/node_modules/koa/lib/context.js:97:11)
    at Object.ctx.error (/Users/zhangrende/Desktop/blog-project/server/src/app.js:37:16)
    at exports.getArticalList (/Users/zhangrende/Desktop/blog-project/server/src/controller/artical.js:18:9)
    at process._tickCallback (internal/process/next_tick.js:68:7)
***** error log end ******

[2020-02-13T21:42:32.841] [ERROR] errorLog - 
***** error log start *****
request originalUrl: /api/artical/getList
request client ip: 127.0.0.1
request body
{"limit":5,"order":{"star":-1}}
response time: undefined
error name: TypeError
error message: Cannot read property 'category' of undefined
error stack: TypeError: Cannot read property 'category' of undefined
    at exports.getArticalList (/Users/zhangrende/Desktop/blog-project/server/src/controller/artical.js:8:19)
    at router.post (/Users/zhangrende/Desktop/blog-project/server/src/router/artical.js:27:20)
    at dispatch (/Users/zhangrende/Desktop/blog-project/server/node_modules/koa-router/node_modules/koa-compose/index.js:44:32)
    at next (/Users/zhangrende/Desktop/blog-project/server/node_modules/koa-router/node_modules/koa-compose/index.js:45:18)
    at /Users/zhangrende/Desktop/blog-project/server/node_modules/koa-router/lib/router.js:346:16
    at dispatch (/Users/zhangrende/Desktop/blog-project/server/node_modules/koa-router/node_modules/koa-compose/index.js:44:32)
    at /Users/zhangrende/Desktop/blog-project/server/node_modules/koa-router/node_modules/koa-compose/index.js:36:12
    at dispatch (/Users/zhangrende/Desktop/blog-project/server/node_modules/koa-router/lib/router.js:351:31)
    at dispatch (/Users/zhangrende/Desktop/blog-project/server/node_modules/koa-compose/index.js:42:32)
    at app.use (/Users/zhangrende/Desktop/blog-project/server/src/app.js:80:9)
    at dispatch (/Users/zhangrende/Desktop/blog-project/server/node_modules/koa-compose/index.js:42:32)
    at /Users/zhangrende/Desktop/blog-project/server/node_modules/koa-generic-session/lib/session.js:280:15
    at Generator.next (<anonymous>)
    at step (/Users/zhangrende/Desktop/blog-project/server/node_modules/koa-generic-session/lib/session.js:3:191)
    at /Users/zhangrende/Desktop/blog-project/server/node_modules/koa-generic-session/lib/session.js:3:361
    at process._tickCallback (internal/process/next_tick.js:68:7)
***** error log end ******

[2020-02-13T21:43:37.396] [ERROR] errorLog - 
***** error log start *****
request originalUrl: /api/artical/getList
request client ip: 127.0.0.1
request body
{"limit":5,"order":{"star":-1}}
response time: undefined
error name: TypeError
error message: Cannot read property 'category' of undefined
error stack: TypeError: Cannot read property 'category' of undefined
    at exports.getArticalList (/Users/zhangrende/Desktop/blog-project/server/src/controller/artical.js:8:19)
    at router.post (/Users/zhangrende/Desktop/blog-project/server/src/router/artical.js:27:20)
    at dispatch (/Users/zhangrende/Desktop/blog-project/server/node_modules/koa-router/node_modules/koa-compose/index.js:44:32)
    at next (/Users/zhangrende/Desktop/blog-project/server/node_modules/koa-router/node_modules/koa-compose/index.js:45:18)
    at /Users/zhangrende/Desktop/blog-project/server/node_modules/koa-router/lib/router.js:346:16
    at dispatch (/Users/zhangrende/Desktop/blog-project/server/node_modules/koa-router/node_modules/koa-compose/index.js:44:32)
    at /Users/zhangrende/Desktop/blog-project/server/node_modules/koa-router/node_modules/koa-compose/index.js:36:12
    at dispatch (/Users/zhangrende/Desktop/blog-project/server/node_modules/koa-router/lib/router.js:351:31)
    at dispatch (/Users/zhangrende/Desktop/blog-project/server/node_modules/koa-compose/index.js:42:32)
    at app.use (/Users/zhangrende/Desktop/blog-project/server/src/app.js:80:9)
    at dispatch (/Users/zhangrende/Desktop/blog-project/server/node_modules/koa-compose/index.js:42:32)
    at /Users/zhangrende/Desktop/blog-project/server/node_modules/koa-generic-session/lib/session.js:280:15
    at Generator.next (<anonymous>)
    at step (/Users/zhangrende/Desktop/blog-project/server/node_modules/koa-generic-session/lib/session.js:3:191)
    at /Users/zhangrende/Desktop/blog-project/server/node_modules/koa-generic-session/lib/session.js:3:361
    at process._tickCallback (internal/process/next_tick.js:68:7)
***** error log end ******

[2020-02-13T22:05:16.783] [ERROR] errorLog - 
***** error log start *****
request originalUrl: /api/artical/getDetail?id=5e184fc115a1112f21f5f48d
request client ip: 127.0.0.1
request query: {"id":"5e184fc115a1112f21f5f48d"}
response time: undefined
error name: TypeError
error message: Cannot read property '_id' of undefined
error stack: TypeError: Cannot read property '_id' of undefined
    at exports.getArticalDetail (/Users/zhangrende/Desktop/blog-project/server/src/controller/artical.js:45:24)
    at process._tickCallback (internal/process/next_tick.js:68:7)
***** error log end ******

[2020-02-13T22:36:08.799] [ERROR] errorLog - 
***** error log start *****
request originalUrl: /api/artical/getDetail?id=5e184fc115a1112f21f5f48d
request client ip: 127.0.0.1
request query: {"id":"5e184fc115a1112f21f5f48d"}
response time: undefined
error name: TypeError
error message: Cannot read property '_id' of undefined
error stack: TypeError: Cannot read property '_id' of undefined
    at exports.getArticalDetail (/Users/zhangrende/Desktop/blog-project/server/src/controller/artical.js:46:124)
    at process._tickCallback (internal/process/next_tick.js:68:7)
***** error log end ******

