[2020-02-10T15:18:07.346] [ERROR] errorLog - 
***** error log start *****
request originalUrl: /api/artical/getList
request client ip: 127.0.0.1
request body
{"category":"5e181d8ea1a77c95daa48b31"}
response time: undefined
error name: ServiceUnavailableError
error message: 查询数据库出错！
error stack: ServiceUnavailableError: 查询数据库出错！
    at Object.throw (/Users/zhangrende/Desktop/blog-project/server/node_modules/koa/lib/context.js:97:11)
    at Object.ctx.error (/Users/zhangrende/Desktop/blog-project/server/src/app.js:37:16)
    at exports.getArticalList (/Users/zhangrende/Desktop/blog-project/server/src/controller/artical.js:18:9)
    at process._tickCallback (internal/process/next_tick.js:68:7)
***** error log end ******

[2020-02-10T15:18:07.352] [ERROR] errorLog - 
***** error log start *****
request originalUrl: /api/user/logoout
request client ip: 127.0.0.1
request body
{}
response time: undefined
error name: NotFoundError
error message: 地址不存在
error stack: NotFoundError: 地址不存在
    at Object.throw (/Users/zhangrende/Desktop/blog-project/server/node_modules/koa/lib/context.js:97:11)
    at Object.ctx.error (/Users/zhangrende/Desktop/blog-project/server/src/app.js:37:16)
    at app.use (/Users/zhangrende/Desktop/blog-project/server/src/app.js:82:9)
    at process._tickCallback (internal/process/next_tick.js:68:7)
***** error log end ******

[2020-02-10T15:18:37.415] [ERROR] errorLog - 
***** error log start *****
request originalUrl: /api/artical/getList
request client ip: 127.0.0.1
request body
{"category":"5e181d8ea1a77c95daa48b31"}
response time: undefined
error name: ServiceUnavailableError
error message: 查询数据库出错！
error stack: ServiceUnavailableError: 查询数据库出错！
    at Object.throw (/Users/zhangrende/Desktop/blog-project/server/node_modules/koa/lib/context.js:97:11)
    at Object.ctx.error (/Users/zhangrende/Desktop/blog-project/server/src/app.js:37:16)
    at exports.getArticalList (/Users/zhangrende/Desktop/blog-project/server/src/controller/artical.js:18:9)
    at process._tickCallback (internal/process/next_tick.js:68:7)
***** error log end ******

[2020-02-10T15:18:37.450] [ERROR] errorLog - 
***** error log start *****
request originalUrl: /api/user/logoout
request client ip: 127.0.0.1
request body
{}
response time: undefined
error name: NotFoundError
error message: 地址不存在
error stack: NotFoundError: 地址不存在
    at Object.throw (/Users/zhangrende/Desktop/blog-project/server/node_modules/koa/lib/context.js:97:11)
    at Object.ctx.error (/Users/zhangrende/Desktop/blog-project/server/src/app.js:37:16)
    at app.use (/Users/zhangrende/Desktop/blog-project/server/src/app.js:82:9)
    at process._tickCallback (internal/process/next_tick.js:68:7)
***** error log end ******

[2020-02-10T15:18:52.891] [ERROR] errorLog - 
***** error log start *****
request originalUrl: /api/artical/getList
request client ip: 127.0.0.1
request body
{"category":"5e181d8ea1a77c95daa48b31"}
response time: undefined
error name: ServiceUnavailableError
error message: 查询数据库出错！
error stack: ServiceUnavailableError: 查询数据库出错！
    at Object.throw (/Users/zhangrende/Desktop/blog-project/server/node_modules/koa/lib/context.js:97:11)
    at Object.ctx.error (/Users/zhangrende/Desktop/blog-project/server/src/app.js:37:16)
    at exports.getArticalList (/Users/zhangrende/Desktop/blog-project/server/src/controller/artical.js:18:9)
    at process._tickCallback (internal/process/next_tick.js:68:7)
***** error log end ******

[2020-02-10T15:18:52.908] [ERROR] errorLog - 
***** error log start *****
request originalUrl: /api/user/logoout
request client ip: 127.0.0.1
request body
{}
response time: undefined
error name: NotFoundError
error message: 地址不存在
error stack: NotFoundError: 地址不存在
    at Object.throw (/Users/zhangrende/Desktop/blog-project/server/node_modules/koa/lib/context.js:97:11)
    at Object.ctx.error (/Users/zhangrende/Desktop/blog-project/server/src/app.js:37:16)
    at app.use (/Users/zhangrende/Desktop/blog-project/server/src/app.js:82:9)
    at process._tickCallback (internal/process/next_tick.js:68:7)
***** error log end ******

[2020-02-10T15:22:17.534] [ERROR] errorLog - 
***** error log start *****
request originalUrl: /api/artical/getList
request client ip: 127.0.0.1
request body
{"category":"5e181d8ea1a77c95daa48b31"}
response time: undefined
error name: ServiceUnavailableError
error message: 查询数据库出错！
error stack: ServiceUnavailableError: 查询数据库出错！
    at Object.throw (/Users/zhangrende/Desktop/blog-project/server/node_modules/koa/lib/context.js:97:11)
    at Object.ctx.error (/Users/zhangrende/Desktop/blog-project/server/src/app.js:37:16)
    at exports.getArticalList (/Users/zhangrende/Desktop/blog-project/server/src/controller/artical.js:18:9)
    at process._tickCallback (internal/process/next_tick.js:68:7)
***** error log end ******

[2020-02-10T15:22:17.536] [ERROR] errorLog - 
***** error log start *****
request originalUrl: /api/user/logoout
request client ip: 127.0.0.1
request body
{}
response time: undefined
error name: NotFoundError
error message: 地址不存在
error stack: NotFoundError: 地址不存在
    at Object.throw (/Users/zhangrende/Desktop/blog-project/server/node_modules/koa/lib/context.js:97:11)
    at Object.ctx.error (/Users/zhangrende/Desktop/blog-project/server/src/app.js:37:16)
    at app.use (/Users/zhangrende/Desktop/blog-project/server/src/app.js:82:9)
    at process._tickCallback (internal/process/next_tick.js:68:7)
***** error log end ******

[2020-02-10T15:23:40.531] [ERROR] errorLog - 
***** error log start *****
request originalUrl: /api/user/logoout
request client ip: 127.0.0.1
request body
{}
response time: undefined
error name: NotFoundError
error message: 地址不存在
error stack: NotFoundError: 地址不存在
    at Object.throw (/Users/zhangrende/Desktop/blog-project/server/node_modules/koa/lib/context.js:97:11)
    at Object.ctx.error (/Users/zhangrende/Desktop/blog-project/server/src/app.js:37:16)
    at app.use (/Users/zhangrende/Desktop/blog-project/server/src/app.js:82:9)
    at process._tickCallback (internal/process/next_tick.js:68:7)
***** error log end ******

[2020-02-10T15:36:10.712] [ERROR] errorLog - 
***** error log start *****
request originalUrl: /api/user/signOut
request client ip: 127.0.0.1
request body
{}
response time: undefined
error name: NotFoundError
error message: 地址不存在
error stack: NotFoundError: 地址不存在
    at Object.throw (/Users/zhangrende/Desktop/blog-project/server/node_modules/koa/lib/context.js:97:11)
    at Object.ctx.error (/Users/zhangrende/Desktop/blog-project/server/src/app.js:37:16)
    at app.use (/Users/zhangrende/Desktop/blog-project/server/src/app.js:82:9)
    at process._tickCallback (internal/process/next_tick.js:68:7)
***** error log end ******

[2020-02-10T15:47:35.891] [ERROR] errorLog - 
***** error log start *****
request originalUrl: /api/user/signOut
request client ip: 127.0.0.1
request body
{}
response time: undefined
error name: NotFoundError
error message: 地址不存在
error stack: NotFoundError: 地址不存在
    at Object.throw (/Users/zhangrende/Desktop/blog-project/server/node_modules/koa/lib/context.js:97:11)
    at Object.ctx.error (/Users/zhangrende/Desktop/blog-project/server/src/app.js:37:16)
    at app.use (/Users/zhangrende/Desktop/blog-project/server/src/app.js:82:9)
    at process._tickCallback (internal/process/next_tick.js:68:7)
***** error log end ******

[2020-02-10T15:49:07.189] [ERROR] errorLog - 
***** error log start *****
request originalUrl: /api/user/signOut
request client ip: 127.0.0.1
request body
{}
response time: undefined
error name: NotFoundError
error message: 地址不存在
error stack: NotFoundError: 地址不存在
    at Object.throw (/Users/zhangrende/Desktop/blog-project/server/node_modules/koa/lib/context.js:97:11)
    at Object.ctx.error (/Users/zhangrende/Desktop/blog-project/server/src/app.js:37:16)
    at app.use (/Users/zhangrende/Desktop/blog-project/server/src/app.js:82:9)
    at process._tickCallback (internal/process/next_tick.js:68:7)
***** error log end ******

[2020-02-10T15:55:28.399] [ERROR] errorLog - 
***** error log start *****
request originalUrl: /api/user/signOut
request client ip: 127.0.0.1
request body
{}
response time: undefined
error name: NotFoundError
error message: 地址不存在
error stack: NotFoundError: 地址不存在
    at Object.throw (/Users/zhangrende/Desktop/blog-project/server/node_modules/koa/lib/context.js:97:11)
    at Object.ctx.error (/Users/zhangrende/Desktop/blog-project/server/src/app.js:37:16)
    at app.use (/Users/zhangrende/Desktop/blog-project/server/src/app.js:82:9)
    at process._tickCallback (internal/process/next_tick.js:68:7)
***** error log end ******

[2020-02-10T16:00:48.769] [ERROR] errorLog - 
***** error log start *****
request originalUrl: /api/user/signOut
request client ip: 127.0.0.1
request body
{}
response time: undefined
error name: NotFoundError
error message: 地址不存在
error stack: NotFoundError: 地址不存在
    at Object.throw (/Users/zhangrende/Desktop/blog-project/server/node_modules/koa/lib/context.js:97:11)
    at Object.ctx.error (/Users/zhangrende/Desktop/blog-project/server/src/app.js:37:16)
    at app.use (/Users/zhangrende/Desktop/blog-project/server/src/app.js:82:9)
    at process._tickCallback (internal/process/next_tick.js:68:7)
***** error log end ******

[2020-02-10T16:13:38.161] [ERROR] errorLog - 
***** error log start *****
request originalUrl: /api/user/signOut
request client ip: 127.0.0.1
request body
{}
response time: undefined
error name: NotFoundError
error message: 地址不存在
error stack: NotFoundError: 地址不存在
    at Object.throw (/Users/zhangrende/Desktop/blog-project/server/node_modules/koa/lib/context.js:97:11)
    at Object.ctx.error (/Users/zhangrende/Desktop/blog-project/server/src/app.js:37:16)
    at app.use (/Users/zhangrende/Desktop/blog-project/server/src/app.js:82:9)
    at process._tickCallback (internal/process/next_tick.js:68:7)
***** error log end ******

[2020-02-10T16:13:45.411] [ERROR] errorLog - 
***** error log start *****
request originalUrl: /api/user/signUp
request client ip: 127.0.0.1
request body
{"username":"123","password":"","confirmPassword":""}
response time: undefined
error name: BadRequestError
error message: 请输入用户名、密码、确认密码
error stack: BadRequestError: 请输入用户名、密码、确认密码
    at Object.throw (/Users/zhangrende/Desktop/blog-project/server/node_modules/koa/lib/context.js:97:11)
    at Object.ctx.error (/Users/zhangrende/Desktop/blog-project/server/src/app.js:37:16)
    at exports.signUp (/Users/zhangrende/Desktop/blog-project/server/src/controller/user.js:9:9)
    at router.post (/Users/zhangrende/Desktop/blog-project/server/src/router/user.js:12:20)
    at dispatch (/Users/zhangrende/Desktop/blog-project/server/node_modules/koa-router/node_modules/koa-compose/index.js:44:32)
    at next (/Users/zhangrende/Desktop/blog-project/server/node_modules/koa-router/node_modules/koa-compose/index.js:45:18)
    at /Users/zhangrende/Desktop/blog-project/server/node_modules/koa-router/lib/router.js:346:16
    at dispatch (/Users/zhangrende/Desktop/blog-project/server/node_modules/koa-router/node_modules/koa-compose/index.js:44:32)
    at /Users/zhangrende/Desktop/blog-project/server/node_modules/koa-router/node_modules/koa-compose/index.js:36:12
    at dispatch (/Users/zhangrende/Desktop/blog-project/server/node_modules/koa-router/lib/router.js:351:31)
    at dispatch (/Users/zhangrende/Desktop/blog-project/server/node_modules/koa-compose/index.js:42:32)
    at allowedMethods (/Users/zhangrende/Desktop/blog-project/server/node_modules/koa-router/lib/router.js:407:12)
    at dispatch (/Users/zhangrende/Desktop/blog-project/server/node_modules/koa-compose/index.js:42:32)
    at dispatch (/Users/zhangrende/Desktop/blog-project/server/node_modules/koa-router/lib/router.js:332:32)
    at dispatch (/Users/zhangrende/Desktop/blog-project/server/node_modules/koa-compose/index.js:42:32)
    at app.use (/Users/zhangrende/Desktop/blog-project/server/src/app.js:80:9)
***** error log end ******

[2020-02-10T16:13:55.120] [ERROR] errorLog - 
***** error log start *****
request originalUrl: /api/user/signIn
request client ip: 127.0.0.1
request body
{"username":"123","password":""}
response time: undefined
error name: BadRequestError
error message: 用户名未注册或密码错误
error stack: BadRequestError: 用户名未注册或密码错误
    at Object.throw (/Users/zhangrende/Desktop/blog-project/server/node_modules/koa/lib/context.js:97:11)
    at Object.ctx.error (/Users/zhangrende/Desktop/blog-project/server/src/app.js:37:16)
    at exports.signIn (/Users/zhangrende/Desktop/blog-project/server/src/controller/user.js:62:9)
    at process._tickCallback (internal/process/next_tick.js:68:7)
***** error log end ******

[2020-02-10T21:41:48.134] [ERROR] errorLog - 
***** error log start *****
request originalUrl: /api/artical/getList
request client ip: 127.0.0.1
request body
{"category":"5e181d8ea1a77c95daa48b31"}
response time: undefined
error name: ServiceUnavailableError
error message: 查询数据库出错！
error stack: ServiceUnavailableError: 查询数据库出错！
    at Object.throw (/Users/zhangrende/Desktop/blog-project/server/node_modules/koa/lib/context.js:97:11)
    at Object.ctx.error (/Users/zhangrende/Desktop/blog-project/server/src/app.js:37:16)
    at exports.getArticalList (/Users/zhangrende/Desktop/blog-project/server/src/controller/artical.js:18:9)
    at process._tickCallback (internal/process/next_tick.js:68:7)
***** error log end ******

[2020-02-10T21:41:48.140] [ERROR] errorLog - 
***** error log start *****
request originalUrl: /api/user/signOut
request client ip: 127.0.0.1
request body
{}
response time: undefined
error name: NotFoundError
error message: 地址不存在
error stack: NotFoundError: 地址不存在
    at Object.throw (/Users/zhangrende/Desktop/blog-project/server/node_modules/koa/lib/context.js:97:11)
    at Object.ctx.error (/Users/zhangrende/Desktop/blog-project/server/src/app.js:37:16)
    at app.use (/Users/zhangrende/Desktop/blog-project/server/src/app.js:82:9)
    at process._tickCallback (internal/process/next_tick.js:68:7)
***** error log end ******

[2020-02-10T21:42:59.522] [ERROR] errorLog - 
***** error log start *****
request originalUrl: /api/artical/getList
request client ip: 127.0.0.1
request body
{"category":"5e181d8ea1a77c95daa48b31"}
response time: undefined
error name: ServiceUnavailableError
error message: 查询数据库出错！
error stack: ServiceUnavailableError: 查询数据库出错！
    at Object.throw (/Users/zhangrende/Desktop/blog-project/server/node_modules/koa/lib/context.js:97:11)
    at Object.ctx.error (/Users/zhangrende/Desktop/blog-project/server/src/app.js:37:16)
    at exports.getArticalList (/Users/zhangrende/Desktop/blog-project/server/src/controller/artical.js:18:9)
    at process._tickCallback (internal/process/next_tick.js:68:7)
***** error log end ******

[2020-02-10T21:42:59.524] [ERROR] errorLog - 
***** error log start *****
request originalUrl: /api/user/signOut
request client ip: 127.0.0.1
request body
{}
response time: undefined
error name: NotFoundError
error message: 地址不存在
error stack: NotFoundError: 地址不存在
    at Object.throw (/Users/zhangrende/Desktop/blog-project/server/node_modules/koa/lib/context.js:97:11)
    at Object.ctx.error (/Users/zhangrende/Desktop/blog-project/server/src/app.js:37:16)
    at app.use (/Users/zhangrende/Desktop/blog-project/server/src/app.js:82:9)
    at process._tickCallback (internal/process/next_tick.js:68:7)
***** error log end ******

[2020-02-10T21:56:26.223] [ERROR] errorLog - 
***** error log start *****
request originalUrl: /api/user/signOut
request client ip: 127.0.0.1
request body
{}
response time: undefined
error name: NotFoundError
error message: 地址不存在
error stack: NotFoundError: 地址不存在
    at Object.throw (/Users/zhangrende/Desktop/blog-project/server/node_modules/koa/lib/context.js:97:11)
    at Object.ctx.error (/Users/zhangrende/Desktop/blog-project/server/src/app.js:37:16)
    at app.use (/Users/zhangrende/Desktop/blog-project/server/src/app.js:82:9)
    at process._tickCallback (internal/process/next_tick.js:68:7)
***** error log end ******

[2020-02-10T22:06:33.396] [ERROR] errorLog - 
***** error log start *****
request originalUrl: /api/user/signIn
request client ip: 127.0.0.1
request body
{"username":"15811111111","password":"1985zr"}
response time: undefined
error name: BadRequestError
error message: 用户名未注册或密码错误
error stack: BadRequestError: 用户名未注册或密码错误
    at Object.throw (/Users/zhangrende/Desktop/blog-project/server/node_modules/koa/lib/context.js:97:11)
    at Object.ctx.error (/Users/zhangrende/Desktop/blog-project/server/src/app.js:37:16)
    at exports.signIn (/Users/zhangrende/Desktop/blog-project/server/src/controller/user.js:77:9)
    at process._tickCallback (internal/process/next_tick.js:68:7)
***** error log end ******

