[2020-04-06T16:15:52.448] [ERROR] errorLog - 
***** error log start *****
request originalUrl: /api/getCategory?t=1586160952440
request client ip: 127.0.0.1
request query: {"t":"1586160952440"}
response time: undefined
error name: ReferenceError
error message: ctx is not defined
error stack: ReferenceError: ctx is not defined
    at app.use (/Users/zhangrende/Desktop/blog-project/server/src/app.js:32:3)
    at dispatch (/Users/zhangrende/Desktop/blog-project/server/node_modules/koa-compose/index.js:42:32)
    at /Users/zhangrende/Desktop/blog-project/server/node_modules/koa-compose/index.js:34:12
    at Application.handleRequest (/Users/zhangrende/Desktop/blog-project/server/node_modules/koa/lib/application.js:162:12)
    at Server.handleRequest (/Users/zhangrende/Desktop/blog-project/server/node_modules/koa/lib/application.js:144:19)
    at Server.emit (events.js:198:13)
    at parserOnIncoming (_http_server.js:677:12)
    at HTTPParser.parserOnHeadersComplete (_http_common.js:109:17)
***** error log end ******

[2020-04-06T16:16:52.503] [ERROR] errorLog - 
***** error log start *****
request originalUrl: /api/getCategory?t=1586161012480
request client ip: 127.0.0.1
request query: {"t":"1586161012480"}
response time: undefined
error name: ReferenceError
error message: ctx is not defined
error stack: ReferenceError: ctx is not defined
    at app.use (/Users/zhangrende/Desktop/blog-project/server/src/app.js:32:3)
    at dispatch (/Users/zhangrende/Desktop/blog-project/server/node_modules/koa-compose/index.js:42:32)
    at /Users/zhangrende/Desktop/blog-project/server/node_modules/koa-compose/index.js:34:12
    at Application.handleRequest (/Users/zhangrende/Desktop/blog-project/server/node_modules/koa/lib/application.js:162:12)
    at Server.handleRequest (/Users/zhangrende/Desktop/blog-project/server/node_modules/koa/lib/application.js:144:19)
    at Server.emit (events.js:198:13)
    at parserOnIncoming (_http_server.js:677:12)
    at HTTPParser.parserOnHeadersComplete (_http_common.js:109:17)
***** error log end ******

[2020-04-06T16:17:22.295] [ERROR] errorLog - 
***** error log start *****
request originalUrl: /api/getCategory?t=1586161042287
request client ip: 127.0.0.1
request query: {"t":"1586161042287"}
response time: undefined
error name: ReferenceError
error message: ctx is not defined
error stack: ReferenceError: ctx is not defined
    at app.use (/Users/zhangrende/Desktop/blog-project/server/src/app.js:32:3)
    at dispatch (/Users/zhangrende/Desktop/blog-project/server/node_modules/koa-compose/index.js:42:32)
    at /Users/zhangrende/Desktop/blog-project/server/node_modules/koa-compose/index.js:34:12
    at Application.handleRequest (/Users/zhangrende/Desktop/blog-project/server/node_modules/koa/lib/application.js:162:12)
    at Server.handleRequest (/Users/zhangrende/Desktop/blog-project/server/node_modules/koa/lib/application.js:144:19)
    at Server.emit (events.js:198:13)
    at parserOnIncoming (_http_server.js:677:12)
    at HTTPParser.parserOnHeadersComplete (_http_common.js:109:17)
***** error log end ******

[2020-04-06T16:17:23.993] [ERROR] errorLog - 
***** error log start *****
request originalUrl: /api/getCategory?t=1586161043991
request client ip: 127.0.0.1
request query: {"t":"1586161043991"}
response time: undefined
error name: ReferenceError
error message: ctx is not defined
error stack: ReferenceError: ctx is not defined
    at app.use (/Users/zhangrende/Desktop/blog-project/server/src/app.js:32:3)
    at dispatch (/Users/zhangrende/Desktop/blog-project/server/node_modules/koa-compose/index.js:42:32)
    at /Users/zhangrende/Desktop/blog-project/server/node_modules/koa-compose/index.js:34:12
    at Application.handleRequest (/Users/zhangrende/Desktop/blog-project/server/node_modules/koa/lib/application.js:162:12)
    at Server.handleRequest (/Users/zhangrende/Desktop/blog-project/server/node_modules/koa/lib/application.js:144:19)
    at Server.emit (events.js:198:13)
    at parserOnIncoming (_http_server.js:677:12)
    at HTTPParser.parserOnHeadersComplete (_http_common.js:109:17)
***** error log end ******

