[2020-01-09T15:17:37.777] [ERROR] errorLog - 
***** error log start *****
request originalUrl: /api/upload
request client ip: null
request query: {}
response time: undefined
error name: TypeError
error message: Cannot read property 'file' of undefined
error stack: TypeError: Cannot read property 'file' of undefined
    at exports.upload (/Users/zhangrende/Desktop/blog-project/server/src/controller/upload.js:5:34)
    at router.get (/Users/zhangrende/Desktop/blog-project/server/src/router/upload.js:9:20)
    at dispatch (/Users/zhangrende/Desktop/blog-project/server/node_modules/koa-router/node_modules/koa-compose/index.js:44:32)
    at next (/Users/zhangrende/Desktop/blog-project/server/node_modules/koa-router/node_modules/koa-compose/index.js:45:18)
    at /Users/zhangrende/Desktop/blog-project/server/node_modules/koa-router/lib/router.js:346:16
    at dispatch (/Users/zhangrende/Desktop/blog-project/server/node_modules/koa-router/node_modules/koa-compose/index.js:44:32)
    at /Users/zhangrende/Desktop/blog-project/server/node_modules/koa-router/node_modules/koa-compose/index.js:36:12
    at dispatch (/Users/zhangrende/Desktop/blog-project/server/node_modules/koa-router/lib/router.js:351:31)
    at dispatch (/Users/zhangrende/Desktop/blog-project/server/node_modules/koa-compose/index.js:42:32)
    at allowedMethods (/Users/zhangrende/Desktop/blog-project/server/node_modules/koa-router/lib/router.js:407:12)
    at dispatch (/Users/zhangrende/Desktop/blog-project/server/node_modules/koa-compose/index.js:42:32)
    at dispatch (/Users/zhangrende/Desktop/blog-project/server/node_modules/koa-router/lib/router.js:332:32)
    at dispatch (/Users/zhangrende/Desktop/blog-project/server/node_modules/koa-compose/index.js:42:32)
    at allowedMethods (/Users/zhangrende/Desktop/blog-project/server/node_modules/koa-router/lib/router.js:407:12)
    at dispatch (/Users/zhangrende/Desktop/blog-project/server/node_modules/koa-compose/index.js:42:32)
    at dispatch (/Users/zhangrende/Desktop/blog-project/server/node_modules/koa-router/lib/router.js:332:32)
    at dispatch (/Users/zhangrende/Desktop/blog-project/server/node_modules/koa-compose/index.js:42:32)
    at /Users/zhangrende/Desktop/blog-project/server/node_modules/koa-body/index.js:148:14
***** error log end ******

[2020-01-09T19:53:47.879] [ERROR] errorLog - 
***** error log start *****
request originalUrl: /api/artical/save
request client ip: 127.0.0.1
request body
{"title":"第一篇文章","introduction":"第一篇文章第一篇文章第一篇文章第一篇文章第一篇文章","artical":"## 这是我的第一篇文章\n> 随便写一些东西\n\n|一|二|三|四|\n|---|---|---|\n|1|2|3|4|\n|5|6|7|8|\n|1|2|3|4|","imageUrl":"http://10.105.24.141:9000/upload/7a4709bdd3342736f630a3e7cdef5421.png","category":"","state":2,"anonymous":false}
response time: undefined
error name: BadRequestError
error message: request aborted
error stack: BadRequestError: request aborted
    at IncomingMessage.onAborted (/Users/zhangrende/Desktop/blog-project/server/node_modules/raw-body/index.js:231:10)
    at IncomingMessage.emit (events.js:198:13)
    at abortIncoming (_http_server.js:448:9)
    at socketOnEnd (_http_server.js:464:5)
    at Socket.emit (events.js:203:15)
    at endReadableNT (_stream_readable.js:1129:12)
    at process._tickCallback (internal/process/next_tick.js:63:19)
***** error log end ******

[2020-01-09T19:58:25.137] [ERROR] errorLog - 
***** error log start *****
request originalUrl: /api/artical/save
request client ip: 127.0.0.1
request body
{"title":"第一篇文章","introduction":"第一篇文章第一篇文章第一篇文章第一篇文章第一篇文章","artical":"## 这是我的第一篇文章\n> 随便写一些东西\n\n|一|二|三|四|\n|---|---|---|\n|1|2|3|4|\n|5|6|7|8|\n|1|2|3|4|","imageUrl":"http://10.105.24.141:9000/upload/7a4709bdd3342736f630a3e7cdef5421.png","category":"","state":2,"anonymous":false}
response time: undefined
error name: BadRequestError
error message: request aborted
error stack: BadRequestError: request aborted
    at IncomingMessage.onAborted (/Users/zhangrende/Desktop/blog-project/server/node_modules/raw-body/index.js:231:10)
    at IncomingMessage.emit (events.js:198:13)
    at abortIncoming (_http_server.js:448:9)
    at socketOnEnd (_http_server.js:464:5)
    at Socket.emit (events.js:203:15)
    at endReadableNT (_stream_readable.js:1129:12)
    at process._tickCallback (internal/process/next_tick.js:63:19)
***** error log end ******

[2020-01-09T20:00:23.690] [ERROR] errorLog - 
***** error log start *****
request originalUrl: /api/artical/save
request client ip: 127.0.0.1
request body
{"title":"第一篇文章","introduction":"第一篇文章第一篇文章第一篇文章第一篇文章第一篇文章","artical":"## 这是我的第一篇文章\n> 随便写一些东西\n\n|一|二|三|四|\n|---|---|---|\n|1|2|3|4|\n|5|6|7|8|\n|1|2|3|4|","imageUrl":"http://10.105.24.141:9000/upload/7a4709bdd3342736f630a3e7cdef5421.png","category":"","state":2,"anonymous":false}
response time: undefined
error name: BadRequestError
error message: request aborted
error stack: BadRequestError: request aborted
    at IncomingMessage.onAborted (/Users/zhangrende/Desktop/blog-project/server/node_modules/raw-body/index.js:231:10)
    at IncomingMessage.emit (events.js:198:13)
    at abortIncoming (_http_server.js:448:9)
    at socketOnEnd (_http_server.js:464:5)
    at Socket.emit (events.js:203:15)
    at endReadableNT (_stream_readable.js:1129:12)
    at process._tickCallback (internal/process/next_tick.js:63:19)
***** error log end ******

[2020-01-09T20:03:34.126] [ERROR] errorLog - 
***** error log start *****
request originalUrl: /api/artical/save
request client ip: 127.0.0.1
request body
{"title":"第一篇文章","introduction":"第一篇文章第一篇文章第一篇文章第一篇文章第一篇文章第一篇文章","artical":"第一篇文章第一篇文章第一篇文章第一篇文章第一篇文章第一篇文章第一篇文章\n> 第一篇文章第一篇文章\n\n第一篇文章第一篇文章第一篇文章第一篇文章第一篇文章第一篇文章第一篇文章第一篇文章第一篇文章第一篇文章第一篇文章第一篇文章第一篇文章第一篇文章","imageUrl":"http://10.105.24.141:9000/upload/7a4709bdd3342736f630a3e7cdef5421.png","category":"","state":2,"anonymous":false}
response time: undefined
error name: BadRequestError
error message: request aborted
error stack: BadRequestError: request aborted
    at IncomingMessage.onAborted (/Users/zhangrende/Desktop/blog-project/server/node_modules/raw-body/index.js:231:10)
    at IncomingMessage.emit (events.js:198:13)
    at abortIncoming (_http_server.js:448:9)
    at socketOnEnd (_http_server.js:464:5)
    at Socket.emit (events.js:203:15)
    at endReadableNT (_stream_readable.js:1129:12)
    at process._tickCallback (internal/process/next_tick.js:63:19)
***** error log end ******

[2020-01-09T20:05:35.626] [ERROR] errorLog - 
***** error log start *****
request originalUrl: /api/artical/save
request client ip: 127.0.0.1
request body
{"title":"第一篇文章","introduction":"第一篇文章第一篇文章第一篇文章第一篇文章第一篇文章第一篇文章","artical":"第一篇文章第一篇文章第一篇文章第一篇文章第一篇文章第一篇文章第一篇文章\n> 第一篇文章第一篇文章\n\n第一篇文章第一篇文章第一篇文章第一篇文章第一篇文章第一篇文章第一篇文章第一篇文章第一篇文章第一篇文章第一篇文章第一篇文章第一篇文章第一篇文章","imageUrl":"http://10.105.24.141:9000/upload/7a4709bdd3342736f630a3e7cdef5421.png","category":"","state":2,"anonymous":false}
response time: undefined
error name: BadRequestError
error message: request aborted
error stack: BadRequestError: request aborted
    at IncomingMessage.onAborted (/Users/zhangrende/Desktop/blog-project/server/node_modules/raw-body/index.js:231:10)
    at IncomingMessage.emit (events.js:198:13)
    at abortIncoming (_http_server.js:448:9)
    at socketOnEnd (_http_server.js:464:5)
    at Socket.emit (events.js:203:15)
    at endReadableNT (_stream_readable.js:1129:12)
    at process._tickCallback (internal/process/next_tick.js:63:19)
***** error log end ******

[2020-01-09T20:07:52.788] [ERROR] errorLog - 
***** error log start *****
request originalUrl: /api/artical/save
request client ip: 127.0.0.1
request body
{"title":"test","introduction":"test","artical":"fewfwefwefwefewgewg","imageUrl":"http://10.105.24.141:9000/upload/7a4709bdd3342736f630a3e7cdef5421.png","category":"","state":2,"anonymous":false}
response time: undefined
error name: BadRequestError
error message: request aborted
error stack: BadRequestError: request aborted
    at IncomingMessage.onAborted (/Users/zhangrende/Desktop/blog-project/server/node_modules/raw-body/index.js:231:10)
    at IncomingMessage.emit (events.js:198:13)
    at abortIncoming (_http_server.js:448:9)
    at socketOnEnd (_http_server.js:464:5)
    at Socket.emit (events.js:203:15)
    at endReadableNT (_stream_readable.js:1129:12)
    at process._tickCallback (internal/process/next_tick.js:63:19)
***** error log end ******

[2020-01-09T20:10:00.351] [ERROR] errorLog - 
***** error log start *****
request originalUrl: /api/artical/saveArtical
request client ip: 127.0.0.1
request body
{"title":"test","introduction":"teastewtweg","artical":"## teegewgew\n> fwgfwegwgew","imageUrl":"http://10.105.24.141:9000/upload/7a4709bdd3342736f630a3e7cdef5421.png","category":"","state":2,"anonymous":false}
response time: undefined
error name: BadRequestError
error message: request aborted
error stack: BadRequestError: request aborted
    at IncomingMessage.onAborted (/Users/zhangrende/Desktop/blog-project/server/node_modules/raw-body/index.js:231:10)
    at IncomingMessage.emit (events.js:198:13)
    at abortIncoming (_http_server.js:448:9)
    at socketOnEnd (_http_server.js:464:5)
    at Socket.emit (events.js:203:15)
    at endReadableNT (_stream_readable.js:1129:12)
    at process._tickCallback (internal/process/next_tick.js:63:19)
***** error log end ******

[2020-01-09T20:11:18.709] [ERROR] errorLog - 
***** error log start *****
request originalUrl: /api/artical/save
request client ip: 127.0.0.1
request body
{"title":"test","introduction":"tetst","artical":"## ewgewge\n> fwfweg","imageUrl":"http://10.105.24.141:9000/upload/7a4709bdd3342736f630a3e7cdef5421.png","category":"","state":2,"anonymous":false}
response time: undefined
error name: BadRequestError
error message: request aborted
error stack: BadRequestError: request aborted
    at IncomingMessage.onAborted (/Users/zhangrende/Desktop/blog-project/server/node_modules/raw-body/index.js:231:10)
    at IncomingMessage.emit (events.js:198:13)
    at abortIncoming (_http_server.js:448:9)
    at socketOnEnd (_http_server.js:464:5)
    at Socket.emit (events.js:203:15)
    at endReadableNT (_stream_readable.js:1129:12)
    at process._tickCallback (internal/process/next_tick.js:63:19)
***** error log end ******

