[2020-01-14T15:58:52.489] [ERROR] errorLog - 
***** error log start *****
request originalUrl: /api/artical/getDetail?id=5e184fc115a1112f21f5f48d
request client ip: 127.0.0.1
request query: {"id":"5e184fc115a1112f21f5f48d"}
response time: undefined
error name: ReferenceError
error message: getArticalDetail is not defined
error stack: ReferenceError: getArticalDetail is not defined
    at router.get (/Users/zhangrende/Desktop/blog-project/server/src/router/artical.js:21:14)
    at dispatch (/Users/zhangrende/Desktop/blog-project/server/node_modules/koa-router/node_modules/koa-compose/index.js:44:32)
    at next (/Users/zhangrende/Desktop/blog-project/server/node_modules/koa-router/node_modules/koa-compose/index.js:45:18)
    at /Users/zhangrende/Desktop/blog-project/server/node_modules/koa-router/lib/router.js:346:16
    at dispatch (/Users/zhangrende/Desktop/blog-project/server/node_modules/koa-router/node_modules/koa-compose/index.js:44:32)
    at /Users/zhangrende/Desktop/blog-project/server/node_modules/koa-router/node_modules/koa-compose/index.js:36:12
    at dispatch (/Users/zhangrende/Desktop/blog-project/server/node_modules/koa-router/lib/router.js:351:31)
    at dispatch (/Users/zhangrende/Desktop/blog-project/server/node_modules/koa-compose/index.js:42:32)
    at bodyParser (/Users/zhangrende/Desktop/blog-project/server/node_modules/koa-bodyparser/index.js:73:54)
    at dispatch (/Users/zhangrende/Desktop/blog-project/server/node_modules/koa-compose/index.js:42:32)
    at /Users/zhangrende/Desktop/blog-project/server/node_modules/koa-body/index.js:148:14
    at process._tickCallback (internal/process/next_tick.js:68:7)
***** error log end ******

[2020-01-14T15:59:54.454] [ERROR] errorLog - 
***** error log start *****
request originalUrl: /api/artical/getDetail?id=5e184fc115a1112f21f5f48d
request client ip: 127.0.0.1
request query: {"id":"5e184fc115a1112f21f5f48d"}
response time: undefined
error name: ReferenceError
error message: getArticalDetail is not defined
error stack: ReferenceError: getArticalDetail is not defined
    at router.get (/Users/zhangrende/Desktop/blog-project/server/src/router/artical.js:21:14)
    at dispatch (/Users/zhangrende/Desktop/blog-project/server/node_modules/koa-router/node_modules/koa-compose/index.js:44:32)
    at next (/Users/zhangrende/Desktop/blog-project/server/node_modules/koa-router/node_modules/koa-compose/index.js:45:18)
    at /Users/zhangrende/Desktop/blog-project/server/node_modules/koa-router/lib/router.js:346:16
    at dispatch (/Users/zhangrende/Desktop/blog-project/server/node_modules/koa-router/node_modules/koa-compose/index.js:44:32)
    at /Users/zhangrende/Desktop/blog-project/server/node_modules/koa-router/node_modules/koa-compose/index.js:36:12
    at dispatch (/Users/zhangrende/Desktop/blog-project/server/node_modules/koa-router/lib/router.js:351:31)
    at dispatch (/Users/zhangrende/Desktop/blog-project/server/node_modules/koa-compose/index.js:42:32)
    at bodyParser (/Users/zhangrende/Desktop/blog-project/server/node_modules/koa-bodyparser/index.js:73:54)
    at dispatch (/Users/zhangrende/Desktop/blog-project/server/node_modules/koa-compose/index.js:42:32)
    at /Users/zhangrende/Desktop/blog-project/server/node_modules/koa-body/index.js:148:14
    at process._tickCallback (internal/process/next_tick.js:68:7)
***** error log end ******

[2020-01-14T17:11:04.904] [ERROR] errorLog - 
***** error log start *****
request originalUrl: /api/artical/getList
request client ip: 127.0.0.1
request body
{"category":"5e181d8ea1a77c95daa48b31"}
response time: undefined
error name: MongoError
error message: command find requires authentication
error stack: MongoError: command find requires authentication
    at Connection.<anonymous> (/Users/zhangrende/Desktop/blog-project/server/node_modules/mongoose/node_modules/mongodb/lib/core/connection/pool.js:466:61)
    at Connection.emit (events.js:198:13)
    at processMessage (/Users/zhangrende/Desktop/blog-project/server/node_modules/mongoose/node_modules/mongodb/lib/core/connection/connection.js:384:10)
    at Socket.<anonymous> (/Users/zhangrende/Desktop/blog-project/server/node_modules/mongoose/node_modules/mongodb/lib/core/connection/connection.js:553:15)
    at Socket.emit (events.js:198:13)
    at addChunk (_stream_readable.js:288:12)
    at readableAddChunk (_stream_readable.js:269:11)
    at Socket.Readable.push (_stream_readable.js:224:10)
    at TCP.onStreamRead [as onread] (internal/stream_base_commons.js:94:17)
***** error log end ******

[2020-01-14T17:52:09.371] [ERROR] errorLog - 
***** error log start *****
request originalUrl: /api/user/register
request client ip: 127.0.0.1
request body
{"username":"4","password":"4","confirmPassword":"4"}
response time: undefined
error name: koa-generic-session set error
error message: Cannot destructure property `changed` of 'undefined' or 'null'.
error stack: koa-generic-session set error: Cannot destructure property `changed` of 'undefined' or 'null'.
    at MongooseStore.set (/Users/zhangrende/Desktop/blog-project/server/node_modules/koa-session-mongoose/lib/index.js:29:13)
    at /Users/zhangrende/Desktop/blog-project/server/node_modules/koa-generic-session/lib/store.js:78:27
    at Generator.next (<anonymous>)
    at step (/Users/zhangrende/Desktop/blog-project/server/node_modules/koa-generic-session/lib/store.js:16:191)
    at /Users/zhangrende/Desktop/blog-project/server/node_modules/koa-generic-session/lib/store.js:16:437
    at new Promise (<anonymous>)
    at /Users/zhangrende/Desktop/blog-project/server/node_modules/koa-generic-session/lib/store.js:16:99
    at Store.set (/Users/zhangrende/Desktop/blog-project/server/node_modules/koa-generic-session/lib/store.js:80:7)
    at /Users/zhangrende/Desktop/blog-project/server/node_modules/koa-generic-session/lib/session.js:188:21
    at Generator.next (<anonymous>)
    at step (/Users/zhangrende/Desktop/blog-project/server/node_modules/koa-generic-session/lib/session.js:3:191)
    at /Users/zhangrende/Desktop/blog-project/server/node_modules/koa-generic-session/lib/session.js:3:437
    at new Promise (<anonymous>)
    at /Users/zhangrende/Desktop/blog-project/server/node_modules/koa-generic-session/lib/session.js:3:99
    at saveNow (/Users/zhangrende/Desktop/blog-project/server/node_modules/koa-generic-session/lib/session.js:198:20)
    at /Users/zhangrende/Desktop/blog-project/server/node_modules/koa-generic-session/lib/session.js:171:13
    at Generator.next (<anonymous>)
    at step (/Users/zhangrende/Desktop/blog-project/server/node_modules/koa-generic-session/lib/session.js:3:191)
    at /Users/zhangrende/Desktop/blog-project/server/node_modules/koa-generic-session/lib/session.js:3:437
    at new Promise (<anonymous>)
    at /Users/zhangrende/Desktop/blog-project/server/node_modules/koa-generic-session/lib/session.js:3:99
    at refreshSession (/Users/zhangrende/Desktop/blog-project/server/node_modules/koa-generic-session/lib/session.js:175:20)
***** error log end ******

[2020-01-14T17:54:46.417] [ERROR] errorLog - 
***** error log start *****
request originalUrl: /api/user/register
request client ip: 127.0.0.1
request body
{"username":"5","password":"5","confirmPassword":"5"}
response time: undefined
error name: koa-generic-session set error
error message: Cannot destructure property `changed` of 'undefined' or 'null'.
error stack: koa-generic-session set error: Cannot destructure property `changed` of 'undefined' or 'null'.
    at MongooseStore.set (/Users/zhangrende/Desktop/blog-project/server/node_modules/koa-session-mongoose/lib/index.js:29:13)
    at /Users/zhangrende/Desktop/blog-project/server/node_modules/koa-generic-session/lib/store.js:78:27
    at Generator.next (<anonymous>)
    at step (/Users/zhangrende/Desktop/blog-project/server/node_modules/koa-generic-session/lib/store.js:16:191)
    at /Users/zhangrende/Desktop/blog-project/server/node_modules/koa-generic-session/lib/store.js:16:437
    at new Promise (<anonymous>)
    at /Users/zhangrende/Desktop/blog-project/server/node_modules/koa-generic-session/lib/store.js:16:99
    at Store.set (/Users/zhangrende/Desktop/blog-project/server/node_modules/koa-generic-session/lib/store.js:80:7)
    at /Users/zhangrende/Desktop/blog-project/server/node_modules/koa-generic-session/lib/session.js:188:21
    at Generator.next (<anonymous>)
    at step (/Users/zhangrende/Desktop/blog-project/server/node_modules/koa-generic-session/lib/session.js:3:191)
    at /Users/zhangrende/Desktop/blog-project/server/node_modules/koa-generic-session/lib/session.js:3:437
    at new Promise (<anonymous>)
    at /Users/zhangrende/Desktop/blog-project/server/node_modules/koa-generic-session/lib/session.js:3:99
    at saveNow (/Users/zhangrende/Desktop/blog-project/server/node_modules/koa-generic-session/lib/session.js:198:20)
    at /Users/zhangrende/Desktop/blog-project/server/node_modules/koa-generic-session/lib/session.js:171:13
    at Generator.next (<anonymous>)
    at step (/Users/zhangrende/Desktop/blog-project/server/node_modules/koa-generic-session/lib/session.js:3:191)
    at /Users/zhangrende/Desktop/blog-project/server/node_modules/koa-generic-session/lib/session.js:3:437
    at new Promise (<anonymous>)
    at /Users/zhangrende/Desktop/blog-project/server/node_modules/koa-generic-session/lib/session.js:3:99
    at refreshSession (/Users/zhangrende/Desktop/blog-project/server/node_modules/koa-generic-session/lib/session.js:175:20)
***** error log end ******

[2020-01-14T18:01:11.284] [ERROR] errorLog - 
***** error log start *****
request originalUrl: /api/user/register
request client ip: 127.0.0.1
request body
{"username":"12","password":"12","confirmPassword":"12"}
response time: undefined
error name: koa-generic-session set error
error message: Cannot destructure property `changed` of 'undefined' or 'null'.
error stack: koa-generic-session set error: Cannot destructure property `changed` of 'undefined' or 'null'.
    at MongooseStore.set (/Users/zhangrende/Desktop/blog-project/server/node_modules/koa-session-mongoose/lib/index.js:29:13)
    at /Users/zhangrende/Desktop/blog-project/server/node_modules/koa-generic-session/lib/store.js:78:27
    at Generator.next (<anonymous>)
    at step (/Users/zhangrende/Desktop/blog-project/server/node_modules/koa-generic-session/lib/store.js:16:191)
    at /Users/zhangrende/Desktop/blog-project/server/node_modules/koa-generic-session/lib/store.js:16:437
    at new Promise (<anonymous>)
    at /Users/zhangrende/Desktop/blog-project/server/node_modules/koa-generic-session/lib/store.js:16:99
    at Store.set (/Users/zhangrende/Desktop/blog-project/server/node_modules/koa-generic-session/lib/store.js:80:7)
    at /Users/zhangrende/Desktop/blog-project/server/node_modules/koa-generic-session/lib/session.js:188:21
    at Generator.next (<anonymous>)
    at step (/Users/zhangrende/Desktop/blog-project/server/node_modules/koa-generic-session/lib/session.js:3:191)
    at /Users/zhangrende/Desktop/blog-project/server/node_modules/koa-generic-session/lib/session.js:3:437
    at new Promise (<anonymous>)
    at /Users/zhangrende/Desktop/blog-project/server/node_modules/koa-generic-session/lib/session.js:3:99
    at saveNow (/Users/zhangrende/Desktop/blog-project/server/node_modules/koa-generic-session/lib/session.js:198:20)
    at /Users/zhangrende/Desktop/blog-project/server/node_modules/koa-generic-session/lib/session.js:171:13
    at Generator.next (<anonymous>)
    at step (/Users/zhangrende/Desktop/blog-project/server/node_modules/koa-generic-session/lib/session.js:3:191)
    at /Users/zhangrende/Desktop/blog-project/server/node_modules/koa-generic-session/lib/session.js:3:437
    at new Promise (<anonymous>)
    at /Users/zhangrende/Desktop/blog-project/server/node_modules/koa-generic-session/lib/session.js:3:99
    at refreshSession (/Users/zhangrende/Desktop/blog-project/server/node_modules/koa-generic-session/lib/session.js:175:20)
***** error log end ******

[2020-01-14T18:10:13.103] [ERROR] errorLog - 
***** error log start *****
request originalUrl: /api/user/register
request client ip: 127.0.0.1
request body
{"username":"13","password":"13","confirmPassword":"13"}
response time: undefined
error name: koa-generic-session set error
error message: Cannot destructure property `changed` of 'undefined' or 'null'.
error stack: koa-generic-session set error: Cannot destructure property `changed` of 'undefined' or 'null'.
    at MongooseStore.set (/Users/zhangrende/Desktop/blog-project/server/node_modules/koa-session-mongoose/lib/index.js:29:13)
    at /Users/zhangrende/Desktop/blog-project/server/node_modules/koa-generic-session/lib/store.js:78:27
    at Generator.next (<anonymous>)
    at step (/Users/zhangrende/Desktop/blog-project/server/node_modules/koa-generic-session/lib/store.js:16:191)
    at /Users/zhangrende/Desktop/blog-project/server/node_modules/koa-generic-session/lib/store.js:16:437
    at new Promise (<anonymous>)
    at /Users/zhangrende/Desktop/blog-project/server/node_modules/koa-generic-session/lib/store.js:16:99
    at Store.set (/Users/zhangrende/Desktop/blog-project/server/node_modules/koa-generic-session/lib/store.js:80:7)
    at /Users/zhangrende/Desktop/blog-project/server/node_modules/koa-generic-session/lib/session.js:188:21
    at Generator.next (<anonymous>)
    at step (/Users/zhangrende/Desktop/blog-project/server/node_modules/koa-generic-session/lib/session.js:3:191)
    at /Users/zhangrende/Desktop/blog-project/server/node_modules/koa-generic-session/lib/session.js:3:437
    at new Promise (<anonymous>)
    at /Users/zhangrende/Desktop/blog-project/server/node_modules/koa-generic-session/lib/session.js:3:99
    at saveNow (/Users/zhangrende/Desktop/blog-project/server/node_modules/koa-generic-session/lib/session.js:198:20)
    at /Users/zhangrende/Desktop/blog-project/server/node_modules/koa-generic-session/lib/session.js:171:13
    at Generator.next (<anonymous>)
    at step (/Users/zhangrende/Desktop/blog-project/server/node_modules/koa-generic-session/lib/session.js:3:191)
    at /Users/zhangrende/Desktop/blog-project/server/node_modules/koa-generic-session/lib/session.js:3:437
    at new Promise (<anonymous>)
    at /Users/zhangrende/Desktop/blog-project/server/node_modules/koa-generic-session/lib/session.js:3:99
    at refreshSession (/Users/zhangrende/Desktop/blog-project/server/node_modules/koa-generic-session/lib/session.js:175:20)
***** error log end ******

[2020-01-14T18:11:57.626] [ERROR] errorLog - 
***** error log start *****
request originalUrl: /api/user/register
request client ip: 127.0.0.1
request body
{"username":"re","password":"re","confirmPassword":"re"}
response time: undefined
error name: koa-generic-session set error
error message: Cannot destructure property `changed` of 'undefined' or 'null'.
error stack: koa-generic-session set error: Cannot destructure property `changed` of 'undefined' or 'null'.
    at MongooseStore.set (/Users/zhangrende/Desktop/blog-project/server/node_modules/koa-session-mongoose/lib/index.js:29:13)
    at /Users/zhangrende/Desktop/blog-project/server/node_modules/koa-generic-session/lib/store.js:78:27
    at Generator.next (<anonymous>)
    at step (/Users/zhangrende/Desktop/blog-project/server/node_modules/koa-generic-session/lib/store.js:16:191)
    at /Users/zhangrende/Desktop/blog-project/server/node_modules/koa-generic-session/lib/store.js:16:437
    at new Promise (<anonymous>)
    at /Users/zhangrende/Desktop/blog-project/server/node_modules/koa-generic-session/lib/store.js:16:99
    at Store.set (/Users/zhangrende/Desktop/blog-project/server/node_modules/koa-generic-session/lib/store.js:80:7)
    at /Users/zhangrende/Desktop/blog-project/server/node_modules/koa-generic-session/lib/session.js:188:21
    at Generator.next (<anonymous>)
    at step (/Users/zhangrende/Desktop/blog-project/server/node_modules/koa-generic-session/lib/session.js:3:191)
    at /Users/zhangrende/Desktop/blog-project/server/node_modules/koa-generic-session/lib/session.js:3:437
    at new Promise (<anonymous>)
    at /Users/zhangrende/Desktop/blog-project/server/node_modules/koa-generic-session/lib/session.js:3:99
    at saveNow (/Users/zhangrende/Desktop/blog-project/server/node_modules/koa-generic-session/lib/session.js:198:20)
    at /Users/zhangrende/Desktop/blog-project/server/node_modules/koa-generic-session/lib/session.js:171:13
    at Generator.next (<anonymous>)
    at step (/Users/zhangrende/Desktop/blog-project/server/node_modules/koa-generic-session/lib/session.js:3:191)
    at /Users/zhangrende/Desktop/blog-project/server/node_modules/koa-generic-session/lib/session.js:3:437
    at new Promise (<anonymous>)
    at /Users/zhangrende/Desktop/blog-project/server/node_modules/koa-generic-session/lib/session.js:3:99
    at refreshSession (/Users/zhangrende/Desktop/blog-project/server/node_modules/koa-generic-session/lib/session.js:175:20)
***** error log end ******

[2020-01-14T18:16:41.207] [ERROR] errorLog - 
***** error log start *****
request originalUrl: /api/user/register
request client ip: 127.0.0.1
request body
{"username":"1e","password":"1e","confirmPassword":"1e"}
response time: undefined
error name: koa-generic-session set error
error message: Cannot destructure property `changed` of 'undefined' or 'null'.
error stack: koa-generic-session set error: Cannot destructure property `changed` of 'undefined' or 'null'.
    at MongooseStore.set (/Users/zhangrende/Desktop/blog-project/server/node_modules/koa-session-mongoose/lib/index.js:29:13)
    at /Users/zhangrende/Desktop/blog-project/server/node_modules/koa-generic-session/lib/store.js:78:27
    at Generator.next (<anonymous>)
    at step (/Users/zhangrende/Desktop/blog-project/server/node_modules/koa-generic-session/lib/store.js:16:191)
    at /Users/zhangrende/Desktop/blog-project/server/node_modules/koa-generic-session/lib/store.js:16:437
    at new Promise (<anonymous>)
    at /Users/zhangrende/Desktop/blog-project/server/node_modules/koa-generic-session/lib/store.js:16:99
    at Store.set (/Users/zhangrende/Desktop/blog-project/server/node_modules/koa-generic-session/lib/store.js:80:7)
    at /Users/zhangrende/Desktop/blog-project/server/node_modules/koa-generic-session/lib/session.js:188:21
    at Generator.next (<anonymous>)
    at step (/Users/zhangrende/Desktop/blog-project/server/node_modules/koa-generic-session/lib/session.js:3:191)
    at /Users/zhangrende/Desktop/blog-project/server/node_modules/koa-generic-session/lib/session.js:3:437
    at new Promise (<anonymous>)
    at /Users/zhangrende/Desktop/blog-project/server/node_modules/koa-generic-session/lib/session.js:3:99
    at saveNow (/Users/zhangrende/Desktop/blog-project/server/node_modules/koa-generic-session/lib/session.js:198:20)
    at /Users/zhangrende/Desktop/blog-project/server/node_modules/koa-generic-session/lib/session.js:171:13
    at Generator.next (<anonymous>)
    at step (/Users/zhangrende/Desktop/blog-project/server/node_modules/koa-generic-session/lib/session.js:3:191)
    at /Users/zhangrende/Desktop/blog-project/server/node_modules/koa-generic-session/lib/session.js:3:437
    at new Promise (<anonymous>)
    at /Users/zhangrende/Desktop/blog-project/server/node_modules/koa-generic-session/lib/session.js:3:99
    at refreshSession (/Users/zhangrende/Desktop/blog-project/server/node_modules/koa-generic-session/lib/session.js:175:20)
***** error log end ******

