[2020-01-13T17:14:19.713] [ERROR] errorLog - 
***** error log start *****
request originalUrl: /api/artical/getList
request client ip: 127.0.0.1
request body
{"category":"5e181d8ea1a77c95daa48b31"}
response time: undefined
error name: MongoError
error message: pool destroyed
error stack: MongoError: pool destroyed
    at Pool.write (/Users/zhangrende/Desktop/blog-project/server/node_modules/mongoose/node_modules/mongodb/lib/core/connection/pool.js:853:8)
    at _command (/Users/zhangrende/Desktop/blog-project/server/node_modules/mongoose/node_modules/mongodb/lib/core/wireprotocol/command.js:127:10)
    at command (/Users/zhangrende/Desktop/blog-project/server/node_modules/mongoose/node_modules/mongodb/lib/core/wireprotocol/command.js:27:5)
    at Object.query (/Users/zhangrende/Desktop/blog-project/server/node_modules/mongoose/node_modules/mongodb/lib/core/wireprotocol/query.js:57:3)
    at Server.query (/Users/zhangrende/Desktop/blog-project/server/node_modules/mongoose/node_modules/mongodb/lib/core/topologies/server.js:639:16)
    at FindOperation.execute (/Users/zhangrende/Desktop/blog-project/server/node_modules/mongoose/node_modules/mongodb/lib/operations/find.js:24:12)
    at topology.selectServer (/Users/zhangrende/Desktop/blog-project/server/node_modules/mongoose/node_modules/mongodb/lib/operations/execute_operation.js:164:17)
    at Server.selectServer (/Users/zhangrende/Desktop/blog-project/server/node_modules/mongoose/node_modules/mongodb/lib/core/topologies/server.js:827:3)
    at Server.selectServer (/Users/zhangrende/Desktop/blog-project/server/node_modules/mongoose/node_modules/mongodb/lib/topologies/topology_base.js:363:32)
    at executeWithServerSelection (/Users/zhangrende/Desktop/blog-project/server/node_modules/mongoose/node_modules/mongodb/lib/operations/execute_operation.js:150:12)
    at executeOperation (/Users/zhangrende/Desktop/blog-project/server/node_modules/mongoose/node_modules/mongodb/lib/operations/execute_operation.js:81:16)
    at Cursor._initializeCursor (/Users/zhangrende/Desktop/blog-project/server/node_modules/mongoose/node_modules/mongodb/lib/core/cursor.js:545:7)
    at Cursor._initializeCursor (/Users/zhangrende/Desktop/blog-project/server/node_modules/mongoose/node_modules/mongodb/lib/cursor.js:191:11)
    at nextFunction (/Users/zhangrende/Desktop/blog-project/server/node_modules/mongoose/node_modules/mongodb/lib/core/cursor.js:748:10)
    at Cursor._next (/Users/zhangrende/Desktop/blog-project/server/node_modules/mongoose/node_modules/mongodb/lib/core/cursor.js:202:5)
    at fetchDocs (/Users/zhangrende/Desktop/blog-project/server/node_modules/mongoose/node_modules/mongodb/lib/operations/to_array.js:27:14)
    at ToArrayOperation.execute (/Users/zhangrende/Desktop/blog-project/server/node_modules/mongoose/node_modules/mongodb/lib/operations/to_array.js:60:5)
    at executeOperation (/Users/zhangrende/Desktop/blog-project/server/node_modules/mongoose/node_modules/mongodb/lib/operations/execute_operation.js:83:26)
    at Cursor.toArray (/Users/zhangrende/Desktop/blog-project/server/node_modules/mongoose/node_modules/mongodb/lib/cursor.js:789:12)
    at /Users/zhangrende/Desktop/blog-project/server/node_modules/mongoose/node_modules/mquery/lib/collection/node.js:30:14
    at Collection.<anonymous> (/Users/zhangrende/Desktop/blog-project/server/node_modules/mongoose/node_modules/mongodb/lib/collection.js:476:7)
    at Collection.deprecated [as find] (/Users/zhangrende/Desktop/blog-project/server/node_modules/mongoose/node_modules/mongodb/lib/utils.js:639:15)
***** error log end ******

[2020-01-13T17:14:36.616] [ERROR] errorLog - 
***** error log start *****
request originalUrl: /api/artical/getList
request client ip: 127.0.0.1
request body
{"category":"5e181d8ea1a77c95daa48b31"}
response time: undefined
error name: MongoError
error message: pool destroyed
error stack: MongoError: pool destroyed
    at Pool.write (/Users/zhangrende/Desktop/blog-project/server/node_modules/mongoose/node_modules/mongodb/lib/core/connection/pool.js:853:8)
    at _command (/Users/zhangrende/Desktop/blog-project/server/node_modules/mongoose/node_modules/mongodb/lib/core/wireprotocol/command.js:127:10)
    at command (/Users/zhangrende/Desktop/blog-project/server/node_modules/mongoose/node_modules/mongodb/lib/core/wireprotocol/command.js:27:5)
    at Object.query (/Users/zhangrende/Desktop/blog-project/server/node_modules/mongoose/node_modules/mongodb/lib/core/wireprotocol/query.js:57:3)
    at Server.query (/Users/zhangrende/Desktop/blog-project/server/node_modules/mongoose/node_modules/mongodb/lib/core/topologies/server.js:639:16)
    at FindOperation.execute (/Users/zhangrende/Desktop/blog-project/server/node_modules/mongoose/node_modules/mongodb/lib/operations/find.js:24:12)
    at topology.selectServer (/Users/zhangrende/Desktop/blog-project/server/node_modules/mongoose/node_modules/mongodb/lib/operations/execute_operation.js:164:17)
    at Server.selectServer (/Users/zhangrende/Desktop/blog-project/server/node_modules/mongoose/node_modules/mongodb/lib/core/topologies/server.js:827:3)
    at Server.selectServer (/Users/zhangrende/Desktop/blog-project/server/node_modules/mongoose/node_modules/mongodb/lib/topologies/topology_base.js:363:32)
    at executeWithServerSelection (/Users/zhangrende/Desktop/blog-project/server/node_modules/mongoose/node_modules/mongodb/lib/operations/execute_operation.js:150:12)
    at executeOperation (/Users/zhangrende/Desktop/blog-project/server/node_modules/mongoose/node_modules/mongodb/lib/operations/execute_operation.js:81:16)
    at Cursor._initializeCursor (/Users/zhangrende/Desktop/blog-project/server/node_modules/mongoose/node_modules/mongodb/lib/core/cursor.js:545:7)
    at Cursor._initializeCursor (/Users/zhangrende/Desktop/blog-project/server/node_modules/mongoose/node_modules/mongodb/lib/cursor.js:191:11)
    at nextFunction (/Users/zhangrende/Desktop/blog-project/server/node_modules/mongoose/node_modules/mongodb/lib/core/cursor.js:748:10)
    at Cursor._next (/Users/zhangrende/Desktop/blog-project/server/node_modules/mongoose/node_modules/mongodb/lib/core/cursor.js:202:5)
    at fetchDocs (/Users/zhangrende/Desktop/blog-project/server/node_modules/mongoose/node_modules/mongodb/lib/operations/to_array.js:27:14)
    at ToArrayOperation.execute (/Users/zhangrende/Desktop/blog-project/server/node_modules/mongoose/node_modules/mongodb/lib/operations/to_array.js:60:5)
    at executeOperation (/Users/zhangrende/Desktop/blog-project/server/node_modules/mongoose/node_modules/mongodb/lib/operations/execute_operation.js:83:26)
    at Cursor.toArray (/Users/zhangrende/Desktop/blog-project/server/node_modules/mongoose/node_modules/mongodb/lib/cursor.js:789:12)
    at /Users/zhangrende/Desktop/blog-project/server/node_modules/mongoose/node_modules/mquery/lib/collection/node.js:30:14
    at Collection.<anonymous> (/Users/zhangrende/Desktop/blog-project/server/node_modules/mongoose/node_modules/mongodb/lib/collection.js:476:7)
    at Collection.deprecated [as find] (/Users/zhangrende/Desktop/blog-project/server/node_modules/mongoose/node_modules/mongodb/lib/utils.js:639:15)
***** error log end ******

[2020-01-13T17:14:39.501] [ERROR] errorLog - 
***** error log start *****
request originalUrl: /api/artical/getList
request client ip: 127.0.0.1
request body
{"category":"5e181e2ca1a77c95daa48b32"}
response time: undefined
error name: MongoError
error message: pool destroyed
error stack: MongoError: pool destroyed
    at Pool.write (/Users/zhangrende/Desktop/blog-project/server/node_modules/mongoose/node_modules/mongodb/lib/core/connection/pool.js:853:8)
    at _command (/Users/zhangrende/Desktop/blog-project/server/node_modules/mongoose/node_modules/mongodb/lib/core/wireprotocol/command.js:127:10)
    at command (/Users/zhangrende/Desktop/blog-project/server/node_modules/mongoose/node_modules/mongodb/lib/core/wireprotocol/command.js:27:5)
    at Object.query (/Users/zhangrende/Desktop/blog-project/server/node_modules/mongoose/node_modules/mongodb/lib/core/wireprotocol/query.js:57:3)
    at Server.query (/Users/zhangrende/Desktop/blog-project/server/node_modules/mongoose/node_modules/mongodb/lib/core/topologies/server.js:639:16)
    at FindOperation.execute (/Users/zhangrende/Desktop/blog-project/server/node_modules/mongoose/node_modules/mongodb/lib/operations/find.js:24:12)
    at topology.selectServer (/Users/zhangrende/Desktop/blog-project/server/node_modules/mongoose/node_modules/mongodb/lib/operations/execute_operation.js:164:17)
    at Server.selectServer (/Users/zhangrende/Desktop/blog-project/server/node_modules/mongoose/node_modules/mongodb/lib/core/topologies/server.js:827:3)
    at Server.selectServer (/Users/zhangrende/Desktop/blog-project/server/node_modules/mongoose/node_modules/mongodb/lib/topologies/topology_base.js:363:32)
    at executeWithServerSelection (/Users/zhangrende/Desktop/blog-project/server/node_modules/mongoose/node_modules/mongodb/lib/operations/execute_operation.js:150:12)
    at executeOperation (/Users/zhangrende/Desktop/blog-project/server/node_modules/mongoose/node_modules/mongodb/lib/operations/execute_operation.js:81:16)
    at Cursor._initializeCursor (/Users/zhangrende/Desktop/blog-project/server/node_modules/mongoose/node_modules/mongodb/lib/core/cursor.js:545:7)
    at Cursor._initializeCursor (/Users/zhangrende/Desktop/blog-project/server/node_modules/mongoose/node_modules/mongodb/lib/cursor.js:191:11)
    at nextFunction (/Users/zhangrende/Desktop/blog-project/server/node_modules/mongoose/node_modules/mongodb/lib/core/cursor.js:748:10)
    at Cursor._next (/Users/zhangrende/Desktop/blog-project/server/node_modules/mongoose/node_modules/mongodb/lib/core/cursor.js:202:5)
    at fetchDocs (/Users/zhangrende/Desktop/blog-project/server/node_modules/mongoose/node_modules/mongodb/lib/operations/to_array.js:27:14)
    at ToArrayOperation.execute (/Users/zhangrende/Desktop/blog-project/server/node_modules/mongoose/node_modules/mongodb/lib/operations/to_array.js:60:5)
    at executeOperation (/Users/zhangrende/Desktop/blog-project/server/node_modules/mongoose/node_modules/mongodb/lib/operations/execute_operation.js:83:26)
    at Cursor.toArray (/Users/zhangrende/Desktop/blog-project/server/node_modules/mongoose/node_modules/mongodb/lib/cursor.js:789:12)
    at /Users/zhangrende/Desktop/blog-project/server/node_modules/mongoose/node_modules/mquery/lib/collection/node.js:30:14
    at Collection.<anonymous> (/Users/zhangrende/Desktop/blog-project/server/node_modules/mongoose/node_modules/mongodb/lib/collection.js:476:7)
    at Collection.deprecated [as find] (/Users/zhangrende/Desktop/blog-project/server/node_modules/mongoose/node_modules/mongodb/lib/utils.js:639:15)
***** error log end ******

[2020-01-13T17:14:41.406] [ERROR] errorLog - 
***** error log start *****
request originalUrl: /api/artical/getList
request client ip: 127.0.0.1
request body
{"category":"5e181e5aa1a77c95daa48b33"}
response time: undefined
error name: MongoError
error message: pool destroyed
error stack: MongoError: pool destroyed
    at Pool.write (/Users/zhangrende/Desktop/blog-project/server/node_modules/mongoose/node_modules/mongodb/lib/core/connection/pool.js:853:8)
    at _command (/Users/zhangrende/Desktop/blog-project/server/node_modules/mongoose/node_modules/mongodb/lib/core/wireprotocol/command.js:127:10)
    at command (/Users/zhangrende/Desktop/blog-project/server/node_modules/mongoose/node_modules/mongodb/lib/core/wireprotocol/command.js:27:5)
    at Object.query (/Users/zhangrende/Desktop/blog-project/server/node_modules/mongoose/node_modules/mongodb/lib/core/wireprotocol/query.js:57:3)
    at Server.query (/Users/zhangrende/Desktop/blog-project/server/node_modules/mongoose/node_modules/mongodb/lib/core/topologies/server.js:639:16)
    at FindOperation.execute (/Users/zhangrende/Desktop/blog-project/server/node_modules/mongoose/node_modules/mongodb/lib/operations/find.js:24:12)
    at topology.selectServer (/Users/zhangrende/Desktop/blog-project/server/node_modules/mongoose/node_modules/mongodb/lib/operations/execute_operation.js:164:17)
    at Server.selectServer (/Users/zhangrende/Desktop/blog-project/server/node_modules/mongoose/node_modules/mongodb/lib/core/topologies/server.js:827:3)
    at Server.selectServer (/Users/zhangrende/Desktop/blog-project/server/node_modules/mongoose/node_modules/mongodb/lib/topologies/topology_base.js:363:32)
    at executeWithServerSelection (/Users/zhangrende/Desktop/blog-project/server/node_modules/mongoose/node_modules/mongodb/lib/operations/execute_operation.js:150:12)
    at executeOperation (/Users/zhangrende/Desktop/blog-project/server/node_modules/mongoose/node_modules/mongodb/lib/operations/execute_operation.js:81:16)
    at Cursor._initializeCursor (/Users/zhangrende/Desktop/blog-project/server/node_modules/mongoose/node_modules/mongodb/lib/core/cursor.js:545:7)
    at Cursor._initializeCursor (/Users/zhangrende/Desktop/blog-project/server/node_modules/mongoose/node_modules/mongodb/lib/cursor.js:191:11)
    at nextFunction (/Users/zhangrende/Desktop/blog-project/server/node_modules/mongoose/node_modules/mongodb/lib/core/cursor.js:748:10)
    at Cursor._next (/Users/zhangrende/Desktop/blog-project/server/node_modules/mongoose/node_modules/mongodb/lib/core/cursor.js:202:5)
    at fetchDocs (/Users/zhangrende/Desktop/blog-project/server/node_modules/mongoose/node_modules/mongodb/lib/operations/to_array.js:27:14)
    at ToArrayOperation.execute (/Users/zhangrende/Desktop/blog-project/server/node_modules/mongoose/node_modules/mongodb/lib/operations/to_array.js:60:5)
    at executeOperation (/Users/zhangrende/Desktop/blog-project/server/node_modules/mongoose/node_modules/mongodb/lib/operations/execute_operation.js:83:26)
    at Cursor.toArray (/Users/zhangrende/Desktop/blog-project/server/node_modules/mongoose/node_modules/mongodb/lib/cursor.js:789:12)
    at /Users/zhangrende/Desktop/blog-project/server/node_modules/mongoose/node_modules/mquery/lib/collection/node.js:30:14
    at Collection.<anonymous> (/Users/zhangrende/Desktop/blog-project/server/node_modules/mongoose/node_modules/mongodb/lib/collection.js:476:7)
    at Collection.deprecated [as find] (/Users/zhangrende/Desktop/blog-project/server/node_modules/mongoose/node_modules/mongodb/lib/utils.js:639:15)
***** error log end ******

[2020-01-13T17:14:44.306] [ERROR] errorLog - 
***** error log start *****
request originalUrl: /api/artical/getList
request client ip: 127.0.0.1
request body
{"category":"5e181e2ca1a77c95daa48b32"}
response time: undefined
error name: MongoError
error message: pool destroyed
error stack: MongoError: pool destroyed
    at Pool.write (/Users/zhangrende/Desktop/blog-project/server/node_modules/mongoose/node_modules/mongodb/lib/core/connection/pool.js:853:8)
    at _command (/Users/zhangrende/Desktop/blog-project/server/node_modules/mongoose/node_modules/mongodb/lib/core/wireprotocol/command.js:127:10)
    at command (/Users/zhangrende/Desktop/blog-project/server/node_modules/mongoose/node_modules/mongodb/lib/core/wireprotocol/command.js:27:5)
    at Object.query (/Users/zhangrende/Desktop/blog-project/server/node_modules/mongoose/node_modules/mongodb/lib/core/wireprotocol/query.js:57:3)
    at Server.query (/Users/zhangrende/Desktop/blog-project/server/node_modules/mongoose/node_modules/mongodb/lib/core/topologies/server.js:639:16)
    at FindOperation.execute (/Users/zhangrende/Desktop/blog-project/server/node_modules/mongoose/node_modules/mongodb/lib/operations/find.js:24:12)
    at topology.selectServer (/Users/zhangrende/Desktop/blog-project/server/node_modules/mongoose/node_modules/mongodb/lib/operations/execute_operation.js:164:17)
    at Server.selectServer (/Users/zhangrende/Desktop/blog-project/server/node_modules/mongoose/node_modules/mongodb/lib/core/topologies/server.js:827:3)
    at Server.selectServer (/Users/zhangrende/Desktop/blog-project/server/node_modules/mongoose/node_modules/mongodb/lib/topologies/topology_base.js:363:32)
    at executeWithServerSelection (/Users/zhangrende/Desktop/blog-project/server/node_modules/mongoose/node_modules/mongodb/lib/operations/execute_operation.js:150:12)
    at executeOperation (/Users/zhangrende/Desktop/blog-project/server/node_modules/mongoose/node_modules/mongodb/lib/operations/execute_operation.js:81:16)
    at Cursor._initializeCursor (/Users/zhangrende/Desktop/blog-project/server/node_modules/mongoose/node_modules/mongodb/lib/core/cursor.js:545:7)
    at Cursor._initializeCursor (/Users/zhangrende/Desktop/blog-project/server/node_modules/mongoose/node_modules/mongodb/lib/cursor.js:191:11)
    at nextFunction (/Users/zhangrende/Desktop/blog-project/server/node_modules/mongoose/node_modules/mongodb/lib/core/cursor.js:748:10)
    at Cursor._next (/Users/zhangrende/Desktop/blog-project/server/node_modules/mongoose/node_modules/mongodb/lib/core/cursor.js:202:5)
    at fetchDocs (/Users/zhangrende/Desktop/blog-project/server/node_modules/mongoose/node_modules/mongodb/lib/operations/to_array.js:27:14)
    at ToArrayOperation.execute (/Users/zhangrende/Desktop/blog-project/server/node_modules/mongoose/node_modules/mongodb/lib/operations/to_array.js:60:5)
    at executeOperation (/Users/zhangrende/Desktop/blog-project/server/node_modules/mongoose/node_modules/mongodb/lib/operations/execute_operation.js:83:26)
    at Cursor.toArray (/Users/zhangrende/Desktop/blog-project/server/node_modules/mongoose/node_modules/mongodb/lib/cursor.js:789:12)
    at /Users/zhangrende/Desktop/blog-project/server/node_modules/mongoose/node_modules/mquery/lib/collection/node.js:30:14
    at Collection.<anonymous> (/Users/zhangrende/Desktop/blog-project/server/node_modules/mongoose/node_modules/mongodb/lib/collection.js:476:7)
    at Collection.deprecated [as find] (/Users/zhangrende/Desktop/blog-project/server/node_modules/mongoose/node_modules/mongodb/lib/utils.js:639:15)
***** error log end ******

[2020-01-13T17:14:45.117] [ERROR] errorLog - 
***** error log start *****
request originalUrl: /api/artical/getList
request client ip: 127.0.0.1
request body
{"category":"5e181d8ea1a77c95daa48b31"}
response time: undefined
error name: MongoError
error message: pool destroyed
error stack: MongoError: pool destroyed
    at Pool.write (/Users/zhangrende/Desktop/blog-project/server/node_modules/mongoose/node_modules/mongodb/lib/core/connection/pool.js:853:8)
    at _command (/Users/zhangrende/Desktop/blog-project/server/node_modules/mongoose/node_modules/mongodb/lib/core/wireprotocol/command.js:127:10)
    at command (/Users/zhangrende/Desktop/blog-project/server/node_modules/mongoose/node_modules/mongodb/lib/core/wireprotocol/command.js:27:5)
    at Object.query (/Users/zhangrende/Desktop/blog-project/server/node_modules/mongoose/node_modules/mongodb/lib/core/wireprotocol/query.js:57:3)
    at Server.query (/Users/zhangrende/Desktop/blog-project/server/node_modules/mongoose/node_modules/mongodb/lib/core/topologies/server.js:639:16)
    at FindOperation.execute (/Users/zhangrende/Desktop/blog-project/server/node_modules/mongoose/node_modules/mongodb/lib/operations/find.js:24:12)
    at topology.selectServer (/Users/zhangrende/Desktop/blog-project/server/node_modules/mongoose/node_modules/mongodb/lib/operations/execute_operation.js:164:17)
    at Server.selectServer (/Users/zhangrende/Desktop/blog-project/server/node_modules/mongoose/node_modules/mongodb/lib/core/topologies/server.js:827:3)
    at Server.selectServer (/Users/zhangrende/Desktop/blog-project/server/node_modules/mongoose/node_modules/mongodb/lib/topologies/topology_base.js:363:32)
    at executeWithServerSelection (/Users/zhangrende/Desktop/blog-project/server/node_modules/mongoose/node_modules/mongodb/lib/operations/execute_operation.js:150:12)
    at executeOperation (/Users/zhangrende/Desktop/blog-project/server/node_modules/mongoose/node_modules/mongodb/lib/operations/execute_operation.js:81:16)
    at Cursor._initializeCursor (/Users/zhangrende/Desktop/blog-project/server/node_modules/mongoose/node_modules/mongodb/lib/core/cursor.js:545:7)
    at Cursor._initializeCursor (/Users/zhangrende/Desktop/blog-project/server/node_modules/mongoose/node_modules/mongodb/lib/cursor.js:191:11)
    at nextFunction (/Users/zhangrende/Desktop/blog-project/server/node_modules/mongoose/node_modules/mongodb/lib/core/cursor.js:748:10)
    at Cursor._next (/Users/zhangrende/Desktop/blog-project/server/node_modules/mongoose/node_modules/mongodb/lib/core/cursor.js:202:5)
    at fetchDocs (/Users/zhangrende/Desktop/blog-project/server/node_modules/mongoose/node_modules/mongodb/lib/operations/to_array.js:27:14)
    at ToArrayOperation.execute (/Users/zhangrende/Desktop/blog-project/server/node_modules/mongoose/node_modules/mongodb/lib/operations/to_array.js:60:5)
    at executeOperation (/Users/zhangrende/Desktop/blog-project/server/node_modules/mongoose/node_modules/mongodb/lib/operations/execute_operation.js:83:26)
    at Cursor.toArray (/Users/zhangrende/Desktop/blog-project/server/node_modules/mongoose/node_modules/mongodb/lib/cursor.js:789:12)
    at /Users/zhangrende/Desktop/blog-project/server/node_modules/mongoose/node_modules/mquery/lib/collection/node.js:30:14
    at Collection.<anonymous> (/Users/zhangrende/Desktop/blog-project/server/node_modules/mongoose/node_modules/mongodb/lib/collection.js:476:7)
    at Collection.deprecated [as find] (/Users/zhangrende/Desktop/blog-project/server/node_modules/mongoose/node_modules/mongodb/lib/utils.js:639:15)
***** error log end ******

[2020-01-13T17:14:46.279] [ERROR] errorLog - 
***** error log start *****
request originalUrl: /api/artical/getList
request client ip: 127.0.0.1
request body
{"category":"5e181e5aa1a77c95daa48b33"}
response time: undefined
error name: MongoError
error message: pool destroyed
error stack: MongoError: pool destroyed
    at Pool.write (/Users/zhangrende/Desktop/blog-project/server/node_modules/mongoose/node_modules/mongodb/lib/core/connection/pool.js:853:8)
    at _command (/Users/zhangrende/Desktop/blog-project/server/node_modules/mongoose/node_modules/mongodb/lib/core/wireprotocol/command.js:127:10)
    at command (/Users/zhangrende/Desktop/blog-project/server/node_modules/mongoose/node_modules/mongodb/lib/core/wireprotocol/command.js:27:5)
    at Object.query (/Users/zhangrende/Desktop/blog-project/server/node_modules/mongoose/node_modules/mongodb/lib/core/wireprotocol/query.js:57:3)
    at Server.query (/Users/zhangrende/Desktop/blog-project/server/node_modules/mongoose/node_modules/mongodb/lib/core/topologies/server.js:639:16)
    at FindOperation.execute (/Users/zhangrende/Desktop/blog-project/server/node_modules/mongoose/node_modules/mongodb/lib/operations/find.js:24:12)
    at topology.selectServer (/Users/zhangrende/Desktop/blog-project/server/node_modules/mongoose/node_modules/mongodb/lib/operations/execute_operation.js:164:17)
    at Server.selectServer (/Users/zhangrende/Desktop/blog-project/server/node_modules/mongoose/node_modules/mongodb/lib/core/topologies/server.js:827:3)
    at Server.selectServer (/Users/zhangrende/Desktop/blog-project/server/node_modules/mongoose/node_modules/mongodb/lib/topologies/topology_base.js:363:32)
    at executeWithServerSelection (/Users/zhangrende/Desktop/blog-project/server/node_modules/mongoose/node_modules/mongodb/lib/operations/execute_operation.js:150:12)
    at executeOperation (/Users/zhangrende/Desktop/blog-project/server/node_modules/mongoose/node_modules/mongodb/lib/operations/execute_operation.js:81:16)
    at Cursor._initializeCursor (/Users/zhangrende/Desktop/blog-project/server/node_modules/mongoose/node_modules/mongodb/lib/core/cursor.js:545:7)
    at Cursor._initializeCursor (/Users/zhangrende/Desktop/blog-project/server/node_modules/mongoose/node_modules/mongodb/lib/cursor.js:191:11)
    at nextFunction (/Users/zhangrende/Desktop/blog-project/server/node_modules/mongoose/node_modules/mongodb/lib/core/cursor.js:748:10)
    at Cursor._next (/Users/zhangrende/Desktop/blog-project/server/node_modules/mongoose/node_modules/mongodb/lib/core/cursor.js:202:5)
    at fetchDocs (/Users/zhangrende/Desktop/blog-project/server/node_modules/mongoose/node_modules/mongodb/lib/operations/to_array.js:27:14)
    at ToArrayOperation.execute (/Users/zhangrende/Desktop/blog-project/server/node_modules/mongoose/node_modules/mongodb/lib/operations/to_array.js:60:5)
    at executeOperation (/Users/zhangrende/Desktop/blog-project/server/node_modules/mongoose/node_modules/mongodb/lib/operations/execute_operation.js:83:26)
    at Cursor.toArray (/Users/zhangrende/Desktop/blog-project/server/node_modules/mongoose/node_modules/mongodb/lib/cursor.js:789:12)
    at /Users/zhangrende/Desktop/blog-project/server/node_modules/mongoose/node_modules/mquery/lib/collection/node.js:30:14
    at Collection.<anonymous> (/Users/zhangrende/Desktop/blog-project/server/node_modules/mongoose/node_modules/mongodb/lib/collection.js:476:7)
    at Collection.deprecated [as find] (/Users/zhangrende/Desktop/blog-project/server/node_modules/mongoose/node_modules/mongodb/lib/utils.js:639:15)
***** error log end ******

[2020-01-13T17:14:47.036] [ERROR] errorLog - 
***** error log start *****
request originalUrl: /api/artical/getList
request client ip: 127.0.0.1
request body
{"category":"5e181e67a1a77c95daa48b34"}
response time: undefined
error name: MongoError
error message: pool destroyed
error stack: MongoError: pool destroyed
    at Pool.write (/Users/zhangrende/Desktop/blog-project/server/node_modules/mongoose/node_modules/mongodb/lib/core/connection/pool.js:853:8)
    at _command (/Users/zhangrende/Desktop/blog-project/server/node_modules/mongoose/node_modules/mongodb/lib/core/wireprotocol/command.js:127:10)
    at command (/Users/zhangrende/Desktop/blog-project/server/node_modules/mongoose/node_modules/mongodb/lib/core/wireprotocol/command.js:27:5)
    at Object.query (/Users/zhangrende/Desktop/blog-project/server/node_modules/mongoose/node_modules/mongodb/lib/core/wireprotocol/query.js:57:3)
    at Server.query (/Users/zhangrende/Desktop/blog-project/server/node_modules/mongoose/node_modules/mongodb/lib/core/topologies/server.js:639:16)
    at FindOperation.execute (/Users/zhangrende/Desktop/blog-project/server/node_modules/mongoose/node_modules/mongodb/lib/operations/find.js:24:12)
    at topology.selectServer (/Users/zhangrende/Desktop/blog-project/server/node_modules/mongoose/node_modules/mongodb/lib/operations/execute_operation.js:164:17)
    at Server.selectServer (/Users/zhangrende/Desktop/blog-project/server/node_modules/mongoose/node_modules/mongodb/lib/core/topologies/server.js:827:3)
    at Server.selectServer (/Users/zhangrende/Desktop/blog-project/server/node_modules/mongoose/node_modules/mongodb/lib/topologies/topology_base.js:363:32)
    at executeWithServerSelection (/Users/zhangrende/Desktop/blog-project/server/node_modules/mongoose/node_modules/mongodb/lib/operations/execute_operation.js:150:12)
    at executeOperation (/Users/zhangrende/Desktop/blog-project/server/node_modules/mongoose/node_modules/mongodb/lib/operations/execute_operation.js:81:16)
    at Cursor._initializeCursor (/Users/zhangrende/Desktop/blog-project/server/node_modules/mongoose/node_modules/mongodb/lib/core/cursor.js:545:7)
    at Cursor._initializeCursor (/Users/zhangrende/Desktop/blog-project/server/node_modules/mongoose/node_modules/mongodb/lib/cursor.js:191:11)
    at nextFunction (/Users/zhangrende/Desktop/blog-project/server/node_modules/mongoose/node_modules/mongodb/lib/core/cursor.js:748:10)
    at Cursor._next (/Users/zhangrende/Desktop/blog-project/server/node_modules/mongoose/node_modules/mongodb/lib/core/cursor.js:202:5)
    at fetchDocs (/Users/zhangrende/Desktop/blog-project/server/node_modules/mongoose/node_modules/mongodb/lib/operations/to_array.js:27:14)
    at ToArrayOperation.execute (/Users/zhangrende/Desktop/blog-project/server/node_modules/mongoose/node_modules/mongodb/lib/operations/to_array.js:60:5)
    at executeOperation (/Users/zhangrende/Desktop/blog-project/server/node_modules/mongoose/node_modules/mongodb/lib/operations/execute_operation.js:83:26)
    at Cursor.toArray (/Users/zhangrende/Desktop/blog-project/server/node_modules/mongoose/node_modules/mongodb/lib/cursor.js:789:12)
    at /Users/zhangrende/Desktop/blog-project/server/node_modules/mongoose/node_modules/mquery/lib/collection/node.js:30:14
    at Collection.<anonymous> (/Users/zhangrende/Desktop/blog-project/server/node_modules/mongoose/node_modules/mongodb/lib/collection.js:476:7)
    at Collection.deprecated [as find] (/Users/zhangrende/Desktop/blog-project/server/node_modules/mongoose/node_modules/mongodb/lib/utils.js:639:15)
***** error log end ******

[2020-01-13T17:14:48.260] [ERROR] errorLog - 
***** error log start *****
request originalUrl: /api/artical/getList
request client ip: 127.0.0.1
request body
{"category":"5e181e6fa1a77c95daa48b35"}
response time: undefined
error name: MongoError
error message: pool destroyed
error stack: MongoError: pool destroyed
    at Pool.write (/Users/zhangrende/Desktop/blog-project/server/node_modules/mongoose/node_modules/mongodb/lib/core/connection/pool.js:853:8)
    at _command (/Users/zhangrende/Desktop/blog-project/server/node_modules/mongoose/node_modules/mongodb/lib/core/wireprotocol/command.js:127:10)
    at command (/Users/zhangrende/Desktop/blog-project/server/node_modules/mongoose/node_modules/mongodb/lib/core/wireprotocol/command.js:27:5)
    at Object.query (/Users/zhangrende/Desktop/blog-project/server/node_modules/mongoose/node_modules/mongodb/lib/core/wireprotocol/query.js:57:3)
    at Server.query (/Users/zhangrende/Desktop/blog-project/server/node_modules/mongoose/node_modules/mongodb/lib/core/topologies/server.js:639:16)
    at FindOperation.execute (/Users/zhangrende/Desktop/blog-project/server/node_modules/mongoose/node_modules/mongodb/lib/operations/find.js:24:12)
    at topology.selectServer (/Users/zhangrende/Desktop/blog-project/server/node_modules/mongoose/node_modules/mongodb/lib/operations/execute_operation.js:164:17)
    at Server.selectServer (/Users/zhangrende/Desktop/blog-project/server/node_modules/mongoose/node_modules/mongodb/lib/core/topologies/server.js:827:3)
    at Server.selectServer (/Users/zhangrende/Desktop/blog-project/server/node_modules/mongoose/node_modules/mongodb/lib/topologies/topology_base.js:363:32)
    at executeWithServerSelection (/Users/zhangrende/Desktop/blog-project/server/node_modules/mongoose/node_modules/mongodb/lib/operations/execute_operation.js:150:12)
    at executeOperation (/Users/zhangrende/Desktop/blog-project/server/node_modules/mongoose/node_modules/mongodb/lib/operations/execute_operation.js:81:16)
    at Cursor._initializeCursor (/Users/zhangrende/Desktop/blog-project/server/node_modules/mongoose/node_modules/mongodb/lib/core/cursor.js:545:7)
    at Cursor._initializeCursor (/Users/zhangrende/Desktop/blog-project/server/node_modules/mongoose/node_modules/mongodb/lib/cursor.js:191:11)
    at nextFunction (/Users/zhangrende/Desktop/blog-project/server/node_modules/mongoose/node_modules/mongodb/lib/core/cursor.js:748:10)
    at Cursor._next (/Users/zhangrende/Desktop/blog-project/server/node_modules/mongoose/node_modules/mongodb/lib/core/cursor.js:202:5)
    at fetchDocs (/Users/zhangrende/Desktop/blog-project/server/node_modules/mongoose/node_modules/mongodb/lib/operations/to_array.js:27:14)
    at ToArrayOperation.execute (/Users/zhangrende/Desktop/blog-project/server/node_modules/mongoose/node_modules/mongodb/lib/operations/to_array.js:60:5)
    at executeOperation (/Users/zhangrende/Desktop/blog-project/server/node_modules/mongoose/node_modules/mongodb/lib/operations/execute_operation.js:83:26)
    at Cursor.toArray (/Users/zhangrende/Desktop/blog-project/server/node_modules/mongoose/node_modules/mongodb/lib/cursor.js:789:12)
    at /Users/zhangrende/Desktop/blog-project/server/node_modules/mongoose/node_modules/mquery/lib/collection/node.js:30:14
    at Collection.<anonymous> (/Users/zhangrende/Desktop/blog-project/server/node_modules/mongoose/node_modules/mongodb/lib/collection.js:476:7)
    at Collection.deprecated [as find] (/Users/zhangrende/Desktop/blog-project/server/node_modules/mongoose/node_modules/mongodb/lib/utils.js:639:15)
***** error log end ******

[2020-01-13T17:14:49.245] [ERROR] errorLog - 
***** error log start *****
request originalUrl: /api/artical/getList
request client ip: 127.0.0.1
request body
{"category":"5e181e77a1a77c95daa48b36"}
response time: undefined
error name: MongoError
error message: pool destroyed
error stack: MongoError: pool destroyed
    at Pool.write (/Users/zhangrende/Desktop/blog-project/server/node_modules/mongoose/node_modules/mongodb/lib/core/connection/pool.js:853:8)
    at _command (/Users/zhangrende/Desktop/blog-project/server/node_modules/mongoose/node_modules/mongodb/lib/core/wireprotocol/command.js:127:10)
    at command (/Users/zhangrende/Desktop/blog-project/server/node_modules/mongoose/node_modules/mongodb/lib/core/wireprotocol/command.js:27:5)
    at Object.query (/Users/zhangrende/Desktop/blog-project/server/node_modules/mongoose/node_modules/mongodb/lib/core/wireprotocol/query.js:57:3)
    at Server.query (/Users/zhangrende/Desktop/blog-project/server/node_modules/mongoose/node_modules/mongodb/lib/core/topologies/server.js:639:16)
    at FindOperation.execute (/Users/zhangrende/Desktop/blog-project/server/node_modules/mongoose/node_modules/mongodb/lib/operations/find.js:24:12)
    at topology.selectServer (/Users/zhangrende/Desktop/blog-project/server/node_modules/mongoose/node_modules/mongodb/lib/operations/execute_operation.js:164:17)
    at Server.selectServer (/Users/zhangrende/Desktop/blog-project/server/node_modules/mongoose/node_modules/mongodb/lib/core/topologies/server.js:827:3)
    at Server.selectServer (/Users/zhangrende/Desktop/blog-project/server/node_modules/mongoose/node_modules/mongodb/lib/topologies/topology_base.js:363:32)
    at executeWithServerSelection (/Users/zhangrende/Desktop/blog-project/server/node_modules/mongoose/node_modules/mongodb/lib/operations/execute_operation.js:150:12)
    at executeOperation (/Users/zhangrende/Desktop/blog-project/server/node_modules/mongoose/node_modules/mongodb/lib/operations/execute_operation.js:81:16)
    at Cursor._initializeCursor (/Users/zhangrende/Desktop/blog-project/server/node_modules/mongoose/node_modules/mongodb/lib/core/cursor.js:545:7)
    at Cursor._initializeCursor (/Users/zhangrende/Desktop/blog-project/server/node_modules/mongoose/node_modules/mongodb/lib/cursor.js:191:11)
    at nextFunction (/Users/zhangrende/Desktop/blog-project/server/node_modules/mongoose/node_modules/mongodb/lib/core/cursor.js:748:10)
    at Cursor._next (/Users/zhangrende/Desktop/blog-project/server/node_modules/mongoose/node_modules/mongodb/lib/core/cursor.js:202:5)
    at fetchDocs (/Users/zhangrende/Desktop/blog-project/server/node_modules/mongoose/node_modules/mongodb/lib/operations/to_array.js:27:14)
    at ToArrayOperation.execute (/Users/zhangrende/Desktop/blog-project/server/node_modules/mongoose/node_modules/mongodb/lib/operations/to_array.js:60:5)
    at executeOperation (/Users/zhangrende/Desktop/blog-project/server/node_modules/mongoose/node_modules/mongodb/lib/operations/execute_operation.js:83:26)
    at Cursor.toArray (/Users/zhangrende/Desktop/blog-project/server/node_modules/mongoose/node_modules/mongodb/lib/cursor.js:789:12)
    at /Users/zhangrende/Desktop/blog-project/server/node_modules/mongoose/node_modules/mquery/lib/collection/node.js:30:14
    at Collection.<anonymous> (/Users/zhangrende/Desktop/blog-project/server/node_modules/mongoose/node_modules/mongodb/lib/collection.js:476:7)
    at Collection.deprecated [as find] (/Users/zhangrende/Desktop/blog-project/server/node_modules/mongoose/node_modules/mongodb/lib/utils.js:639:15)
***** error log end ******

[2020-01-13T17:14:50.124] [ERROR] errorLog - 
***** error log start *****
request originalUrl: /api/artical/getList
request client ip: 127.0.0.1
request body
{"category":"5e181e80a1a77c95daa48b37"}
response time: undefined
error name: MongoError
error message: pool destroyed
error stack: MongoError: pool destroyed
    at Pool.write (/Users/zhangrende/Desktop/blog-project/server/node_modules/mongoose/node_modules/mongodb/lib/core/connection/pool.js:853:8)
    at _command (/Users/zhangrende/Desktop/blog-project/server/node_modules/mongoose/node_modules/mongodb/lib/core/wireprotocol/command.js:127:10)
    at command (/Users/zhangrende/Desktop/blog-project/server/node_modules/mongoose/node_modules/mongodb/lib/core/wireprotocol/command.js:27:5)
    at Object.query (/Users/zhangrende/Desktop/blog-project/server/node_modules/mongoose/node_modules/mongodb/lib/core/wireprotocol/query.js:57:3)
    at Server.query (/Users/zhangrende/Desktop/blog-project/server/node_modules/mongoose/node_modules/mongodb/lib/core/topologies/server.js:639:16)
    at FindOperation.execute (/Users/zhangrende/Desktop/blog-project/server/node_modules/mongoose/node_modules/mongodb/lib/operations/find.js:24:12)
    at topology.selectServer (/Users/zhangrende/Desktop/blog-project/server/node_modules/mongoose/node_modules/mongodb/lib/operations/execute_operation.js:164:17)
    at Server.selectServer (/Users/zhangrende/Desktop/blog-project/server/node_modules/mongoose/node_modules/mongodb/lib/core/topologies/server.js:827:3)
    at Server.selectServer (/Users/zhangrende/Desktop/blog-project/server/node_modules/mongoose/node_modules/mongodb/lib/topologies/topology_base.js:363:32)
    at executeWithServerSelection (/Users/zhangrende/Desktop/blog-project/server/node_modules/mongoose/node_modules/mongodb/lib/operations/execute_operation.js:150:12)
    at executeOperation (/Users/zhangrende/Desktop/blog-project/server/node_modules/mongoose/node_modules/mongodb/lib/operations/execute_operation.js:81:16)
    at Cursor._initializeCursor (/Users/zhangrende/Desktop/blog-project/server/node_modules/mongoose/node_modules/mongodb/lib/core/cursor.js:545:7)
    at Cursor._initializeCursor (/Users/zhangrende/Desktop/blog-project/server/node_modules/mongoose/node_modules/mongodb/lib/cursor.js:191:11)
    at nextFunction (/Users/zhangrende/Desktop/blog-project/server/node_modules/mongoose/node_modules/mongodb/lib/core/cursor.js:748:10)
    at Cursor._next (/Users/zhangrende/Desktop/blog-project/server/node_modules/mongoose/node_modules/mongodb/lib/core/cursor.js:202:5)
    at fetchDocs (/Users/zhangrende/Desktop/blog-project/server/node_modules/mongoose/node_modules/mongodb/lib/operations/to_array.js:27:14)
    at ToArrayOperation.execute (/Users/zhangrende/Desktop/blog-project/server/node_modules/mongoose/node_modules/mongodb/lib/operations/to_array.js:60:5)
    at executeOperation (/Users/zhangrende/Desktop/blog-project/server/node_modules/mongoose/node_modules/mongodb/lib/operations/execute_operation.js:83:26)
    at Cursor.toArray (/Users/zhangrende/Desktop/blog-project/server/node_modules/mongoose/node_modules/mongodb/lib/cursor.js:789:12)
    at /Users/zhangrende/Desktop/blog-project/server/node_modules/mongoose/node_modules/mquery/lib/collection/node.js:30:14
    at Collection.<anonymous> (/Users/zhangrende/Desktop/blog-project/server/node_modules/mongoose/node_modules/mongodb/lib/collection.js:476:7)
    at Collection.deprecated [as find] (/Users/zhangrende/Desktop/blog-project/server/node_modules/mongoose/node_modules/mongodb/lib/utils.js:639:15)
***** error log end ******

[2020-01-13T17:14:51.252] [ERROR] errorLog - 
***** error log start *****
request originalUrl: /api/artical/getList
request client ip: 127.0.0.1
request body
{"category":"5e181e2ca1a77c95daa48b32"}
response time: undefined
error name: MongoError
error message: pool destroyed
error stack: MongoError: pool destroyed
    at Pool.write (/Users/zhangrende/Desktop/blog-project/server/node_modules/mongoose/node_modules/mongodb/lib/core/connection/pool.js:853:8)
    at _command (/Users/zhangrende/Desktop/blog-project/server/node_modules/mongoose/node_modules/mongodb/lib/core/wireprotocol/command.js:127:10)
    at command (/Users/zhangrende/Desktop/blog-project/server/node_modules/mongoose/node_modules/mongodb/lib/core/wireprotocol/command.js:27:5)
    at Object.query (/Users/zhangrende/Desktop/blog-project/server/node_modules/mongoose/node_modules/mongodb/lib/core/wireprotocol/query.js:57:3)
    at Server.query (/Users/zhangrende/Desktop/blog-project/server/node_modules/mongoose/node_modules/mongodb/lib/core/topologies/server.js:639:16)
    at FindOperation.execute (/Users/zhangrende/Desktop/blog-project/server/node_modules/mongoose/node_modules/mongodb/lib/operations/find.js:24:12)
    at topology.selectServer (/Users/zhangrende/Desktop/blog-project/server/node_modules/mongoose/node_modules/mongodb/lib/operations/execute_operation.js:164:17)
    at Server.selectServer (/Users/zhangrende/Desktop/blog-project/server/node_modules/mongoose/node_modules/mongodb/lib/core/topologies/server.js:827:3)
    at Server.selectServer (/Users/zhangrende/Desktop/blog-project/server/node_modules/mongoose/node_modules/mongodb/lib/topologies/topology_base.js:363:32)
    at executeWithServerSelection (/Users/zhangrende/Desktop/blog-project/server/node_modules/mongoose/node_modules/mongodb/lib/operations/execute_operation.js:150:12)
    at executeOperation (/Users/zhangrende/Desktop/blog-project/server/node_modules/mongoose/node_modules/mongodb/lib/operations/execute_operation.js:81:16)
    at Cursor._initializeCursor (/Users/zhangrende/Desktop/blog-project/server/node_modules/mongoose/node_modules/mongodb/lib/core/cursor.js:545:7)
    at Cursor._initializeCursor (/Users/zhangrende/Desktop/blog-project/server/node_modules/mongoose/node_modules/mongodb/lib/cursor.js:191:11)
    at nextFunction (/Users/zhangrende/Desktop/blog-project/server/node_modules/mongoose/node_modules/mongodb/lib/core/cursor.js:748:10)
    at Cursor._next (/Users/zhangrende/Desktop/blog-project/server/node_modules/mongoose/node_modules/mongodb/lib/core/cursor.js:202:5)
    at fetchDocs (/Users/zhangrende/Desktop/blog-project/server/node_modules/mongoose/node_modules/mongodb/lib/operations/to_array.js:27:14)
    at ToArrayOperation.execute (/Users/zhangrende/Desktop/blog-project/server/node_modules/mongoose/node_modules/mongodb/lib/operations/to_array.js:60:5)
    at executeOperation (/Users/zhangrende/Desktop/blog-project/server/node_modules/mongoose/node_modules/mongodb/lib/operations/execute_operation.js:83:26)
    at Cursor.toArray (/Users/zhangrende/Desktop/blog-project/server/node_modules/mongoose/node_modules/mongodb/lib/cursor.js:789:12)
    at /Users/zhangrende/Desktop/blog-project/server/node_modules/mongoose/node_modules/mquery/lib/collection/node.js:30:14
    at Collection.<anonymous> (/Users/zhangrende/Desktop/blog-project/server/node_modules/mongoose/node_modules/mongodb/lib/collection.js:476:7)
    at Collection.deprecated [as find] (/Users/zhangrende/Desktop/blog-project/server/node_modules/mongoose/node_modules/mongodb/lib/utils.js:639:15)
***** error log end ******

[2020-01-13T17:53:24.642] [ERROR] errorLog - 
***** error log start *****
request originalUrl: /api/artical/getList
request client ip: 127.0.0.1
request body
{"category":"5e181e2ca1a77c95daa48b32"}
response time: undefined
error name: MongoError
error message: pool destroyed
error stack: MongoError: pool destroyed
    at Pool.write (/Users/zhangrende/Desktop/blog-project/server/node_modules/mongoose/node_modules/mongodb/lib/core/connection/pool.js:853:8)
    at _command (/Users/zhangrende/Desktop/blog-project/server/node_modules/mongoose/node_modules/mongodb/lib/core/wireprotocol/command.js:127:10)
    at command (/Users/zhangrende/Desktop/blog-project/server/node_modules/mongoose/node_modules/mongodb/lib/core/wireprotocol/command.js:27:5)
    at Object.query (/Users/zhangrende/Desktop/blog-project/server/node_modules/mongoose/node_modules/mongodb/lib/core/wireprotocol/query.js:57:3)
    at Server.query (/Users/zhangrende/Desktop/blog-project/server/node_modules/mongoose/node_modules/mongodb/lib/core/topologies/server.js:639:16)
    at FindOperation.execute (/Users/zhangrende/Desktop/blog-project/server/node_modules/mongoose/node_modules/mongodb/lib/operations/find.js:24:12)
    at topology.selectServer (/Users/zhangrende/Desktop/blog-project/server/node_modules/mongoose/node_modules/mongodb/lib/operations/execute_operation.js:164:17)
    at Server.selectServer (/Users/zhangrende/Desktop/blog-project/server/node_modules/mongoose/node_modules/mongodb/lib/core/topologies/server.js:827:3)
    at Server.selectServer (/Users/zhangrende/Desktop/blog-project/server/node_modules/mongoose/node_modules/mongodb/lib/topologies/topology_base.js:363:32)
    at executeWithServerSelection (/Users/zhangrende/Desktop/blog-project/server/node_modules/mongoose/node_modules/mongodb/lib/operations/execute_operation.js:150:12)
    at executeOperation (/Users/zhangrende/Desktop/blog-project/server/node_modules/mongoose/node_modules/mongodb/lib/operations/execute_operation.js:81:16)
    at Cursor._initializeCursor (/Users/zhangrende/Desktop/blog-project/server/node_modules/mongoose/node_modules/mongodb/lib/core/cursor.js:545:7)
    at Cursor._initializeCursor (/Users/zhangrende/Desktop/blog-project/server/node_modules/mongoose/node_modules/mongodb/lib/cursor.js:191:11)
    at nextFunction (/Users/zhangrende/Desktop/blog-project/server/node_modules/mongoose/node_modules/mongodb/lib/core/cursor.js:748:10)
    at Cursor._next (/Users/zhangrende/Desktop/blog-project/server/node_modules/mongoose/node_modules/mongodb/lib/core/cursor.js:202:5)
    at fetchDocs (/Users/zhangrende/Desktop/blog-project/server/node_modules/mongoose/node_modules/mongodb/lib/operations/to_array.js:27:14)
    at ToArrayOperation.execute (/Users/zhangrende/Desktop/blog-project/server/node_modules/mongoose/node_modules/mongodb/lib/operations/to_array.js:60:5)
    at executeOperation (/Users/zhangrende/Desktop/blog-project/server/node_modules/mongoose/node_modules/mongodb/lib/operations/execute_operation.js:83:26)
    at Cursor.toArray (/Users/zhangrende/Desktop/blog-project/server/node_modules/mongoose/node_modules/mongodb/lib/cursor.js:789:12)
    at /Users/zhangrende/Desktop/blog-project/server/node_modules/mongoose/node_modules/mquery/lib/collection/node.js:30:14
    at Collection.<anonymous> (/Users/zhangrende/Desktop/blog-project/server/node_modules/mongoose/node_modules/mongodb/lib/collection.js:476:7)
    at Collection.deprecated [as find] (/Users/zhangrende/Desktop/blog-project/server/node_modules/mongoose/node_modules/mongodb/lib/utils.js:639:15)
***** error log end ******

